C:\Users\user\Desktop\IoT\FLTG-implementation\FL-Byzantine-Library\client.py:43: UserWarning: To copy construct from a tensor, it is recommended to use sourceTensor.clone().detach() or sourceTensor.clone().detach().requires_grad_(True), rather than torch.tensor(sourceTensor).
  self.momentum = torch.tensor(torch.zeros_like(flat_model, device=self.device))
number of parameters  0.431 M
tensor([1.6624], device='cuda:0')
tensor([1.7563], device='cuda:0')
tensor([1.7075], device='cuda:0')
tensor([1.7637], device='cuda:0')
tensor([1.8115], device='cuda:0')
tensor([1.7574], device='cuda:0')
tensor([1.7607], device='cuda:0')
tensor([1.7908], device='cuda:0')
tensor([1.8442], device='cuda:0')
tensor([1.8009], device='cuda:0')
Epoch 1 Accuracy 12.3 | Loss: 2.2907 | Aggregation time: 0.616
tensor([1.8326], device='cuda:0')
tensor([1.8380], device='cuda:0')
tensor([1.8258], device='cuda:0')
tensor([1.8304], device='cuda:0')
tensor([1.7749], device='cuda:0')
tensor([1.7280], device='cuda:0')
tensor([1.7008], device='cuda:0')
tensor([1.7083], device='cuda:0')
tensor([1.7000], device='cuda:0')
Epoch 2 Accuracy 13.100000000000001 | Loss: 2.2228 | Aggregation time: 1.183
tensor([1.6802], device='cuda:0')
tensor([1.6645], device='cuda:0')
tensor([1.6847], device='cuda:0')
tensor([1.7107], device='cuda:0')
tensor([1.7225], device='cuda:0')
tensor([1.7179], device='cuda:0')
tensor([1.7148], device='cuda:0')
tensor([1.7336], device='cuda:0')
tensor([1.7415], device='cuda:0')
tensor([1.7448], device='cuda:0')
Epoch 3 Accuracy 38.9 | Loss: 2.1441 | Aggregation time: 1.834
tensor([1.7206], device='cuda:0')
tensor([1.7534], device='cuda:0')
tensor([1.7868], device='cuda:0')
tensor([1.7843], device='cuda:0')
tensor([1.7923], device='cuda:0')
tensor([1.7927], device='cuda:0')
tensor([1.7969], device='cuda:0')
tensor([1.8275], device='cuda:0')
tensor([1.7923], device='cuda:0')
Epoch 4 Accuracy 26.900000000000002 | Loss: 2.0363 | Aggregation time: 2.405
tensor([1.8272], device='cuda:0')
tensor([1.8494], device='cuda:0')
tensor([1.8283], device='cuda:0')
tensor([1.8775], device='cuda:0')
tensor([1.8626], device='cuda:0')
tensor([1.8138], device='cuda:0')
tensor([1.7890], device='cuda:0')
tensor([1.7841], device='cuda:0')
tensor([1.8136], device='cuda:0')
Epoch 5 Accuracy 23.5 | Loss: 1.8925 | Aggregation time: 3.046
tensor([1.8467], device='cuda:0')
tensor([1.8586], device='cuda:0')
tensor([1.8273], device='cuda:0')
tensor([1.7862], device='cuda:0')
tensor([1.7521], device='cuda:0')
tensor([1.7191], device='cuda:0')
tensor([1.7884], device='cuda:0')
tensor([1.7522], device='cuda:0')
tensor([1.7237], device='cuda:0')
tensor([1.7146], device='cuda:0')
Epoch 6 Accuracy 43.0 | Loss: 1.6985 | Aggregation time: 3.73
tensor([1.7368], device='cuda:0')
tensor([1.7617], device='cuda:0')
tensor([1.7546], device='cuda:0')
tensor([1.7560], device='cuda:0')
tensor([1.7355], device='cuda:0')
tensor([1.7083], device='cuda:0')
tensor([1.7148], device='cuda:0')
tensor([1.7080], device='cuda:0')
tensor([1.7231], device='cuda:0')
Epoch 7 Accuracy 58.9 | Loss: 1.4903 | Aggregation time: 4.344
tensor([1.7893], device='cuda:0')
tensor([1.8284], device='cuda:0')
tensor([1.9044], device='cuda:0')
tensor([1.8835], device='cuda:0')
tensor([1.8428], device='cuda:0')
tensor([1.8091], device='cuda:0')
tensor([1.8247], device='cuda:0')
tensor([1.8778], device='cuda:0')
tensor([1.8988], device='cuda:0')
tensor([1.8445], device='cuda:0')
Epoch 8 Accuracy 43.1 | Loss: 1.4987 | Aggregation time: 5.012
tensor([1.8474], device='cuda:0')
tensor([1.8466], device='cuda:0')
tensor([1.8807], device='cuda:0')
tensor([1.8708], device='cuda:0')
tensor([1.8665], device='cuda:0')
tensor([1.8810], device='cuda:0')
tensor([1.8752], device='cuda:0')
tensor([1.8686], device='cuda:0')
tensor([1.8629], device='cuda:0')
Epoch 9 Accuracy 68.30000000000001 | Loss: 1.2064 | Aggregation time: 5.579
tensor([1.8490], device='cuda:0')
tensor([1.8677], device='cuda:0')
tensor([1.9110], device='cuda:0')
tensor([1.9835], device='cuda:0')
tensor([2.0284], device='cuda:0')
tensor([2.0339], device='cuda:0')
tensor([2.0368], device='cuda:0')
tensor([2.0360], device='cuda:0')
tensor([2.0460], device='cuda:0')
Epoch 10 Accuracy 72.0 | Loss: 0.9305 | Aggregation time: 6.162
tensor([2.0458], device='cuda:0')
tensor([2.0405], device='cuda:0')
tensor([2.0906], device='cuda:0')
tensor([2.1221], device='cuda:0')
tensor([2.0980], device='cuda:0')
tensor([2.0950], device='cuda:0')
tensor([2.0851], device='cuda:0')
tensor([2.0922], device='cuda:0')
tensor([2.1434], device='cuda:0')
tensor([2.1813], device='cuda:0')
Epoch 11 Accuracy 81.0 | Loss: 0.7427 | Aggregation time: 6.796
tensor([2.1483], device='cuda:0')
tensor([2.1305], device='cuda:0')
tensor([2.1425], device='cuda:0')
tensor([2.1396], device='cuda:0')
tensor([2.1348], device='cuda:0')
tensor([2.1936], device='cuda:0')
tensor([2.2639], device='cuda:0')
tensor([2.2386], device='cuda:0')
tensor([2.2416], device='cuda:0')
Epoch 12 Accuracy 77.7 | Loss: 0.6775 | Aggregation time: 7.376
tensor([2.2232], device='cuda:0')
tensor([2.2017], device='cuda:0')
tensor([2.3084], device='cuda:0')
tensor([2.3760], device='cuda:0')
tensor([2.3483], device='cuda:0')
tensor([2.3959], device='cuda:0')
tensor([2.3030], device='cuda:0')
tensor([2.3198], device='cuda:0')
tensor([2.3623], device='cuda:0')
Epoch 13 Accuracy 62.2 | Loss: 0.6639 | Aggregation time: 7.974
tensor([2.4167], device='cuda:0')
tensor([2.3556], device='cuda:0')
tensor([2.3288], device='cuda:0')
tensor([2.2662], device='cuda:0')
tensor([2.2375], device='cuda:0')
tensor([2.2191], device='cuda:0')
tensor([2.2233], device='cuda:0')
tensor([2.2131], device='cuda:0')
tensor([2.2285], device='cuda:0')
tensor([2.2598], device='cuda:0')
Epoch 14 Accuracy 79.3 | Loss: 0.7406 | Aggregation time: 8.636
tensor([2.3132], device='cuda:0')
tensor([2.2586], device='cuda:0')
tensor([2.1757], device='cuda:0')
tensor([2.0586], device='cuda:0')
tensor([1.9986], device='cuda:0')
tensor([2.0052], device='cuda:0')
tensor([2.0055], device='cuda:0')
tensor([2.0336], device='cuda:0')
tensor([2.0300], device='cuda:0')
Epoch 15 Accuracy 85.0 | Loss: 0.6516 | Aggregation time: 9.245
tensor([2.0516], device='cuda:0')
tensor([2.0396], device='cuda:0')
tensor([2.0266], device='cuda:0')
tensor([2.0321], device='cuda:0')
tensor([2.0303], device='cuda:0')
tensor([2.0549], device='cuda:0')
tensor([2.0807], device='cuda:0')
tensor([2.0170], device='cuda:0')
tensor([1.9741], device='cuda:0')
Epoch 16 Accuracy 86.8 | Loss: 0.487 | Aggregation time: 9.93
tensor([2.0138], device='cuda:0')
tensor([2.0756], device='cuda:0')
tensor([2.1220], device='cuda:0')
tensor([2.0988], device='cuda:0')
tensor([2.0867], device='cuda:0')
tensor([2.0153], device='cuda:0')
tensor([2.0026], device='cuda:0')
tensor([2.0862], device='cuda:0')
tensor([2.1770], device='cuda:0')
tensor([2.2366], device='cuda:0')
Epoch 17 Accuracy 84.2 | Loss: 0.4159 | Aggregation time: 10.59
tensor([2.3194], device='cuda:0')
tensor([2.3590], device='cuda:0')
tensor([2.3034], device='cuda:0')
tensor([2.3397], device='cuda:0')
tensor([2.3431], device='cuda:0')
tensor([2.4067], device='cuda:0')
tensor([2.3988], device='cuda:0')
tensor([2.3632], device='cuda:0')
tensor([2.3416], device='cuda:0')
Epoch 18 Accuracy 82.6 | Loss: 0.4493 | Aggregation time: 11.17
tensor([2.3834], device='cuda:0')
tensor([2.3957], device='cuda:0')
tensor([2.4377], device='cuda:0')
tensor([2.4335], device='cuda:0')
tensor([2.4558], device='cuda:0')
tensor([2.4959], device='cuda:0')
tensor([2.5153], device='cuda:0')
tensor([2.4897], device='cuda:0')
tensor([2.4106], device='cuda:0')
tensor([2.4721], device='cuda:0')
Epoch 19 Accuracy 86.0 | Loss: 0.4839 | Aggregation time: 11.798
tensor([2.4450], device='cuda:0')
tensor([2.4030], device='cuda:0')
tensor([2.4138], device='cuda:0')
tensor([2.5096], device='cuda:0')
tensor([2.5120], device='cuda:0')
tensor([2.4393], device='cuda:0')
tensor([2.3325], device='cuda:0')
tensor([2.3176], device='cuda:0')
tensor([2.2420], device='cuda:0')
Epoch 20 Accuracy 87.2 | Loss: 0.4469 | Aggregation time: 12.345
