C:\Users\user\Desktop\IoT\FLTG-implementation\FL-Byzantine-Library\client.py:43: UserWarning: To copy construct from a tensor, it is recommended to use sourceTensor.clone().detach() or sourceTensor.clone().detach().requires_grad_(True), rather than torch.tensor(sourceTensor).
  self.momentum = torch.tensor(torch.zeros_like(flat_model, device=self.device))
number of parameters  0.431 M
tensor([1.5761], device='cuda:0')
tensor([1.5659], device='cuda:0')
tensor([1.6255], device='cuda:0')
tensor([1.6371], device='cuda:0')
tensor([1.6421], device='cuda:0')
tensor([1.6614], device='cuda:0')
tensor([1.6792], device='cuda:0')
tensor([1.6953], device='cuda:0')
tensor([1.6442], device='cuda:0')
tensor([1.6608], device='cuda:0')
Epoch 1 Accuracy 11.799999999999999 | Loss: 2.2888 | Aggregation time: 0.735
tensor([1.6230], device='cuda:0')
tensor([1.5936], device='cuda:0')
tensor([1.5498], device='cuda:0')
tensor([1.5424], device='cuda:0')
tensor([1.5030], device='cuda:0')
tensor([1.4988], device='cuda:0')
tensor([1.4705], device='cuda:0')
tensor([1.4639], device='cuda:0')
tensor([1.4341], device='cuda:0')
Epoch 2 Accuracy 24.2 | Loss: 2.1788 | Aggregation time: 1.383
tensor([1.4707], device='cuda:0')
tensor([1.4472], device='cuda:0')
tensor([1.4881], device='cuda:0')
tensor([1.4850], device='cuda:0')
tensor([1.4838], device='cuda:0')
tensor([1.4889], device='cuda:0')
tensor([1.5296], device='cuda:0')
tensor([1.5890], device='cuda:0')
tensor([1.6067], device='cuda:0')
tensor([1.6044], device='cuda:0')
Epoch 3 Accuracy 21.3 | Loss: 2.0192 | Aggregation time: 1.942
tensor([1.6012], device='cuda:0')
tensor([1.5792], device='cuda:0')
tensor([1.5830], device='cuda:0')
tensor([1.6319], device='cuda:0')
tensor([1.6281], device='cuda:0')
tensor([1.7136], device='cuda:0')
tensor([1.7530], device='cuda:0')
tensor([1.8126], device='cuda:0')
tensor([1.8108], device='cuda:0')
Epoch 4 Accuracy 43.1 | Loss: 2.095 | Aggregation time: 2.365
tensor([1.8486], device='cuda:0')
tensor([1.8021], device='cuda:0')
tensor([1.7921], device='cuda:0')
tensor([1.7602], device='cuda:0')
tensor([1.7284], device='cuda:0')
tensor([1.7358], device='cuda:0')
tensor([1.7295], device='cuda:0')
tensor([1.7326], device='cuda:0')
tensor([1.7402], device='cuda:0')
Epoch 5 Accuracy 44.6 | Loss: 1.7015 | Aggregation time: 2.835
tensor([1.7155], device='cuda:0')
tensor([1.6936], device='cuda:0')
tensor([1.6721], device='cuda:0')
tensor([1.6474], device='cuda:0')
tensor([1.6202], device='cuda:0')
tensor([1.5937], device='cuda:0')
tensor([1.5645], device='cuda:0')
tensor([1.5326], device='cuda:0')
tensor([1.5160], device='cuda:0')
tensor([1.5177], device='cuda:0')
Epoch 6 Accuracy 54.2 | Loss: 1.6224 | Aggregation time: 3.361
tensor([1.5453], device='cuda:0')
tensor([1.5707], device='cuda:0')
tensor([1.6072], device='cuda:0')
tensor([1.6600], device='cuda:0')
tensor([1.7000], device='cuda:0')
tensor([1.7673], device='cuda:0')
tensor([1.7288], device='cuda:0')
tensor([1.4952], device='cuda:0')
tensor([1.5042], device='cuda:0')
Epoch 7 Accuracy 63.1 | Loss: 1.1961 | Aggregation time: 4.001
tensor([1.6216], device='cuda:0')
tensor([1.6272], device='cuda:0')
tensor([1.7340], device='cuda:0')
tensor([1.8235], device='cuda:0')
tensor([1.9184], device='cuda:0')
tensor([1.9963], device='cuda:0')
tensor([2.0273], device='cuda:0')
tensor([2.0109], device='cuda:0')
tensor([2.0257], device='cuda:0')
tensor([2.0204], device='cuda:0')
Epoch 8 Accuracy 78.4 | Loss: 1.1818 | Aggregation time: 4.499
tensor([1.9774], device='cuda:0')
tensor([1.9301], device='cuda:0')
tensor([1.8237], device='cuda:0')
tensor([1.7740], device='cuda:0')
tensor([1.7455], device='cuda:0')
tensor([1.6739], device='cuda:0')
tensor([1.6765], device='cuda:0')
tensor([1.7019], device='cuda:0')
tensor([1.7072], device='cuda:0')
Epoch 9 Accuracy 75.8 | Loss: 0.8583 | Aggregation time: 5.01
tensor([1.7567], device='cuda:0')
tensor([1.8386], device='cuda:0')
tensor([1.8400], device='cuda:0')
tensor([1.8766], device='cuda:0')
tensor([1.9077], device='cuda:0')
tensor([2.0146], device='cuda:0')
tensor([2.0079], device='cuda:0')
tensor([1.9407], device='cuda:0')
tensor([2.0239], device='cuda:0')
Epoch 10 Accuracy 79.3 | Loss: 0.5953 | Aggregation time: 5.542
tensor([1.9882], device='cuda:0')
tensor([2.1122], device='cuda:0')
tensor([2.1493], device='cuda:0')
tensor([2.1592], device='cuda:0')
tensor([2.0909], device='cuda:0')
tensor([2.0070], device='cuda:0')
tensor([2.1130], device='cuda:0')
tensor([2.0315], device='cuda:0')
tensor([1.9451], device='cuda:0')
tensor([2.1261], device='cuda:0')
Epoch 11 Accuracy 73.8 | Loss: 0.7464 | Aggregation time: 6.026
tensor([2.2382], device='cuda:0')
tensor([2.1241], device='cuda:0')
tensor([2.0306], device='cuda:0')
tensor([1.9372], device='cuda:0')
tensor([1.9167], device='cuda:0')
tensor([2.0470], device='cuda:0')
tensor([2.0025], device='cuda:0')
tensor([1.9935], device='cuda:0')
tensor([2.0002], device='cuda:0')
Epoch 12 Accuracy 75.0 | Loss: 0.8296 | Aggregation time: 6.554
tensor([2.0531], device='cuda:0')
tensor([2.0582], device='cuda:0')
tensor([2.0866], device='cuda:0')
tensor([2.0686], device='cuda:0')
tensor([2.0393], device='cuda:0')
tensor([1.9494], device='cuda:0')
tensor([1.8575], device='cuda:0')
tensor([1.7480], device='cuda:0')
tensor([1.6654], device='cuda:0')
Epoch 13 Accuracy 73.2 | Loss: 1.0586 | Aggregation time: 6.967
tensor([1.5693], device='cuda:0')
tensor([1.5069], device='cuda:0')
tensor([1.4626], device='cuda:0')
tensor([1.4139], device='cuda:0')
tensor([1.4062], device='cuda:0')
tensor([1.4025], device='cuda:0')
tensor([1.4344], device='cuda:0')
tensor([1.4212], device='cuda:0')
tensor([1.4617], device='cuda:0')
tensor([1.4966], device='cuda:0')
Epoch 14 Accuracy 83.2 | Loss: 1.1067 | Aggregation time: 7.647
tensor([1.6745], device='cuda:0')
tensor([1.8695], device='cuda:0')
tensor([2.0440], device='cuda:0')
tensor([2.3316], device='cuda:0')
tensor([2.6085], device='cuda:0')
tensor([2.6421], device='cuda:0')
tensor([2.6974], device='cuda:0')
tensor([2.7194], device='cuda:0')
tensor([2.7153], device='cuda:0')
Epoch 15 Accuracy 84.8 | Loss: 0.8367 | Aggregation time: 8.105
tensor([2.7005], device='cuda:0')
tensor([2.6743], device='cuda:0')
tensor([2.6376], device='cuda:0')
tensor([2.6003], device='cuda:0')
tensor([2.5655], device='cuda:0')
tensor([2.5286], device='cuda:0')
tensor([2.4801], device='cuda:0')
tensor([2.4232], device='cuda:0')
tensor([2.3594], device='cuda:0')
Epoch 16 Accuracy 83.0 | Loss: 0.5842 | Aggregation time: 8.655
tensor([2.2978], device='cuda:0')
tensor([2.2392], device='cuda:0')
tensor([2.1862], device='cuda:0')
tensor([2.1233], device='cuda:0')
tensor([2.1281], device='cuda:0')
tensor([2.1425], device='cuda:0')
tensor([2.1773], device='cuda:0')
tensor([2.1944], device='cuda:0')
tensor([2.2410], device='cuda:0')
tensor([2.2915], device='cuda:0')
Epoch 17 Accuracy 87.0 | Loss: 0.4828 | Aggregation time: 9.411
tensor([2.4235], device='cuda:0')
tensor([2.5385], device='cuda:0')
tensor([2.3184], device='cuda:0')
tensor([2.3200], device='cuda:0')
tensor([2.3448], device='cuda:0')
tensor([2.3236], device='cuda:0')
tensor([2.3373], device='cuda:0')
tensor([2.2507], device='cuda:0')
tensor([2.3083], device='cuda:0')
Epoch 18 Accuracy 88.5 | Loss: 0.5191 | Aggregation time: 9.876
tensor([2.3846], device='cuda:0')
tensor([2.3015], device='cuda:0')
tensor([2.4117], device='cuda:0')
tensor([2.4969], device='cuda:0')
tensor([2.5564], device='cuda:0')
tensor([2.5080], device='cuda:0')
tensor([2.5154], device='cuda:0')
tensor([2.4699], device='cuda:0')
tensor([2.4360], device='cuda:0')
tensor([2.4565], device='cuda:0')
Epoch 19 Accuracy 81.0 | Loss: 0.426 | Aggregation time: 10.335
tensor([2.4014], device='cuda:0')
tensor([2.3695], device='cuda:0')
tensor([2.3525], device='cuda:0')
tensor([2.3192], device='cuda:0')
tensor([2.2915], device='cuda:0')
tensor([2.2340], device='cuda:0')
tensor([2.1795], device='cuda:0')
tensor([2.1048], device='cuda:0')
tensor([2.1156], device='cuda:0')
Epoch 20 Accuracy 92.5 | Loss: 0.3895 | Aggregation time: 10.956
