C:\Users\user\Desktop\IoT\FLTG-implementation\FL-Byzantine-Library\client.py:43: UserWarning: To copy construct from a tensor, it is recommended to use sourceTensor.clone().detach() or sourceTensor.clone().detach().requires_grad_(True), rather than torch.tensor(sourceTensor).
  self.momentum = torch.tensor(torch.zeros_like(flat_model, device=self.device))
number of parameters  0.431 M
tensor([1.9612], device='cuda:0')
tensor([1.9907], device='cuda:0')
tensor([2.1157], device='cuda:0')
tensor([2.1721], device='cuda:0')
tensor([2.2252], device='cuda:0')
tensor([2.2734], device='cuda:0')
tensor([2.2817], device='cuda:0')
tensor([2.3150], device='cuda:0')
tensor([2.3729], device='cuda:0')
tensor([2.4603], device='cuda:0')
Epoch 1 Accuracy 9.8 | Loss: 2.9795 | Aggregation time: 0.643
tensor([2.4984], device='cuda:0')
tensor([2.4781], device='cuda:0')
tensor([2.4277], device='cuda:0')
tensor([2.4109], device='cuda:0')
tensor([2.3914], device='cuda:0')
tensor([2.3672], device='cuda:0')
tensor([2.3489], device='cuda:0')
tensor([2.3596], device='cuda:0')
tensor([2.3454], device='cuda:0')
Epoch 2 Accuracy 18.6 | Loss: 3.124 | Aggregation time: 1.266
tensor([2.3136], device='cuda:0')
tensor([2.3193], device='cuda:0')
tensor([2.2965], device='cuda:0')
tensor([2.2252], device='cuda:0')
tensor([2.2099], device='cuda:0')
tensor([2.1666], device='cuda:0')
tensor([2.1396], device='cuda:0')
tensor([2.1244], device='cuda:0')
tensor([2.1145], device='cuda:0')
tensor([2.0980], device='cuda:0')
Epoch 3 Accuracy 24.4 | Loss: 2.5255 | Aggregation time: 1.823
tensor([2.0754], device='cuda:0')
tensor([2.0474], device='cuda:0')
tensor([2.0029], device='cuda:0')
tensor([1.9392], device='cuda:0')
tensor([1.8908], device='cuda:0')
tensor([1.8610], device='cuda:0')
tensor([1.8654], device='cuda:0')
tensor([1.8144], device='cuda:0')
tensor([1.7891], device='cuda:0')
Epoch 4 Accuracy 36.5 | Loss: 2.245 | Aggregation time: 2.364
tensor([1.7702], device='cuda:0')
tensor([1.7362], device='cuda:0')
tensor([1.7108], device='cuda:0')
tensor([1.6925], device='cuda:0')
tensor([1.6893], device='cuda:0')
tensor([1.7341], device='cuda:0')
tensor([1.8035], device='cuda:0')
tensor([1.8381], device='cuda:0')
tensor([1.8556], device='cuda:0')
Epoch 5 Accuracy 30.8 | Loss: 2.0813 | Aggregation time: 2.944
tensor([1.8558], device='cuda:0')
tensor([1.8885], device='cuda:0')
tensor([1.9060], device='cuda:0')
tensor([1.9600], device='cuda:0')
tensor([1.9854], device='cuda:0')
tensor([2.0263], device='cuda:0')
tensor([2.0318], device='cuda:0')
tensor([2.0385], device='cuda:0')
tensor([2.0638], device='cuda:0')
tensor([2.0724], device='cuda:0')
Epoch 6 Accuracy 40.6 | Loss: 1.7676 | Aggregation time: 3.542
tensor([2.1015], device='cuda:0')
tensor([2.0892], device='cuda:0')
tensor([2.0811], device='cuda:0')
tensor([2.0942], device='cuda:0')
tensor([2.1270], device='cuda:0')
tensor([2.1365], device='cuda:0')
tensor([2.1566], device='cuda:0')
tensor([2.1993], device='cuda:0')
tensor([2.2321], device='cuda:0')
Epoch 7 Accuracy 40.2 | Loss: 1.5204 | Aggregation time: 4.061
tensor([2.2489], device='cuda:0')
tensor([2.2743], device='cuda:0')
tensor([2.2991], device='cuda:0')
tensor([2.2926], device='cuda:0')
tensor([2.2827], device='cuda:0')
tensor([2.2709], device='cuda:0')
tensor([2.2783], device='cuda:0')
tensor([2.2691], device='cuda:0')
tensor([2.2771], device='cuda:0')
tensor([2.2913], device='cuda:0')
Epoch 8 Accuracy 35.3 | Loss: 1.3286 | Aggregation time: 4.623
tensor([2.2953], device='cuda:0')
tensor([2.2681], device='cuda:0')
tensor([2.2082], device='cuda:0')
tensor([2.1832], device='cuda:0')
tensor([2.1771], device='cuda:0')
tensor([2.1795], device='cuda:0')
tensor([2.1828], device='cuda:0')
tensor([2.2029], device='cuda:0')
tensor([2.2342], device='cuda:0')
Epoch 9 Accuracy 67.4 | Loss: 1.4816 | Aggregation time: 5.143
tensor([2.2291], device='cuda:0')
tensor([2.2333], device='cuda:0')
tensor([2.2452], device='cuda:0')
tensor([2.2430], device='cuda:0')
tensor([2.2144], device='cuda:0')
tensor([2.1921], device='cuda:0')
tensor([2.1706], device='cuda:0')
tensor([2.1814], device='cuda:0')
tensor([2.1841], device='cuda:0')
Epoch 10 Accuracy 61.4 | Loss: 1.3903 | Aggregation time: 5.677
tensor([2.1917], device='cuda:0')
tensor([2.1991], device='cuda:0')
tensor([2.2388], device='cuda:0')
tensor([2.2313], device='cuda:0')
tensor([2.2593], device='cuda:0')
tensor([2.2622], device='cuda:0')
tensor([2.2278], device='cuda:0')
tensor([2.2143], device='cuda:0')
tensor([2.1871], device='cuda:0')
tensor([2.1503], device='cuda:0')
Epoch 11 Accuracy 76.5 | Loss: 1.0956 | Aggregation time: 6.386
tensor([2.1636], device='cuda:0')
tensor([2.1947], device='cuda:0')
tensor([2.2267], device='cuda:0')
tensor([2.2223], device='cuda:0')
tensor([2.2105], device='cuda:0')
tensor([2.1890], device='cuda:0')
tensor([2.1710], device='cuda:0')
tensor([2.1840], device='cuda:0')
tensor([2.1847], device='cuda:0')
Epoch 12 Accuracy 72.0 | Loss: 0.8819 | Aggregation time: 6.942
tensor([2.1395], device='cuda:0')
tensor([2.1371], device='cuda:0')
tensor([2.1168], device='cuda:0')
tensor([2.0765], device='cuda:0')
tensor([2.0985], device='cuda:0')
tensor([2.1283], device='cuda:0')
tensor([2.1839], device='cuda:0')
tensor([2.1934], device='cuda:0')
tensor([2.2251], device='cuda:0')
Epoch 13 Accuracy 79.10000000000001 | Loss: 0.8031 | Aggregation time: 7.497
tensor([2.2317], device='cuda:0')
tensor([2.2662], device='cuda:0')
tensor([2.2734], device='cuda:0')
tensor([2.2712], device='cuda:0')
tensor([2.2287], device='cuda:0')
tensor([2.2409], device='cuda:0')
tensor([2.1907], device='cuda:0')
tensor([2.1686], device='cuda:0')
tensor([2.1503], device='cuda:0')
tensor([2.1494], device='cuda:0')
Epoch 14 Accuracy 78.2 | Loss: 0.6932 | Aggregation time: 8.178
tensor([2.1860], device='cuda:0')
tensor([2.2203], device='cuda:0')
tensor([2.1811], device='cuda:0')
tensor([2.1772], device='cuda:0')
tensor([2.1361], device='cuda:0')
tensor([2.1499], device='cuda:0')
tensor([2.1369], device='cuda:0')
tensor([2.1617], device='cuda:0')
tensor([2.2254], device='cuda:0')
Epoch 15 Accuracy 78.5 | Loss: 0.7322 | Aggregation time: 8.832
tensor([2.2275], device='cuda:0')
tensor([2.2282], device='cuda:0')
tensor([2.2531], device='cuda:0')
tensor([2.2269], device='cuda:0')
tensor([2.1854], device='cuda:0')
tensor([2.1992], device='cuda:0')
tensor([2.1897], device='cuda:0')
tensor([2.2185], device='cuda:0')
tensor([2.2223], device='cuda:0')
Epoch 16 Accuracy 81.10000000000001 | Loss: 0.6861 | Aggregation time: 9.451
tensor([2.1943], device='cuda:0')
tensor([2.2609], device='cuda:0')
tensor([2.2633], device='cuda:0')
tensor([2.2741], device='cuda:0')
tensor([2.2431], device='cuda:0')
tensor([2.2615], device='cuda:0')
tensor([2.2510], device='cuda:0')
tensor([2.2660], device='cuda:0')
tensor([2.2846], device='cuda:0')
tensor([2.2992], device='cuda:0')
Epoch 17 Accuracy 74.8 | Loss: 0.6664 | Aggregation time: 10.1
tensor([2.2457], device='cuda:0')
tensor([2.2892], device='cuda:0')
tensor([2.2981], device='cuda:0')
tensor([2.3246], device='cuda:0')
tensor([2.2982], device='cuda:0')
tensor([2.2606], device='cuda:0')
tensor([2.2463], device='cuda:0')
tensor([2.2398], device='cuda:0')
tensor([2.2445], device='cuda:0')
Epoch 18 Accuracy 87.5 | Loss: 0.6073 | Aggregation time: 10.69
tensor([2.2326], device='cuda:0')
tensor([2.3266], device='cuda:0')
tensor([2.3765], device='cuda:0')
tensor([2.3761], device='cuda:0')
tensor([2.3793], device='cuda:0')
tensor([2.3477], device='cuda:0')
tensor([2.3330], device='cuda:0')
tensor([2.3154], device='cuda:0')
tensor([2.3308], device='cuda:0')
tensor([2.3876], device='cuda:0')
Epoch 19 Accuracy 85.7 | Loss: 0.4577 | Aggregation time: 11.344
tensor([2.2997], device='cuda:0')
tensor([2.3209], device='cuda:0')
tensor([2.2968], device='cuda:0')
tensor([2.2273], device='cuda:0')
tensor([2.2253], device='cuda:0')
tensor([2.2956], device='cuda:0')
tensor([2.2889], device='cuda:0')
tensor([2.3016], device='cuda:0')
tensor([2.2976], device='cuda:0')
Epoch 20 Accuracy 84.3 | Loss: 0.5131 | Aggregation time: 11.937
