C:\Users\user\Desktop\IoT\FLTG-implementation\FL-Byzantine-Library\client.py:43: UserWarning: To copy construct from a tensor, it is recommended to use sourceTensor.clone().detach() or sourceTensor.clone().detach().requires_grad_(True), rather than torch.tensor(sourceTensor).
  self.momentum = torch.tensor(torch.zeros_like(flat_model, device=self.device))
number of parameters  0.431 M
tensor([2.0598], device='cuda:0')
tensor([2.0918], device='cuda:0')
tensor([2.1187], device='cuda:0')
tensor([2.1481], device='cuda:0')
tensor([2.1908], device='cuda:0')
tensor([2.1958], device='cuda:0')
tensor([2.2199], device='cuda:0')
tensor([2.1366], device='cuda:0')
tensor([2.1037], device='cuda:0')
tensor([2.0871], device='cuda:0')
Epoch 1 Accuracy 9.8 | Loss: 2.7964 | Aggregation time: 0.415
tensor([2.0827], device='cuda:0')
tensor([2.0624], device='cuda:0')
tensor([2.0643], device='cuda:0')
tensor([2.0562], device='cuda:0')
tensor([2.0431], device='cuda:0')
tensor([2.0401], device='cuda:0')
tensor([2.0228], device='cuda:0')
tensor([1.9834], device='cuda:0')
tensor([1.9553], device='cuda:0')
Epoch 2 Accuracy 17.5 | Loss: 2.6312 | Aggregation time: 0.708
tensor([1.8654], device='cuda:0')
tensor([1.8519], device='cuda:0')
tensor([1.8116], device='cuda:0')
tensor([1.7483], device='cuda:0')
tensor([1.7023], device='cuda:0')
tensor([1.6880], device='cuda:0')
tensor([1.6842], device='cuda:0')
tensor([1.7050], device='cuda:0')
tensor([1.6945], device='cuda:0')
tensor([1.6805], device='cuda:0')
Epoch 3 Accuracy 33.2 | Loss: 2.445 | Aggregation time: 1.068
tensor([1.6454], device='cuda:0')
tensor([1.5957], device='cuda:0')
tensor([1.5972], device='cuda:0')
tensor([1.6713], device='cuda:0')
tensor([1.6233], device='cuda:0')
tensor([1.6455], device='cuda:0')
tensor([1.6655], device='cuda:0')
tensor([1.6701], device='cuda:0')
tensor([1.7037], device='cuda:0')
Epoch 4 Accuracy 39.800000000000004 | Loss: 2.2227 | Aggregation time: 1.385
tensor([1.7341], device='cuda:0')
tensor([1.7633], device='cuda:0')
tensor([1.7970], device='cuda:0')
tensor([1.8381], device='cuda:0')
tensor([1.8701], device='cuda:0')
tensor([1.8940], device='cuda:0')
tensor([1.9134], device='cuda:0')
tensor([1.9380], device='cuda:0')
tensor([1.9626], device='cuda:0')
Epoch 5 Accuracy 28.599999999999998 | Loss: 1.8182 | Aggregation time: 1.723
tensor([1.9823], device='cuda:0')
tensor([2.0539], device='cuda:0')
tensor([2.0831], device='cuda:0')
tensor([2.1560], device='cuda:0')
tensor([2.1928], device='cuda:0')
tensor([2.2252], device='cuda:0')
tensor([2.2559], device='cuda:0')
tensor([2.2511], device='cuda:0')
tensor([2.2717], device='cuda:0')
tensor([2.3172], device='cuda:0')
Epoch 6 Accuracy 39.6 | Loss: 1.7605 | Aggregation time: 2.119
tensor([2.3569], device='cuda:0')
tensor([2.3511], device='cuda:0')
tensor([2.3587], device='cuda:0')
tensor([2.3680], device='cuda:0')
tensor([2.3618], device='cuda:0')
tensor([2.3361], device='cuda:0')
tensor([2.2859], device='cuda:0')
tensor([2.2635], device='cuda:0')
tensor([2.2315], device='cuda:0')
Epoch 7 Accuracy 66.60000000000001 | Loss: 1.4697 | Aggregation time: 2.511
tensor([2.2116], device='cuda:0')
tensor([2.2105], device='cuda:0')
tensor([2.2012], device='cuda:0')
tensor([2.2223], device='cuda:0')
tensor([2.2703], device='cuda:0')
tensor([2.3090], device='cuda:0')
tensor([2.3521], device='cuda:0')
tensor([2.3940], device='cuda:0')
tensor([2.4354], device='cuda:0')
tensor([2.4492], device='cuda:0')
Epoch 8 Accuracy 71.1 | Loss: 1.1156 | Aggregation time: 2.955
tensor([2.4352], device='cuda:0')
tensor([2.4524], device='cuda:0')
tensor([2.3919], device='cuda:0')
tensor([2.3883], device='cuda:0')
tensor([2.3332], device='cuda:0')
tensor([2.3440], device='cuda:0')
tensor([2.3705], device='cuda:0')
tensor([2.3665], device='cuda:0')
tensor([2.3957], device='cuda:0')
Epoch 9 Accuracy 71.39999999999999 | Loss: 0.8504 | Aggregation time: 3.299
tensor([2.4123], device='cuda:0')
tensor([2.4450], device='cuda:0')
tensor([2.4485], device='cuda:0')
tensor([2.4813], device='cuda:0')
tensor([2.4677], device='cuda:0')
tensor([2.4338], device='cuda:0')
tensor([2.4365], device='cuda:0')
tensor([2.4208], device='cuda:0')
tensor([2.4196], device='cuda:0')
Epoch 10 Accuracy 72.6 | Loss: 0.8041 | Aggregation time: 3.636
tensor([2.4446], device='cuda:0')
tensor([2.4872], device='cuda:0')
tensor([2.4964], device='cuda:0')
tensor([2.5261], device='cuda:0')
tensor([2.5308], device='cuda:0')
tensor([2.5056], device='cuda:0')
tensor([2.4700], device='cuda:0')
tensor([2.4265], device='cuda:0')
tensor([2.4527], device='cuda:0')
tensor([2.4860], device='cuda:0')
Epoch 11 Accuracy 78.10000000000001 | Loss: 0.7415 | Aggregation time: 4.014
tensor([2.5618], device='cuda:0')
tensor([2.5551], device='cuda:0')
tensor([2.6390], device='cuda:0')
tensor([2.6520], device='cuda:0')
tensor([2.6283], device='cuda:0')
tensor([2.5781], device='cuda:0')
tensor([2.5303], device='cuda:0')
tensor([2.5098], device='cuda:0')
tensor([2.5425], device='cuda:0')
Epoch 12 Accuracy 77.5 | Loss: 0.6349 | Aggregation time: 4.375
tensor([2.6412], device='cuda:0')
tensor([2.6272], device='cuda:0')
tensor([2.6140], device='cuda:0')
tensor([2.5858], device='cuda:0')
tensor([2.5386], device='cuda:0')
tensor([2.4906], device='cuda:0')
tensor([2.4622], device='cuda:0')
tensor([2.4301], device='cuda:0')
tensor([2.3921], device='cuda:0')
Epoch 13 Accuracy 84.39999999999999 | Loss: 0.6899 | Aggregation time: 4.691
tensor([2.3579], device='cuda:0')
tensor([2.3311], device='cuda:0')
tensor([2.3503], device='cuda:0')
tensor([2.3622], device='cuda:0')
tensor([2.3309], device='cuda:0')
tensor([2.3183], device='cuda:0')
tensor([2.3725], device='cuda:0')
tensor([2.4295], device='cuda:0')
tensor([2.4551], device='cuda:0')
tensor([2.4653], device='cuda:0')
Epoch 14 Accuracy 82.1 | Loss: 0.4975 | Aggregation time: 5.062
tensor([2.4488], device='cuda:0')
tensor([2.4249], device='cuda:0')
tensor([2.3397], device='cuda:0')
tensor([2.2861], device='cuda:0')
tensor([2.2595], device='cuda:0')
tensor([2.2610], device='cuda:0')
tensor([2.2058], device='cuda:0')
tensor([2.2256], device='cuda:0')
tensor([2.1852], device='cuda:0')
Epoch 15 Accuracy 84.5 | Loss: 0.4039 | Aggregation time: 5.456
tensor([2.2182], device='cuda:0')
tensor([2.2194], device='cuda:0')
tensor([2.2538], device='cuda:0')
tensor([2.3255], device='cuda:0')
tensor([2.3687], device='cuda:0')
tensor([2.3714], device='cuda:0')
tensor([2.4089], device='cuda:0')
tensor([2.3534], device='cuda:0')
tensor([2.3459], device='cuda:0')
Epoch 16 Accuracy 87.6 | Loss: 0.406 | Aggregation time: 5.816
tensor([2.3411], device='cuda:0')
tensor([2.3277], device='cuda:0')
tensor([2.3477], device='cuda:0')
tensor([2.3870], device='cuda:0')
tensor([2.3846], device='cuda:0')
tensor([2.3335], device='cuda:0')
tensor([2.2973], device='cuda:0')
tensor([2.2140], device='cuda:0')
tensor([2.2024], device='cuda:0')
tensor([2.2019], device='cuda:0')
Epoch 17 Accuracy 89.7 | Loss: 0.349 | Aggregation time: 6.21
tensor([2.2207], device='cuda:0')
tensor([2.2726], device='cuda:0')
tensor([2.2652], device='cuda:0')
tensor([2.3276], device='cuda:0')
tensor([2.3487], device='cuda:0')
tensor([2.3131], device='cuda:0')
tensor([2.2567], device='cuda:0')
tensor([2.1261], device='cuda:0')
tensor([2.0467], device='cuda:0')
Epoch 18 Accuracy 92.0 | Loss: 0.3896 | Aggregation time: 6.573
tensor([1.9957], device='cuda:0')
tensor([1.9745], device='cuda:0')
tensor([1.9768], device='cuda:0')
tensor([1.9570], device='cuda:0')
tensor([1.9420], device='cuda:0')
tensor([1.9552], device='cuda:0')
tensor([1.9898], device='cuda:0')
tensor([2.0027], device='cuda:0')
tensor([2.2495], device='cuda:0')
tensor([2.4261], device='cuda:0')
Epoch 19 Accuracy 88.0 | Loss: 0.2973 | Aggregation time: 6.924
tensor([2.4129], device='cuda:0')
tensor([2.4164], device='cuda:0')
tensor([2.3982], device='cuda:0')
tensor([2.4095], device='cuda:0')
tensor([2.4112], device='cuda:0')
tensor([2.3943], device='cuda:0')
tensor([2.3963], device='cuda:0')
tensor([2.3821], device='cuda:0')
tensor([2.3515], device='cuda:0')
Epoch 20 Accuracy 93.4 | Loss: 0.3572 | Aggregation time: 7.28
