C:\Users\user\Desktop\IoT\FLTG-implementation\FL-Byzantine-Library\client.py:43: UserWarning: To copy construct from a tensor, it is recommended to use sourceTensor.clone().detach() or sourceTensor.clone().detach().requires_grad_(True), rather than torch.tensor(sourceTensor).
  self.momentum = torch.tensor(torch.zeros_like(flat_model, device=self.device))
number of parameters  0.431 M
tensor([1.6131], device='cuda:0')
tensor([1.4739], device='cuda:0')
tensor([1.4507], device='cuda:0')
tensor([1.5092], device='cuda:0')
tensor([1.5158], device='cuda:0')
tensor([1.4706], device='cuda:0')
tensor([1.4397], device='cuda:0')
tensor([1.4630], device='cuda:0')
tensor([1.5129], device='cuda:0')
tensor([1.5143], device='cuda:0')
Epoch 1 Accuracy 9.8 | Loss: 2.2345 | Aggregation time: 0.598
tensor([1.5388], device='cuda:0')
tensor([1.5642], device='cuda:0')
tensor([1.5544], device='cuda:0')
tensor([1.5644], device='cuda:0')
tensor([1.5701], device='cuda:0')
tensor([1.5590], device='cuda:0')
tensor([1.5553], device='cuda:0')
tensor([1.5450], device='cuda:0')
tensor([1.5362], device='cuda:0')
Epoch 2 Accuracy 24.9 | Loss: 2.0505 | Aggregation time: 1.149
tensor([1.5310], device='cuda:0')
tensor([1.5294], device='cuda:0')
tensor([1.5175], device='cuda:0')
tensor([1.5083], device='cuda:0')
tensor([1.4975], device='cuda:0')
tensor([1.4750], device='cuda:0')
tensor([1.4635], device='cuda:0')
tensor([1.4640], device='cuda:0')
tensor([1.4773], device='cuda:0')
tensor([1.4793], device='cuda:0')
Epoch 3 Accuracy 42.3 | Loss: 1.852 | Aggregation time: 1.812
tensor([1.4872], device='cuda:0')
tensor([1.4832], device='cuda:0')
tensor([1.4829], device='cuda:0')
tensor([1.4835], device='cuda:0')
tensor([1.5159], device='cuda:0')
tensor([1.5251], device='cuda:0')
tensor([1.5344], device='cuda:0')
tensor([1.5331], device='cuda:0')
tensor([1.5500], device='cuda:0')
Epoch 4 Accuracy 53.300000000000004 | Loss: 1.4351 | Aggregation time: 2.42
tensor([1.5530], device='cuda:0')
tensor([1.5613], device='cuda:0')
tensor([1.5425], device='cuda:0')
tensor([1.5593], device='cuda:0')
tensor([1.5319], device='cuda:0')
tensor([1.5577], device='cuda:0')
tensor([1.5613], device='cuda:0')
tensor([1.5597], device='cuda:0')
tensor([1.5304], device='cuda:0')
Epoch 5 Accuracy 62.1 | Loss: 0.9059 | Aggregation time: 2.947
tensor([1.5230], device='cuda:0')
tensor([1.5409], device='cuda:0')
tensor([1.4934], device='cuda:0')
tensor([1.5069], device='cuda:0')
tensor([1.5350], device='cuda:0')
tensor([1.5259], device='cuda:0')
tensor([1.4229], device='cuda:0')
tensor([1.4238], device='cuda:0')
tensor([1.4338], device='cuda:0')
tensor([1.4702], device='cuda:0')
Epoch 6 Accuracy 65.7 | Loss: 0.8834 | Aggregation time: 3.529
tensor([1.5010], device='cuda:0')
tensor([1.4879], device='cuda:0')
tensor([1.4888], device='cuda:0')
tensor([1.4720], device='cuda:0')
tensor([1.4869], device='cuda:0')
tensor([1.5057], device='cuda:0')
tensor([1.5479], device='cuda:0')
tensor([1.5678], device='cuda:0')
tensor([1.5649], device='cuda:0')
Epoch 7 Accuracy 70.3 | Loss: 0.7097 | Aggregation time: 4.159
tensor([1.5552], device='cuda:0')
tensor([1.5274], device='cuda:0')
tensor([1.5127], device='cuda:0')
tensor([1.5053], device='cuda:0')
tensor([1.4994], device='cuda:0')
tensor([1.5037], device='cuda:0')
tensor([1.4838], device='cuda:0')
tensor([1.4698], device='cuda:0')
tensor([1.4664], device='cuda:0')
tensor([1.5293], device='cuda:0')
Epoch 8 Accuracy 84.3 | Loss: 0.4772 | Aggregation time: 4.777
tensor([1.5295], device='cuda:0')
tensor([1.5307], device='cuda:0')
tensor([1.5027], device='cuda:0')
tensor([1.4820], device='cuda:0')
tensor([1.4458], device='cuda:0')
tensor([1.4357], device='cuda:0')
tensor([1.4384], device='cuda:0')
tensor([1.4500], device='cuda:0')
tensor([1.4530], device='cuda:0')
Epoch 9 Accuracy 85.0 | Loss: 0.3657 | Aggregation time: 5.363
tensor([1.4510], device='cuda:0')
tensor([1.4658], device='cuda:0')
tensor([1.4819], device='cuda:0')
tensor([1.4762], device='cuda:0')
tensor([1.4623], device='cuda:0')
tensor([1.4844], device='cuda:0')
tensor([1.5096], device='cuda:0')
tensor([1.5322], device='cuda:0')
tensor([1.5656], device='cuda:0')
Epoch 10 Accuracy 82.0 | Loss: 0.3882 | Aggregation time: 5.895
tensor([1.5899], device='cuda:0')
tensor([1.5682], device='cuda:0')
tensor([1.5228], device='cuda:0')
tensor([1.4777], device='cuda:0')
tensor([1.4770], device='cuda:0')
tensor([1.4989], device='cuda:0')
tensor([1.5420], device='cuda:0')
tensor([1.5158], device='cuda:0')
tensor([1.5387], device='cuda:0')
tensor([1.5888], device='cuda:0')
Epoch 11 Accuracy 85.3 | Loss: 0.3232 | Aggregation time: 6.508
tensor([1.5873], device='cuda:0')
tensor([1.5978], device='cuda:0')
tensor([1.5753], device='cuda:0')
tensor([1.5793], device='cuda:0')
tensor([1.5591], device='cuda:0')
tensor([1.5372], device='cuda:0')
tensor([1.4835], device='cuda:0')
tensor([1.4257], device='cuda:0')
tensor([1.4120], device='cuda:0')
Epoch 12 Accuracy 90.9 | Loss: 0.231 | Aggregation time: 7.03
tensor([1.4355], device='cuda:0')
tensor([1.4805], device='cuda:0')
tensor([1.4952], device='cuda:0')
tensor([1.5912], device='cuda:0')
tensor([1.6671], device='cuda:0')
tensor([1.6869], device='cuda:0')
tensor([1.6214], device='cuda:0')
tensor([1.5504], device='cuda:0')
tensor([1.5006], device='cuda:0')
Epoch 13 Accuracy 91.5 | Loss: 0.2401 | Aggregation time: 7.53
tensor([1.4852], device='cuda:0')
tensor([1.3424], device='cuda:0')
tensor([1.3537], device='cuda:0')
tensor([1.3573], device='cuda:0')
tensor([1.4297], device='cuda:0')
tensor([1.5261], device='cuda:0')
tensor([1.6141], device='cuda:0')
tensor([1.6562], device='cuda:0')
tensor([1.6835], device='cuda:0')
tensor([1.6775], device='cuda:0')
Epoch 14 Accuracy 92.60000000000001 | Loss: 0.2264 | Aggregation time: 8.288
tensor([1.6546], device='cuda:0')
tensor([1.6086], device='cuda:0')
tensor([1.6181], device='cuda:0')
tensor([1.5731], device='cuda:0')
tensor([1.5343], device='cuda:0')
tensor([1.5330], device='cuda:0')
tensor([1.5497], device='cuda:0')
tensor([1.5448], device='cuda:0')
tensor([1.5089], device='cuda:0')
Epoch 15 Accuracy 85.6 | Loss: 0.2555 | Aggregation time: 8.761
tensor([1.5077], device='cuda:0')
tensor([1.5033], device='cuda:0')
tensor([1.4716], device='cuda:0')
tensor([1.4255], device='cuda:0')
tensor([1.4209], device='cuda:0')
tensor([1.4994], device='cuda:0')
tensor([1.4315], device='cuda:0')
tensor([1.4487], device='cuda:0')
tensor([1.4319], device='cuda:0')
Epoch 16 Accuracy 90.5 | Loss: 0.234 | Aggregation time: 9.294
tensor([1.4271], device='cuda:0')
tensor([1.3724], device='cuda:0')
tensor([1.3696], device='cuda:0')
tensor([1.2862], device='cuda:0')
tensor([1.4009], device='cuda:0')
tensor([1.3926], device='cuda:0')
tensor([1.3858], device='cuda:0')
tensor([1.4052], device='cuda:0')
tensor([1.4091], device='cuda:0')
tensor([1.4121], device='cuda:0')
Epoch 17 Accuracy 91.3 | Loss: 0.2085 | Aggregation time: 9.943
tensor([1.4384], device='cuda:0')
tensor([1.4544], device='cuda:0')
tensor([1.4770], device='cuda:0')
tensor([1.5007], device='cuda:0')
tensor([1.4798], device='cuda:0')
tensor([1.4726], device='cuda:0')
tensor([1.5189], device='cuda:0')
tensor([1.5117], device='cuda:0')
tensor([1.4984], device='cuda:0')
Epoch 18 Accuracy 93.7 | Loss: 0.1711 | Aggregation time: 10.373
tensor([1.4577], device='cuda:0')
tensor([1.4905], device='cuda:0')
tensor([1.4436], device='cuda:0')
tensor([1.4491], device='cuda:0')
tensor([1.4648], device='cuda:0')
tensor([1.4979], device='cuda:0')
tensor([1.4454], device='cuda:0')
tensor([1.4353], device='cuda:0')
tensor([1.3329], device='cuda:0')
tensor([1.4068], device='cuda:0')
Epoch 19 Accuracy 91.3 | Loss: 0.1408 | Aggregation time: 10.96
tensor([1.3725], device='cuda:0')
tensor([1.3811], device='cuda:0')
tensor([1.4141], device='cuda:0')
tensor([1.5028], device='cuda:0')
tensor([1.4610], device='cuda:0')
tensor([1.4455], device='cuda:0')
tensor([1.3748], device='cuda:0')
tensor([1.3254], device='cuda:0')
tensor([1.2945], device='cuda:0')
Epoch 20 Accuracy 92.0 | Loss: 0.1751 | Aggregation time: 11.599
