C:\Users\user\Desktop\IoT\FLTG-implementation\FL-Byzantine-Library\client.py:43: UserWarning: To copy construct from a tensor, it is recommended to use sourceTensor.clone().detach() or sourceTensor.clone().detach().requires_grad_(True), rather than torch.tensor(sourceTensor).
  self.momentum = torch.tensor(torch.zeros_like(flat_model, device=self.device))
number of parameters  0.431 M
tensor([1.4889], device='cuda:0')
tensor([1.4906], device='cuda:0')
tensor([1.4985], device='cuda:0')
tensor([1.5091], device='cuda:0')
tensor([1.4712], device='cuda:0')
tensor([1.4768], device='cuda:0')
tensor([1.4561], device='cuda:0')
tensor([1.4573], device='cuda:0')
tensor([1.4618], device='cuda:0')
tensor([1.4194], device='cuda:0')
Epoch 1 Accuracy 11.200000000000001 | Loss: 2.221 | Aggregation time: 0.605
tensor([1.4139], device='cuda:0')
tensor([1.3803], device='cuda:0')
tensor([1.3272], device='cuda:0')
tensor([1.3080], device='cuda:0')
tensor([1.3590], device='cuda:0')
tensor([1.4051], device='cuda:0')
tensor([1.4592], device='cuda:0')
tensor([1.4812], device='cuda:0')
tensor([1.4269], device='cuda:0')
Epoch 2 Accuracy 14.399999999999999 | Loss: 2.0887 | Aggregation time: 0.859
tensor([1.3378], device='cuda:0')
tensor([1.2381], device='cuda:0')
tensor([1.1343], device='cuda:0')
tensor([1.0887], device='cuda:0')
tensor([1.0637], device='cuda:0')
tensor([1.0431], device='cuda:0')
tensor([0.9969], device='cuda:0')
tensor([0.9555], device='cuda:0')
tensor([0.9540], device='cuda:0')
tensor([0.9032], device='cuda:0')
Epoch 3 Accuracy 19.5 | Loss: 1.9604 | Aggregation time: 1.134
tensor([0.8536], device='cuda:0')
tensor([0.8144], device='cuda:0')
tensor([0.7810], device='cuda:0')
tensor([0.7570], device='cuda:0')
tensor([0.7548], device='cuda:0')
tensor([0.7602], device='cuda:0')
tensor([0.7648], device='cuda:0')
tensor([0.7789], device='cuda:0')
tensor([0.7926], device='cuda:0')
Epoch 4 Accuracy 10.299999999999999 | Loss: 1.9323 | Aggregation time: 1.4
tensor([0.8215], device='cuda:0')
tensor([0.8618], device='cuda:0')
tensor([0.9341], device='cuda:0')
tensor([1.0539], device='cuda:0')
tensor([1.1660], device='cuda:0')
tensor([1.2881], device='cuda:0')
tensor([1.4595], device='cuda:0')
tensor([1.6180], device='cuda:0')
tensor([1.5474], device='cuda:0')
Epoch 5 Accuracy 10.4 | Loss: 2.2154 | Aggregation time: 1.684
tensor([1.5342], device='cuda:0')
tensor([1.5014], device='cuda:0')
tensor([1.4630], device='cuda:0')
tensor([1.4481], device='cuda:0')
tensor([1.4209], device='cuda:0')
tensor([1.3779], device='cuda:0')
tensor([1.3789], device='cuda:0')
tensor([1.3424], device='cuda:0')
tensor([1.3894], device='cuda:0')
tensor([1.3512], device='cuda:0')
Epoch 6 Accuracy 27.6 | Loss: 1.8332 | Aggregation time: 1.981
tensor([1.2702], device='cuda:0')
tensor([1.2149], device='cuda:0')
tensor([1.3000], device='cuda:0')
tensor([1.3576], device='cuda:0')
tensor([1.4397], device='cuda:0')
tensor([1.4681], device='cuda:0')
tensor([1.4659], device='cuda:0')
tensor([1.4612], device='cuda:0')
tensor([1.4203], device='cuda:0')
Epoch 7 Accuracy 22.900000000000002 | Loss: 1.773 | Aggregation time: 2.288
tensor([1.4357], device='cuda:0')
tensor([1.4277], device='cuda:0')
tensor([1.4550], device='cuda:0')
tensor([1.4069], device='cuda:0')
tensor([1.3091], device='cuda:0')
tensor([1.1967], device='cuda:0')
tensor([1.1477], device='cuda:0')
tensor([1.0734], device='cuda:0')
tensor([1.0477], device='cuda:0')
tensor([0.9930], device='cuda:0')
Epoch 8 Accuracy 31.3 | Loss: 1.529 | Aggregation time: 2.618
tensor([0.9545], device='cuda:0')
tensor([0.9018], device='cuda:0')
tensor([0.8343], device='cuda:0')
tensor([0.7871], device='cuda:0')
tensor([0.7433], device='cuda:0')
tensor([0.7136], device='cuda:0')
tensor([0.6865], device='cuda:0')
tensor([0.6911], device='cuda:0')
tensor([0.6989], device='cuda:0')
Epoch 9 Accuracy 41.0 | Loss: 1.3303 | Aggregation time: 2.895
tensor([0.7006], device='cuda:0')
tensor([0.7270], device='cuda:0')
tensor([0.7584], device='cuda:0')
tensor([0.7767], device='cuda:0')
tensor([0.8002], device='cuda:0')
tensor([0.8282], device='cuda:0')
tensor([0.8523], device='cuda:0')
tensor([0.8788], device='cuda:0')
tensor([0.9003], device='cuda:0')
Epoch 10 Accuracy 44.5 | Loss: 1.4269 | Aggregation time: 3.209
tensor([0.9204], device='cuda:0')
tensor([0.9546], device='cuda:0')
tensor([1.0322], device='cuda:0')
tensor([1.0863], device='cuda:0')
tensor([1.1326], device='cuda:0')
tensor([1.1847], device='cuda:0')
tensor([1.2073], device='cuda:0')
tensor([1.2585], device='cuda:0')
tensor([1.3454], device='cuda:0')
tensor([1.3914], device='cuda:0')
Epoch 11 Accuracy 47.099999999999994 | Loss: 1.1568 | Aggregation time: 3.81
tensor([1.4737], device='cuda:0')
tensor([1.5005], device='cuda:0')
tensor([1.4761], device='cuda:0')
tensor([1.3942], device='cuda:0')
tensor([1.3724], device='cuda:0')
tensor([1.3400], device='cuda:0')
tensor([1.3465], device='cuda:0')
tensor([1.5531], device='cuda:0')
tensor([1.6244], device='cuda:0')
Epoch 12 Accuracy 63.9 | Loss: 1.0258 | Aggregation time: 4.278
tensor([1.4522], device='cuda:0')
tensor([1.1557], device='cuda:0')
tensor([1.0025], device='cuda:0')
tensor([0.9530], device='cuda:0')
tensor([0.8959], device='cuda:0')
tensor([0.8478], device='cuda:0')
tensor([0.8305], device='cuda:0')
tensor([0.8241], device='cuda:0')
tensor([0.8179], device='cuda:0')
Epoch 13 Accuracy 53.300000000000004 | Loss: 2.056 | Aggregation time: 4.69
tensor([0.8051], device='cuda:0')
tensor([0.8075], device='cuda:0')
tensor([0.8190], device='cuda:0')
tensor([0.8263], device='cuda:0')
tensor([0.8356], device='cuda:0')
tensor([0.8614], device='cuda:0')
tensor([0.8755], device='cuda:0')
tensor([0.8999], device='cuda:0')
tensor([0.9472], device='cuda:0')
tensor([1.0020], device='cuda:0')
Epoch 14 Accuracy 40.300000000000004 | Loss: 1.3398 | Aggregation time: 5.187
tensor([1.0723], device='cuda:0')
tensor([1.1302], device='cuda:0')
tensor([1.2076], device='cuda:0')
tensor([1.1862], device='cuda:0')
tensor([1.2906], device='cuda:0')
tensor([1.3390], device='cuda:0')
tensor([1.3821], device='cuda:0')
tensor([1.4182], device='cuda:0')
tensor([1.4662], device='cuda:0')
Epoch 15 Accuracy 53.5 | Loss: 1.1919 | Aggregation time: 5.567
tensor([1.4585], device='cuda:0')
tensor([1.4423], device='cuda:0')
tensor([1.4560], device='cuda:0')
tensor([1.4585], device='cuda:0')
tensor([1.4640], device='cuda:0')
tensor([1.4864], device='cuda:0')
tensor([1.5771], device='cuda:0')
tensor([1.5627], device='cuda:0')
tensor([1.5585], device='cuda:0')
Epoch 16 Accuracy 70.5 | Loss: 1.1803 | Aggregation time: 6.177
tensor([1.5591], device='cuda:0')
tensor([1.5395], device='cuda:0')
tensor([1.5177], device='cuda:0')
tensor([1.5169], device='cuda:0')
tensor([1.6598], device='cuda:0')
tensor([1.6918], device='cuda:0')
tensor([1.7208], device='cuda:0')
tensor([1.6881], device='cuda:0')
tensor([1.6230], device='cuda:0')
tensor([1.5870], device='cuda:0')
Epoch 17 Accuracy 46.2 | Loss: 2.0275 | Aggregation time: 6.63
tensor([1.5348], device='cuda:0')
tensor([1.5021], device='cuda:0')
tensor([1.4911], device='cuda:0')
tensor([1.4666], device='cuda:0')
tensor([1.4418], device='cuda:0')
tensor([1.4334], device='cuda:0')
tensor([1.3805], device='cuda:0')
tensor([1.3437], device='cuda:0')
tensor([1.3223], device='cuda:0')
Epoch 18 Accuracy 62.2 | Loss: 1.1665 | Aggregation time: 7.062
tensor([1.3453], device='cuda:0')
tensor([1.3256], device='cuda:0')
tensor([1.3148], device='cuda:0')
tensor([1.3497], device='cuda:0')
tensor([1.4054], device='cuda:0')
tensor([1.4392], device='cuda:0')
tensor([1.4379], device='cuda:0')
tensor([1.4482], device='cuda:0')
tensor([1.4249], device='cuda:0')
tensor([1.4165], device='cuda:0')
Epoch 19 Accuracy 51.7 | Loss: 1.0174 | Aggregation time: 7.394
tensor([1.3961], device='cuda:0')
tensor([1.3705], device='cuda:0')
tensor([1.3984], device='cuda:0')
tensor([1.4070], device='cuda:0')
tensor([1.3980], device='cuda:0')
tensor([1.4002], device='cuda:0')
tensor([1.4443], device='cuda:0')
tensor([1.5983], device='cuda:0')
tensor([1.6278], device='cuda:0')
Epoch 20 Accuracy 65.5 | Loss: 0.8266 | Aggregation time: 8.052
