C:\Users\user\Desktop\IoT\FLTG-implementation\FL-Byzantine-Library\client.py:43: UserWarning: To copy construct from a tensor, it is recommended to use sourceTensor.clone().detach() or sourceTensor.clone().detach().requires_grad_(True), rather than torch.tensor(sourceTensor).
  self.momentum = torch.tensor(torch.zeros_like(flat_model, device=self.device))
Files already downloaded and verified
Files already downloaded and verified
number of parameters  0.697 M
tensor([1.4699], device='cuda:0')
tensor([1.6767], device='cuda:0')
tensor([1.7210], device='cuda:0')
tensor([1.7463], device='cuda:0')
tensor([1.7650], device='cuda:0')
tensor([1.7400], device='cuda:0')
tensor([1.7345], device='cuda:0')
tensor([1.7491], device='cuda:0')
tensor([1.7914], device='cuda:0')
tensor([1.7757], device='cuda:0')
Epoch 1 Accuracy 16.3 | Loss: 2.3114 | Aggregation time: 0.745
tensor([1.7607], device='cuda:0')
tensor([1.7422], device='cuda:0')
tensor([1.7207], device='cuda:0')
tensor([1.7065], device='cuda:0')
tensor([1.6932], device='cuda:0')
tensor([1.6988], device='cuda:0')
tensor([1.6999], device='cuda:0')
tensor([1.6751], device='cuda:0')
tensor([1.6859], device='cuda:0')
tensor([1.6502], device='cuda:0')
Epoch 2 Accuracy 22.7 | Loss: 2.3229 | Aggregation time: 1.548
tensor([1.6128], device='cuda:0')
tensor([1.6213], device='cuda:0')
tensor([1.6332], device='cuda:0')
tensor([1.6359], device='cuda:0')
tensor([1.6224], device='cuda:0')
tensor([1.6368], device='cuda:0')
tensor([1.6407], device='cuda:0')
tensor([1.6505], device='cuda:0')
tensor([1.6430], device='cuda:0')
tensor([1.6090], device='cuda:0')
Epoch 3 Accuracy 24.9 | Loss: 2.1988 | Aggregation time: 2.3
tensor([1.6057], device='cuda:0')
tensor([1.6055], device='cuda:0')
tensor([1.5822], device='cuda:0')
tensor([1.5894], device='cuda:0')
tensor([1.5920], device='cuda:0')
tensor([1.5927], device='cuda:0')
tensor([1.6082], device='cuda:0')
tensor([1.5921], device='cuda:0')
tensor([1.5917], device='cuda:0')
tensor([1.6043], device='cuda:0')
Epoch 4 Accuracy 24.6 | Loss: 2.1423 | Aggregation time: 2.986
tensor([1.6414], device='cuda:0')
tensor([1.6796], device='cuda:0')
tensor([1.6842], device='cuda:0')
tensor([1.7143], device='cuda:0')
tensor([1.6757], device='cuda:0')
tensor([1.7020], device='cuda:0')
tensor([1.6880], device='cuda:0')
tensor([1.6898], device='cuda:0')
tensor([1.6886], device='cuda:0')
Epoch 5 Accuracy 28.599999999999998 | Loss: 2.1328 | Aggregation time: 3.612
tensor([1.6927], device='cuda:0')
tensor([1.7004], device='cuda:0')
tensor([1.7168], device='cuda:0')
tensor([1.7247], device='cuda:0')
tensor([1.7326], device='cuda:0')
tensor([1.7008], device='cuda:0')
tensor([1.6724], device='cuda:0')
tensor([1.6683], device='cuda:0')
tensor([1.6663], device='cuda:0')
tensor([1.6531], device='cuda:0')
Epoch 6 Accuracy 24.7 | Loss: 2.0957 | Aggregation time: 4.308
tensor([1.6489], device='cuda:0')
tensor([1.6403], device='cuda:0')
tensor([1.6374], device='cuda:0')
tensor([1.6377], device='cuda:0')
tensor([1.6329], device='cuda:0')
tensor([1.6305], device='cuda:0')
tensor([1.6154], device='cuda:0')
tensor([1.6275], device='cuda:0')
tensor([1.6455], device='cuda:0')
tensor([1.6360], device='cuda:0')
Epoch 7 Accuracy 27.1 | Loss: 2.0923 | Aggregation time: 5.042
tensor([1.6332], device='cuda:0')
tensor([1.6390], device='cuda:0')
tensor([1.6461], device='cuda:0')
tensor([1.6570], device='cuda:0')
tensor([1.6617], device='cuda:0')
tensor([1.6215], device='cuda:0')
tensor([1.6335], device='cuda:0')
tensor([1.6566], device='cuda:0')
tensor([1.6304], device='cuda:0')
tensor([1.6350], device='cuda:0')
Epoch 8 Accuracy 33.6 | Loss: 2.0601 | Aggregation time: 5.838
tensor([1.6587], device='cuda:0')
tensor([1.6701], device='cuda:0')
tensor([1.6577], device='cuda:0')
tensor([1.6852], device='cuda:0')
tensor([1.6556], device='cuda:0')
tensor([1.6505], device='cuda:0')
tensor([1.6607], device='cuda:0')
tensor([1.6695], device='cuda:0')
tensor([1.6675], device='cuda:0')
Epoch 9 Accuracy 32.6 | Loss: 2.0851 | Aggregation time: 6.472
tensor([1.6405], device='cuda:0')
tensor([1.6561], device='cuda:0')
tensor([1.6587], device='cuda:0')
tensor([1.6352], device='cuda:0')
tensor([1.6430], device='cuda:0')
tensor([1.6501], device='cuda:0')
tensor([1.6684], device='cuda:0')
tensor([1.6722], device='cuda:0')
tensor([1.6779], device='cuda:0')
tensor([1.6716], device='cuda:0')
Epoch 10 Accuracy 37.6 | Loss: 2.0344 | Aggregation time: 7.149
tensor([1.6598], device='cuda:0')
tensor([1.6553], device='cuda:0')
tensor([1.6626], device='cuda:0')
tensor([1.6585], device='cuda:0')
tensor([1.6630], device='cuda:0')
tensor([1.6589], device='cuda:0')
tensor([1.6706], device='cuda:0')
tensor([1.6795], device='cuda:0')
tensor([1.6792], device='cuda:0')
tensor([1.6675], device='cuda:0')
Epoch 11 Accuracy 34.1 | Loss: 1.9791 | Aggregation time: 7.796
tensor([1.6700], device='cuda:0')
tensor([1.6420], device='cuda:0')
tensor([1.6258], device='cuda:0')
tensor([1.6382], device='cuda:0')
tensor([1.6435], device='cuda:0')
tensor([1.6403], device='cuda:0')
tensor([1.6572], device='cuda:0')
tensor([1.6719], device='cuda:0')
tensor([1.6807], device='cuda:0')
tensor([1.6706], device='cuda:0')
Epoch 12 Accuracy 35.4 | Loss: 1.9695 | Aggregation time: 8.455
tensor([1.6739], device='cuda:0')
tensor([1.6788], device='cuda:0')
tensor([1.6895], device='cuda:0')
tensor([1.6978], device='cuda:0')
tensor([1.6934], device='cuda:0')
tensor([1.6650], device='cuda:0')
tensor([1.6947], device='cuda:0')
tensor([1.6920], device='cuda:0')
tensor([1.6994], device='cuda:0')
Epoch 13 Accuracy 38.6 | Loss: 1.9638 | Aggregation time: 9.128
tensor([1.6898], device='cuda:0')
tensor([1.6935], device='cuda:0')
tensor([1.6761], device='cuda:0')
tensor([1.6754], device='cuda:0')
tensor([1.6682], device='cuda:0')
tensor([1.6720], device='cuda:0')
tensor([1.6447], device='cuda:0')
tensor([1.6416], device='cuda:0')
tensor([1.6444], device='cuda:0')
tensor([1.6285], device='cuda:0')
Epoch 14 Accuracy 32.6 | Loss: 1.97 | Aggregation time: 9.884
tensor([1.6320], device='cuda:0')
tensor([1.6268], device='cuda:0')
tensor([1.6368], device='cuda:0')
tensor([1.6584], device='cuda:0')
tensor([1.6730], device='cuda:0')
tensor([1.6849], device='cuda:0')
tensor([1.6739], device='cuda:0')
tensor([1.6869], device='cuda:0')
tensor([1.6635], device='cuda:0')
tensor([1.6378], device='cuda:0')
Epoch 15 Accuracy 36.0 | Loss: 1.928 | Aggregation time: 10.661
tensor([1.6485], device='cuda:0')
tensor([1.6323], device='cuda:0')
tensor([1.6084], device='cuda:0')
tensor([1.6422], device='cuda:0')
tensor([1.6298], device='cuda:0')
tensor([1.6321], device='cuda:0')
tensor([1.6314], device='cuda:0')
tensor([1.6406], device='cuda:0')
tensor([1.6454], device='cuda:0')
tensor([1.6494], device='cuda:0')
Epoch 16 Accuracy 32.1 | Loss: 1.9657 | Aggregation time: 11.344
tensor([1.6491], device='cuda:0')
tensor([1.6608], device='cuda:0')
tensor([1.6610], device='cuda:0')
tensor([1.6575], device='cuda:0')
tensor([1.6532], device='cuda:0')
tensor([1.6496], device='cuda:0')
tensor([1.6459], device='cuda:0')
tensor([1.6576], device='cuda:0')
tensor([1.6338], device='cuda:0')
tensor([1.6356], device='cuda:0')
Epoch 17 Accuracy 34.5 | Loss: 1.901 | Aggregation time: 12.029
tensor([1.6405], device='cuda:0')
tensor([1.6425], device='cuda:0')
tensor([1.6348], device='cuda:0')
tensor([1.6274], device='cuda:0')
tensor([1.6252], device='cuda:0')
tensor([1.6281], device='cuda:0')
tensor([1.6496], device='cuda:0')
tensor([1.6524], device='cuda:0')
tensor([1.6484], device='cuda:0')
Epoch 18 Accuracy 37.4 | Loss: 1.8855 | Aggregation time: 12.631
tensor([1.6544], device='cuda:0')
tensor([1.6429], device='cuda:0')
tensor([1.6267], device='cuda:0')
tensor([1.6542], device='cuda:0')
tensor([1.6643], device='cuda:0')
tensor([1.6998], device='cuda:0')
tensor([1.6753], device='cuda:0')
tensor([1.6706], device='cuda:0')
tensor([1.6878], device='cuda:0')
tensor([1.7013], device='cuda:0')
Epoch 19 Accuracy 35.5 | Loss: 1.8706 | Aggregation time: 13.351
tensor([1.6572], device='cuda:0')
tensor([1.6558], device='cuda:0')
tensor([1.6473], device='cuda:0')
tensor([1.6299], device='cuda:0')
tensor([1.6362], device='cuda:0')
tensor([1.6556], device='cuda:0')
tensor([1.6721], device='cuda:0')
tensor([1.6755], device='cuda:0')
tensor([1.6781], device='cuda:0')
tensor([1.7024], device='cuda:0')
Epoch 20 Accuracy 45.5 | Loss: 1.8512 | Aggregation time: 14.023
tensor([1.6988], device='cuda:0')
tensor([1.6970], device='cuda:0')
tensor([1.6972], device='cuda:0')
tensor([1.6912], device='cuda:0')
tensor([1.6909], device='cuda:0')
tensor([1.6719], device='cuda:0')
tensor([1.6682], device='cuda:0')
tensor([1.6642], device='cuda:0')
tensor([1.6730], device='cuda:0')
tensor([1.6985], device='cuda:0')
Epoch 21 Accuracy 37.1 | Loss: 1.7783 | Aggregation time: 14.733
tensor([1.7143], device='cuda:0')
tensor([1.7408], device='cuda:0')
tensor([1.7544], device='cuda:0')
tensor([1.7398], device='cuda:0')
tensor([1.7235], device='cuda:0')
tensor([1.7250], device='cuda:0')
tensor([1.7288], device='cuda:0')
tensor([1.7219], device='cuda:0')
tensor([1.7166], device='cuda:0')
Epoch 22 Accuracy 43.1 | Loss: 1.8175 | Aggregation time: 15.378
tensor([1.7054], device='cuda:0')
tensor([1.7080], device='cuda:0')
tensor([1.7009], device='cuda:0')
tensor([1.6994], device='cuda:0')
tensor([1.6987], device='cuda:0')
tensor([1.7059], device='cuda:0')
tensor([1.6970], device='cuda:0')
tensor([1.6950], device='cuda:0')
tensor([1.7097], device='cuda:0')
tensor([1.7328], device='cuda:0')
Epoch 23 Accuracy 41.099999999999994 | Loss: 1.777 | Aggregation time: 16.137
tensor([1.7282], device='cuda:0')
tensor([1.7392], device='cuda:0')
tensor([1.7504], device='cuda:0')
tensor([1.7583], device='cuda:0')
tensor([1.7537], device='cuda:0')
tensor([1.7480], device='cuda:0')
tensor([1.7538], device='cuda:0')
tensor([1.7527], device='cuda:0')
tensor([1.7497], device='cuda:0')
tensor([1.7417], device='cuda:0')
Epoch 24 Accuracy 41.699999999999996 | Loss: 1.7324 | Aggregation time: 16.835
tensor([1.7339], device='cuda:0')
tensor([1.7178], device='cuda:0')
tensor([1.7124], device='cuda:0')
tensor([1.7094], device='cuda:0')
tensor([1.6884], device='cuda:0')
tensor([1.6902], device='cuda:0')
tensor([1.7036], device='cuda:0')
tensor([1.7171], device='cuda:0')
tensor([1.7025], device='cuda:0')
tensor([1.6802], device='cuda:0')
Epoch 25 Accuracy 42.199999999999996 | Loss: 1.7815 | Aggregation time: 17.58
tensor([1.6802], device='cuda:0')
tensor([1.6827], device='cuda:0')
tensor([1.6787], device='cuda:0')
tensor([1.6677], device='cuda:0')
tensor([1.6921], device='cuda:0')
tensor([1.6767], device='cuda:0')
tensor([1.6386], device='cuda:0')
tensor([1.6270], device='cuda:0')
tensor([1.6545], device='cuda:0')
Epoch 26 Accuracy 42.8 | Loss: 1.7868 | Aggregation time: 18.247
tensor([1.6367], device='cuda:0')
tensor([1.6426], device='cuda:0')
tensor([1.6618], device='cuda:0')
tensor([1.6619], device='cuda:0')
tensor([1.6498], device='cuda:0')
tensor([1.6613], device='cuda:0')
tensor([1.6594], device='cuda:0')
tensor([1.6714], device='cuda:0')
tensor([1.6865], device='cuda:0')
tensor([1.7022], device='cuda:0')
Epoch 27 Accuracy 45.4 | Loss: 1.727 | Aggregation time: 18.878
tensor([1.6973], device='cuda:0')
tensor([1.7036], device='cuda:0')
tensor([1.6997], device='cuda:0')
tensor([1.7128], device='cuda:0')
tensor([1.7187], device='cuda:0')
tensor([1.7189], device='cuda:0')
tensor([1.7161], device='cuda:0')
tensor([1.7084], device='cuda:0')
tensor([1.6846], device='cuda:0')
tensor([1.7043], device='cuda:0')
Epoch 28 Accuracy 46.2 | Loss: 1.7417 | Aggregation time: 19.584
tensor([1.6800], device='cuda:0')
tensor([1.7008], device='cuda:0')
tensor([1.6961], device='cuda:0')
tensor([1.6724], device='cuda:0')
tensor([1.6731], device='cuda:0')
tensor([1.6825], device='cuda:0')
tensor([1.6957], device='cuda:0')
tensor([1.6968], device='cuda:0')
tensor([1.6982], device='cuda:0')
tensor([1.6967], device='cuda:0')
Epoch 29 Accuracy 41.3 | Loss: 1.7353 | Aggregation time: 20.285
tensor([1.6794], device='cuda:0')
tensor([1.6819], device='cuda:0')
tensor([1.6724], device='cuda:0')
tensor([1.6928], device='cuda:0')
tensor([1.7101], device='cuda:0')
tensor([1.7213], device='cuda:0')
tensor([1.7255], device='cuda:0')
tensor([1.7118], device='cuda:0')
tensor([1.7207], device='cuda:0')
Epoch 30 Accuracy 41.9 | Loss: 1.6992 | Aggregation time: 20.977
tensor([1.7182], device='cuda:0')
tensor([1.7237], device='cuda:0')
tensor([1.7126], device='cuda:0')
tensor([1.7061], device='cuda:0')
tensor([1.7128], device='cuda:0')
tensor([1.7182], device='cuda:0')
tensor([1.7315], device='cuda:0')
tensor([1.7383], device='cuda:0')
tensor([1.7283], device='cuda:0')
tensor([1.7087], device='cuda:0')
Epoch 31 Accuracy 45.2 | Loss: 1.7056 | Aggregation time: 21.718
tensor([1.7044], device='cuda:0')
tensor([1.7077], device='cuda:0')
tensor([1.7140], device='cuda:0')
tensor([1.7005], device='cuda:0')
tensor([1.6972], device='cuda:0')
tensor([1.6898], device='cuda:0')
tensor([1.6879], device='cuda:0')
tensor([1.6763], device='cuda:0')
tensor([1.6869], device='cuda:0')
tensor([1.6937], device='cuda:0')
Epoch 32 Accuracy 34.4 | Loss: 1.6845 | Aggregation time: 22.403
tensor([1.6960], device='cuda:0')
tensor([1.6977], device='cuda:0')
tensor([1.6929], device='cuda:0')
tensor([1.6958], device='cuda:0')
tensor([1.6899], device='cuda:0')
tensor([1.6780], device='cuda:0')
tensor([1.6759], device='cuda:0')
tensor([1.6891], device='cuda:0')
tensor([1.6829], device='cuda:0')
tensor([1.6743], device='cuda:0')
Epoch 33 Accuracy 45.300000000000004 | Loss: 1.723 | Aggregation time: 23.113
tensor([1.6903], device='cuda:0')
tensor([1.6910], device='cuda:0')
tensor([1.7122], device='cuda:0')
tensor([1.7025], device='cuda:0')
tensor([1.7029], device='cuda:0')
tensor([1.7192], device='cuda:0')
tensor([1.7326], device='cuda:0')
tensor([1.7174], device='cuda:0')
tensor([1.7220], device='cuda:0')
tensor([1.7259], device='cuda:0')
Epoch 34 Accuracy 46.7 | Loss: 1.7356 | Aggregation time: 23.783
tensor([1.7214], device='cuda:0')
tensor([1.7358], device='cuda:0')
tensor([1.7474], device='cuda:0')
tensor([1.7575], device='cuda:0')
tensor([1.7587], device='cuda:0')
tensor([1.7550], device='cuda:0')
tensor([1.7659], device='cuda:0')
tensor([1.7586], device='cuda:0')
tensor([1.7487], device='cuda:0')
Epoch 35 Accuracy 45.4 | Loss: 1.6705 | Aggregation time: 24.404
tensor([1.7509], device='cuda:0')
tensor([1.7141], device='cuda:0')
tensor([1.7274], device='cuda:0')
tensor([1.7107], device='cuda:0')
tensor([1.7054], device='cuda:0')
tensor([1.6958], device='cuda:0')
tensor([1.6977], device='cuda:0')
tensor([1.6897], device='cuda:0')
tensor([1.7093], device='cuda:0')
tensor([1.7039], device='cuda:0')
Epoch 36 Accuracy 48.699999999999996 | Loss: 1.6407 | Aggregation time: 25.104
tensor([1.7052], device='cuda:0')
tensor([1.7033], device='cuda:0')
tensor([1.7119], device='cuda:0')
tensor([1.7197], device='cuda:0')
tensor([1.7382], device='cuda:0')
tensor([1.7264], device='cuda:0')
tensor([1.7212], device='cuda:0')
tensor([1.7026], device='cuda:0')
tensor([1.7395], device='cuda:0')
tensor([1.7273], device='cuda:0')
Epoch 37 Accuracy 50.0 | Loss: 1.6432 | Aggregation time: 25.78
tensor([1.7486], device='cuda:0')
tensor([1.7570], device='cuda:0')
tensor([1.7712], device='cuda:0')
tensor([1.7914], device='cuda:0')
tensor([1.7802], device='cuda:0')
tensor([1.7888], device='cuda:0')
tensor([1.7938], device='cuda:0')
tensor([1.7930], device='cuda:0')
tensor([1.8086], device='cuda:0')
tensor([1.7998], device='cuda:0')
Epoch 38 Accuracy 51.800000000000004 | Loss: 1.6705 | Aggregation time: 26.491
tensor([1.7813], device='cuda:0')
tensor([1.7828], device='cuda:0')
tensor([1.7818], device='cuda:0')
tensor([1.7705], device='cuda:0')
tensor([1.7605], device='cuda:0')
tensor([1.7364], device='cuda:0')
tensor([1.7364], device='cuda:0')
tensor([1.7538], device='cuda:0')
tensor([1.7387], device='cuda:0')
Epoch 39 Accuracy 47.699999999999996 | Loss: 1.6317 | Aggregation time: 27.101
tensor([1.7192], device='cuda:0')
tensor([1.7357], device='cuda:0')
tensor([1.7043], device='cuda:0')
tensor([1.7127], device='cuda:0')
tensor([1.7328], device='cuda:0')
tensor([1.7339], device='cuda:0')
tensor([1.7423], device='cuda:0')
tensor([1.7377], device='cuda:0')
tensor([1.7368], device='cuda:0')
tensor([1.6946], device='cuda:0')
Epoch 40 Accuracy 46.6 | Loss: 1.6416 | Aggregation time: 27.77
tensor([1.7095], device='cuda:0')
tensor([1.7119], device='cuda:0')
tensor([1.7326], device='cuda:0')
tensor([1.7234], device='cuda:0')
tensor([1.7227], device='cuda:0')
tensor([1.7197], device='cuda:0')
tensor([1.7181], device='cuda:0')
tensor([1.7167], device='cuda:0')
tensor([1.7156], device='cuda:0')
tensor([1.7242], device='cuda:0')
Epoch 41 Accuracy 49.3 | Loss: 1.6013 | Aggregation time: 28.418
tensor([1.7258], device='cuda:0')
tensor([1.7167], device='cuda:0')
tensor([1.7244], device='cuda:0')
tensor([1.7319], device='cuda:0')
tensor([1.7299], device='cuda:0')
tensor([1.7229], device='cuda:0')
tensor([1.7256], device='cuda:0')
tensor([1.7240], device='cuda:0')
tensor([1.7239], device='cuda:0')
tensor([1.7315], device='cuda:0')
Epoch 42 Accuracy 49.5 | Loss: 1.5642 | Aggregation time: 29.062
tensor([1.7460], device='cuda:0')
tensor([1.7433], device='cuda:0')
tensor([1.7465], device='cuda:0')
tensor([1.7270], device='cuda:0')
tensor([1.7340], device='cuda:0')
tensor([1.6896], device='cuda:0')
tensor([1.6849], device='cuda:0')
tensor([1.6986], device='cuda:0')
tensor([1.7035], device='cuda:0')
Epoch 43 Accuracy 49.8 | Loss: 1.5752 | Aggregation time: 29.735
tensor([1.7077], device='cuda:0')
tensor([1.7009], device='cuda:0')
tensor([1.6940], device='cuda:0')
tensor([1.6934], device='cuda:0')
tensor([1.7013], device='cuda:0')
tensor([1.6842], device='cuda:0')
tensor([1.6964], device='cuda:0')
tensor([1.6882], device='cuda:0')
tensor([1.6889], device='cuda:0')
tensor([1.6955], device='cuda:0')
Epoch 44 Accuracy 54.2 | Loss: 1.6277 | Aggregation time: 30.425
tensor([1.6921], device='cuda:0')
tensor([1.6870], device='cuda:0')
tensor([1.7115], device='cuda:0')
tensor([1.7421], device='cuda:0')
tensor([1.7314], device='cuda:0')
tensor([1.7271], device='cuda:0')
tensor([1.7202], device='cuda:0')
tensor([1.7295], device='cuda:0')
tensor([1.7244], device='cuda:0')
tensor([1.7280], device='cuda:0')
Epoch 45 Accuracy 50.3 | Loss: 1.5516 | Aggregation time: 31.147
tensor([1.7255], device='cuda:0')
tensor([1.7216], device='cuda:0')
tensor([1.7293], device='cuda:0')
tensor([1.7126], device='cuda:0')
tensor([1.7121], device='cuda:0')
tensor([1.7070], device='cuda:0')
tensor([1.7115], device='cuda:0')
tensor([1.7070], device='cuda:0')
tensor([1.7084], device='cuda:0')
tensor([1.6791], device='cuda:0')
Epoch 46 Accuracy 51.800000000000004 | Loss: 1.5278 | Aggregation time: 31.858
tensor([1.6915], device='cuda:0')
tensor([1.6602], device='cuda:0')
tensor([1.6797], device='cuda:0')
tensor([1.6833], device='cuda:0')
tensor([1.6724], device='cuda:0')
tensor([1.6634], device='cuda:0')
tensor([1.6774], device='cuda:0')
tensor([1.6846], device='cuda:0')
tensor([1.7066], device='cuda:0')
Epoch 47 Accuracy 51.300000000000004 | Loss: 1.5626 | Aggregation time: 32.491
tensor([1.7053], device='cuda:0')
tensor([1.7119], device='cuda:0')
tensor([1.7023], device='cuda:0')
tensor([1.6843], device='cuda:0')
tensor([1.7002], device='cuda:0')
tensor([1.7087], device='cuda:0')
tensor([1.7255], device='cuda:0')
tensor([1.7396], device='cuda:0')
tensor([1.7308], device='cuda:0')
tensor([1.7265], device='cuda:0')
Epoch 48 Accuracy 50.8 | Loss: 1.5916 | Aggregation time: 33.179
tensor([1.7004], device='cuda:0')
tensor([1.6983], device='cuda:0')
tensor([1.6903], device='cuda:0')
tensor([1.6779], device='cuda:0')
tensor([1.6905], device='cuda:0')
tensor([1.6948], device='cuda:0')
tensor([1.6820], device='cuda:0')
tensor([1.7019], device='cuda:0')
tensor([1.6965], device='cuda:0')
tensor([1.6982], device='cuda:0')
Epoch 49 Accuracy 57.199999999999996 | Loss: 1.5168 | Aggregation time: 33.82
tensor([1.6860], device='cuda:0')
tensor([1.6915], device='cuda:0')
tensor([1.7020], device='cuda:0')
tensor([1.7155], device='cuda:0')
tensor([1.6919], device='cuda:0')
tensor([1.6929], device='cuda:0')
tensor([1.6941], device='cuda:0')
tensor([1.6730], device='cuda:0')
tensor([1.6714], device='cuda:0')
tensor([1.6553], device='cuda:0')
Epoch 50 Accuracy 48.0 | Loss: 1.4999 | Aggregation time: 34.485
