C:\Users\user\Desktop\IoT\FLTG-implementation\FL-Byzantine-Library\client.py:43: UserWarning: To copy construct from a tensor, it is recommended to use sourceTensor.clone().detach() or sourceTensor.clone().detach().requires_grad_(True), rather than torch.tensor(sourceTensor).
  self.momentum = torch.tensor(torch.zeros_like(flat_model, device=self.device))
Files already downloaded and verified
Files already downloaded and verified
number of parameters  0.697 M
tensor([1.6389], device='cuda:0')
tensor([1.6580], device='cuda:0')
tensor([1.6715], device='cuda:0')
tensor([1.7062], device='cuda:0')
tensor([1.6857], device='cuda:0')
tensor([1.6920], device='cuda:0')
tensor([1.7289], device='cuda:0')
tensor([1.7271], device='cuda:0')
tensor([1.7286], device='cuda:0')
tensor([1.6895], device='cuda:0')
Epoch 1 Accuracy 18.4 | Loss: 2.2992 | Aggregation time: 0.77
tensor([1.6984], device='cuda:0')
tensor([1.7097], device='cuda:0')
tensor([1.7062], device='cuda:0')
tensor([1.7161], device='cuda:0')
tensor([1.7050], device='cuda:0')
tensor([1.6611], device='cuda:0')
tensor([1.6414], device='cuda:0')
tensor([1.6463], device='cuda:0')
tensor([1.6486], device='cuda:0')
tensor([1.6576], device='cuda:0')
Epoch 2 Accuracy 15.8 | Loss: 2.2593 | Aggregation time: 1.428
tensor([1.6535], device='cuda:0')
tensor([1.6561], device='cuda:0')
tensor([1.6694], device='cuda:0')
tensor([1.6743], device='cuda:0')
tensor([1.7013], device='cuda:0')
tensor([1.6570], device='cuda:0')
tensor([1.6675], device='cuda:0')
tensor([1.6517], device='cuda:0')
tensor([1.6371], device='cuda:0')
tensor([1.6683], device='cuda:0')
Epoch 3 Accuracy 20.599999999999998 | Loss: 2.2196 | Aggregation time: 2.055
tensor([1.6834], device='cuda:0')
tensor([1.6950], device='cuda:0')
tensor([1.6908], device='cuda:0')
tensor([1.6912], device='cuda:0')
tensor([1.6893], device='cuda:0')
tensor([1.7038], device='cuda:0')
tensor([1.6932], device='cuda:0')
tensor([1.7029], device='cuda:0')
tensor([1.6981], device='cuda:0')
tensor([1.6922], device='cuda:0')
Epoch 4 Accuracy 20.8 | Loss: 2.1414 | Aggregation time: 2.663
tensor([1.6857], device='cuda:0')
tensor([1.6913], device='cuda:0')
tensor([1.6696], device='cuda:0')
tensor([1.6673], device='cuda:0')
tensor([1.6699], device='cuda:0')
tensor([1.6791], device='cuda:0')
tensor([1.6838], device='cuda:0')
tensor([1.6848], device='cuda:0')
tensor([1.6744], device='cuda:0')
Epoch 5 Accuracy 24.099999999999998 | Loss: 2.1575 | Aggregation time: 3.208
tensor([1.6626], device='cuda:0')
tensor([1.6512], device='cuda:0')
tensor([1.6551], device='cuda:0')
tensor([1.6557], device='cuda:0')
tensor([1.6605], device='cuda:0')
tensor([1.6858], device='cuda:0')
tensor([1.6904], device='cuda:0')
tensor([1.6927], device='cuda:0')
tensor([1.6963], device='cuda:0')
tensor([1.7091], device='cuda:0')
Epoch 6 Accuracy 23.200000000000003 | Loss: 2.0678 | Aggregation time: 3.8
tensor([1.6788], device='cuda:0')
tensor([1.6853], device='cuda:0')
tensor([1.6989], device='cuda:0')
tensor([1.6929], device='cuda:0')
tensor([1.6791], device='cuda:0')
tensor([1.6791], device='cuda:0')
tensor([1.6594], device='cuda:0')
tensor([1.6446], device='cuda:0')
tensor([1.6464], device='cuda:0')
tensor([1.6564], device='cuda:0')
Epoch 7 Accuracy 24.5 | Loss: 2.0639 | Aggregation time: 4.367
tensor([1.6728], device='cuda:0')
tensor([1.6605], device='cuda:0')
tensor([1.6520], device='cuda:0')
tensor([1.6548], device='cuda:0')
tensor([1.6499], device='cuda:0')
tensor([1.6644], device='cuda:0')
tensor([1.6455], device='cuda:0')
tensor([1.6503], device='cuda:0')
tensor([1.6749], device='cuda:0')
tensor([1.6937], device='cuda:0')
Epoch 8 Accuracy 27.500000000000004 | Loss: 2.0349 | Aggregation time: 5.018
tensor([1.7038], device='cuda:0')
tensor([1.7142], device='cuda:0')
tensor([1.7105], device='cuda:0')
tensor([1.7198], device='cuda:0')
tensor([1.7223], device='cuda:0')
tensor([1.7117], device='cuda:0')
tensor([1.7200], device='cuda:0')
tensor([1.7162], device='cuda:0')
tensor([1.7394], device='cuda:0')
Epoch 9 Accuracy 28.199999999999996 | Loss: 2.1497 | Aggregation time: 5.55
tensor([1.7380], device='cuda:0')
tensor([1.7389], device='cuda:0')
tensor([1.7329], device='cuda:0')
tensor([1.7293], device='cuda:0')
tensor([1.7387], device='cuda:0')
tensor([1.7200], device='cuda:0')
tensor([1.7186], device='cuda:0')
tensor([1.7249], device='cuda:0')
tensor([1.7196], device='cuda:0')
tensor([1.7485], device='cuda:0')
Epoch 10 Accuracy 31.5 | Loss: 2.0085 | Aggregation time: 6.14
tensor([1.7435], device='cuda:0')
tensor([1.7653], device='cuda:0')
tensor([1.7957], device='cuda:0')
tensor([1.8232], device='cuda:0')
tensor([1.7886], device='cuda:0')
tensor([1.7653], device='cuda:0')
tensor([1.7225], device='cuda:0')
tensor([1.7155], device='cuda:0')
tensor([1.7064], device='cuda:0')
tensor([1.7379], device='cuda:0')
Epoch 11 Accuracy 31.8 | Loss: 2.043 | Aggregation time: 6.771
tensor([1.7327], device='cuda:0')
tensor([1.7155], device='cuda:0')
tensor([1.7159], device='cuda:0')
tensor([1.7143], device='cuda:0')
tensor([1.7166], device='cuda:0')
tensor([1.7129], device='cuda:0')
tensor([1.7110], device='cuda:0')
tensor([1.7245], device='cuda:0')
tensor([1.7355], device='cuda:0')
tensor([1.7261], device='cuda:0')
Epoch 12 Accuracy 28.499999999999996 | Loss: 2.0203 | Aggregation time: 7.333
tensor([1.7343], device='cuda:0')
tensor([1.7102], device='cuda:0')
tensor([1.7220], device='cuda:0')
tensor([1.7293], device='cuda:0')
tensor([1.7520], device='cuda:0')
tensor([1.7485], device='cuda:0')
tensor([1.7456], device='cuda:0')
tensor([1.7428], device='cuda:0')
tensor([1.7149], device='cuda:0')
Epoch 13 Accuracy 30.7 | Loss: 1.9891 | Aggregation time: 7.913
tensor([1.7144], device='cuda:0')
tensor([1.7002], device='cuda:0')
tensor([1.7283], device='cuda:0')
tensor([1.7448], device='cuda:0')
tensor([1.7501], device='cuda:0')
tensor([1.7777], device='cuda:0')
tensor([1.7821], device='cuda:0')
tensor([1.7828], device='cuda:0')
tensor([1.7584], device='cuda:0')
tensor([1.7482], device='cuda:0')
Epoch 14 Accuracy 31.8 | Loss: 2.0274 | Aggregation time: 8.449
tensor([1.7385], device='cuda:0')
tensor([1.7424], device='cuda:0')
tensor([1.7430], device='cuda:0')
tensor([1.7294], device='cuda:0')
tensor([1.7081], device='cuda:0')
tensor([1.7266], device='cuda:0')
tensor([1.7262], device='cuda:0')
tensor([1.7346], device='cuda:0')
tensor([1.7405], device='cuda:0')
tensor([1.7443], device='cuda:0')
Epoch 15 Accuracy 28.299999999999997 | Loss: 1.9395 | Aggregation time: 8.987
tensor([1.7478], device='cuda:0')
tensor([1.7416], device='cuda:0')
tensor([1.7394], device='cuda:0')
tensor([1.7293], device='cuda:0')
tensor([1.7027], device='cuda:0')
tensor([1.7356], device='cuda:0')
tensor([1.7163], device='cuda:0')
tensor([1.7116], device='cuda:0')
tensor([1.7095], device='cuda:0')
tensor([1.7537], device='cuda:0')
Epoch 16 Accuracy 31.3 | Loss: 1.9452 | Aggregation time: 9.571
tensor([1.7466], device='cuda:0')
tensor([1.7497], device='cuda:0')
tensor([1.7358], device='cuda:0')
tensor([1.7612], device='cuda:0')
tensor([1.7479], device='cuda:0')
tensor([1.7539], device='cuda:0')
tensor([1.7630], device='cuda:0')
tensor([1.7649], device='cuda:0')
tensor([1.7509], device='cuda:0')
tensor([1.7399], device='cuda:0')
Epoch 17 Accuracy 34.2 | Loss: 1.9537 | Aggregation time: 10.039
tensor([1.7484], device='cuda:0')
tensor([1.7598], device='cuda:0')
tensor([1.7747], device='cuda:0')
tensor([1.7870], device='cuda:0')
tensor([1.7863], device='cuda:0')
tensor([1.7996], device='cuda:0')
tensor([1.7801], device='cuda:0')
tensor([1.7584], device='cuda:0')
tensor([1.7647], device='cuda:0')
Epoch 18 Accuracy 40.0 | Loss: 1.8857 | Aggregation time: 10.553
tensor([1.7484], device='cuda:0')
tensor([1.7503], device='cuda:0')
tensor([1.7530], device='cuda:0')
tensor([1.7647], device='cuda:0')
tensor([1.7819], device='cuda:0')
tensor([1.7883], device='cuda:0')
tensor([1.7875], device='cuda:0')
tensor([1.8049], device='cuda:0')
tensor([1.8096], device='cuda:0')
tensor([1.8372], device='cuda:0')
Epoch 19 Accuracy 30.5 | Loss: 1.9188 | Aggregation time: 11.089
tensor([1.8504], device='cuda:0')
tensor([1.8299], device='cuda:0')
tensor([1.8191], device='cuda:0')
tensor([1.8267], device='cuda:0')
tensor([1.8171], device='cuda:0')
tensor([1.7876], device='cuda:0')
tensor([1.7944], device='cuda:0')
tensor([1.7735], device='cuda:0')
tensor([1.7608], device='cuda:0')
tensor([1.7643], device='cuda:0')
Epoch 20 Accuracy 33.2 | Loss: 1.9299 | Aggregation time: 11.711
tensor([1.7586], device='cuda:0')
tensor([1.7608], device='cuda:0')
tensor([1.7457], device='cuda:0')
tensor([1.7652], device='cuda:0')
tensor([1.7614], device='cuda:0')
tensor([1.7287], device='cuda:0')
tensor([1.7317], device='cuda:0')
tensor([1.7171], device='cuda:0')
tensor([1.7230], device='cuda:0')
tensor([1.7055], device='cuda:0')
Epoch 21 Accuracy 39.6 | Loss: 1.9134 | Aggregation time: 12.326
tensor([1.7125], device='cuda:0')
tensor([1.7083], device='cuda:0')
tensor([1.7164], device='cuda:0')
tensor([1.7342], device='cuda:0')
tensor([1.7498], device='cuda:0')
tensor([1.7307], device='cuda:0')
tensor([1.7266], device='cuda:0')
tensor([1.7344], device='cuda:0')
tensor([1.7457], device='cuda:0')
Epoch 22 Accuracy 32.2 | Loss: 1.8752 | Aggregation time: 12.804
tensor([1.7525], device='cuda:0')
tensor([1.7596], device='cuda:0')
tensor([1.7779], device='cuda:0')
tensor([1.7628], device='cuda:0')
tensor([1.7565], device='cuda:0')
tensor([1.7677], device='cuda:0')
tensor([1.7792], device='cuda:0')
tensor([1.8002], device='cuda:0')
tensor([1.8027], device='cuda:0')
tensor([1.7976], device='cuda:0')
Epoch 23 Accuracy 39.4 | Loss: 1.8943 | Aggregation time: 13.385
tensor([1.7800], device='cuda:0')
tensor([1.7722], device='cuda:0')
tensor([1.7709], device='cuda:0')
tensor([1.7712], device='cuda:0')
tensor([1.7842], device='cuda:0')
tensor([1.7856], device='cuda:0')
tensor([1.7899], device='cuda:0')
tensor([1.7838], device='cuda:0')
tensor([1.8048], device='cuda:0')
tensor([1.8107], device='cuda:0')
Epoch 24 Accuracy 36.1 | Loss: 1.8809 | Aggregation time: 13.905
tensor([1.8174], device='cuda:0')
tensor([1.8228], device='cuda:0')
tensor([1.8171], device='cuda:0')
tensor([1.8072], device='cuda:0')
tensor([1.8230], device='cuda:0')
tensor([1.8169], device='cuda:0')
tensor([1.7731], device='cuda:0')
tensor([1.7668], device='cuda:0')
tensor([1.7724], device='cuda:0')
tensor([1.7664], device='cuda:0')
Epoch 25 Accuracy 40.300000000000004 | Loss: 1.7855 | Aggregation time: 14.479
tensor([1.7427], device='cuda:0')
tensor([1.7754], device='cuda:0')
tensor([1.7756], device='cuda:0')
tensor([1.7534], device='cuda:0')
tensor([1.7614], device='cuda:0')
tensor([1.7670], device='cuda:0')
tensor([1.7925], device='cuda:0')
tensor([1.7790], device='cuda:0')
tensor([1.7992], device='cuda:0')
Epoch 26 Accuracy 38.4 | Loss: 1.8274 | Aggregation time: 14.962
tensor([1.7833], device='cuda:0')
tensor([1.8387], device='cuda:0')
tensor([1.8261], device='cuda:0')
tensor([1.8240], device='cuda:0')
tensor([1.8025], device='cuda:0')
tensor([1.8304], device='cuda:0')
tensor([1.8101], device='cuda:0')
tensor([1.7989], device='cuda:0')
tensor([1.7903], device='cuda:0')
tensor([1.8017], device='cuda:0')
Epoch 27 Accuracy 37.7 | Loss: 1.7832 | Aggregation time: 15.535
tensor([1.8039], device='cuda:0')
tensor([1.8068], device='cuda:0')
tensor([1.7777], device='cuda:0')
tensor([1.7897], device='cuda:0')
tensor([1.7966], device='cuda:0')
tensor([1.7746], device='cuda:0')
tensor([1.7479], device='cuda:0')
tensor([1.7480], device='cuda:0')
tensor([1.7386], device='cuda:0')
tensor([1.7579], device='cuda:0')
Epoch 28 Accuracy 43.6 | Loss: 1.7971 | Aggregation time: 16.086
tensor([1.7627], device='cuda:0')
tensor([1.7613], device='cuda:0')
tensor([1.7689], device='cuda:0')
tensor([1.7682], device='cuda:0')
tensor([1.7552], device='cuda:0')
tensor([1.7459], device='cuda:0')
tensor([1.7422], device='cuda:0')
tensor([1.7606], device='cuda:0')
tensor([1.7844], device='cuda:0')
tensor([1.7782], device='cuda:0')
Epoch 29 Accuracy 39.800000000000004 | Loss: 1.712 | Aggregation time: 16.7
tensor([1.7364], device='cuda:0')
tensor([1.7068], device='cuda:0')
tensor([1.7282], device='cuda:0')
tensor([1.7198], device='cuda:0')
tensor([1.6972], device='cuda:0')
tensor([1.7156], device='cuda:0')
tensor([1.7392], device='cuda:0')
tensor([1.7529], device='cuda:0')
tensor([1.7463], device='cuda:0')
Epoch 30 Accuracy 43.2 | Loss: 1.7606 | Aggregation time: 17.186
tensor([1.7527], device='cuda:0')
tensor([1.7386], device='cuda:0')
tensor([1.7301], device='cuda:0')
tensor([1.7182], device='cuda:0')
tensor([1.7073], device='cuda:0')
tensor([1.7154], device='cuda:0')
tensor([1.7135], device='cuda:0')
tensor([1.7117], device='cuda:0')
tensor([1.7263], device='cuda:0')
tensor([1.7026], device='cuda:0')
Epoch 31 Accuracy 44.5 | Loss: 1.6814 | Aggregation time: 17.738
tensor([1.6734], device='cuda:0')
tensor([1.6802], device='cuda:0')
tensor([1.6994], device='cuda:0')
tensor([1.6967], device='cuda:0')
tensor([1.7005], device='cuda:0')
tensor([1.7061], device='cuda:0')
tensor([1.7183], device='cuda:0')
tensor([1.7224], device='cuda:0')
tensor([1.7387], device='cuda:0')
tensor([1.7200], device='cuda:0')
Epoch 32 Accuracy 41.8 | Loss: 1.7077 | Aggregation time: 18.322
tensor([1.7305], device='cuda:0')
tensor([1.7322], device='cuda:0')
tensor([1.7301], device='cuda:0')
tensor([1.7086], device='cuda:0')
tensor([1.7172], device='cuda:0')
tensor([1.6975], device='cuda:0')
tensor([1.6895], device='cuda:0')
tensor([1.7136], device='cuda:0')
tensor([1.7335], device='cuda:0')
tensor([1.7367], device='cuda:0')
Epoch 33 Accuracy 45.0 | Loss: 1.7207 | Aggregation time: 18.883
tensor([1.7323], device='cuda:0')
tensor([1.7460], device='cuda:0')
tensor([1.7588], device='cuda:0')
tensor([1.7799], device='cuda:0')
tensor([1.8046], device='cuda:0')
tensor([1.8097], device='cuda:0')
tensor([1.7968], device='cuda:0')
tensor([1.8078], device='cuda:0')
tensor([1.8227], device='cuda:0')
tensor([1.8196], device='cuda:0')
Epoch 34 Accuracy 41.199999999999996 | Loss: 1.72 | Aggregation time: 19.42
tensor([1.8016], device='cuda:0')
tensor([1.7693], device='cuda:0')
tensor([1.7814], device='cuda:0')
tensor([1.7740], device='cuda:0')
tensor([1.7754], device='cuda:0')
tensor([1.7871], device='cuda:0')
tensor([1.7965], device='cuda:0')
tensor([1.7977], device='cuda:0')
tensor([1.7899], device='cuda:0')
Epoch 35 Accuracy 47.0 | Loss: 1.7456 | Aggregation time: 19.912
tensor([1.7984], device='cuda:0')
tensor([1.7645], device='cuda:0')
tensor([1.7856], device='cuda:0')
tensor([1.7943], device='cuda:0')
tensor([1.7644], device='cuda:0')
tensor([1.7786], device='cuda:0')
tensor([1.7795], device='cuda:0')
tensor([1.8240], device='cuda:0')
tensor([1.8310], device='cuda:0')
tensor([1.8327], device='cuda:0')
Epoch 36 Accuracy 42.3 | Loss: 1.757 | Aggregation time: 20.451
tensor([1.8474], device='cuda:0')
tensor([1.8444], device='cuda:0')
tensor([1.8489], device='cuda:0')
tensor([1.8367], device='cuda:0')
tensor([1.8344], device='cuda:0')
tensor([1.8341], device='cuda:0')
tensor([1.8246], device='cuda:0')
tensor([1.8225], device='cuda:0')
tensor([1.8152], device='cuda:0')
tensor([1.8143], device='cuda:0')
Epoch 37 Accuracy 47.599999999999994 | Loss: 1.6608 | Aggregation time: 21.035
tensor([1.8282], device='cuda:0')
tensor([1.8064], device='cuda:0')
tensor([1.8501], device='cuda:0')
tensor([1.8447], device='cuda:0')
tensor([1.8301], device='cuda:0')
tensor([1.8081], device='cuda:0')
tensor([1.8056], device='cuda:0')
tensor([1.8328], device='cuda:0')
tensor([1.9021], device='cuda:0')
tensor([1.8942], device='cuda:0')
Epoch 38 Accuracy 47.8 | Loss: 1.7207 | Aggregation time: 21.563
tensor([1.8994], device='cuda:0')
tensor([1.8773], device='cuda:0')
tensor([1.8527], device='cuda:0')
tensor([1.8440], device='cuda:0')
tensor([1.8525], device='cuda:0')
tensor([1.8535], device='cuda:0')
tensor([1.8737], device='cuda:0')
tensor([1.8439], device='cuda:0')
tensor([1.8047], device='cuda:0')
Epoch 39 Accuracy 48.4 | Loss: 1.6397 | Aggregation time: 22.097
tensor([1.7494], device='cuda:0')
tensor([1.7637], device='cuda:0')
tensor([1.7634], device='cuda:0')
tensor([1.7529], device='cuda:0')
tensor([1.8070], device='cuda:0')
tensor([1.8423], device='cuda:0')
tensor([1.8169], device='cuda:0')
tensor([1.8205], device='cuda:0')
tensor([1.7804], device='cuda:0')
tensor([1.7393], device='cuda:0')
Epoch 40 Accuracy 43.7 | Loss: 1.6491 | Aggregation time: 22.633
tensor([1.7153], device='cuda:0')
tensor([1.7104], device='cuda:0')
tensor([1.6797], device='cuda:0')
tensor([1.6887], device='cuda:0')
tensor([1.7087], device='cuda:0')
tensor([1.7202], device='cuda:0')
tensor([1.7267], device='cuda:0')
tensor([1.7227], device='cuda:0')
tensor([1.7361], device='cuda:0')
tensor([1.7395], device='cuda:0')
Epoch 41 Accuracy 43.7 | Loss: 1.6384 | Aggregation time: 23.26
tensor([1.7783], device='cuda:0')
tensor([1.8078], device='cuda:0')
tensor([1.7915], device='cuda:0')
tensor([1.8023], device='cuda:0')
tensor([1.8067], device='cuda:0')
tensor([1.8056], device='cuda:0')
tensor([1.7857], device='cuda:0')
tensor([1.7788], device='cuda:0')
tensor([1.7926], device='cuda:0')
tensor([1.7810], device='cuda:0')
Epoch 42 Accuracy 46.300000000000004 | Loss: 1.6632 | Aggregation time: 23.917
tensor([1.7651], device='cuda:0')
tensor([1.7591], device='cuda:0')
tensor([1.7480], device='cuda:0')
tensor([1.7315], device='cuda:0')
tensor([1.6830], device='cuda:0')
tensor([1.6697], device='cuda:0')
tensor([1.6916], device='cuda:0')
tensor([1.6997], device='cuda:0')
tensor([1.7032], device='cuda:0')
Epoch 43 Accuracy 43.8 | Loss: 1.6196 | Aggregation time: 24.411
tensor([1.7216], device='cuda:0')
tensor([1.7399], device='cuda:0')
tensor([1.7489], device='cuda:0')
tensor([1.7406], device='cuda:0')
tensor([1.7275], device='cuda:0')
tensor([1.7169], device='cuda:0')
tensor([1.7493], device='cuda:0')
tensor([1.7260], device='cuda:0')
tensor([1.7184], device='cuda:0')
tensor([1.7266], device='cuda:0')
Epoch 44 Accuracy 49.0 | Loss: 1.6597 | Aggregation time: 24.964
tensor([1.7125], device='cuda:0')
tensor([1.7263], device='cuda:0')
tensor([1.7256], device='cuda:0')
tensor([1.7303], device='cuda:0')
tensor([1.7418], device='cuda:0')
tensor([1.7555], device='cuda:0')
tensor([1.7300], device='cuda:0')
tensor([1.7270], device='cuda:0')
tensor([1.7436], device='cuda:0')
tensor([1.7567], device='cuda:0')
Epoch 45 Accuracy 48.6 | Loss: 1.6609 | Aggregation time: 25.482
tensor([1.7679], device='cuda:0')
tensor([1.7710], device='cuda:0')
tensor([1.7954], device='cuda:0')
tensor([1.7871], device='cuda:0')
tensor([1.8064], device='cuda:0')
tensor([1.8138], device='cuda:0')
tensor([1.8314], device='cuda:0')
tensor([1.8500], device='cuda:0')
tensor([1.8542], device='cuda:0')
tensor([1.8589], device='cuda:0')
Epoch 46 Accuracy 49.3 | Loss: 1.6268 | Aggregation time: 26.065
tensor([1.8707], device='cuda:0')
tensor([1.8698], device='cuda:0')
tensor([1.8529], device='cuda:0')
tensor([1.8672], device='cuda:0')
tensor([1.8444], device='cuda:0')
tensor([1.8369], device='cuda:0')
tensor([1.8339], device='cuda:0')
tensor([1.8475], device='cuda:0')
tensor([1.8564], device='cuda:0')
Epoch 47 Accuracy 43.1 | Loss: 1.6033 | Aggregation time: 26.517
tensor([1.8393], device='cuda:0')
tensor([1.8348], device='cuda:0')
tensor([1.8265], device='cuda:0')
tensor([1.8122], device='cuda:0')
tensor([1.8462], device='cuda:0')
tensor([1.8607], device='cuda:0')
tensor([1.8570], device='cuda:0')
tensor([1.8325], device='cuda:0')
tensor([1.8367], device='cuda:0')
tensor([1.8265], device='cuda:0')
Epoch 48 Accuracy 50.0 | Loss: 1.5806 | Aggregation time: 27.059
tensor([1.8404], device='cuda:0')
tensor([1.8518], device='cuda:0')
tensor([1.8475], device='cuda:0')
tensor([1.8674], device='cuda:0')
tensor([1.8775], device='cuda:0')
tensor([1.8778], device='cuda:0')
tensor([1.8736], device='cuda:0')
tensor([1.8913], device='cuda:0')
tensor([1.8793], device='cuda:0')
tensor([1.8419], device='cuda:0')
Epoch 49 Accuracy 47.199999999999996 | Loss: 1.5453 | Aggregation time: 27.576
tensor([1.8383], device='cuda:0')
tensor([1.8429], device='cuda:0')
tensor([1.8357], device='cuda:0')
tensor([1.8505], device='cuda:0')
tensor([1.8457], device='cuda:0')
tensor([1.8676], device='cuda:0')
tensor([1.8635], device='cuda:0')
tensor([1.8578], device='cuda:0')
tensor([1.8434], device='cuda:0')
tensor([1.8595], device='cuda:0')
Epoch 50 Accuracy 47.699999999999996 | Loss: 1.5718 | Aggregation time: 28.047
