C:\Users\user\Desktop\IoT\FLTG-implementation\FL-Byzantine-Library\client.py:43: UserWarning: To copy construct from a tensor, it is recommended to use sourceTensor.clone().detach() or sourceTensor.clone().detach().requires_grad_(True), rather than torch.tensor(sourceTensor).
  self.momentum = torch.tensor(torch.zeros_like(flat_model, device=self.device))
Files already downloaded and verified
Files already downloaded and verified
number of parameters  0.697 M
tensor([1.5125], device='cuda:0')
tensor([1.6223], device='cuda:0')
tensor([1.5998], device='cuda:0')
tensor([1.5967], device='cuda:0')
tensor([1.6005], device='cuda:0')
tensor([1.6335], device='cuda:0')
tensor([1.6359], device='cuda:0')
tensor([1.6493], device='cuda:0')
tensor([1.6282], device='cuda:0')
tensor([1.5967], device='cuda:0')
Epoch 1 Accuracy 15.9 | Loss: 3.7131 | Aggregation time: 0.733
tensor([1.5635], device='cuda:0')
tensor([1.5141], device='cuda:0')
tensor([1.4543], device='cuda:0')
tensor([1.5052], device='cuda:0')
tensor([1.4219], device='cuda:0')
tensor([1.4636], device='cuda:0')
tensor([1.4777], device='cuda:0')
tensor([1.5013], device='cuda:0')
tensor([1.4879], device='cuda:0')
tensor([1.4454], device='cuda:0')
Epoch 2 Accuracy 19.0 | Loss: 6.8457 | Aggregation time: 1.302
tensor([1.4723], device='cuda:0')
tensor([1.4661], device='cuda:0')
tensor([1.4409], device='cuda:0')
tensor([1.4259], device='cuda:0')
tensor([1.4535], device='cuda:0')
tensor([1.4421], device='cuda:0')
tensor([1.4388], device='cuda:0')
tensor([1.4348], device='cuda:0')
tensor([1.5013], device='cuda:0')
tensor([1.5949], device='cuda:0')
Epoch 3 Accuracy 19.0 | Loss: 7.0368 | Aggregation time: 1.967
tensor([1.6011], device='cuda:0')
tensor([1.6381], device='cuda:0')
tensor([1.6585], device='cuda:0')
tensor([1.6213], device='cuda:0')
tensor([1.6006], device='cuda:0')
tensor([1.5286], device='cuda:0')
tensor([1.5060], device='cuda:0')
tensor([1.5685], device='cuda:0')
tensor([1.5771], device='cuda:0')
tensor([1.5804], device='cuda:0')
Epoch 4 Accuracy 19.0 | Loss: 7.0979 | Aggregation time: 2.635
tensor([1.5586], device='cuda:0')
tensor([1.5470], device='cuda:0')
tensor([1.5419], device='cuda:0')
tensor([1.5376], device='cuda:0')
tensor([1.5318], device='cuda:0')
tensor([1.6557], device='cuda:0')
tensor([1.5419], device='cuda:0')
tensor([1.5652], device='cuda:0')
tensor([1.6140], device='cuda:0')
Epoch 5 Accuracy 19.0 | Loss: 7.02 | Aggregation time: 3.197
tensor([1.5971], device='cuda:0')
tensor([1.6183], device='cuda:0')
tensor([1.6048], device='cuda:0')
tensor([1.5869], device='cuda:0')
tensor([1.5681], device='cuda:0')
tensor([1.5772], device='cuda:0')
tensor([1.6292], device='cuda:0')
tensor([1.6118], device='cuda:0')
tensor([1.5935], device='cuda:0')
tensor([1.5303], device='cuda:0')
Epoch 6 Accuracy 19.0 | Loss: 6.9669 | Aggregation time: 3.831
tensor([1.5724], device='cuda:0')
tensor([1.6961], device='cuda:0')
tensor([1.6086], device='cuda:0')
tensor([1.6220], device='cuda:0')
tensor([1.5351], device='cuda:0')
tensor([1.6589], device='cuda:0')
tensor([1.5806], device='cuda:0')
tensor([1.5582], device='cuda:0')
tensor([1.5343], device='cuda:0')
tensor([1.5491], device='cuda:0')
Epoch 7 Accuracy 19.0 | Loss: 7.1037 | Aggregation time: 4.382
tensor([1.5594], device='cuda:0')
tensor([1.5898], device='cuda:0')
tensor([1.6603], device='cuda:0')
tensor([1.6434], device='cuda:0')
tensor([1.6321], device='cuda:0')
tensor([1.6959], device='cuda:0')
tensor([1.6002], device='cuda:0')
tensor([1.6117], device='cuda:0')
tensor([1.6169], device='cuda:0')
tensor([1.5838], device='cuda:0')
Epoch 8 Accuracy 19.0 | Loss: 7.1103 | Aggregation time: 4.961
tensor([1.6561], device='cuda:0')
tensor([1.6145], device='cuda:0')
tensor([1.6342], device='cuda:0')
tensor([1.6403], device='cuda:0')
tensor([1.6016], device='cuda:0')
tensor([1.5937], device='cuda:0')
tensor([1.6042], device='cuda:0')
tensor([1.6323], device='cuda:0')
tensor([1.7144], device='cuda:0')
Epoch 9 Accuracy 19.0 | Loss: 6.9221 | Aggregation time: 5.476
tensor([1.6934], device='cuda:0')
tensor([1.6848], device='cuda:0')
tensor([1.6922], device='cuda:0')
tensor([1.6848], device='cuda:0')
tensor([1.6932], device='cuda:0')
tensor([1.7232], device='cuda:0')
tensor([1.7429], device='cuda:0')
tensor([1.7708], device='cuda:0')
tensor([1.7643], device='cuda:0')
tensor([1.7847], device='cuda:0')
Epoch 10 Accuracy 14.2 | Loss: 5.8824 | Aggregation time: 6.13
tensor([1.7599], device='cuda:0')
tensor([1.7301], device='cuda:0')
tensor([1.7278], device='cuda:0')
tensor([1.7187], device='cuda:0')
tensor([1.7031], device='cuda:0')
tensor([1.6607], device='cuda:0')
tensor([1.6629], device='cuda:0')
tensor([1.7006], device='cuda:0')
tensor([1.7183], device='cuda:0')
tensor([1.7391], device='cuda:0')
Epoch 11 Accuracy 16.0 | Loss: 5.3543 | Aggregation time: 6.768
tensor([1.7805], device='cuda:0')
tensor([1.7804], device='cuda:0')
tensor([1.7600], device='cuda:0')
tensor([1.7776], device='cuda:0')
tensor([1.7653], device='cuda:0')
tensor([1.7909], device='cuda:0')
tensor([1.7958], device='cuda:0')
tensor([1.8148], device='cuda:0')
tensor([1.8206], device='cuda:0')
tensor([1.8430], device='cuda:0')
Epoch 12 Accuracy 13.900000000000002 | Loss: 3.8705 | Aggregation time: 7.383
tensor([1.8775], device='cuda:0')
tensor([1.8945], device='cuda:0')
tensor([1.9127], device='cuda:0')
tensor([1.9169], device='cuda:0')
tensor([1.9219], device='cuda:0')
tensor([1.9172], device='cuda:0')
tensor([1.9323], device='cuda:0')
tensor([1.9381], device='cuda:0')
tensor([1.9378], device='cuda:0')
Epoch 13 Accuracy 13.900000000000002 | Loss: 3.6332 | Aggregation time: 7.884
tensor([1.9200], device='cuda:0')
tensor([1.9328], device='cuda:0')
tensor([1.9560], device='cuda:0')
tensor([1.9353], device='cuda:0')
tensor([1.9413], device='cuda:0')
tensor([1.9529], device='cuda:0')
tensor([1.9636], device='cuda:0')
tensor([1.9732], device='cuda:0')
tensor([1.9579], device='cuda:0')
tensor([2.0060], device='cuda:0')
Epoch 14 Accuracy 13.900000000000002 | Loss: 3.6468 | Aggregation time: 8.465
tensor([2.0453], device='cuda:0')
tensor([2.0781], device='cuda:0')
tensor([2.0604], device='cuda:0')
tensor([2.0871], device='cuda:0')
tensor([2.0947], device='cuda:0')
tensor([2.0617], device='cuda:0')
tensor([2.0141], device='cuda:0')
tensor([2.0015], device='cuda:0')
tensor([2.0326], device='cuda:0')
tensor([2.0063], device='cuda:0')
Epoch 15 Accuracy 13.900000000000002 | Loss: 3.6903 | Aggregation time: 9.037
tensor([2.0391], device='cuda:0')
tensor([2.0501], device='cuda:0')
tensor([2.0497], device='cuda:0')
tensor([2.0525], device='cuda:0')
tensor([2.0664], device='cuda:0')
tensor([2.0119], device='cuda:0')
tensor([2.0209], device='cuda:0')
tensor([2.0198], device='cuda:0')
tensor([2.0291], device='cuda:0')
tensor([2.0226], device='cuda:0')
Epoch 16 Accuracy 13.900000000000002 | Loss: 3.6564 | Aggregation time: 9.587
tensor([2.0292], device='cuda:0')
tensor([2.0001], device='cuda:0')
tensor([2.0035], device='cuda:0')
tensor([2.0449], device='cuda:0')
tensor([2.0729], device='cuda:0')
tensor([2.1028], device='cuda:0')
tensor([2.0947], device='cuda:0')
tensor([2.1098], device='cuda:0')
tensor([2.0846], device='cuda:0')
tensor([2.1134], device='cuda:0')
Epoch 17 Accuracy 13.900000000000002 | Loss: 3.6901 | Aggregation time: 10.166
tensor([2.1360], device='cuda:0')
tensor([2.1334], device='cuda:0')
tensor([2.1293], device='cuda:0')
tensor([2.1306], device='cuda:0')
tensor([2.1387], device='cuda:0')
tensor([2.1595], device='cuda:0')
tensor([2.1454], device='cuda:0')
tensor([2.1515], device='cuda:0')
tensor([2.1424], device='cuda:0')
Epoch 18 Accuracy 13.900000000000002 | Loss: 3.6756 | Aggregation time: 10.705
tensor([2.1227], device='cuda:0')
tensor([2.1231], device='cuda:0')
tensor([2.1387], device='cuda:0')
tensor([2.1255], device='cuda:0')
tensor([2.1364], device='cuda:0')
tensor([2.1237], device='cuda:0')
tensor([2.0937], device='cuda:0')
tensor([2.0953], device='cuda:0')
tensor([2.1009], device='cuda:0')
tensor([2.1065], device='cuda:0')
Epoch 19 Accuracy 13.900000000000002 | Loss: 3.6639 | Aggregation time: 11.293
tensor([2.1014], device='cuda:0')
tensor([2.0937], device='cuda:0')
tensor([2.1307], device='cuda:0')
tensor([2.1150], device='cuda:0')
tensor([2.1189], device='cuda:0')
tensor([2.1057], device='cuda:0')
tensor([2.1281], device='cuda:0')
tensor([2.1339], device='cuda:0')
tensor([2.1343], device='cuda:0')
tensor([2.1066], device='cuda:0')
Epoch 20 Accuracy 13.900000000000002 | Loss: 3.725 | Aggregation time: 11.873
tensor([2.1169], device='cuda:0')
tensor([2.0770], device='cuda:0')
tensor([2.0881], device='cuda:0')
tensor([2.0838], device='cuda:0')
tensor([2.0639], device='cuda:0')
tensor([2.0984], device='cuda:0')
tensor([2.0724], device='cuda:0')
tensor([2.0575], device='cuda:0')
tensor([2.0747], device='cuda:0')
tensor([2.0686], device='cuda:0')
Epoch 21 Accuracy 13.900000000000002 | Loss: 3.7188 | Aggregation time: 12.426
tensor([2.0705], device='cuda:0')
tensor([2.0677], device='cuda:0')
tensor([2.0545], device='cuda:0')
tensor([2.0675], device='cuda:0')
tensor([2.1065], device='cuda:0')
tensor([2.0898], device='cuda:0')
tensor([2.0829], device='cuda:0')
tensor([2.0621], device='cuda:0')
tensor([2.0451], device='cuda:0')
Epoch 22 Accuracy 13.900000000000002 | Loss: 3.7255 | Aggregation time: 12.98
tensor([2.0046], device='cuda:0')
tensor([2.0109], device='cuda:0')
tensor([2.0030], device='cuda:0')
tensor([2.0304], device='cuda:0')
tensor([2.0135], device='cuda:0')
tensor([2.0333], device='cuda:0')
tensor([2.0456], device='cuda:0')
tensor([2.0326], device='cuda:0')
tensor([2.0189], device='cuda:0')
tensor([2.0432], device='cuda:0')
Epoch 23 Accuracy 13.900000000000002 | Loss: 3.681 | Aggregation time: 13.536
tensor([2.0588], device='cuda:0')
tensor([2.0974], device='cuda:0')
tensor([2.0915], device='cuda:0')
tensor([2.0787], device='cuda:0')
tensor([2.0224], device='cuda:0')
tensor([2.0626], device='cuda:0')
tensor([2.1182], device='cuda:0')
tensor([2.1207], device='cuda:0')
tensor([2.1238], device='cuda:0')
tensor([2.0806], device='cuda:0')
Epoch 24 Accuracy 13.900000000000002 | Loss: 3.6967 | Aggregation time: 14.123
tensor([2.0849], device='cuda:0')
tensor([2.1074], device='cuda:0')
tensor([2.0758], device='cuda:0')
tensor([2.1039], device='cuda:0')
tensor([2.0903], device='cuda:0')
tensor([2.1278], device='cuda:0')
tensor([2.1337], device='cuda:0')
tensor([2.1239], device='cuda:0')
tensor([2.1170], device='cuda:0')
tensor([2.1024], device='cuda:0')
Epoch 25 Accuracy 13.900000000000002 | Loss: 3.6993 | Aggregation time: 14.877
tensor([2.1019], device='cuda:0')
tensor([2.0872], device='cuda:0')
tensor([2.0986], device='cuda:0')
tensor([2.0973], device='cuda:0')
tensor([2.0969], device='cuda:0')
tensor([2.0726], device='cuda:0')
tensor([2.0771], device='cuda:0')
tensor([2.0743], device='cuda:0')
tensor([2.0560], device='cuda:0')
Epoch 26 Accuracy 13.900000000000002 | Loss: 3.67 | Aggregation time: 15.591
tensor([2.0558], device='cuda:0')
tensor([2.0577], device='cuda:0')
tensor([2.0861], device='cuda:0')
tensor([2.1307], device='cuda:0')
tensor([2.1323], device='cuda:0')
tensor([2.1531], device='cuda:0')
tensor([2.1374], device='cuda:0')
tensor([2.1358], device='cuda:0')
tensor([2.1488], device='cuda:0')
tensor([2.1484], device='cuda:0')
Epoch 27 Accuracy 13.900000000000002 | Loss: 3.6911 | Aggregation time: 16.141
tensor([2.1495], device='cuda:0')
tensor([2.1572], device='cuda:0')
tensor([2.1793], device='cuda:0')
tensor([2.1110], device='cuda:0')
tensor([2.1372], device='cuda:0')
tensor([2.1520], device='cuda:0')
tensor([2.1767], device='cuda:0')
tensor([2.1126], device='cuda:0')
tensor([2.0891], device='cuda:0')
tensor([2.0902], device='cuda:0')
Epoch 28 Accuracy 13.900000000000002 | Loss: 3.6537 | Aggregation time: 16.697
tensor([2.0874], device='cuda:0')
tensor([2.0678], device='cuda:0')
tensor([2.0768], device='cuda:0')
tensor([2.1188], device='cuda:0')
tensor([2.1442], device='cuda:0')
tensor([2.1292], device='cuda:0')
tensor([2.1096], device='cuda:0')
tensor([2.0968], device='cuda:0')
tensor([2.0953], device='cuda:0')
tensor([2.1350], device='cuda:0')
Epoch 29 Accuracy 13.900000000000002 | Loss: 3.7068 | Aggregation time: 17.27
tensor([2.1407], device='cuda:0')
tensor([2.1605], device='cuda:0')
tensor([2.1593], device='cuda:0')
tensor([2.1441], device='cuda:0')
tensor([2.1664], device='cuda:0')
tensor([2.1201], device='cuda:0')
tensor([2.1144], device='cuda:0')
tensor([2.1478], device='cuda:0')
tensor([2.1306], device='cuda:0')
Epoch 30 Accuracy 13.900000000000002 | Loss: 3.6504 | Aggregation time: 17.765
tensor([2.1379], device='cuda:0')
tensor([2.1365], device='cuda:0')
tensor([2.1327], device='cuda:0')
tensor([2.1124], device='cuda:0')
tensor([2.1254], device='cuda:0')
tensor([2.1169], device='cuda:0')
tensor([2.1434], device='cuda:0')
tensor([2.1660], device='cuda:0')
tensor([2.0994], device='cuda:0')
tensor([2.1020], device='cuda:0')
Epoch 31 Accuracy 13.900000000000002 | Loss: 3.7035 | Aggregation time: 18.346
tensor([2.0988], device='cuda:0')
tensor([2.1174], device='cuda:0')
tensor([2.1312], device='cuda:0')
tensor([2.1148], device='cuda:0')
tensor([2.1022], device='cuda:0')
tensor([2.0713], device='cuda:0')
tensor([2.0939], device='cuda:0')
tensor([2.1174], device='cuda:0')
tensor([2.1122], device='cuda:0')
tensor([2.1183], device='cuda:0')
Epoch 32 Accuracy 13.900000000000002 | Loss: 3.6745 | Aggregation time: 18.92
tensor([2.1274], device='cuda:0')
tensor([2.1458], device='cuda:0')
tensor([2.1161], device='cuda:0')
tensor([2.0640], device='cuda:0')
tensor([2.0784], device='cuda:0')
tensor([2.0820], device='cuda:0')
tensor([2.0929], device='cuda:0')
tensor([2.0896], device='cuda:0')
tensor([2.0641], device='cuda:0')
tensor([2.1014], device='cuda:0')
Epoch 33 Accuracy 13.900000000000002 | Loss: 3.712 | Aggregation time: 19.498
tensor([2.1183], device='cuda:0')
tensor([2.1209], device='cuda:0')
tensor([2.1422], device='cuda:0')
tensor([2.1410], device='cuda:0')
tensor([2.1534], device='cuda:0')
tensor([2.1394], device='cuda:0')
tensor([2.1048], device='cuda:0')
tensor([2.1240], device='cuda:0')
tensor([2.1132], device='cuda:0')
tensor([2.1030], device='cuda:0')
Epoch 34 Accuracy 13.900000000000002 | Loss: 3.6753 | Aggregation time: 20.061
tensor([2.0826], device='cuda:0')
tensor([2.0737], device='cuda:0')
tensor([2.0757], device='cuda:0')
tensor([2.0741], device='cuda:0')
tensor([2.1124], device='cuda:0')
tensor([2.1028], device='cuda:0')
tensor([2.1246], device='cuda:0')
tensor([2.1056], device='cuda:0')
tensor([2.1166], device='cuda:0')
Epoch 35 Accuracy 13.900000000000002 | Loss: 3.6856 | Aggregation time: 20.556
tensor([2.1033], device='cuda:0')
tensor([2.1101], device='cuda:0')
tensor([2.1028], device='cuda:0')
tensor([2.1129], device='cuda:0')
tensor([2.1846], device='cuda:0')
tensor([2.1924], device='cuda:0')
tensor([2.1775], device='cuda:0')
tensor([2.1749], device='cuda:0')
tensor([2.1572], device='cuda:0')
tensor([2.1249], device='cuda:0')
Epoch 36 Accuracy 13.900000000000002 | Loss: 3.7093 | Aggregation time: 21.195
tensor([2.1244], device='cuda:0')
tensor([2.1549], device='cuda:0')
tensor([2.1739], device='cuda:0')
tensor([2.1729], device='cuda:0')
tensor([2.1661], device='cuda:0')
tensor([2.1768], device='cuda:0')
tensor([2.1844], device='cuda:0')
tensor([2.1705], device='cuda:0')
tensor([2.1707], device='cuda:0')
tensor([2.1833], device='cuda:0')
Epoch 37 Accuracy 13.900000000000002 | Loss: 3.679 | Aggregation time: 21.839
tensor([2.1332], device='cuda:0')
tensor([2.1130], device='cuda:0')
tensor([2.1072], device='cuda:0')
tensor([2.0757], device='cuda:0')
tensor([2.0432], device='cuda:0')
tensor([2.0314], device='cuda:0')
tensor([2.0815], device='cuda:0')
tensor([2.0844], device='cuda:0')
tensor([2.0541], device='cuda:0')
tensor([2.0578], device='cuda:0')
Epoch 38 Accuracy 13.900000000000002 | Loss: 3.6537 | Aggregation time: 22.461
tensor([2.0662], device='cuda:0')
tensor([2.0822], device='cuda:0')
tensor([2.1065], device='cuda:0')
tensor([2.0860], device='cuda:0')
tensor([2.0689], device='cuda:0')
tensor([2.0685], device='cuda:0')
tensor([2.0836], device='cuda:0')
tensor([2.0458], device='cuda:0')
tensor([2.0779], device='cuda:0')
Epoch 39 Accuracy 13.900000000000002 | Loss: 3.6897 | Aggregation time: 23.001
tensor([2.0922], device='cuda:0')
tensor([2.0649], device='cuda:0')
tensor([2.0470], device='cuda:0')
tensor([2.0260], device='cuda:0')
tensor([2.0447], device='cuda:0')
tensor([2.0732], device='cuda:0')
tensor([2.0261], device='cuda:0')
tensor([2.0462], device='cuda:0')
tensor([2.0514], device='cuda:0')
tensor([2.0463], device='cuda:0')
Epoch 40 Accuracy 13.900000000000002 | Loss: 3.6981 | Aggregation time: 23.575
tensor([2.0757], device='cuda:0')
tensor([2.0855], device='cuda:0')
tensor([2.0641], device='cuda:0')
tensor([2.1108], device='cuda:0')
tensor([2.1074], device='cuda:0')
tensor([2.1130], device='cuda:0')
tensor([2.1264], device='cuda:0')
tensor([2.1254], device='cuda:0')
tensor([2.1072], device='cuda:0')
tensor([2.0956], device='cuda:0')
Epoch 41 Accuracy 13.900000000000002 | Loss: 3.7194 | Aggregation time: 24.157
tensor([2.1269], device='cuda:0')
tensor([2.1161], device='cuda:0')
tensor([2.1288], device='cuda:0')
tensor([2.1025], device='cuda:0')
tensor([2.1112], device='cuda:0')
tensor([2.1321], device='cuda:0')
tensor([2.0886], device='cuda:0')
tensor([2.0996], device='cuda:0')
tensor([2.1428], device='cuda:0')
tensor([2.1641], device='cuda:0')
Epoch 42 Accuracy 13.900000000000002 | Loss: 3.6526 | Aggregation time: 24.745
tensor([2.1336], device='cuda:0')
tensor([2.1313], device='cuda:0')
tensor([2.0959], device='cuda:0')
tensor([2.0826], device='cuda:0')
tensor([2.0488], device='cuda:0')
tensor([2.0533], device='cuda:0')
tensor([2.0333], device='cuda:0')
tensor([2.0407], device='cuda:0')
tensor([2.0573], device='cuda:0')
Epoch 43 Accuracy 13.900000000000002 | Loss: 3.7116 | Aggregation time: 25.343
tensor([2.0692], device='cuda:0')
tensor([2.0829], device='cuda:0')
tensor([2.1207], device='cuda:0')
tensor([2.0802], device='cuda:0')
tensor([2.0675], device='cuda:0')
tensor([2.0633], device='cuda:0')
tensor([2.0911], device='cuda:0')
tensor([2.0966], device='cuda:0')
tensor([2.0330], device='cuda:0')
tensor([2.0621], device='cuda:0')
Epoch 44 Accuracy 13.900000000000002 | Loss: 3.6971 | Aggregation time: 25.945
tensor([2.0663], device='cuda:0')
tensor([2.0543], device='cuda:0')
tensor([2.0477], device='cuda:0')
tensor([2.0477], device='cuda:0')
tensor([2.0350], device='cuda:0')
tensor([2.0419], device='cuda:0')
tensor([2.0569], device='cuda:0')
tensor([2.0428], device='cuda:0')
tensor([2.0070], device='cuda:0')
tensor([2.0088], device='cuda:0')
Epoch 45 Accuracy 13.900000000000002 | Loss: 3.7192 | Aggregation time: 26.559
tensor([1.9913], device='cuda:0')
tensor([2.0407], device='cuda:0')
tensor([2.0394], device='cuda:0')
tensor([2.0450], device='cuda:0')
tensor([2.0633], device='cuda:0')
tensor([2.0923], device='cuda:0')
tensor([2.1040], device='cuda:0')
tensor([2.1297], device='cuda:0')
tensor([2.1361], device='cuda:0')
tensor([2.1185], device='cuda:0')
Epoch 46 Accuracy 13.900000000000002 | Loss: 3.7103 | Aggregation time: 27.201
tensor([2.0876], device='cuda:0')
tensor([2.0606], device='cuda:0')
tensor([2.0543], device='cuda:0')
tensor([2.0801], device='cuda:0')
tensor([2.0775], device='cuda:0')
tensor([2.0807], device='cuda:0')
tensor([2.0937], device='cuda:0')
tensor([2.1097], device='cuda:0')
tensor([2.1482], device='cuda:0')
Epoch 47 Accuracy 13.900000000000002 | Loss: 3.6584 | Aggregation time: 27.792
tensor([2.0955], device='cuda:0')
tensor([2.0594], device='cuda:0')
tensor([2.0339], device='cuda:0')
tensor([2.0590], device='cuda:0')
tensor([2.0539], device='cuda:0')
tensor([2.0410], device='cuda:0')
tensor([2.0168], device='cuda:0')
tensor([2.0047], device='cuda:0')
tensor([1.9743], device='cuda:0')
tensor([2.0166], device='cuda:0')
Epoch 48 Accuracy 13.900000000000002 | Loss: 3.6965 | Aggregation time: 28.442
tensor([2.0086], device='cuda:0')
tensor([2.0238], device='cuda:0')
tensor([2.0233], device='cuda:0')
tensor([2.0700], device='cuda:0')
tensor([2.0613], device='cuda:0')
tensor([2.0821], device='cuda:0')
tensor([2.0841], device='cuda:0')
tensor([2.0931], device='cuda:0')
tensor([2.0651], device='cuda:0')
tensor([2.0821], device='cuda:0')
Epoch 49 Accuracy 13.900000000000002 | Loss: 3.6859 | Aggregation time: 29.056
tensor([2.0930], device='cuda:0')
tensor([2.0466], device='cuda:0')
tensor([2.0443], device='cuda:0')
tensor([2.0622], device='cuda:0')
tensor([2.0842], device='cuda:0')
tensor([2.1078], device='cuda:0')
tensor([2.0846], device='cuda:0')
tensor([2.1303], device='cuda:0')
tensor([2.1233], device='cuda:0')
tensor([2.1127], device='cuda:0')
Epoch 50 Accuracy 13.900000000000002 | Loss: 3.6612 | Aggregation time: 29.746
