C:\Users\user\Desktop\IoT\FLTG-implementation\FL-Byzantine-Library\client.py:43: UserWarning: To copy construct from a tensor, it is recommended to use sourceTensor.clone().detach() or sourceTensor.clone().detach().requires_grad_(True), rather than torch.tensor(sourceTensor).
  self.momentum = torch.tensor(torch.zeros_like(flat_model, device=self.device))
Files already downloaded and verified
Files already downloaded and verified
number of parameters  0.697 M
tensor([1.6327], device='cuda:0')
tensor([1.7922], device='cuda:0')
tensor([1.8714], device='cuda:0')
tensor([1.8483], device='cuda:0')
tensor([1.8275], device='cuda:0')
tensor([1.8614], device='cuda:0')
tensor([1.8232], device='cuda:0')
tensor([1.8116], device='cuda:0')
tensor([1.8329], device='cuda:0')
tensor([1.8555], device='cuda:0')
Epoch 1 Accuracy 13.5 | Loss: 2.9163 | Aggregation time: 0.507
tensor([1.8521], device='cuda:0')
tensor([1.8464], device='cuda:0')
tensor([1.8052], device='cuda:0')
tensor([1.7861], device='cuda:0')
tensor([1.7454], device='cuda:0')
tensor([1.7493], device='cuda:0')
tensor([1.6899], device='cuda:0')
tensor([1.6688], device='cuda:0')
tensor([1.6579], device='cuda:0')
tensor([1.6530], device='cuda:0')
Epoch 2 Accuracy 14.2 | Loss: 3.6819 | Aggregation time: 0.97
tensor([1.6648], device='cuda:0')
tensor([1.6822], device='cuda:0')
tensor([1.6216], device='cuda:0')
tensor([1.6145], device='cuda:0')
tensor([1.5734], device='cuda:0')
tensor([1.5849], device='cuda:0')
tensor([1.6249], device='cuda:0')
tensor([1.6450], device='cuda:0')
tensor([1.6244], device='cuda:0')
tensor([1.6191], device='cuda:0')
Epoch 3 Accuracy 13.8 | Loss: 3.0806 | Aggregation time: 1.414
tensor([1.6818], device='cuda:0')
tensor([1.6229], device='cuda:0')
tensor([1.5851], device='cuda:0')
tensor([1.5554], device='cuda:0')
tensor([1.6306], device='cuda:0')
tensor([1.6527], device='cuda:0')
tensor([1.6375], device='cuda:0')
tensor([1.5892], device='cuda:0')
tensor([1.5981], device='cuda:0')
tensor([1.6392], device='cuda:0')
Epoch 4 Accuracy 10.7 | Loss: 3.433 | Aggregation time: 1.841
tensor([1.6347], device='cuda:0')
tensor([1.6087], device='cuda:0')
tensor([1.6290], device='cuda:0')
tensor([1.6429], device='cuda:0')
tensor([1.6783], device='cuda:0')
tensor([1.7039], device='cuda:0')
tensor([1.6777], device='cuda:0')
tensor([1.6184], device='cuda:0')
tensor([1.5268], device='cuda:0')
Epoch 5 Accuracy 10.0 | Loss: 4.0468 | Aggregation time: 2.228
tensor([1.8319], device='cuda:0')
tensor([1.4283], device='cuda:0')
tensor([1.4833], device='cuda:0')
tensor([1.3434], device='cuda:0')
tensor([1.3121], device='cuda:0')
tensor([1.3388], device='cuda:0')
tensor([1.5093], device='cuda:0')
tensor([1.5326], device='cuda:0')
tensor([1.3212], device='cuda:0')
tensor([1.3388], device='cuda:0')
Epoch 6 Accuracy 10.0 | Loss: 6.2106 | Aggregation time: 2.656
tensor([1.3200], device='cuda:0')
tensor([1.2377], device='cuda:0')
tensor([1.2522], device='cuda:0')
tensor([1.2209], device='cuda:0')
tensor([1.2216], device='cuda:0')
tensor([1.2078], device='cuda:0')
tensor([1.2096], device='cuda:0')
tensor([1.1996], device='cuda:0')
tensor([1.2360], device='cuda:0')
tensor([1.2417], device='cuda:0')
Epoch 7 Accuracy 10.0 | Loss: 5.7005 | Aggregation time: 3.078
tensor([1.2366], device='cuda:0')
tensor([1.2358], device='cuda:0')
tensor([1.2577], device='cuda:0')
tensor([1.3092], device='cuda:0')
tensor([1.3201], device='cuda:0')
tensor([1.3484], device='cuda:0')
tensor([1.3165], device='cuda:0')
tensor([1.2697], device='cuda:0')
tensor([1.3855], device='cuda:0')
tensor([1.2862], device='cuda:0')
Epoch 8 Accuracy 10.0 | Loss: 5.1845 | Aggregation time: 3.495
tensor([1.2569], device='cuda:0')
tensor([1.2732], device='cuda:0')
tensor([1.3363], device='cuda:0')
tensor([1.3629], device='cuda:0')
tensor([1.3471], device='cuda:0')
tensor([1.4498], device='cuda:0')
tensor([1.4655], device='cuda:0')
tensor([1.4180], device='cuda:0')
tensor([1.4889], device='cuda:0')
Epoch 9 Accuracy 10.0 | Loss: 5.9606 | Aggregation time: 3.874
tensor([1.4665], device='cuda:0')
tensor([1.4464], device='cuda:0')
tensor([1.6045], device='cuda:0')
tensor([1.5216], device='cuda:0')
tensor([1.6393], device='cuda:0')
tensor([1.7198], device='cuda:0')
tensor([1.8633], device='cuda:0')
tensor([1.8242], device='cuda:0')
tensor([1.7335], device='cuda:0')
tensor([1.8012], device='cuda:0')
Epoch 10 Accuracy 10.0 | Loss: 6.4825 | Aggregation time: 4.294
tensor([1.8579], device='cuda:0')
tensor([1.8717], device='cuda:0')
tensor([1.8314], device='cuda:0')
tensor([1.7239], device='cuda:0')
tensor([1.7150], device='cuda:0')
tensor([1.7551], device='cuda:0')
tensor([1.7794], device='cuda:0')
tensor([1.7574], device='cuda:0')
tensor([1.8428], device='cuda:0')
tensor([1.8439], device='cuda:0')
Epoch 11 Accuracy 10.0 | Loss: 6.4897 | Aggregation time: 4.71
tensor([1.7959], device='cuda:0')
tensor([1.7286], device='cuda:0')
tensor([1.7861], device='cuda:0')
tensor([1.7567], device='cuda:0')
tensor([1.7124], device='cuda:0')
tensor([1.7155], device='cuda:0')
tensor([1.7669], device='cuda:0')
tensor([1.8080], device='cuda:0')
tensor([1.8341], device='cuda:0')
tensor([1.9339], device='cuda:0')
Epoch 12 Accuracy 10.0 | Loss: 6.8715 | Aggregation time: 5.141
tensor([1.7410], device='cuda:0')
tensor([1.7646], device='cuda:0')
tensor([1.7522], device='cuda:0')
tensor([1.7934], device='cuda:0')
tensor([1.7801], device='cuda:0')
tensor([1.7041], device='cuda:0')
tensor([1.7527], device='cuda:0')
tensor([1.7973], device='cuda:0')
tensor([1.7599], device='cuda:0')
Epoch 13 Accuracy 10.0 | Loss: 6.3398 | Aggregation time: 5.542
tensor([1.7434], device='cuda:0')
tensor([1.6499], device='cuda:0')
tensor([1.7032], device='cuda:0')
tensor([1.6279], device='cuda:0')
tensor([1.5536], device='cuda:0')
tensor([1.4632], device='cuda:0')
tensor([1.5232], device='cuda:0')
tensor([1.5703], device='cuda:0')
tensor([1.5833], device='cuda:0')
tensor([1.5657], device='cuda:0')
Epoch 14 Accuracy 10.0 | Loss: 6.4951 | Aggregation time: 5.984
tensor([1.5574], device='cuda:0')
tensor([1.4975], device='cuda:0')
tensor([1.5392], device='cuda:0')
tensor([1.5262], device='cuda:0')
tensor([1.5951], device='cuda:0')
tensor([1.6019], device='cuda:0')
tensor([1.5337], device='cuda:0')
tensor([1.5226], device='cuda:0')
tensor([1.5541], device='cuda:0')
tensor([1.5675], device='cuda:0')
Epoch 15 Accuracy 10.0 | Loss: 6.9397 | Aggregation time: 6.42
tensor([1.5786], device='cuda:0')
tensor([1.5558], device='cuda:0')
tensor([1.6401], device='cuda:0')
tensor([1.5692], device='cuda:0')
tensor([1.6523], device='cuda:0')
tensor([1.6983], device='cuda:0')
tensor([1.6794], device='cuda:0')
tensor([1.6094], device='cuda:0')
tensor([1.7239], device='cuda:0')
tensor([1.7144], device='cuda:0')
Epoch 16 Accuracy 10.0 | Loss: 6.741 | Aggregation time: 6.825
tensor([1.8069], device='cuda:0')
tensor([1.8916], device='cuda:0')
tensor([1.8899], device='cuda:0')
tensor([1.9195], device='cuda:0')
tensor([1.9821], device='cuda:0')
tensor([1.9628], device='cuda:0')
tensor([1.9653], device='cuda:0')
tensor([1.9444], device='cuda:0')
tensor([1.8857], device='cuda:0')
tensor([1.8073], device='cuda:0')
Epoch 17 Accuracy 10.0 | Loss: 6.862 | Aggregation time: 7.246
tensor([1.8961], device='cuda:0')
tensor([1.8925], device='cuda:0')
tensor([1.8482], device='cuda:0')
tensor([1.9225], device='cuda:0')
tensor([1.8593], device='cuda:0')
tensor([1.8842], device='cuda:0')
tensor([1.8818], device='cuda:0')
tensor([1.8163], device='cuda:0')
tensor([1.7402], device='cuda:0')
Epoch 18 Accuracy 10.6 | Loss: 6.8227 | Aggregation time: 7.618
tensor([1.7525], device='cuda:0')
tensor([1.7299], device='cuda:0')
tensor([1.7597], device='cuda:0')
tensor([1.5693], device='cuda:0')
tensor([1.6009], device='cuda:0')
tensor([1.5425], device='cuda:0')
tensor([1.4624], device='cuda:0')
tensor([1.4659], device='cuda:0')
tensor([1.5448], device='cuda:0')
tensor([1.5652], device='cuda:0')
Epoch 19 Accuracy 13.200000000000001 | Loss: 6.7637 | Aggregation time: 8.07
tensor([1.5865], device='cuda:0')
tensor([1.4739], device='cuda:0')
tensor([1.5259], device='cuda:0')
tensor([1.5574], device='cuda:0')
tensor([1.5722], device='cuda:0')
tensor([1.5262], device='cuda:0')
tensor([1.6238], device='cuda:0')
tensor([1.6500], device='cuda:0')
tensor([1.6638], device='cuda:0')
tensor([1.7070], device='cuda:0')
Epoch 20 Accuracy 12.3 | Loss: 7.1883 | Aggregation time: 8.491
tensor([1.6523], device='cuda:0')
tensor([1.7292], device='cuda:0')
tensor([1.6092], device='cuda:0')
tensor([1.6082], device='cuda:0')
tensor([1.6529], device='cuda:0')
tensor([1.6454], device='cuda:0')
tensor([1.6963], device='cuda:0')
tensor([1.6311], device='cuda:0')
tensor([1.5482], device='cuda:0')
tensor([1.5796], device='cuda:0')
Epoch 21 Accuracy 12.8 | Loss: 7.0475 | Aggregation time: 8.925
tensor([1.6499], device='cuda:0')
tensor([1.7334], device='cuda:0')
tensor([1.9089], device='cuda:0')
tensor([1.9335], device='cuda:0')
tensor([1.9751], device='cuda:0')
tensor([2.0060], device='cuda:0')
tensor([1.9586], device='cuda:0')
tensor([1.9476], device='cuda:0')
tensor([1.8929], device='cuda:0')
Epoch 22 Accuracy 12.6 | Loss: 6.6311 | Aggregation time: 9.31
tensor([1.9731], device='cuda:0')
tensor([1.8846], device='cuda:0')
tensor([1.7433], device='cuda:0')
tensor([1.7106], device='cuda:0')
tensor([1.8116], device='cuda:0')
tensor([1.9235], device='cuda:0')
tensor([1.9307], device='cuda:0')
tensor([1.9120], device='cuda:0')
tensor([1.8579], device='cuda:0')
tensor([1.8142], device='cuda:0')
Epoch 23 Accuracy 13.3 | Loss: 6.7394 | Aggregation time: 9.767
tensor([1.8983], device='cuda:0')
tensor([1.9310], device='cuda:0')
tensor([1.9645], device='cuda:0')
tensor([2.0272], device='cuda:0')
tensor([1.9573], device='cuda:0')
tensor([1.9234], device='cuda:0')
tensor([1.8827], device='cuda:0')
tensor([1.9089], device='cuda:0')
tensor([1.8754], device='cuda:0')
tensor([1.8512], device='cuda:0')
Epoch 24 Accuracy 12.2 | Loss: 6.792 | Aggregation time: 10.218
tensor([1.8386], device='cuda:0')
tensor([1.8872], device='cuda:0')
tensor([1.8765], device='cuda:0')
tensor([1.8515], device='cuda:0')
tensor([1.8044], device='cuda:0')
tensor([1.7814], device='cuda:0')
tensor([1.9033], device='cuda:0')
tensor([1.9518], device='cuda:0')
tensor([2.0280], device='cuda:0')
tensor([2.0605], device='cuda:0')
Epoch 25 Accuracy 11.600000000000001 | Loss: 6.5678 | Aggregation time: 10.693
tensor([2.0013], device='cuda:0')
tensor([1.9560], device='cuda:0')
tensor([1.9345], device='cuda:0')
tensor([1.9031], device='cuda:0')
tensor([1.9008], device='cuda:0')
tensor([1.9096], device='cuda:0')
tensor([1.9250], device='cuda:0')
tensor([1.8808], device='cuda:0')
tensor([1.8760], device='cuda:0')
Epoch 26 Accuracy 13.600000000000001 | Loss: 6.421 | Aggregation time: 11.071
tensor([1.9534], device='cuda:0')
tensor([2.0017], device='cuda:0')
tensor([1.9311], device='cuda:0')
tensor([1.9589], device='cuda:0')
tensor([1.9577], device='cuda:0')
tensor([2.0580], device='cuda:0')
tensor([2.0034], device='cuda:0')
tensor([2.0002], device='cuda:0')
tensor([2.1108], device='cuda:0')
tensor([2.1142], device='cuda:0')
Epoch 27 Accuracy 13.3 | Loss: 7.1556 | Aggregation time: 11.483
tensor([2.0588], device='cuda:0')
tensor([2.0610], device='cuda:0')
tensor([2.0775], device='cuda:0')
tensor([2.0620], device='cuda:0')
tensor([2.1093], device='cuda:0')
tensor([2.1769], device='cuda:0')
tensor([2.2173], device='cuda:0')
tensor([2.2772], device='cuda:0')
tensor([2.2413], device='cuda:0')
tensor([2.2380], device='cuda:0')
Epoch 28 Accuracy 12.1 | Loss: 6.8541 | Aggregation time: 11.933
tensor([2.2277], device='cuda:0')
tensor([2.2474], device='cuda:0')
tensor([2.2164], device='cuda:0')
tensor([2.2196], device='cuda:0')
tensor([2.1515], device='cuda:0')
tensor([2.1300], device='cuda:0')
tensor([2.1666], device='cuda:0')
tensor([2.1337], device='cuda:0')
tensor([2.1308], device='cuda:0')
tensor([2.1711], device='cuda:0')
Epoch 29 Accuracy 12.2 | Loss: 6.4426 | Aggregation time: 12.422
tensor([2.1435], device='cuda:0')
tensor([2.1079], device='cuda:0')
tensor([2.1191], device='cuda:0')
tensor([2.1451], device='cuda:0')
tensor([2.1576], device='cuda:0')
tensor([2.2014], device='cuda:0')
tensor([2.1698], device='cuda:0')
tensor([2.1618], device='cuda:0')
tensor([2.1438], device='cuda:0')
Epoch 30 Accuracy 12.3 | Loss: 6.0849 | Aggregation time: 12.871
tensor([2.0672], device='cuda:0')
tensor([2.0676], device='cuda:0')
tensor([2.0947], device='cuda:0')
tensor([2.0101], device='cuda:0')
tensor([1.9800], device='cuda:0')
tensor([1.9258], device='cuda:0')
tensor([1.8926], device='cuda:0')
tensor([1.8406], device='cuda:0')
tensor([1.8554], device='cuda:0')
tensor([1.8003], device='cuda:0')
Epoch 31 Accuracy 13.100000000000001 | Loss: 6.8453 | Aggregation time: 13.322
tensor([1.6927], device='cuda:0')
tensor([1.7315], device='cuda:0')
tensor([1.7778], device='cuda:0')
tensor([1.8287], device='cuda:0')
tensor([1.8857], device='cuda:0')
tensor([1.9407], device='cuda:0')
tensor([1.9531], device='cuda:0')
tensor([1.9604], device='cuda:0')
tensor([1.9075], device='cuda:0')
tensor([1.8986], device='cuda:0')
Epoch 32 Accuracy 13.700000000000001 | Loss: 6.9325 | Aggregation time: 13.738
tensor([1.9333], device='cuda:0')
tensor([1.8956], device='cuda:0')
tensor([1.9429], device='cuda:0')
tensor([1.9354], device='cuda:0')
tensor([1.9215], device='cuda:0')
tensor([1.9549], device='cuda:0')
tensor([2.0341], device='cuda:0')
tensor([2.0990], device='cuda:0')
tensor([2.1718], device='cuda:0')
tensor([2.1163], device='cuda:0')
Epoch 33 Accuracy 11.0 | Loss: 6.4701 | Aggregation time: 14.297
tensor([2.0159], device='cuda:0')
tensor([1.9224], device='cuda:0')
tensor([1.7641], device='cuda:0')
tensor([1.7514], device='cuda:0')
tensor([1.7066], device='cuda:0')
tensor([1.6714], device='cuda:0')
tensor([1.6699], device='cuda:0')
tensor([1.7267], device='cuda:0')
tensor([1.7739], device='cuda:0')
tensor([1.8217], device='cuda:0')
Epoch 34 Accuracy 12.9 | Loss: 5.3743 | Aggregation time: 14.724
tensor([1.9215], device='cuda:0')
tensor([2.0377], device='cuda:0')
tensor([2.1092], device='cuda:0')
tensor([2.0959], device='cuda:0')
tensor([2.0518], device='cuda:0')
tensor([1.9435], device='cuda:0')
tensor([1.9594], device='cuda:0')
tensor([2.0057], device='cuda:0')
tensor([2.0016], device='cuda:0')
Epoch 35 Accuracy 12.8 | Loss: 6.1577 | Aggregation time: 15.097
tensor([2.0291], device='cuda:0')
tensor([1.9163], device='cuda:0')
tensor([1.9102], device='cuda:0')
tensor([1.9383], device='cuda:0')
tensor([2.0073], device='cuda:0')
tensor([2.0023], device='cuda:0')
tensor([1.9914], device='cuda:0')
tensor([2.0151], device='cuda:0')
tensor([1.9826], device='cuda:0')
tensor([2.0145], device='cuda:0')
Epoch 36 Accuracy 12.1 | Loss: 6.5597 | Aggregation time: 15.638
tensor([1.9617], device='cuda:0')
tensor([1.9312], device='cuda:0')
tensor([1.8817], device='cuda:0')
tensor([1.8400], device='cuda:0')
tensor([1.8298], device='cuda:0')
tensor([1.7701], device='cuda:0')
tensor([1.7507], device='cuda:0')
tensor([1.5988], device='cuda:0')
tensor([1.5780], device='cuda:0')
tensor([1.7327], device='cuda:0')
Epoch 37 Accuracy 12.4 | Loss: 6.421 | Aggregation time: 16.08
tensor([1.6868], device='cuda:0')
tensor([1.8253], device='cuda:0')
tensor([1.8143], device='cuda:0')
tensor([1.8613], device='cuda:0')
tensor([1.9642], device='cuda:0')
tensor([1.9545], device='cuda:0')
tensor([1.9267], device='cuda:0')
tensor([1.9152], device='cuda:0')
tensor([1.9033], device='cuda:0')
tensor([1.9819], device='cuda:0')
Epoch 38 Accuracy 12.9 | Loss: 6.7465 | Aggregation time: 16.503
tensor([1.9921], device='cuda:0')
tensor([2.0786], device='cuda:0')
tensor([2.0850], device='cuda:0')
tensor([2.0508], device='cuda:0')
tensor([2.0634], device='cuda:0')
tensor([2.0855], device='cuda:0')
tensor([2.1190], device='cuda:0')
tensor([2.0584], device='cuda:0')
tensor([2.0558], device='cuda:0')
Epoch 39 Accuracy 13.100000000000001 | Loss: 6.7272 | Aggregation time: 16.979
tensor([2.1116], device='cuda:0')
tensor([2.1061], device='cuda:0')
tensor([2.0908], device='cuda:0')
tensor([2.0967], device='cuda:0')
tensor([2.0762], device='cuda:0')
tensor([2.1088], device='cuda:0')
tensor([2.1495], device='cuda:0')
tensor([2.1325], device='cuda:0')
tensor([2.1454], device='cuda:0')
tensor([2.0786], device='cuda:0')
Epoch 40 Accuracy 14.099999999999998 | Loss: 5.7866 | Aggregation time: 17.513
tensor([2.0739], device='cuda:0')
tensor([2.0652], device='cuda:0')
tensor([2.0554], device='cuda:0')
tensor([1.9994], device='cuda:0')
tensor([1.9611], device='cuda:0')
tensor([2.0134], device='cuda:0')
tensor([1.9989], device='cuda:0')
tensor([2.0261], device='cuda:0')
tensor([1.9782], device='cuda:0')
tensor([2.0835], device='cuda:0')
Epoch 41 Accuracy 13.3 | Loss: 6.1594 | Aggregation time: 17.924
tensor([2.0761], device='cuda:0')
tensor([2.0641], device='cuda:0')
tensor([2.0177], device='cuda:0')
tensor([1.9823], device='cuda:0')
tensor([2.0076], device='cuda:0')
tensor([2.0414], device='cuda:0')
tensor([2.0740], device='cuda:0')
tensor([2.1074], device='cuda:0')
tensor([2.1651], device='cuda:0')
tensor([2.1354], device='cuda:0')
Epoch 42 Accuracy 13.100000000000001 | Loss: 5.991 | Aggregation time: 18.333
tensor([2.0988], device='cuda:0')
tensor([2.0301], device='cuda:0')
tensor([2.0298], device='cuda:0')
tensor([1.9975], device='cuda:0')
tensor([1.9481], device='cuda:0')
tensor([1.9365], device='cuda:0')
tensor([1.9762], device='cuda:0')
tensor([2.0647], device='cuda:0')
tensor([2.0460], device='cuda:0')
Epoch 43 Accuracy 13.600000000000001 | Loss: 6.247 | Aggregation time: 18.711
tensor([2.0870], device='cuda:0')
tensor([2.1422], device='cuda:0')
tensor([2.1556], device='cuda:0')
tensor([2.0815], device='cuda:0')
tensor([2.1535], device='cuda:0')
tensor([2.1722], device='cuda:0')
tensor([2.1299], device='cuda:0')
tensor([2.0901], device='cuda:0')
tensor([2.0211], device='cuda:0')
tensor([2.0108], device='cuda:0')
Epoch 44 Accuracy 14.2 | Loss: 6.7188 | Aggregation time: 19.27
tensor([2.0530], device='cuda:0')
tensor([1.9983], device='cuda:0')
tensor([1.9520], device='cuda:0')
tensor([1.9286], device='cuda:0')
tensor([1.9779], device='cuda:0')
tensor([1.9801], device='cuda:0')
tensor([1.9827], device='cuda:0')
tensor([1.9414], device='cuda:0')
tensor([1.9484], device='cuda:0')
tensor([1.9457], device='cuda:0')
Epoch 45 Accuracy 13.600000000000001 | Loss: 6.0532 | Aggregation time: 19.895
tensor([1.9282], device='cuda:0')
tensor([1.8463], device='cuda:0')
tensor([1.8071], device='cuda:0')
tensor([1.8208], device='cuda:0')
tensor([1.8168], device='cuda:0')
tensor([1.8240], device='cuda:0')
tensor([1.8697], device='cuda:0')
tensor([1.8990], device='cuda:0')
tensor([1.9473], device='cuda:0')
tensor([2.0321], device='cuda:0')
Epoch 46 Accuracy 14.000000000000002 | Loss: 6.26 | Aggregation time: 20.315
tensor([2.0465], device='cuda:0')
tensor([2.0666], device='cuda:0')
tensor([2.0925], device='cuda:0')
tensor([2.0733], device='cuda:0')
tensor([2.0978], device='cuda:0')
tensor([2.0601], device='cuda:0')
tensor([2.0495], device='cuda:0')
tensor([2.0669], device='cuda:0')
tensor([2.1246], device='cuda:0')
Epoch 47 Accuracy 14.2 | Loss: 5.9796 | Aggregation time: 20.907
tensor([2.0971], device='cuda:0')
tensor([2.0487], device='cuda:0')
tensor([2.0256], device='cuda:0')
tensor([1.9119], device='cuda:0')
tensor([1.9446], device='cuda:0')
tensor([1.9447], device='cuda:0')
tensor([1.9268], device='cuda:0')
tensor([1.9034], device='cuda:0')
tensor([1.8695], device='cuda:0')
tensor([1.7570], device='cuda:0')
Epoch 48 Accuracy 14.000000000000002 | Loss: 5.8663 | Aggregation time: 21.382
tensor([1.7684], device='cuda:0')
tensor([1.9081], device='cuda:0')
tensor([1.8120], device='cuda:0')
tensor([1.8351], device='cuda:0')
tensor([1.7755], device='cuda:0')
tensor([1.8159], device='cuda:0')
tensor([1.7856], device='cuda:0')
tensor([1.8029], device='cuda:0')
tensor([1.8765], device='cuda:0')
tensor([1.8676], device='cuda:0')
Epoch 49 Accuracy 14.299999999999999 | Loss: 6.2275 | Aggregation time: 21.83
tensor([1.8107], device='cuda:0')
tensor([1.7871], device='cuda:0')
tensor([1.8234], device='cuda:0')
tensor([1.8662], device='cuda:0')
tensor([1.8408], device='cuda:0')
tensor([1.8607], device='cuda:0')
tensor([1.8303], device='cuda:0')
tensor([1.9001], device='cuda:0')
tensor([1.8968], device='cuda:0')
tensor([1.8728], device='cuda:0')
Epoch 50 Accuracy 13.8 | Loss: 6.3706 | Aggregation time: 22.274
