C:\Users\user\Desktop\IoT\FLTG-implementation\FL-Byzantine-Library\client.py:43: UserWarning: To copy construct from a tensor, it is recommended to use sourceTensor.clone().detach() or sourceTensor.clone().detach().requires_grad_(True), rather than torch.tensor(sourceTensor).
  self.momentum = torch.tensor(torch.zeros_like(flat_model, device=self.device))
Files already downloaded and verified
Files already downloaded and verified
number of parameters  0.697 M
tensor([1.3162], device='cuda:0')
tensor([1.4066], device='cuda:0')
tensor([1.3776], device='cuda:0')
tensor([1.4206], device='cuda:0')
tensor([1.3881], device='cuda:0')
tensor([1.4161], device='cuda:0')
tensor([1.4025], device='cuda:0')
tensor([1.3956], device='cuda:0')
tensor([1.3941], device='cuda:0')
tensor([1.3991], device='cuda:0')
Epoch 1 Accuracy 15.0 | Loss: 2.7802 | Aggregation time: 0.679
tensor([1.3772], device='cuda:0')
tensor([1.3849], device='cuda:0')
tensor([1.3348], device='cuda:0')
tensor([1.3218], device='cuda:0')
tensor([1.3280], device='cuda:0')
tensor([1.3363], device='cuda:0')
tensor([1.3311], device='cuda:0')
tensor([1.3196], device='cuda:0')
tensor([1.3168], device='cuda:0')
tensor([1.3411], device='cuda:0')
Epoch 2 Accuracy 17.5 | Loss: 3.4884 | Aggregation time: 1.27
tensor([1.3375], device='cuda:0')
tensor([1.3300], device='cuda:0')
tensor([1.3424], device='cuda:0')
tensor([1.3347], device='cuda:0')
tensor([1.3420], device='cuda:0')
tensor([1.3226], device='cuda:0')
tensor([1.3255], device='cuda:0')
tensor([1.3286], device='cuda:0')
tensor([1.3589], device='cuda:0')
tensor([1.3789], device='cuda:0')
Epoch 3 Accuracy 16.2 | Loss: 3.0536 | Aggregation time: 1.925
tensor([1.3776], device='cuda:0')
tensor([1.3967], device='cuda:0')
tensor([1.3817], device='cuda:0')
tensor([1.3939], device='cuda:0')
tensor([1.3826], device='cuda:0')
tensor([1.4006], device='cuda:0')
tensor([1.4097], device='cuda:0')
tensor([1.4073], device='cuda:0')
tensor([1.3948], device='cuda:0')
tensor([1.3807], device='cuda:0')
Epoch 4 Accuracy 19.2 | Loss: 2.5356 | Aggregation time: 2.724
tensor([1.3920], device='cuda:0')
tensor([1.4048], device='cuda:0')
tensor([1.4205], device='cuda:0')
tensor([1.4551], device='cuda:0')
tensor([1.4546], device='cuda:0')
tensor([1.4565], device='cuda:0')
tensor([1.4400], device='cuda:0')
tensor([1.4280], device='cuda:0')
tensor([1.3981], device='cuda:0')
Epoch 5 Accuracy 20.4 | Loss: 2.4642 | Aggregation time: 3.339
tensor([1.3781], device='cuda:0')
tensor([1.3923], device='cuda:0')
tensor([1.4006], device='cuda:0')
tensor([1.4112], device='cuda:0')
tensor([1.4073], device='cuda:0')
tensor([1.4124], device='cuda:0')
tensor([1.4096], device='cuda:0')
tensor([1.3779], device='cuda:0')
tensor([1.3772], device='cuda:0')
tensor([1.3756], device='cuda:0')
Epoch 6 Accuracy 19.900000000000002 | Loss: 2.3861 | Aggregation time: 4.177
tensor([1.3590], device='cuda:0')
tensor([1.3808], device='cuda:0')
tensor([1.3842], device='cuda:0')
tensor([1.4012], device='cuda:0')
tensor([1.4211], device='cuda:0')
tensor([1.4120], device='cuda:0')
tensor([1.3990], device='cuda:0')
tensor([1.4032], device='cuda:0')
tensor([1.3988], device='cuda:0')
tensor([1.3637], device='cuda:0')
Epoch 7 Accuracy 19.5 | Loss: 2.2633 | Aggregation time: 4.905
tensor([1.3742], device='cuda:0')
tensor([1.3323], device='cuda:0')
tensor([1.3099], device='cuda:0')
tensor([1.2910], device='cuda:0')
tensor([1.3258], device='cuda:0')
tensor([1.3097], device='cuda:0')
tensor([1.3194], device='cuda:0')
tensor([1.3394], device='cuda:0')
tensor([1.3644], device='cuda:0')
tensor([1.3585], device='cuda:0')
Epoch 8 Accuracy 20.3 | Loss: 2.2246 | Aggregation time: 5.673
tensor([1.3649], device='cuda:0')
tensor([1.2763], device='cuda:0')
tensor([1.3009], device='cuda:0')
tensor([1.3317], device='cuda:0')
tensor([1.3474], device='cuda:0')
tensor([1.3495], device='cuda:0')
tensor([1.3675], device='cuda:0')
tensor([1.3152], device='cuda:0')
tensor([1.3242], device='cuda:0')
Epoch 9 Accuracy 23.1 | Loss: 2.2565 | Aggregation time: 6.329
tensor([1.2983], device='cuda:0')
tensor([1.3036], device='cuda:0')
tensor([1.3422], device='cuda:0')
tensor([1.3570], device='cuda:0')
tensor([1.3776], device='cuda:0')
tensor([1.3967], device='cuda:0')
tensor([1.3974], device='cuda:0')
tensor([1.3859], device='cuda:0')
tensor([1.4000], device='cuda:0')
tensor([1.3945], device='cuda:0')
Epoch 10 Accuracy 21.0 | Loss: 2.2019 | Aggregation time: 6.961
tensor([1.4019], device='cuda:0')
tensor([1.3799], device='cuda:0')
tensor([1.3772], device='cuda:0')
tensor([1.3941], device='cuda:0')
tensor([1.4015], device='cuda:0')
tensor([1.3889], device='cuda:0')
tensor([1.4252], device='cuda:0')
tensor([1.4134], device='cuda:0')
tensor([1.4006], device='cuda:0')
tensor([1.3918], device='cuda:0')
Epoch 11 Accuracy 19.7 | Loss: 2.1634 | Aggregation time: 7.636
tensor([1.3980], device='cuda:0')
tensor([1.4073], device='cuda:0')
tensor([1.3902], device='cuda:0')
tensor([1.3779], device='cuda:0')
tensor([1.3805], device='cuda:0')
tensor([1.4024], device='cuda:0')
tensor([1.4115], device='cuda:0')
tensor([1.3991], device='cuda:0')
tensor([1.4139], device='cuda:0')
tensor([1.4298], device='cuda:0')
Epoch 12 Accuracy 24.5 | Loss: 2.4025 | Aggregation time: 8.354
tensor([1.4369], device='cuda:0')
tensor([1.4514], device='cuda:0')
tensor([1.4474], device='cuda:0')
tensor([1.4585], device='cuda:0')
tensor([1.4544], device='cuda:0')
tensor([1.4552], device='cuda:0')
tensor([1.4221], device='cuda:0')
tensor([1.4272], device='cuda:0')
tensor([1.4434], device='cuda:0')
Epoch 13 Accuracy 24.9 | Loss: 2.3169 | Aggregation time: 9.08
tensor([1.4648], device='cuda:0')
tensor([1.4634], device='cuda:0')
tensor([1.4128], device='cuda:0')
tensor([1.4079], device='cuda:0')
tensor([1.4188], device='cuda:0')
tensor([1.4046], device='cuda:0')
tensor([1.3950], device='cuda:0')
tensor([1.3382], device='cuda:0')
tensor([1.3390], device='cuda:0')
tensor([1.3325], device='cuda:0')
Epoch 14 Accuracy 24.7 | Loss: 2.5864 | Aggregation time: 9.774
tensor([1.3443], device='cuda:0')
tensor([1.3457], device='cuda:0')
tensor([1.3374], device='cuda:0')
tensor([1.3538], device='cuda:0')
tensor([1.3692], device='cuda:0')
tensor([1.3733], device='cuda:0')
tensor([1.3665], device='cuda:0')
tensor([1.3578], device='cuda:0')
tensor([1.3448], device='cuda:0')
tensor([1.3641], device='cuda:0')
Epoch 15 Accuracy 22.1 | Loss: 2.2042 | Aggregation time: 10.442
tensor([1.3738], device='cuda:0')
tensor([1.3582], device='cuda:0')
tensor([1.3661], device='cuda:0')
tensor([1.3516], device='cuda:0')
tensor([1.3581], device='cuda:0')
tensor([1.3623], device='cuda:0')
tensor([1.3551], device='cuda:0')
tensor([1.3735], device='cuda:0')
tensor([1.3751], device='cuda:0')
tensor([1.3523], device='cuda:0')
Epoch 16 Accuracy 22.2 | Loss: 2.1784 | Aggregation time: 11.088
tensor([1.3614], device='cuda:0')
tensor([1.3528], device='cuda:0')
tensor([1.3625], device='cuda:0')
tensor([1.3872], device='cuda:0')
tensor([1.3884], device='cuda:0')
tensor([1.3767], device='cuda:0')
tensor([1.3643], device='cuda:0')
tensor([1.3656], device='cuda:0')
tensor([1.3539], device='cuda:0')
tensor([1.3515], device='cuda:0')
Epoch 17 Accuracy 21.5 | Loss: 2.5047 | Aggregation time: 11.821
tensor([1.3757], device='cuda:0')
tensor([1.4176], device='cuda:0')
tensor([1.4375], device='cuda:0')
tensor([1.4191], device='cuda:0')
tensor([1.4305], device='cuda:0')
tensor([1.4158], device='cuda:0')
tensor([1.4115], device='cuda:0')
tensor([1.4091], device='cuda:0')
tensor([1.3980], device='cuda:0')
Epoch 18 Accuracy 21.7 | Loss: 2.2145 | Aggregation time: 12.412
tensor([1.4023], device='cuda:0')
tensor([1.3589], device='cuda:0')
tensor([1.3102], device='cuda:0')
tensor([1.3134], device='cuda:0')
tensor([1.3425], device='cuda:0')
tensor([1.3383], device='cuda:0')
tensor([1.3688], device='cuda:0')
tensor([1.3872], device='cuda:0')
tensor([1.4227], device='cuda:0')
tensor([1.4081], device='cuda:0')
Epoch 19 Accuracy 24.6 | Loss: 2.1819 | Aggregation time: 13.05
tensor([1.4258], device='cuda:0')
tensor([1.4300], device='cuda:0')
tensor([1.4265], device='cuda:0')
tensor([1.4454], device='cuda:0')
tensor([1.5046], device='cuda:0')
tensor([1.5216], device='cuda:0')
tensor([1.5148], device='cuda:0')
tensor([1.5170], device='cuda:0')
tensor([1.5021], device='cuda:0')
tensor([1.5089], device='cuda:0')
Epoch 20 Accuracy 24.6 | Loss: 2.0224 | Aggregation time: 13.613
tensor([1.5051], device='cuda:0')
tensor([1.5058], device='cuda:0')
tensor([1.4871], device='cuda:0')
tensor([1.4952], device='cuda:0')
tensor([1.4760], device='cuda:0')
tensor([1.4522], device='cuda:0')
tensor([1.4346], device='cuda:0')
tensor([1.4062], device='cuda:0')
tensor([1.3884], device='cuda:0')
tensor([1.3589], device='cuda:0')
Epoch 21 Accuracy 23.599999999999998 | Loss: 2.1762 | Aggregation time: 14.265
tensor([1.3090], device='cuda:0')
tensor([1.3116], device='cuda:0')
tensor([1.2789], device='cuda:0')
tensor([1.2672], device='cuda:0')
tensor([1.2691], device='cuda:0')
tensor([1.2617], device='cuda:0')
tensor([1.2695], device='cuda:0')
tensor([1.2977], device='cuda:0')
tensor([1.3053], device='cuda:0')
Epoch 22 Accuracy 23.599999999999998 | Loss: 2.6403 | Aggregation time: 14.875
tensor([1.3124], device='cuda:0')
tensor([1.3775], device='cuda:0')
tensor([1.3953], device='cuda:0')
tensor([1.3813], device='cuda:0')
tensor([1.3848], device='cuda:0')
tensor([1.3879], device='cuda:0')
tensor([1.3829], device='cuda:0')
tensor([1.3722], device='cuda:0')
tensor([1.3382], device='cuda:0')
tensor([1.3271], device='cuda:0')
Epoch 23 Accuracy 20.599999999999998 | Loss: 2.1766 | Aggregation time: 15.518
tensor([1.2907], device='cuda:0')
tensor([1.2423], device='cuda:0')
tensor([1.2374], device='cuda:0')
tensor([1.2115], device='cuda:0')
tensor([1.2067], device='cuda:0')
tensor([1.1959], device='cuda:0')
tensor([1.2090], device='cuda:0')
tensor([1.1975], device='cuda:0')
tensor([1.2327], device='cuda:0')
tensor([1.2527], device='cuda:0')
Epoch 24 Accuracy 22.8 | Loss: 2.2135 | Aggregation time: 16.223
tensor([1.2865], device='cuda:0')
tensor([1.2892], device='cuda:0')
tensor([1.3414], device='cuda:0')
tensor([1.3511], device='cuda:0')
tensor([1.3552], device='cuda:0')
tensor([1.3379], device='cuda:0')
tensor([1.3630], device='cuda:0')
tensor([1.3374], device='cuda:0')
tensor([1.3172], device='cuda:0')
tensor([1.3078], device='cuda:0')
Epoch 25 Accuracy 24.3 | Loss: 2.0818 | Aggregation time: 16.931
tensor([1.3165], device='cuda:0')
tensor([1.2642], device='cuda:0')
tensor([1.2769], device='cuda:0')
tensor([1.2152], device='cuda:0')
tensor([1.2257], device='cuda:0')
tensor([1.2295], device='cuda:0')
tensor([1.2580], device='cuda:0')
tensor([1.2770], device='cuda:0')
tensor([1.2979], device='cuda:0')
Epoch 26 Accuracy 23.9 | Loss: 2.3193 | Aggregation time: 17.578
tensor([1.3183], device='cuda:0')
tensor([1.3489], device='cuda:0')
tensor([1.3284], device='cuda:0')
tensor([1.2952], device='cuda:0')
tensor([1.2863], device='cuda:0')
tensor([1.2668], device='cuda:0')
tensor([1.2565], device='cuda:0')
tensor([1.2229], device='cuda:0')
tensor([1.2444], device='cuda:0')
tensor([1.2484], device='cuda:0')
Epoch 27 Accuracy 22.5 | Loss: 2.3359 | Aggregation time: 18.306
tensor([1.2778], device='cuda:0')
tensor([1.2703], device='cuda:0')
tensor([1.2591], device='cuda:0')
tensor([1.2332], device='cuda:0')
tensor([1.2419], device='cuda:0')
tensor([1.2710], device='cuda:0')
tensor([1.2870], device='cuda:0')
tensor([1.2603], device='cuda:0')
tensor([1.2450], device='cuda:0')
tensor([1.2923], device='cuda:0')
Epoch 28 Accuracy 26.3 | Loss: 2.0672 | Aggregation time: 19.024
tensor([1.2714], device='cuda:0')
tensor([1.2504], device='cuda:0')
tensor([1.2548], device='cuda:0')
tensor([1.2231], device='cuda:0')
tensor([1.2085], device='cuda:0')
tensor([1.1867], device='cuda:0')
tensor([1.1762], device='cuda:0')
tensor([1.2311], device='cuda:0')
tensor([1.2234], device='cuda:0')
tensor([1.2361], device='cuda:0')
Epoch 29 Accuracy 24.7 | Loss: 2.4191 | Aggregation time: 19.695
tensor([1.2438], device='cuda:0')
tensor([1.2352], device='cuda:0')
tensor([1.2164], device='cuda:0')
tensor([1.1873], device='cuda:0')
tensor([1.1807], device='cuda:0')
tensor([1.2171], device='cuda:0')
tensor([1.1983], device='cuda:0')
tensor([1.2060], device='cuda:0')
tensor([1.2086], device='cuda:0')
Epoch 30 Accuracy 24.5 | Loss: 2.218 | Aggregation time: 20.317
tensor([1.2289], device='cuda:0')
tensor([1.2372], device='cuda:0')
tensor([1.2903], device='cuda:0')
tensor([1.2756], device='cuda:0')
tensor([1.2734], device='cuda:0')
tensor([1.2904], device='cuda:0')
tensor([1.2519], device='cuda:0')
tensor([1.2494], device='cuda:0')
tensor([1.2630], device='cuda:0')
tensor([1.2490], device='cuda:0')
Epoch 31 Accuracy 24.0 | Loss: 2.0941 | Aggregation time: 20.984
tensor([1.2476], device='cuda:0')
tensor([1.2199], device='cuda:0')
tensor([1.1849], device='cuda:0')
tensor([1.1800], device='cuda:0')
tensor([1.1586], device='cuda:0')
tensor([1.1468], device='cuda:0')
tensor([1.1680], device='cuda:0')
tensor([1.1893], device='cuda:0')
tensor([1.2077], device='cuda:0')
tensor([1.2193], device='cuda:0')
Epoch 32 Accuracy 26.900000000000002 | Loss: 2.1003 | Aggregation time: 21.666
tensor([1.2353], device='cuda:0')
tensor([1.2277], device='cuda:0')
tensor([1.2138], device='cuda:0')
tensor([1.2161], device='cuda:0')
tensor([1.2033], device='cuda:0')
tensor([1.1773], device='cuda:0')
tensor([1.1433], device='cuda:0')
tensor([1.1579], device='cuda:0')
tensor([1.1912], device='cuda:0')
tensor([1.2042], device='cuda:0')
Epoch 33 Accuracy 25.0 | Loss: 2.3165 | Aggregation time: 22.392
tensor([1.2009], device='cuda:0')
tensor([1.1858], device='cuda:0')
tensor([1.2211], device='cuda:0')
tensor([1.2022], device='cuda:0')
tensor([1.1990], device='cuda:0')
tensor([1.2021], device='cuda:0')
tensor([1.2044], device='cuda:0')
tensor([1.1924], device='cuda:0')
tensor([1.1984], device='cuda:0')
tensor([1.2234], device='cuda:0')
Epoch 34 Accuracy 25.4 | Loss: 2.1633 | Aggregation time: 23.106
tensor([1.2210], device='cuda:0')
tensor([1.2170], device='cuda:0')
tensor([1.2322], device='cuda:0')
tensor([1.2333], device='cuda:0')
tensor([1.2128], device='cuda:0')
tensor([1.2089], device='cuda:0')
tensor([1.1816], device='cuda:0')
tensor([1.1839], device='cuda:0')
tensor([1.1832], device='cuda:0')
Epoch 35 Accuracy 25.8 | Loss: 2.3721 | Aggregation time: 23.788
tensor([1.1446], device='cuda:0')
tensor([1.1921], device='cuda:0')
tensor([1.1896], device='cuda:0')
tensor([1.2176], device='cuda:0')
tensor([1.1990], device='cuda:0')
tensor([1.2431], device='cuda:0')
tensor([1.2691], device='cuda:0')
tensor([1.2881], device='cuda:0')
tensor([1.2970], device='cuda:0')
tensor([1.2977], device='cuda:0')
Epoch 36 Accuracy 25.5 | Loss: 2.0168 | Aggregation time: 24.405
tensor([1.3161], device='cuda:0')
tensor([1.3300], device='cuda:0')
tensor([1.3051], device='cuda:0')
tensor([1.2932], device='cuda:0')
tensor([1.2350], device='cuda:0')
tensor([1.2354], device='cuda:0')
tensor([1.2237], device='cuda:0')
tensor([1.2310], device='cuda:0')
tensor([1.2321], device='cuda:0')
tensor([1.2191], device='cuda:0')
Epoch 37 Accuracy 25.1 | Loss: 2.323 | Aggregation time: 25.13
tensor([1.1872], device='cuda:0')
tensor([1.2080], device='cuda:0')
tensor([1.1828], device='cuda:0')
tensor([1.2564], device='cuda:0')
tensor([1.2583], device='cuda:0')
tensor([1.2574], device='cuda:0')
tensor([1.2526], device='cuda:0')
tensor([1.2760], device='cuda:0')
tensor([1.3077], device='cuda:0')
tensor([1.3032], device='cuda:0')
Epoch 38 Accuracy 26.700000000000003 | Loss: 2.1645 | Aggregation time: 25.866
tensor([1.2839], device='cuda:0')
tensor([1.2801], device='cuda:0')
tensor([1.2517], device='cuda:0')
tensor([1.2412], device='cuda:0')
tensor([1.2206], device='cuda:0')
tensor([1.2056], device='cuda:0')
tensor([1.1894], device='cuda:0')
tensor([1.1930], device='cuda:0')
tensor([1.1669], device='cuda:0')
Epoch 39 Accuracy 27.3 | Loss: 2.0697 | Aggregation time: 26.52
tensor([1.1841], device='cuda:0')
tensor([1.1951], device='cuda:0')
tensor([1.1979], device='cuda:0')
tensor([1.1843], device='cuda:0')
tensor([1.1751], device='cuda:0')
tensor([1.1898], device='cuda:0')
tensor([1.1861], device='cuda:0')
tensor([1.1967], device='cuda:0')
tensor([1.2307], device='cuda:0')
tensor([1.2340], device='cuda:0')
Epoch 40 Accuracy 27.6 | Loss: 2.2969 | Aggregation time: 27.228
tensor([1.2553], device='cuda:0')
tensor([1.2608], device='cuda:0')
tensor([1.2761], device='cuda:0')
tensor([1.2861], device='cuda:0')
tensor([1.2632], device='cuda:0')
tensor([1.2796], device='cuda:0')
tensor([1.2464], device='cuda:0')
tensor([1.2453], device='cuda:0')
tensor([1.1992], device='cuda:0')
tensor([1.1838], device='cuda:0')
Epoch 41 Accuracy 24.6 | Loss: 2.0884 | Aggregation time: 27.896
tensor([1.2017], device='cuda:0')
tensor([1.2136], device='cuda:0')
tensor([1.2100], device='cuda:0')
tensor([1.2137], device='cuda:0')
tensor([1.2132], device='cuda:0')
tensor([1.2272], device='cuda:0')
tensor([1.2609], device='cuda:0')
tensor([1.3053], device='cuda:0')
tensor([1.2980], device='cuda:0')
tensor([1.2646], device='cuda:0')
Epoch 42 Accuracy 27.800000000000004 | Loss: 2.1279 | Aggregation time: 28.566
tensor([1.2708], device='cuda:0')
tensor([1.2766], device='cuda:0')
tensor([1.2547], device='cuda:0')
tensor([1.2503], device='cuda:0')
tensor([1.2226], device='cuda:0')
tensor([1.2053], device='cuda:0')
tensor([1.1785], device='cuda:0')
tensor([1.1710], device='cuda:0')
tensor([1.1661], device='cuda:0')
Epoch 43 Accuracy 26.5 | Loss: 2.2323 | Aggregation time: 29.186
tensor([1.1872], device='cuda:0')
tensor([1.1932], device='cuda:0')
tensor([1.2030], device='cuda:0')
tensor([1.2073], device='cuda:0')
tensor([1.1773], device='cuda:0')
tensor([1.1866], device='cuda:0')
tensor([1.1905], device='cuda:0')
tensor([1.2087], device='cuda:0')
tensor([1.2321], device='cuda:0')
tensor([1.2683], device='cuda:0')
Epoch 44 Accuracy 25.5 | Loss: 2.0283 | Aggregation time: 29.866
tensor([1.2470], device='cuda:0')
tensor([1.2315], device='cuda:0')
tensor([1.2130], device='cuda:0')
tensor([1.2153], device='cuda:0')
tensor([1.1976], device='cuda:0')
tensor([1.2173], device='cuda:0')
tensor([1.2302], device='cuda:0')
tensor([1.2201], device='cuda:0')
tensor([1.2223], device='cuda:0')
tensor([1.2251], device='cuda:0')
Epoch 45 Accuracy 26.0 | Loss: 1.9526 | Aggregation time: 30.6
tensor([1.2287], device='cuda:0')
tensor([1.2439], device='cuda:0')
tensor([1.2364], device='cuda:0')
tensor([1.2577], device='cuda:0')
tensor([1.2488], device='cuda:0')
tensor([1.2422], device='cuda:0')
tensor([1.2416], device='cuda:0')
tensor([1.2271], device='cuda:0')
tensor([1.2319], device='cuda:0')
tensor([1.2158], device='cuda:0')
Epoch 46 Accuracy 25.7 | Loss: 2.0264 | Aggregation time: 31.235
tensor([1.2082], device='cuda:0')
tensor([1.2127], device='cuda:0')
tensor([1.1932], device='cuda:0')
tensor([1.1873], device='cuda:0')
tensor([1.2018], device='cuda:0')
tensor([1.1911], device='cuda:0')
tensor([1.1997], device='cuda:0')
tensor([1.2119], device='cuda:0')
tensor([1.2036], device='cuda:0')
Epoch 47 Accuracy 26.200000000000003 | Loss: 2.245 | Aggregation time: 31.808
tensor([1.2125], device='cuda:0')
tensor([1.2216], device='cuda:0')
tensor([1.2456], device='cuda:0')
tensor([1.2495], device='cuda:0')
tensor([1.2377], device='cuda:0')
tensor([1.2412], device='cuda:0')
tensor([1.2334], device='cuda:0')
tensor([1.2212], device='cuda:0')
tensor([1.2382], device='cuda:0')
tensor([1.2287], device='cuda:0')
Epoch 48 Accuracy 25.2 | Loss: 1.9662 | Aggregation time: 32.513
tensor([1.2068], device='cuda:0')
tensor([1.2084], device='cuda:0')
tensor([1.2285], device='cuda:0')
tensor([1.2259], device='cuda:0')
tensor([1.2372], device='cuda:0')
tensor([1.2059], device='cuda:0')
tensor([1.1971], device='cuda:0')
tensor([1.2062], device='cuda:0')
tensor([1.2486], device='cuda:0')
tensor([1.2674], device='cuda:0')
Epoch 49 Accuracy 27.3 | Loss: 2.0121 | Aggregation time: 33.204
tensor([1.2945], device='cuda:0')
tensor([1.3241], device='cuda:0')
tensor([1.3509], device='cuda:0')
tensor([1.3618], device='cuda:0')
tensor([1.3633], device='cuda:0')
tensor([1.3495], device='cuda:0')
tensor([1.3786], device='cuda:0')
tensor([1.3944], device='cuda:0')
tensor([1.3669], device='cuda:0')
tensor([1.3568], device='cuda:0')
Epoch 50 Accuracy 27.1 | Loss: 1.9756 | Aggregation time: 33.835
