C:\Users\user\Desktop\IoT\FLTG-implementation\FL-Byzantine-Library\client.py:43: UserWarning: To copy construct from a tensor, it is recommended to use sourceTensor.clone().detach() or sourceTensor.clone().detach().requires_grad_(True), rather than torch.tensor(sourceTensor).
  self.momentum = torch.tensor(torch.zeros_like(flat_model, device=self.device))
Files already downloaded and verified
Files already downloaded and verified
number of parameters  0.697 M
tensor([1.1462], device='cuda:0')
tensor([1.1275], device='cuda:0')
tensor([1.1361], device='cuda:0')
tensor([1.1231], device='cuda:0')
tensor([1.1157], device='cuda:0')
tensor([1.1383], device='cuda:0')
tensor([1.1269], device='cuda:0')
tensor([1.1246], device='cuda:0')
tensor([1.0957], device='cuda:0')
tensor([1.1274], device='cuda:0')
Epoch 1 Accuracy 10.0 | Loss: 3.4365 | Aggregation time: 0.416
tensor([1.0972], device='cuda:0')
tensor([1.1108], device='cuda:0')
tensor([1.0993], device='cuda:0')
tensor([1.0926], device='cuda:0')
tensor([1.0924], device='cuda:0')
tensor([1.1252], device='cuda:0')
tensor([1.1131], device='cuda:0')
tensor([1.1348], device='cuda:0')
tensor([1.1824], device='cuda:0')
tensor([1.1963], device='cuda:0')
Epoch 2 Accuracy 14.899999999999999 | Loss: 3.2395 | Aggregation time: 0.956
tensor([1.2212], device='cuda:0')
tensor([1.2435], device='cuda:0')
tensor([1.2476], device='cuda:0')
tensor([1.2247], device='cuda:0')
tensor([1.2144], device='cuda:0')
tensor([1.2227], device='cuda:0')
tensor([1.2110], device='cuda:0')
tensor([1.2216], device='cuda:0')
tensor([1.2088], device='cuda:0')
tensor([1.2191], device='cuda:0')
Epoch 3 Accuracy 14.899999999999999 | Loss: 4.1101 | Aggregation time: 1.401
tensor([1.2096], device='cuda:0')
tensor([1.2098], device='cuda:0')
tensor([1.2159], device='cuda:0')
tensor([1.1959], device='cuda:0')
tensor([1.2016], device='cuda:0')
tensor([1.2157], device='cuda:0')
tensor([1.2119], device='cuda:0')
tensor([1.2059], device='cuda:0')
tensor([1.1739], device='cuda:0')
tensor([1.2135], device='cuda:0')
Epoch 4 Accuracy 16.400000000000002 | Loss: 4.0044 | Aggregation time: 1.855
tensor([1.1650], device='cuda:0')
tensor([1.1604], device='cuda:0')
tensor([1.1613], device='cuda:0')
tensor([1.1913], device='cuda:0')
tensor([1.2044], device='cuda:0')
tensor([1.1738], device='cuda:0')
tensor([1.1783], device='cuda:0')
tensor([1.1751], device='cuda:0')
tensor([1.1684], device='cuda:0')
Epoch 5 Accuracy 17.1 | Loss: 3.6044 | Aggregation time: 2.291
tensor([1.1565], device='cuda:0')
tensor([1.1554], device='cuda:0')
tensor([1.1688], device='cuda:0')
tensor([1.1808], device='cuda:0')
tensor([1.1794], device='cuda:0')
tensor([1.1655], device='cuda:0')
tensor([1.1919], device='cuda:0')
tensor([1.1741], device='cuda:0')
tensor([1.1611], device='cuda:0')
tensor([1.1670], device='cuda:0')
Epoch 6 Accuracy 19.5 | Loss: 4.2335 | Aggregation time: 2.73
tensor([1.1670], device='cuda:0')
tensor([1.1633], device='cuda:0')
tensor([1.1733], device='cuda:0')
tensor([1.1835], device='cuda:0')
tensor([1.1625], device='cuda:0')
tensor([1.1403], device='cuda:0')
tensor([1.1629], device='cuda:0')
tensor([1.1911], device='cuda:0')
tensor([1.2134], device='cuda:0')
tensor([1.1921], device='cuda:0')
Epoch 7 Accuracy 17.599999999999998 | Loss: 4.0783 | Aggregation time: 3.202
tensor([1.1895], device='cuda:0')
tensor([1.1786], device='cuda:0')
tensor([1.1642], device='cuda:0')
tensor([1.1865], device='cuda:0')
tensor([1.1824], device='cuda:0')
tensor([1.1706], device='cuda:0')
tensor([1.1763], device='cuda:0')
tensor([1.1749], device='cuda:0')
tensor([1.1871], device='cuda:0')
tensor([1.1581], device='cuda:0')
Epoch 8 Accuracy 17.9 | Loss: 3.9928 | Aggregation time: 3.704
tensor([1.1597], device='cuda:0')
tensor([1.1582], device='cuda:0')
tensor([1.1821], device='cuda:0')
tensor([1.1892], device='cuda:0')
tensor([1.2057], device='cuda:0')
tensor([1.2059], device='cuda:0')
tensor([1.1580], device='cuda:0')
tensor([1.1702], device='cuda:0')
tensor([1.1871], device='cuda:0')
Epoch 9 Accuracy 17.8 | Loss: 4.7477 | Aggregation time: 4.123
tensor([1.1949], device='cuda:0')
tensor([1.1704], device='cuda:0')
tensor([1.1728], device='cuda:0')
tensor([1.2009], device='cuda:0')
tensor([1.2103], device='cuda:0')
tensor([1.2118], device='cuda:0')
tensor([1.2013], device='cuda:0')
tensor([1.1725], device='cuda:0')
tensor([1.1740], device='cuda:0')
tensor([1.1532], device='cuda:0')
Epoch 10 Accuracy 17.8 | Loss: 4.2152 | Aggregation time: 4.591
tensor([1.1671], device='cuda:0')
tensor([1.2009], device='cuda:0')
tensor([1.1988], device='cuda:0')
tensor([1.1940], device='cuda:0')
tensor([1.1857], device='cuda:0')
tensor([1.1825], device='cuda:0')
tensor([1.1873], device='cuda:0')
tensor([1.1940], device='cuda:0')
tensor([1.2034], device='cuda:0')
tensor([1.1972], device='cuda:0')
Epoch 11 Accuracy 18.6 | Loss: 5.0328 | Aggregation time: 5.09
tensor([1.1997], device='cuda:0')
tensor([1.2318], device='cuda:0')
tensor([1.2003], device='cuda:0')
tensor([1.2088], device='cuda:0')
tensor([1.1988], device='cuda:0')
tensor([1.1862], device='cuda:0')
tensor([1.1977], device='cuda:0')
tensor([1.1823], device='cuda:0')
tensor([1.2006], device='cuda:0')
tensor([1.1722], device='cuda:0')
Epoch 12 Accuracy 20.4 | Loss: 4.8063 | Aggregation time: 5.659
tensor([1.1991], device='cuda:0')
tensor([1.2198], device='cuda:0')
tensor([1.2348], device='cuda:0')
tensor([1.2204], device='cuda:0')
tensor([1.1808], device='cuda:0')
tensor([1.1993], device='cuda:0')
tensor([1.2136], device='cuda:0')
tensor([1.2097], device='cuda:0')
tensor([1.2317], device='cuda:0')
Epoch 13 Accuracy 18.6 | Loss: 4.4587 | Aggregation time: 6.038
tensor([1.2240], device='cuda:0')
tensor([1.2184], device='cuda:0')
tensor([1.2346], device='cuda:0')
tensor([1.2185], device='cuda:0')
tensor([1.2206], device='cuda:0')
tensor([1.2093], device='cuda:0')
tensor([1.2042], device='cuda:0')
tensor([1.1837], device='cuda:0')
tensor([1.1612], device='cuda:0')
tensor([1.1501], device='cuda:0')
Epoch 14 Accuracy 19.5 | Loss: 5.2756 | Aggregation time: 6.492
tensor([1.1549], device='cuda:0')
tensor([1.1712], device='cuda:0')
tensor([1.1882], device='cuda:0')
tensor([1.1772], device='cuda:0')
tensor([1.1924], device='cuda:0')
tensor([1.2141], device='cuda:0')
tensor([1.2350], device='cuda:0')
tensor([1.2179], device='cuda:0')
tensor([1.2115], device='cuda:0')
tensor([1.2105], device='cuda:0')
Epoch 15 Accuracy 19.0 | Loss: 5.2182 | Aggregation time: 6.896
tensor([1.1785], device='cuda:0')
tensor([1.2167], device='cuda:0')
tensor([1.2451], device='cuda:0')
tensor([1.2329], device='cuda:0')
tensor([1.2195], device='cuda:0')
tensor([1.1767], device='cuda:0')
tensor([1.1811], device='cuda:0')
tensor([1.2082], device='cuda:0')
tensor([1.2242], device='cuda:0')
tensor([1.2106], device='cuda:0')
Epoch 16 Accuracy 19.7 | Loss: 5.219 | Aggregation time: 7.37
tensor([1.1756], device='cuda:0')
tensor([1.1732], device='cuda:0')
tensor([1.2052], device='cuda:0')
tensor([1.1917], device='cuda:0')
tensor([1.1928], device='cuda:0')
tensor([1.1903], device='cuda:0')
tensor([1.2071], device='cuda:0')
tensor([1.1916], device='cuda:0')
tensor([1.2062], device='cuda:0')
tensor([1.2112], device='cuda:0')
Epoch 17 Accuracy 18.9 | Loss: 4.9187 | Aggregation time: 7.819
tensor([1.2067], device='cuda:0')
tensor([1.2203], device='cuda:0')
tensor([1.2262], device='cuda:0')
tensor([1.2408], device='cuda:0')
tensor([1.2645], device='cuda:0')
tensor([1.2566], device='cuda:0')
tensor([1.2461], device='cuda:0')
tensor([1.2405], device='cuda:0')
tensor([1.2657], device='cuda:0')
Epoch 18 Accuracy 18.9 | Loss: 5.637 | Aggregation time: 8.198
tensor([1.2623], device='cuda:0')
tensor([1.2386], device='cuda:0')
tensor([1.2411], device='cuda:0')
tensor([1.2384], device='cuda:0')
tensor([1.2573], device='cuda:0')
tensor([1.2571], device='cuda:0')
tensor([1.2669], device='cuda:0')
tensor([1.2511], device='cuda:0')
tensor([1.2495], device='cuda:0')
tensor([1.2610], device='cuda:0')
Epoch 19 Accuracy 18.2 | Loss: 5.9282 | Aggregation time: 8.635
tensor([1.2263], device='cuda:0')
tensor([1.2220], device='cuda:0')
tensor([1.2158], device='cuda:0')
tensor([1.2071], device='cuda:0')
tensor([1.2240], device='cuda:0')
tensor([1.2124], device='cuda:0')
tensor([1.2099], device='cuda:0')
tensor([1.1901], device='cuda:0')
tensor([1.1623], device='cuda:0')
tensor([1.1486], device='cuda:0')
Epoch 20 Accuracy 18.9 | Loss: 5.9653 | Aggregation time: 9.05
tensor([1.1777], device='cuda:0')
tensor([1.1604], device='cuda:0')
tensor([1.1752], device='cuda:0')
tensor([1.1632], device='cuda:0')
tensor([1.1873], device='cuda:0')
tensor([1.1816], device='cuda:0')
tensor([1.1868], device='cuda:0')
tensor([1.1909], device='cuda:0')
tensor([1.1793], device='cuda:0')
tensor([1.1662], device='cuda:0')
Epoch 21 Accuracy 19.1 | Loss: 5.64 | Aggregation time: 9.495
tensor([1.1580], device='cuda:0')
tensor([1.1507], device='cuda:0')
tensor([1.1676], device='cuda:0')
tensor([1.1818], device='cuda:0')
tensor([1.1881], device='cuda:0')
tensor([1.1948], device='cuda:0')
tensor([1.2356], device='cuda:0')
tensor([1.2382], device='cuda:0')
tensor([1.2208], device='cuda:0')
Epoch 22 Accuracy 18.8 | Loss: 5.6862 | Aggregation time: 9.869
tensor([1.2001], device='cuda:0')
tensor([1.2176], device='cuda:0')
tensor([1.2386], device='cuda:0')
tensor([1.2333], device='cuda:0')
tensor([1.2398], device='cuda:0')
tensor([1.2177], device='cuda:0')
tensor([1.2374], device='cuda:0')
tensor([1.2481], device='cuda:0')
tensor([1.2646], device='cuda:0')
tensor([1.2536], device='cuda:0')
Epoch 23 Accuracy 18.7 | Loss: 5.7351 | Aggregation time: 10.296
tensor([1.2463], device='cuda:0')
tensor([1.2370], device='cuda:0')
tensor([1.2356], device='cuda:0')
tensor([1.2305], device='cuda:0')
tensor([1.2393], device='cuda:0')
tensor([1.2500], device='cuda:0')
tensor([1.2347], device='cuda:0')
tensor([1.2404], device='cuda:0')
tensor([1.2251], device='cuda:0')
tensor([1.2189], device='cuda:0')
Epoch 24 Accuracy 19.0 | Loss: 5.758 | Aggregation time: 10.727
tensor([1.2079], device='cuda:0')
tensor([1.2272], device='cuda:0')
tensor([1.2165], device='cuda:0')
tensor([1.2301], device='cuda:0')
tensor([1.2506], device='cuda:0')
tensor([1.2705], device='cuda:0')
tensor([1.2745], device='cuda:0')
tensor([1.2783], device='cuda:0')
tensor([1.2670], device='cuda:0')
tensor([1.2732], device='cuda:0')
Epoch 25 Accuracy 19.1 | Loss: 5.7707 | Aggregation time: 11.166
tensor([1.2681], device='cuda:0')
tensor([1.2461], device='cuda:0')
tensor([1.2489], device='cuda:0')
tensor([1.2238], device='cuda:0')
tensor([1.2288], device='cuda:0')
tensor([1.2156], device='cuda:0')
tensor([1.1957], device='cuda:0')
tensor([1.1790], device='cuda:0')
tensor([1.1889], device='cuda:0')
Epoch 26 Accuracy 19.3 | Loss: 6.003 | Aggregation time: 11.543
tensor([1.2052], device='cuda:0')
tensor([1.2153], device='cuda:0')
tensor([1.2257], device='cuda:0')
tensor([1.2233], device='cuda:0')
tensor([1.2400], device='cuda:0')
tensor([1.2428], device='cuda:0')
tensor([1.2457], device='cuda:0')
tensor([1.2226], device='cuda:0')
tensor([1.1978], device='cuda:0')
tensor([1.2081], device='cuda:0')
Epoch 27 Accuracy 19.3 | Loss: 5.9037 | Aggregation time: 12.002
tensor([1.1797], device='cuda:0')
tensor([1.1829], device='cuda:0')
tensor([1.1728], device='cuda:0')
tensor([1.2211], device='cuda:0')
tensor([1.2200], device='cuda:0')
tensor([1.2220], device='cuda:0')
tensor([1.2080], device='cuda:0')
tensor([1.1888], device='cuda:0')
tensor([1.1969], device='cuda:0')
tensor([1.1799], device='cuda:0')
Epoch 28 Accuracy 19.0 | Loss: 5.9545 | Aggregation time: 12.414
tensor([1.1953], device='cuda:0')
tensor([1.1783], device='cuda:0')
tensor([1.1625], device='cuda:0')
tensor([1.1699], device='cuda:0')
tensor([1.1925], device='cuda:0')
tensor([1.1810], device='cuda:0')
tensor([1.1832], device='cuda:0')
tensor([1.1725], device='cuda:0')
tensor([1.1497], device='cuda:0')
tensor([1.1533], device='cuda:0')
Epoch 29 Accuracy 19.7 | Loss: 5.6517 | Aggregation time: 13.023
tensor([1.1663], device='cuda:0')
tensor([1.1647], device='cuda:0')
tensor([1.1699], device='cuda:0')
tensor([1.1671], device='cuda:0')
tensor([1.1699], device='cuda:0')
tensor([1.1757], device='cuda:0')
tensor([1.1836], device='cuda:0')
tensor([1.2251], device='cuda:0')
tensor([1.2011], device='cuda:0')
Epoch 30 Accuracy 20.0 | Loss: 5.2189 | Aggregation time: 13.394
tensor([1.1944], device='cuda:0')
tensor([1.1823], device='cuda:0')
tensor([1.1849], device='cuda:0')
tensor([1.1691], device='cuda:0')
tensor([1.1704], device='cuda:0')
tensor([1.1756], device='cuda:0')
tensor([1.1956], device='cuda:0')
tensor([1.2015], device='cuda:0')
tensor([1.2035], device='cuda:0')
tensor([1.2182], device='cuda:0')
Epoch 31 Accuracy 18.6 | Loss: 4.57 | Aggregation time: 13.839
tensor([1.1977], device='cuda:0')
tensor([1.2038], device='cuda:0')
tensor([1.1983], device='cuda:0')
tensor([1.2084], device='cuda:0')
tensor([1.2058], device='cuda:0')
tensor([1.2193], device='cuda:0')
tensor([1.2161], device='cuda:0')
tensor([1.2470], device='cuda:0')
tensor([1.2169], device='cuda:0')
tensor([1.2101], device='cuda:0')
Epoch 32 Accuracy 19.6 | Loss: 5.7363 | Aggregation time: 14.256
tensor([1.2253], device='cuda:0')
tensor([1.2449], device='cuda:0')
tensor([1.2285], device='cuda:0')
tensor([1.2361], device='cuda:0')
tensor([1.2269], device='cuda:0')
tensor([1.2202], device='cuda:0')
tensor([1.2180], device='cuda:0')
tensor([1.2077], device='cuda:0')
tensor([1.2243], device='cuda:0')
tensor([1.2265], device='cuda:0')
Epoch 33 Accuracy 19.8 | Loss: 5.0375 | Aggregation time: 14.925
tensor([1.2181], device='cuda:0')
tensor([1.2070], device='cuda:0')
tensor([1.1600], device='cuda:0')
tensor([1.1820], device='cuda:0')
tensor([1.1609], device='cuda:0')
tensor([1.1511], device='cuda:0')
tensor([1.1500], device='cuda:0')
tensor([1.1549], device='cuda:0')
tensor([1.1586], device='cuda:0')
tensor([1.1587], device='cuda:0')
Epoch 34 Accuracy 18.4 | Loss: 5.0365 | Aggregation time: 15.453
tensor([1.1562], device='cuda:0')
tensor([1.1465], device='cuda:0')
tensor([1.1669], device='cuda:0')
tensor([1.1762], device='cuda:0')
tensor([1.1816], device='cuda:0')
tensor([1.1884], device='cuda:0')
tensor([1.1837], device='cuda:0')
tensor([1.1635], device='cuda:0')
tensor([1.1587], device='cuda:0')
Epoch 35 Accuracy 17.8 | Loss: 4.9981 | Aggregation time: 15.87
tensor([1.1775], device='cuda:0')
tensor([1.1838], device='cuda:0')
tensor([1.2142], device='cuda:0')
tensor([1.2073], device='cuda:0')
tensor([1.1843], device='cuda:0')
tensor([1.1733], device='cuda:0')
tensor([1.1633], device='cuda:0')
tensor([1.1718], device='cuda:0')
tensor([1.1507], device='cuda:0')
tensor([1.1274], device='cuda:0')
Epoch 36 Accuracy 18.099999999999998 | Loss: 4.4943 | Aggregation time: 16.42
tensor([1.1305], device='cuda:0')
tensor([1.1234], device='cuda:0')
tensor([1.1245], device='cuda:0')
tensor([1.1497], device='cuda:0')
tensor([1.1506], device='cuda:0')
tensor([1.1611], device='cuda:0')
tensor([1.1787], device='cuda:0')
tensor([1.1789], device='cuda:0')
tensor([1.1756], device='cuda:0')
tensor([1.1867], device='cuda:0')
Epoch 37 Accuracy 19.1 | Loss: 5.2708 | Aggregation time: 16.967
tensor([1.1688], device='cuda:0')
tensor([1.1939], device='cuda:0')
tensor([1.1829], device='cuda:0')
tensor([1.1860], device='cuda:0')
tensor([1.1987], device='cuda:0')
tensor([1.1935], device='cuda:0')
tensor([1.1972], device='cuda:0')
tensor([1.1944], device='cuda:0')
tensor([1.1934], device='cuda:0')
tensor([1.1833], device='cuda:0')
Epoch 38 Accuracy 18.3 | Loss: 5.975 | Aggregation time: 17.415
tensor([1.1968], device='cuda:0')
tensor([1.1945], device='cuda:0')
tensor([1.1972], device='cuda:0')
tensor([1.1905], device='cuda:0')
tensor([1.1878], device='cuda:0')
tensor([1.1839], device='cuda:0')
tensor([1.1642], device='cuda:0')
tensor([1.1550], device='cuda:0')
tensor([1.1445], device='cuda:0')
Epoch 39 Accuracy 18.6 | Loss: 5.9016 | Aggregation time: 17.794
tensor([1.1490], device='cuda:0')
tensor([1.1531], device='cuda:0')
tensor([1.1503], device='cuda:0')
tensor([1.1611], device='cuda:0')
tensor([1.1669], device='cuda:0')
tensor([1.1743], device='cuda:0')
tensor([1.1690], device='cuda:0')
tensor([1.1735], device='cuda:0')
tensor([1.1478], device='cuda:0')
tensor([1.1476], device='cuda:0')
Epoch 40 Accuracy 19.3 | Loss: 6.0324 | Aggregation time: 18.23
tensor([1.1371], device='cuda:0')
tensor([1.1613], device='cuda:0')
tensor([1.1878], device='cuda:0')
tensor([1.1916], device='cuda:0')
tensor([1.1818], device='cuda:0')
tensor([1.1704], device='cuda:0')
tensor([1.1698], device='cuda:0')
tensor([1.1877], device='cuda:0')
tensor([1.1759], device='cuda:0')
tensor([1.1663], device='cuda:0')
Epoch 41 Accuracy 19.900000000000002 | Loss: 5.1878 | Aggregation time: 18.68
tensor([1.1532], device='cuda:0')
tensor([1.1405], device='cuda:0')
tensor([1.1372], device='cuda:0')
tensor([1.1406], device='cuda:0')
tensor([1.1341], device='cuda:0')
tensor([1.1599], device='cuda:0')
tensor([1.1588], device='cuda:0')
tensor([1.1480], device='cuda:0')
tensor([1.1614], device='cuda:0')
tensor([1.2003], device='cuda:0')
Epoch 42 Accuracy 19.400000000000002 | Loss: 5.3429 | Aggregation time: 19.122
tensor([1.1825], device='cuda:0')
tensor([1.1920], device='cuda:0')
tensor([1.2178], device='cuda:0')
tensor([1.2199], device='cuda:0')
tensor([1.2104], device='cuda:0')
tensor([1.2214], device='cuda:0')
tensor([1.2108], device='cuda:0')
tensor([1.1750], device='cuda:0')
tensor([1.2241], device='cuda:0')
Epoch 43 Accuracy 19.3 | Loss: 5.6879 | Aggregation time: 19.513
tensor([1.2082], device='cuda:0')
tensor([1.1928], device='cuda:0')
tensor([1.2176], device='cuda:0')
tensor([1.2115], device='cuda:0')
tensor([1.2123], device='cuda:0')
tensor([1.2131], device='cuda:0')
tensor([1.2178], device='cuda:0')
tensor([1.2162], device='cuda:0')
tensor([1.2218], device='cuda:0')
tensor([1.1994], device='cuda:0')
Epoch 44 Accuracy 19.3 | Loss: 5.7165 | Aggregation time: 19.942
tensor([1.1788], device='cuda:0')
tensor([1.1896], device='cuda:0')
tensor([1.2070], device='cuda:0')
tensor([1.1950], device='cuda:0')
tensor([1.1915], device='cuda:0')
tensor([1.1946], device='cuda:0')
tensor([1.1771], device='cuda:0')
tensor([1.2191], device='cuda:0')
tensor([1.1977], device='cuda:0')
tensor([1.1937], device='cuda:0')
Epoch 45 Accuracy 19.2 | Loss: 5.9407 | Aggregation time: 20.331
tensor([1.2110], device='cuda:0')
tensor([1.2048], device='cuda:0')
tensor([1.2192], device='cuda:0')
tensor([1.2290], device='cuda:0')
tensor([1.2009], device='cuda:0')
tensor([1.1755], device='cuda:0')
tensor([1.1796], device='cuda:0')
tensor([1.1588], device='cuda:0')
tensor([1.1558], device='cuda:0')
tensor([1.1796], device='cuda:0')
Epoch 46 Accuracy 19.3 | Loss: 5.8461 | Aggregation time: 20.738
tensor([1.1639], device='cuda:0')
tensor([1.1711], device='cuda:0')
tensor([1.1674], device='cuda:0')
tensor([1.1747], device='cuda:0')
tensor([1.2021], device='cuda:0')
tensor([1.2037], device='cuda:0')
tensor([1.1780], device='cuda:0')
tensor([1.1685], device='cuda:0')
tensor([1.1637], device='cuda:0')
Epoch 47 Accuracy 19.3 | Loss: 5.9529 | Aggregation time: 21.11
tensor([1.1540], device='cuda:0')
tensor([1.1662], device='cuda:0')
tensor([1.1676], device='cuda:0')
tensor([1.1475], device='cuda:0')
tensor([1.1448], device='cuda:0')
tensor([1.1586], device='cuda:0')
tensor([1.1731], device='cuda:0')
tensor([1.1570], device='cuda:0')
tensor([1.1752], device='cuda:0')
tensor([1.1955], device='cuda:0')
Epoch 48 Accuracy 19.2 | Loss: 6.0153 | Aggregation time: 21.56
tensor([1.2056], device='cuda:0')
tensor([1.1959], device='cuda:0')
tensor([1.1815], device='cuda:0')
tensor([1.2012], device='cuda:0')
tensor([1.2108], device='cuda:0')
tensor([1.2114], device='cuda:0')
tensor([1.2086], device='cuda:0')
tensor([1.1905], device='cuda:0')
tensor([1.1684], device='cuda:0')
tensor([1.1724], device='cuda:0')
Epoch 49 Accuracy 19.3 | Loss: 6.1018 | Aggregation time: 21.976
tensor([1.1716], device='cuda:0')
tensor([1.1671], device='cuda:0')
tensor([1.1837], device='cuda:0')
tensor([1.1612], device='cuda:0')
tensor([1.1428], device='cuda:0')
tensor([1.1513], device='cuda:0')
tensor([1.1484], device='cuda:0')
tensor([1.1725], device='cuda:0')
tensor([1.1507], device='cuda:0')
tensor([1.1412], device='cuda:0')
Epoch 50 Accuracy 19.5 | Loss: 5.8989 | Aggregation time: 22.407
