C:\Users\user\Desktop\IoT\FLTG-implementation\FL-Byzantine-Library\client.py:43: UserWarning: To copy construct from a tensor, it is recommended to use sourceTensor.clone().detach() or sourceTensor.clone().detach().requires_grad_(True), rather than torch.tensor(sourceTensor).
  self.momentum = torch.tensor(torch.zeros_like(flat_model, device=self.device))
number of parameters  0.431 M
tensor([1.7426], device='cuda:0')
tensor([1.8634], device='cuda:0')
tensor([1.8812], device='cuda:0')
tensor([1.9379], device='cuda:0')
tensor([1.9397], device='cuda:0')
tensor([1.9066], device='cuda:0')
tensor([1.8596], device='cuda:0')
tensor([1.8804], device='cuda:0')
tensor([1.9095], device='cuda:0')
tensor([1.9186], device='cuda:0')
Epoch 1 Accuracy 9.8 | Loss: 2.9769 | Aggregation time: 0.692
tensor([1.9147], device='cuda:0')
tensor([1.9184], device='cuda:0')
tensor([1.9029], device='cuda:0')
tensor([1.8847], device='cuda:0')
tensor([1.8708], device='cuda:0')
tensor([1.8532], device='cuda:0')
tensor([1.8691], device='cuda:0')
tensor([1.8789], device='cuda:0')
tensor([1.8537], device='cuda:0')
Epoch 2 Accuracy 28.299999999999997 | Loss: 2.8904 | Aggregation time: 1.267
tensor([1.8391], device='cuda:0')
tensor([1.8378], device='cuda:0')
tensor([1.8229], device='cuda:0')
tensor([1.7710], device='cuda:0')
tensor([1.7467], device='cuda:0')
tensor([1.6841], device='cuda:0')
tensor([1.6544], device='cuda:0')
tensor([1.6146], device='cuda:0')
tensor([1.5953], device='cuda:0')
tensor([1.5813], device='cuda:0')
Epoch 3 Accuracy 37.6 | Loss: 2.2395 | Aggregation time: 1.939
tensor([1.5632], device='cuda:0')
tensor([1.5688], device='cuda:0')
tensor([1.5838], device='cuda:0')
tensor([1.5771], device='cuda:0')
tensor([1.5969], device='cuda:0')
tensor([1.6030], device='cuda:0')
tensor([1.6008], device='cuda:0')
tensor([1.6215], device='cuda:0')
tensor([1.6263], device='cuda:0')
Epoch 4 Accuracy 48.3 | Loss: 1.9162 | Aggregation time: 2.525
tensor([1.6398], device='cuda:0')
tensor([1.6193], device='cuda:0')
tensor([1.6191], device='cuda:0')
tensor([1.6212], device='cuda:0')
tensor([1.6096], device='cuda:0')
tensor([1.6051], device='cuda:0')
tensor([1.6143], device='cuda:0')
tensor([1.6169], device='cuda:0')
tensor([1.6258], device='cuda:0')
Epoch 5 Accuracy 60.5 | Loss: 1.7959 | Aggregation time: 3.113
tensor([1.6334], device='cuda:0')
tensor([1.6224], device='cuda:0')
tensor([1.6091], device='cuda:0')
tensor([1.6076], device='cuda:0')
tensor([1.6222], device='cuda:0')
tensor([1.6696], device='cuda:0')
tensor([1.7117], device='cuda:0')
tensor([1.7445], device='cuda:0')
tensor([1.7844], device='cuda:0')
tensor([1.8117], device='cuda:0')
Epoch 6 Accuracy 67.4 | Loss: 1.4535 | Aggregation time: 3.761
tensor([1.8421], device='cuda:0')
tensor([1.8700], device='cuda:0')
tensor([1.8666], device='cuda:0')
tensor([1.8616], device='cuda:0')
tensor([1.8979], device='cuda:0')
tensor([1.9110], device='cuda:0')
tensor([1.9459], device='cuda:0')
tensor([1.9598], device='cuda:0')
tensor([1.9950], device='cuda:0')
Epoch 7 Accuracy 66.3 | Loss: 1.1366 | Aggregation time: 4.325
tensor([2.0383], device='cuda:0')
tensor([2.1022], device='cuda:0')
tensor([2.1347], device='cuda:0')
tensor([2.1161], device='cuda:0')
tensor([2.1428], device='cuda:0')
tensor([2.1397], device='cuda:0')
tensor([2.1431], device='cuda:0')
tensor([2.1601], device='cuda:0')
tensor([2.2103], device='cuda:0')
tensor([2.2163], device='cuda:0')
Epoch 8 Accuracy 77.0 | Loss: 0.8729 | Aggregation time: 4.95
tensor([2.2340], device='cuda:0')
tensor([2.2753], device='cuda:0')
tensor([2.3158], device='cuda:0')
tensor([2.3295], device='cuda:0')
tensor([2.3071], device='cuda:0')
tensor([2.2556], device='cuda:0')
tensor([2.1826], device='cuda:0')
tensor([2.0894], device='cuda:0')
tensor([2.0969], device='cuda:0')
Epoch 9 Accuracy 75.6 | Loss: 0.7999 | Aggregation time: 5.493
tensor([2.0954], device='cuda:0')
tensor([2.0884], device='cuda:0')
tensor([2.1006], device='cuda:0')
tensor([2.0974], device='cuda:0')
tensor([2.1253], device='cuda:0')
tensor([2.1530], device='cuda:0')
tensor([2.1765], device='cuda:0')
tensor([2.2168], device='cuda:0')
tensor([2.2349], device='cuda:0')
Epoch 10 Accuracy 81.39999999999999 | Loss: 0.8001 | Aggregation time: 6.097
tensor([2.2589], device='cuda:0')
tensor([2.2802], device='cuda:0')
tensor([2.2709], device='cuda:0')
tensor([2.2481], device='cuda:0')
tensor([2.2396], device='cuda:0')
tensor([2.2319], device='cuda:0')
tensor([2.2663], device='cuda:0')
tensor([2.2938], device='cuda:0')
tensor([2.3704], device='cuda:0')
tensor([2.3782], device='cuda:0')
Epoch 11 Accuracy 82.5 | Loss: 0.6896 | Aggregation time: 6.728
tensor([2.3596], device='cuda:0')
tensor([2.3354], device='cuda:0')
tensor([2.3843], device='cuda:0')
tensor([2.3929], device='cuda:0')
tensor([2.3988], device='cuda:0')
tensor([2.3655], device='cuda:0')
tensor([2.3445], device='cuda:0')
tensor([2.3321], device='cuda:0')
tensor([2.3236], device='cuda:0')
Epoch 12 Accuracy 86.1 | Loss: 0.5402 | Aggregation time: 7.271
tensor([2.2714], device='cuda:0')
tensor([2.2143], device='cuda:0')
tensor([2.2606], device='cuda:0')
tensor([2.2596], device='cuda:0')
tensor([2.2760], device='cuda:0')
tensor([2.2324], device='cuda:0')
tensor([2.2975], device='cuda:0')
tensor([2.3869], device='cuda:0')
tensor([2.4637], device='cuda:0')
Epoch 13 Accuracy 85.2 | Loss: 0.4305 | Aggregation time: 7.809
tensor([2.4388], device='cuda:0')
tensor([2.3808], device='cuda:0')
tensor([2.3852], device='cuda:0')
tensor([2.3524], device='cuda:0')
tensor([2.2940], device='cuda:0')
tensor([2.2539], device='cuda:0')
tensor([2.1927], device='cuda:0')
tensor([2.1528], device='cuda:0')
tensor([2.1758], device='cuda:0')
tensor([2.1780], device='cuda:0')
Epoch 14 Accuracy 87.9 | Loss: 0.4065 | Aggregation time: 8.341
tensor([2.1791], device='cuda:0')
tensor([2.1602], device='cuda:0')
tensor([2.1519], device='cuda:0')
tensor([2.1410], device='cuda:0')
tensor([2.1497], device='cuda:0')
tensor([2.1451], device='cuda:0')
tensor([2.0457], device='cuda:0')
tensor([1.9887], device='cuda:0')
tensor([1.9915], device='cuda:0')
Epoch 15 Accuracy 78.5 | Loss: 0.4246 | Aggregation time: 8.871
tensor([1.9571], device='cuda:0')
tensor([1.9106], device='cuda:0')
tensor([1.8824], device='cuda:0')
tensor([1.9107], device='cuda:0')
tensor([1.9990], device='cuda:0')
tensor([2.0502], device='cuda:0')
tensor([2.1190], device='cuda:0')
tensor([2.1394], device='cuda:0')
tensor([2.1360], device='cuda:0')
Epoch 16 Accuracy 88.5 | Loss: 0.3823 | Aggregation time: 9.468
tensor([2.1075], device='cuda:0')
tensor([2.1251], device='cuda:0')
tensor([2.0932], device='cuda:0')
tensor([2.0616], device='cuda:0')
tensor([2.0141], device='cuda:0')
tensor([2.0047], device='cuda:0')
tensor([2.0010], device='cuda:0')
tensor([2.0057], device='cuda:0')
tensor([2.0026], device='cuda:0')
tensor([1.9452], device='cuda:0')
Epoch 17 Accuracy 90.10000000000001 | Loss: 0.3808 | Aggregation time: 10.05
tensor([1.9436], device='cuda:0')
tensor([1.9368], device='cuda:0')
tensor([1.8672], device='cuda:0')
tensor([1.8802], device='cuda:0')
tensor([1.9465], device='cuda:0')
tensor([1.9283], device='cuda:0')
tensor([1.9114], device='cuda:0')
tensor([1.9555], device='cuda:0')
tensor([1.9636], device='cuda:0')
Epoch 18 Accuracy 92.80000000000001 | Loss: 0.3348 | Aggregation time: 10.608
tensor([2.0148], device='cuda:0')
tensor([2.0589], device='cuda:0')
tensor([2.1105], device='cuda:0')
tensor([2.1101], device='cuda:0')
tensor([2.0960], device='cuda:0')
tensor([2.0562], device='cuda:0')
tensor([2.0895], device='cuda:0')
tensor([2.0710], device='cuda:0')
tensor([2.0797], device='cuda:0')
tensor([2.1209], device='cuda:0')
Epoch 19 Accuracy 89.60000000000001 | Loss: 0.2797 | Aggregation time: 11.259
tensor([2.2013], device='cuda:0')
tensor([2.1603], device='cuda:0')
tensor([2.1292], device='cuda:0')
tensor([2.1171], device='cuda:0')
tensor([2.1163], device='cuda:0')
tensor([2.1045], device='cuda:0')
tensor([2.0576], device='cuda:0')
tensor([1.9655], device='cuda:0')
tensor([1.9629], device='cuda:0')
Epoch 20 Accuracy 93.0 | Loss: 0.2684 | Aggregation time: 11.773
