C:\Users\user\Desktop\IoT\FLTG-implementation\FL-Byzantine-Library\client.py:43: UserWarning: To copy construct from a tensor, it is recommended to use sourceTensor.clone().detach() or sourceTensor.clone().detach().requires_grad_(True), rather than torch.tensor(sourceTensor).
  self.momentum = torch.tensor(torch.zeros_like(flat_model, device=self.device))
number of parameters  0.431 M
tensor([1.8138], device='cuda:0')
tensor([1.7982], device='cuda:0')
tensor([1.7895], device='cuda:0')
tensor([1.8403], device='cuda:0')
tensor([1.8578], device='cuda:0')
tensor([1.8456], device='cuda:0')
tensor([1.8368], device='cuda:0')
tensor([1.8576], device='cuda:0')
tensor([1.8776], device='cuda:0')
tensor([1.8595], device='cuda:0')
Epoch 1 Accuracy 8.9 | Loss: 2.4909 | Aggregation time: 0.413
tensor([1.7891], device='cuda:0')
tensor([1.8731], device='cuda:0')
tensor([1.9560], device='cuda:0')
tensor([1.9760], device='cuda:0')
tensor([1.9783], device='cuda:0')
tensor([1.9745], device='cuda:0')
tensor([1.9695], device='cuda:0')
tensor([1.9674], device='cuda:0')
tensor([1.9622], device='cuda:0')
Epoch 2 Accuracy 9.8 | Loss: 2.4574 | Aggregation time: 0.699
tensor([1.9598], device='cuda:0')
tensor([1.9541], device='cuda:0')
tensor([1.9396], device='cuda:0')
tensor([1.9251], device='cuda:0')
tensor([1.8941], device='cuda:0')
tensor([1.8344], device='cuda:0')
tensor([1.8214], device='cuda:0')
tensor([1.7846], device='cuda:0')
tensor([1.6569], device='cuda:0')
tensor([1.5711], device='cuda:0')
Epoch 3 Accuracy 20.4 | Loss: 2.2092 | Aggregation time: 1.198
tensor([1.4936], device='cuda:0')
tensor([1.5483], device='cuda:0')
tensor([1.5118], device='cuda:0')
tensor([1.3201], device='cuda:0')
tensor([1.5937], device='cuda:0')
tensor([1.6179], device='cuda:0')
tensor([1.6747], device='cuda:0')
tensor([1.7551], device='cuda:0')
tensor([1.8050], device='cuda:0')
Epoch 4 Accuracy 31.6 | Loss: 2.7648 | Aggregation time: 1.589
tensor([1.8318], device='cuda:0')
tensor([1.8531], device='cuda:0')
tensor([1.8889], device='cuda:0')
tensor([1.9176], device='cuda:0')
tensor([1.9372], device='cuda:0')
tensor([1.9552], device='cuda:0')
tensor([1.9812], device='cuda:0')
tensor([2.0102], device='cuda:0')
tensor([2.0282], device='cuda:0')
Epoch 5 Accuracy 22.2 | Loss: 2.2239 | Aggregation time: 1.901
tensor([2.0382], device='cuda:0')
tensor([2.0682], device='cuda:0')
tensor([2.0651], device='cuda:0')
tensor([2.0702], device='cuda:0')
tensor([2.0288], device='cuda:0')
tensor([1.9911], device='cuda:0')
tensor([1.9634], device='cuda:0')
tensor([1.8566], device='cuda:0')
tensor([1.8641], device='cuda:0')
tensor([1.8470], device='cuda:0')
Epoch 6 Accuracy 32.2 | Loss: 2.4766 | Aggregation time: 2.237
tensor([1.8661], device='cuda:0')
tensor([1.8823], device='cuda:0')
tensor([1.9091], device='cuda:0')
tensor([1.9554], device='cuda:0')
tensor([2.0040], device='cuda:0')
tensor([2.0564], device='cuda:0')
tensor([2.0778], device='cuda:0')
tensor([2.0843], device='cuda:0')
tensor([2.0953], device='cuda:0')
Epoch 7 Accuracy 40.9 | Loss: 1.9896 | Aggregation time: 2.621
tensor([2.1185], device='cuda:0')
tensor([2.1415], device='cuda:0')
tensor([2.1663], device='cuda:0')
tensor([2.2486], device='cuda:0')
tensor([2.2646], device='cuda:0')
tensor([2.1861], device='cuda:0')
tensor([1.9206], device='cuda:0')
tensor([1.6880], device='cuda:0')
tensor([1.6532], device='cuda:0')
tensor([1.7510], device='cuda:0')
Epoch 8 Accuracy 58.9 | Loss: 1.5583 | Aggregation time: 3.304
tensor([2.0274], device='cuda:0')
tensor([2.2244], device='cuda:0')
tensor([2.1932], device='cuda:0')
tensor([2.1730], device='cuda:0')
tensor([2.1462], device='cuda:0')
tensor([2.1305], device='cuda:0')
tensor([2.0959], device='cuda:0')
tensor([2.0692], device='cuda:0')
tensor([2.0338], device='cuda:0')
Epoch 9 Accuracy 50.9 | Loss: 1.5452 | Aggregation time: 3.681
tensor([2.0014], device='cuda:0')
tensor([1.9422], device='cuda:0')
tensor([1.8920], device='cuda:0')
tensor([1.8523], device='cuda:0')
tensor([1.7832], device='cuda:0')
tensor([1.7367], device='cuda:0')
tensor([1.6558], device='cuda:0')
tensor([1.6350], device='cuda:0')
tensor([1.6478], device='cuda:0')
Epoch 10 Accuracy 61.5 | Loss: 1.1949 | Aggregation time: 4.038
tensor([1.5667], device='cuda:0')
tensor([1.5731], device='cuda:0')
tensor([1.6171], device='cuda:0')
tensor([1.6615], device='cuda:0')
tensor([1.6746], device='cuda:0')
tensor([1.6446], device='cuda:0')
tensor([1.6269], device='cuda:0')
tensor([1.5892], device='cuda:0')
tensor([1.5893], device='cuda:0')
tensor([1.5744], device='cuda:0')
Epoch 11 Accuracy 76.9 | Loss: 0.9267 | Aggregation time: 4.542
tensor([1.5236], device='cuda:0')
tensor([1.5550], device='cuda:0')
tensor([1.6061], device='cuda:0')
tensor([1.6890], device='cuda:0')
tensor([1.6913], device='cuda:0')
tensor([1.6890], device='cuda:0')
tensor([1.7101], device='cuda:0')
tensor([1.7737], device='cuda:0')
tensor([1.7922], device='cuda:0')
Epoch 12 Accuracy 68.10000000000001 | Loss: 0.7053 | Aggregation time: 4.97
tensor([1.8203], device='cuda:0')
tensor([1.8960], device='cuda:0')
tensor([1.9397], device='cuda:0')
tensor([1.9600], device='cuda:0')
tensor([1.9409], device='cuda:0')
tensor([1.9110], device='cuda:0')
tensor([1.8646], device='cuda:0')
tensor([1.8403], device='cuda:0')
tensor([1.8361], device='cuda:0')
Epoch 13 Accuracy 80.7 | Loss: 0.7411 | Aggregation time: 5.379
tensor([1.8524], device='cuda:0')
tensor([1.8621], device='cuda:0')
tensor([1.8499], device='cuda:0')
tensor([1.8517], device='cuda:0')
tensor([1.8697], device='cuda:0')
tensor([1.8619], device='cuda:0')
tensor([1.8547], device='cuda:0')
tensor([1.8738], device='cuda:0')
tensor([1.9129], device='cuda:0')
tensor([1.9597], device='cuda:0')
Epoch 14 Accuracy 83.3 | Loss: 0.5695 | Aggregation time: 5.765
tensor([2.0042], device='cuda:0')
tensor([1.9989], device='cuda:0')
tensor([2.0284], device='cuda:0')
tensor([2.0269], device='cuda:0')
tensor([2.0128], device='cuda:0')
tensor([2.0089], device='cuda:0')
tensor([2.0002], device='cuda:0')
tensor([2.0253], device='cuda:0')
tensor([1.9964], device='cuda:0')
Epoch 15 Accuracy 90.0 | Loss: 0.4659 | Aggregation time: 6.165
tensor([2.0992], device='cuda:0')
tensor([2.2541], device='cuda:0')
tensor([2.3857], device='cuda:0')
tensor([2.4933], device='cuda:0')
tensor([2.5416], device='cuda:0')
tensor([2.4961], device='cuda:0')
tensor([2.4531], device='cuda:0')
tensor([2.4214], device='cuda:0')
tensor([2.4911], device='cuda:0')
Epoch 16 Accuracy 87.6 | Loss: 0.427 | Aggregation time: 6.552
tensor([2.5241], device='cuda:0')
tensor([2.4942], device='cuda:0')
tensor([2.4770], device='cuda:0')
tensor([2.3528], device='cuda:0')
tensor([2.3797], device='cuda:0')
tensor([2.3280], device='cuda:0')
tensor([2.2766], device='cuda:0')
tensor([2.1647], device='cuda:0')
tensor([2.0523], device='cuda:0')
tensor([2.0267], device='cuda:0')
Epoch 17 Accuracy 82.3 | Loss: 0.3894 | Aggregation time: 6.913
tensor([1.9892], device='cuda:0')
tensor([1.9573], device='cuda:0')
tensor([1.9316], device='cuda:0')
tensor([1.9547], device='cuda:0')
tensor([1.9197], device='cuda:0')
tensor([1.8817], device='cuda:0')
tensor([1.8552], device='cuda:0')
tensor([1.8510], device='cuda:0')
tensor([1.8463], device='cuda:0')
Epoch 18 Accuracy 89.8 | Loss: 0.3937 | Aggregation time: 7.29
tensor([1.9690], device='cuda:0')
tensor([2.0535], device='cuda:0')
tensor([2.0760], device='cuda:0')
tensor([2.0785], device='cuda:0')
tensor([2.1718], device='cuda:0')
tensor([2.1730], device='cuda:0')
tensor([2.1761], device='cuda:0')
tensor([2.0097], device='cuda:0')
tensor([1.9571], device='cuda:0')
tensor([1.8780], device='cuda:0')
Epoch 19 Accuracy 87.0 | Loss: 0.3515 | Aggregation time: 7.642
tensor([1.8109], device='cuda:0')
tensor([1.7655], device='cuda:0')
tensor([1.7904], device='cuda:0')
tensor([1.8332], device='cuda:0')
tensor([1.8625], device='cuda:0')
tensor([1.7948], device='cuda:0')
tensor([1.8099], device='cuda:0')
tensor([1.9638], device='cuda:0')
tensor([2.0197], device='cuda:0')
Epoch 20 Accuracy 92.10000000000001 | Loss: 0.3392 | Aggregation time: 7.924
