C:\Users\user\Desktop\IoT\FLTG-implementation\FL-Byzantine-Library\client.py:43: UserWarning: To copy construct from a tensor, it is recommended to use sourceTensor.clone().detach() or sourceTensor.clone().detach().requires_grad_(True), rather than torch.tensor(sourceTensor).
  self.momentum = torch.tensor(torch.zeros_like(flat_model, device=self.device))
Files already downloaded and verified
Files already downloaded and verified
number of parameters  0.697 M
tensor([1.5460], device='cuda:0')
tensor([1.5052], device='cuda:0')
tensor([1.5029], device='cuda:0')
tensor([1.5210], device='cuda:0')
tensor([1.5650], device='cuda:0')
tensor([1.5463], device='cuda:0')
tensor([1.5923], device='cuda:0')
tensor([1.5813], device='cuda:0')
tensor([1.5634], device='cuda:0')
tensor([1.5675], device='cuda:0')
Epoch 1 Accuracy 16.5 | Loss: 2.3221 | Aggregation time: 0.659
tensor([1.5591], device='cuda:0')
tensor([1.5555], device='cuda:0')
tensor([1.5712], device='cuda:0')
tensor([1.5564], device='cuda:0')
tensor([1.5564], device='cuda:0')
tensor([1.5626], device='cuda:0')
tensor([1.5800], device='cuda:0')
tensor([1.5914], device='cuda:0')
tensor([1.6109], device='cuda:0')
tensor([1.6017], device='cuda:0')
Epoch 2 Accuracy 19.1 | Loss: 2.2672 | Aggregation time: 1.475
tensor([1.6397], device='cuda:0')
tensor([1.6571], device='cuda:0')
tensor([1.6544], device='cuda:0')
tensor([1.6645], device='cuda:0')
tensor([1.6807], device='cuda:0')
tensor([1.6986], device='cuda:0')
tensor([1.7025], device='cuda:0')
tensor([1.7094], device='cuda:0')
tensor([1.7225], device='cuda:0')
tensor([1.7526], device='cuda:0')
Epoch 3 Accuracy 25.8 | Loss: 2.1599 | Aggregation time: 2.161
tensor([1.7453], device='cuda:0')
tensor([1.6978], device='cuda:0')
tensor([1.6832], device='cuda:0')
tensor([1.6726], device='cuda:0')
tensor([1.6659], device='cuda:0')
tensor([1.6694], device='cuda:0')
tensor([1.6575], device='cuda:0')
tensor([1.6688], device='cuda:0')
tensor([1.6660], device='cuda:0')
tensor([1.6578], device='cuda:0')
Epoch 4 Accuracy 25.1 | Loss: 2.1132 | Aggregation time: 2.815
tensor([1.6553], device='cuda:0')
tensor([1.6675], device='cuda:0')
tensor([1.6422], device='cuda:0')
tensor([1.6545], device='cuda:0')
tensor([1.6284], device='cuda:0')
tensor([1.6278], device='cuda:0')
tensor([1.6205], device='cuda:0')
tensor([1.6128], device='cuda:0')
tensor([1.6114], device='cuda:0')
Epoch 5 Accuracy 30.0 | Loss: 2.0313 | Aggregation time: 3.44
tensor([1.5935], device='cuda:0')
tensor([1.5990], device='cuda:0')
tensor([1.5858], device='cuda:0')
tensor([1.5846], device='cuda:0')
tensor([1.5748], device='cuda:0')
tensor([1.5615], device='cuda:0')
tensor([1.5432], device='cuda:0')
tensor([1.5490], device='cuda:0')
tensor([1.5271], device='cuda:0')
tensor([1.5213], device='cuda:0')
Epoch 6 Accuracy 31.0 | Loss: 2.0007 | Aggregation time: 4.229
tensor([1.5229], device='cuda:0')
tensor([1.5132], device='cuda:0')
tensor([1.5082], device='cuda:0')
tensor([1.5104], device='cuda:0')
tensor([1.5129], device='cuda:0')
tensor([1.5052], device='cuda:0')
tensor([1.5131], device='cuda:0')
tensor([1.5109], device='cuda:0')
tensor([1.5117], device='cuda:0')
tensor([1.5239], device='cuda:0')
Epoch 7 Accuracy 30.0 | Loss: 1.9582 | Aggregation time: 4.94
tensor([1.5138], device='cuda:0')
tensor([1.5258], device='cuda:0')
tensor([1.5163], device='cuda:0')
tensor([1.5162], device='cuda:0')
tensor([1.5196], device='cuda:0')
tensor([1.5240], device='cuda:0')
tensor([1.5539], device='cuda:0')
tensor([1.5233], device='cuda:0')
tensor([1.5169], device='cuda:0')
tensor([1.5225], device='cuda:0')
Epoch 8 Accuracy 32.300000000000004 | Loss: 1.9589 | Aggregation time: 5.6
tensor([1.5327], device='cuda:0')
tensor([1.5062], device='cuda:0')
tensor([1.5310], device='cuda:0')
tensor([1.5458], device='cuda:0')
tensor([1.5410], device='cuda:0')
tensor([1.5402], device='cuda:0')
tensor([1.5372], device='cuda:0')
tensor([1.5168], device='cuda:0')
tensor([1.5138], device='cuda:0')
Epoch 9 Accuracy 29.599999999999998 | Loss: 1.9338 | Aggregation time: 6.168
tensor([1.5169], device='cuda:0')
tensor([1.5155], device='cuda:0')
tensor([1.5246], device='cuda:0')
tensor([1.5107], device='cuda:0')
tensor([1.5067], device='cuda:0')
tensor([1.5191], device='cuda:0')
tensor([1.5289], device='cuda:0')
tensor([1.5515], device='cuda:0')
tensor([1.5515], device='cuda:0')
tensor([1.5382], device='cuda:0')
Epoch 10 Accuracy 31.6 | Loss: 1.9671 | Aggregation time: 6.932
tensor([1.5347], device='cuda:0')
tensor([1.5275], device='cuda:0')
tensor([1.5234], device='cuda:0')
tensor([1.5212], device='cuda:0')
tensor([1.5181], device='cuda:0')
tensor([1.5154], device='cuda:0')
tensor([1.5277], device='cuda:0')
tensor([1.5201], device='cuda:0')
tensor([1.5169], device='cuda:0')
tensor([1.5236], device='cuda:0')
Epoch 11 Accuracy 34.0 | Loss: 1.873 | Aggregation time: 7.647
tensor([1.5172], device='cuda:0')
tensor([1.5229], device='cuda:0')
tensor([1.5243], device='cuda:0')
tensor([1.5364], device='cuda:0')
tensor([1.5332], device='cuda:0')
tensor([1.5292], device='cuda:0')
tensor([1.5188], device='cuda:0')
tensor([1.5099], device='cuda:0')
tensor([1.4887], device='cuda:0')
tensor([1.4779], device='cuda:0')
Epoch 12 Accuracy 32.7 | Loss: 1.9112 | Aggregation time: 8.29
tensor([1.4755], device='cuda:0')
tensor([1.4708], device='cuda:0')
tensor([1.4851], device='cuda:0')
tensor([1.4575], device='cuda:0')
tensor([1.4853], device='cuda:0')
tensor([1.5185], device='cuda:0')
tensor([1.5072], device='cuda:0')
tensor([1.4960], device='cuda:0')
tensor([1.5025], device='cuda:0')
Epoch 13 Accuracy 33.7 | Loss: 1.8945 | Aggregation time: 8.875
tensor([1.4941], device='cuda:0')
tensor([1.5068], device='cuda:0')
tensor([1.4924], device='cuda:0')
tensor([1.4665], device='cuda:0')
tensor([1.4628], device='cuda:0')
tensor([1.4617], device='cuda:0')
tensor([1.4503], device='cuda:0')
tensor([1.4941], device='cuda:0')
tensor([1.5257], device='cuda:0')
tensor([1.5324], device='cuda:0')
Epoch 14 Accuracy 37.1 | Loss: 1.8399 | Aggregation time: 9.537
tensor([1.5474], device='cuda:0')
tensor([1.5767], device='cuda:0')
tensor([1.5473], device='cuda:0')
tensor([1.5395], device='cuda:0')
tensor([1.5475], device='cuda:0')
tensor([1.5184], device='cuda:0')
tensor([1.5171], device='cuda:0')
tensor([1.5206], device='cuda:0')
tensor([1.5122], device='cuda:0')
tensor([1.5194], device='cuda:0')
Epoch 15 Accuracy 36.1 | Loss: 1.8379 | Aggregation time: 10.254
tensor([1.5553], device='cuda:0')
tensor([1.5294], device='cuda:0')
tensor([1.5180], device='cuda:0')
tensor([1.5194], device='cuda:0')
tensor([1.4975], device='cuda:0')
tensor([1.4835], device='cuda:0')
tensor([1.5187], device='cuda:0')
tensor([1.5212], device='cuda:0')
tensor([1.5117], device='cuda:0')
tensor([1.5280], device='cuda:0')
Epoch 16 Accuracy 34.0 | Loss: 1.842 | Aggregation time: 10.925
tensor([1.5300], device='cuda:0')
tensor([1.5266], device='cuda:0')
tensor([1.5180], device='cuda:0')
tensor([1.5178], device='cuda:0')
tensor([1.5344], device='cuda:0')
tensor([1.5023], device='cuda:0')
tensor([1.5188], device='cuda:0')
tensor([1.5318], device='cuda:0')
tensor([1.5721], device='cuda:0')
tensor([1.5699], device='cuda:0')
Epoch 17 Accuracy 35.099999999999994 | Loss: 1.796 | Aggregation time: 11.748
tensor([1.5432], device='cuda:0')
tensor([1.5269], device='cuda:0')
tensor([1.5277], device='cuda:0')
tensor([1.5253], device='cuda:0')
tensor([1.5438], device='cuda:0')
tensor([1.5835], device='cuda:0')
tensor([1.6001], device='cuda:0')
tensor([1.5812], device='cuda:0')
tensor([1.5042], device='cuda:0')
Epoch 18 Accuracy 39.7 | Loss: 1.8202 | Aggregation time: 12.573
tensor([1.5304], device='cuda:0')
tensor([1.5668], device='cuda:0')
tensor([1.5738], device='cuda:0')
tensor([1.5651], device='cuda:0')
tensor([1.5125], device='cuda:0')
tensor([1.5106], device='cuda:0')
tensor([1.5211], device='cuda:0')
tensor([1.5181], device='cuda:0')
tensor([1.5229], device='cuda:0')
tensor([1.5271], device='cuda:0')
Epoch 19 Accuracy 35.099999999999994 | Loss: 1.797 | Aggregation time: 13.301
tensor([1.5275], device='cuda:0')
tensor([1.5427], device='cuda:0')
tensor([1.5446], device='cuda:0')
tensor([1.5383], device='cuda:0')
tensor([1.5351], device='cuda:0')
tensor([1.5281], device='cuda:0')
tensor([1.5192], device='cuda:0')
tensor([1.5240], device='cuda:0')
tensor([1.5176], device='cuda:0')
tensor([1.5049], device='cuda:0')
Epoch 20 Accuracy 38.7 | Loss: 1.8031 | Aggregation time: 13.955
tensor([1.4932], device='cuda:0')
tensor([1.5050], device='cuda:0')
tensor([1.5082], device='cuda:0')
tensor([1.5114], device='cuda:0')
tensor([1.5083], device='cuda:0')
tensor([1.4828], device='cuda:0')
tensor([1.4874], device='cuda:0')
tensor([1.4944], device='cuda:0')
tensor([1.5161], device='cuda:0')
tensor([1.5101], device='cuda:0')
Epoch 21 Accuracy 37.9 | Loss: 1.7675 | Aggregation time: 14.721
tensor([1.4775], device='cuda:0')
tensor([1.4725], device='cuda:0')
tensor([1.4787], device='cuda:0')
tensor([1.5185], device='cuda:0')
tensor([1.5114], device='cuda:0')
tensor([1.5200], device='cuda:0')
tensor([1.5455], device='cuda:0')
tensor([1.5510], device='cuda:0')
tensor([1.5725], device='cuda:0')
Epoch 22 Accuracy 38.0 | Loss: 1.8222 | Aggregation time: 15.383
tensor([1.5601], device='cuda:0')
tensor([1.5334], device='cuda:0')
tensor([1.5512], device='cuda:0')
tensor([1.5779], device='cuda:0')
tensor([1.5702], device='cuda:0')
tensor([1.5516], device='cuda:0')
tensor([1.5543], device='cuda:0')
tensor([1.5614], device='cuda:0')
tensor([1.5759], device='cuda:0')
tensor([1.5792], device='cuda:0')
Epoch 23 Accuracy 37.6 | Loss: 1.7766 | Aggregation time: 16.059
tensor([1.5897], device='cuda:0')
tensor([1.5944], device='cuda:0')
tensor([1.6081], device='cuda:0')
tensor([1.5941], device='cuda:0')
tensor([1.5774], device='cuda:0')
tensor([1.5792], device='cuda:0')
tensor([1.5888], device='cuda:0')
tensor([1.5828], device='cuda:0')
tensor([1.5739], device='cuda:0')
tensor([1.5592], device='cuda:0')
Epoch 24 Accuracy 43.4 | Loss: 1.7274 | Aggregation time: 16.714
tensor([1.5730], device='cuda:0')
tensor([1.5618], device='cuda:0')
tensor([1.5581], device='cuda:0')
tensor([1.5424], device='cuda:0')
tensor([1.5324], device='cuda:0')
tensor([1.5247], device='cuda:0')
tensor([1.5671], device='cuda:0')
tensor([1.5479], device='cuda:0')
tensor([1.5541], device='cuda:0')
tensor([1.5614], device='cuda:0')
Epoch 25 Accuracy 38.7 | Loss: 1.7559 | Aggregation time: 17.403
tensor([1.5471], device='cuda:0')
tensor([1.5542], device='cuda:0')
tensor([1.5722], device='cuda:0')
tensor([1.5785], device='cuda:0')
tensor([1.5750], device='cuda:0')
tensor([1.5785], device='cuda:0')
tensor([1.5603], device='cuda:0')
tensor([1.5609], device='cuda:0')
tensor([1.5841], device='cuda:0')
Epoch 26 Accuracy 33.900000000000006 | Loss: 1.7248 | Aggregation time: 18.066
tensor([1.5706], device='cuda:0')
tensor([1.5646], device='cuda:0')
tensor([1.5697], device='cuda:0')
tensor([1.5703], device='cuda:0')
tensor([1.5647], device='cuda:0')
tensor([1.5656], device='cuda:0')
tensor([1.5874], device='cuda:0')
tensor([1.5756], device='cuda:0')
tensor([1.5934], device='cuda:0')
tensor([1.5562], device='cuda:0')
Epoch 27 Accuracy 44.0 | Loss: 1.6986 | Aggregation time: 18.727
tensor([1.5560], device='cuda:0')
tensor([1.5624], device='cuda:0')
tensor([1.5688], device='cuda:0')
tensor([1.5850], device='cuda:0')
tensor([1.5685], device='cuda:0')
tensor([1.5593], device='cuda:0')
tensor([1.5504], device='cuda:0')
tensor([1.5522], device='cuda:0')
tensor([1.5676], device='cuda:0')
tensor([1.5835], device='cuda:0')
Epoch 28 Accuracy 40.9 | Loss: 1.7163 | Aggregation time: 19.432
tensor([1.5962], device='cuda:0')
tensor([1.5996], device='cuda:0')
tensor([1.6143], device='cuda:0')
tensor([1.6119], device='cuda:0')
tensor([1.6120], device='cuda:0')
tensor([1.5988], device='cuda:0')
tensor([1.6224], device='cuda:0')
tensor([1.6385], device='cuda:0')
tensor([1.6563], device='cuda:0')
tensor([1.6517], device='cuda:0')
Epoch 29 Accuracy 45.4 | Loss: 1.6349 | Aggregation time: 20.097
tensor([1.6698], device='cuda:0')
tensor([1.6655], device='cuda:0')
tensor([1.6171], device='cuda:0')
tensor([1.6310], device='cuda:0')
tensor([1.6393], device='cuda:0')
tensor([1.6311], device='cuda:0')
tensor([1.6425], device='cuda:0')
tensor([1.6285], device='cuda:0')
tensor([1.6519], device='cuda:0')
Epoch 30 Accuracy 41.0 | Loss: 1.6621 | Aggregation time: 20.744
tensor([1.6545], device='cuda:0')
tensor([1.6450], device='cuda:0')
tensor([1.6418], device='cuda:0')
tensor([1.6330], device='cuda:0')
tensor([1.6225], device='cuda:0')
tensor([1.6513], device='cuda:0')
tensor([1.6474], device='cuda:0')
tensor([1.6411], device='cuda:0')
tensor([1.6384], device='cuda:0')
tensor([1.6158], device='cuda:0')
Epoch 31 Accuracy 44.800000000000004 | Loss: 1.6381 | Aggregation time: 21.443
tensor([1.6113], device='cuda:0')
tensor([1.5944], device='cuda:0')
tensor([1.5927], device='cuda:0')
tensor([1.5928], device='cuda:0')
tensor([1.5966], device='cuda:0')
tensor([1.5781], device='cuda:0')
tensor([1.5972], device='cuda:0')
tensor([1.6019], device='cuda:0')
tensor([1.6036], device='cuda:0')
tensor([1.6112], device='cuda:0')
Epoch 32 Accuracy 40.1 | Loss: 1.6159 | Aggregation time: 22.254
tensor([1.6101], device='cuda:0')
tensor([1.5970], device='cuda:0')
tensor([1.5928], device='cuda:0')
tensor([1.5822], device='cuda:0')
tensor([1.5681], device='cuda:0')
tensor([1.5660], device='cuda:0')
tensor([1.5830], device='cuda:0')
tensor([1.5912], device='cuda:0')
tensor([1.5982], device='cuda:0')
tensor([1.6154], device='cuda:0')
Epoch 33 Accuracy 37.3 | Loss: 1.6969 | Aggregation time: 23.081
tensor([1.5922], device='cuda:0')
tensor([1.6026], device='cuda:0')
tensor([1.5810], device='cuda:0')
tensor([1.5763], device='cuda:0')
tensor([1.5779], device='cuda:0')
tensor([1.6384], device='cuda:0')
tensor([1.6707], device='cuda:0')
tensor([1.6686], device='cuda:0')
tensor([1.6256], device='cuda:0')
tensor([1.6479], device='cuda:0')
Epoch 34 Accuracy 41.6 | Loss: 1.6375 | Aggregation time: 23.721
tensor([1.6248], device='cuda:0')
tensor([1.6065], device='cuda:0')
tensor([1.6060], device='cuda:0')
tensor([1.5899], device='cuda:0')
tensor([1.6043], device='cuda:0')
tensor([1.6159], device='cuda:0')
tensor([1.6072], device='cuda:0')
tensor([1.6335], device='cuda:0')
tensor([1.6281], device='cuda:0')
Epoch 35 Accuracy 37.8 | Loss: 1.6574 | Aggregation time: 24.297
tensor([1.6250], device='cuda:0')
tensor([1.6261], device='cuda:0')
tensor([1.5999], device='cuda:0')
tensor([1.6123], device='cuda:0')
tensor([1.6374], device='cuda:0')
tensor([1.6419], device='cuda:0')
tensor([1.6238], device='cuda:0')
tensor([1.6321], device='cuda:0')
tensor([1.6264], device='cuda:0')
tensor([1.6185], device='cuda:0')
Epoch 36 Accuracy 44.5 | Loss: 1.6778 | Aggregation time: 24.956
tensor([1.6223], device='cuda:0')
tensor([1.6188], device='cuda:0')
tensor([1.6233], device='cuda:0')
tensor([1.6354], device='cuda:0')
tensor([1.6406], device='cuda:0')
tensor([1.6372], device='cuda:0')
tensor([1.6410], device='cuda:0')
tensor([1.6355], device='cuda:0')
tensor([1.6215], device='cuda:0')
tensor([1.6132], device='cuda:0')
Epoch 37 Accuracy 48.1 | Loss: 1.6108 | Aggregation time: 25.642
tensor([1.6328], device='cuda:0')
tensor([1.6419], device='cuda:0')
tensor([1.6603], device='cuda:0')
tensor([1.6527], device='cuda:0')
tensor([1.6618], device='cuda:0')
tensor([1.6589], device='cuda:0')
tensor([1.6395], device='cuda:0')
tensor([1.6346], device='cuda:0')
tensor([1.6279], device='cuda:0')
tensor([1.6577], device='cuda:0')
Epoch 38 Accuracy 46.1 | Loss: 1.5855 | Aggregation time: 26.325
tensor([1.6448], device='cuda:0')
tensor([1.6330], device='cuda:0')
tensor([1.5864], device='cuda:0')
tensor([1.5793], device='cuda:0')
tensor([1.5707], device='cuda:0')
tensor([1.5570], device='cuda:0')
tensor([1.5468], device='cuda:0')
tensor([1.5629], device='cuda:0')
tensor([1.5758], device='cuda:0')
Epoch 39 Accuracy 39.0 | Loss: 1.5857 | Aggregation time: 26.924
tensor([1.5633], device='cuda:0')
tensor([1.5741], device='cuda:0')
tensor([1.5916], device='cuda:0')
tensor([1.5783], device='cuda:0')
tensor([1.5428], device='cuda:0')
tensor([1.5520], device='cuda:0')
tensor([1.5778], device='cuda:0')
tensor([1.5619], device='cuda:0')
tensor([1.5936], device='cuda:0')
tensor([1.5775], device='cuda:0')
Epoch 40 Accuracy 49.1 | Loss: 1.5915 | Aggregation time: 27.537
tensor([1.5858], device='cuda:0')
tensor([1.5928], device='cuda:0')
tensor([1.6012], device='cuda:0')
tensor([1.6553], device='cuda:0')
tensor([1.6659], device='cuda:0')
tensor([1.6899], device='cuda:0')
tensor([1.6933], device='cuda:0')
tensor([1.6751], device='cuda:0')
tensor([1.6537], device='cuda:0')
tensor([1.6519], device='cuda:0')
Epoch 41 Accuracy 45.7 | Loss: 1.5428 | Aggregation time: 28.289
tensor([1.6462], device='cuda:0')
tensor([1.6381], device='cuda:0')
tensor([1.6297], device='cuda:0')
tensor([1.6060], device='cuda:0')
tensor([1.5739], device='cuda:0')
tensor([1.5932], device='cuda:0')
tensor([1.5624], device='cuda:0')
tensor([1.5882], device='cuda:0')
tensor([1.6042], device='cuda:0')
tensor([1.6064], device='cuda:0')
Epoch 42 Accuracy 41.8 | Loss: 1.5964 | Aggregation time: 28.999
tensor([1.6051], device='cuda:0')
tensor([1.5758], device='cuda:0')
tensor([1.5453], device='cuda:0')
tensor([1.5513], device='cuda:0')
tensor([1.5492], device='cuda:0')
tensor([1.5758], device='cuda:0')
tensor([1.5678], device='cuda:0')
tensor([1.5496], device='cuda:0')
tensor([1.5346], device='cuda:0')
Epoch 43 Accuracy 42.5 | Loss: 1.5811 | Aggregation time: 29.675
tensor([1.5489], device='cuda:0')
tensor([1.5860], device='cuda:0')
tensor([1.5833], device='cuda:0')
tensor([1.5800], device='cuda:0')
tensor([1.5703], device='cuda:0')
tensor([1.6026], device='cuda:0')
tensor([1.6571], device='cuda:0')
tensor([1.6450], device='cuda:0')
tensor([1.6328], device='cuda:0')
tensor([1.6331], device='cuda:0')
Epoch 44 Accuracy 46.1 | Loss: 1.5579 | Aggregation time: 30.342
tensor([1.6541], device='cuda:0')
tensor([1.6378], device='cuda:0')
tensor([1.6473], device='cuda:0')
tensor([1.6364], device='cuda:0')
tensor([1.6182], device='cuda:0')
tensor([1.6230], device='cuda:0')
tensor([1.6471], device='cuda:0')
tensor([1.6493], device='cuda:0')
tensor([1.6213], device='cuda:0')
tensor([1.6302], device='cuda:0')
Epoch 45 Accuracy 51.2 | Loss: 1.5347 | Aggregation time: 31.128
tensor([1.6259], device='cuda:0')
tensor([1.6305], device='cuda:0')
tensor([1.6537], device='cuda:0')
tensor([1.6363], device='cuda:0')
tensor([1.6475], device='cuda:0')
tensor([1.6648], device='cuda:0')
tensor([1.6869], device='cuda:0')
tensor([1.6541], device='cuda:0')
tensor([1.6523], device='cuda:0')
tensor([1.6249], device='cuda:0')
Epoch 46 Accuracy 49.4 | Loss: 1.4669 | Aggregation time: 31.868
tensor([1.6418], device='cuda:0')
tensor([1.6407], device='cuda:0')
tensor([1.5895], device='cuda:0')
tensor([1.5818], device='cuda:0')
tensor([1.5693], device='cuda:0')
tensor([1.5833], device='cuda:0')
tensor([1.5643], device='cuda:0')
tensor([1.6037], device='cuda:0')
tensor([1.6269], device='cuda:0')
Epoch 47 Accuracy 47.5 | Loss: 1.4649 | Aggregation time: 32.777
tensor([1.6492], device='cuda:0')
tensor([1.6915], device='cuda:0')
tensor([1.7055], device='cuda:0')
tensor([1.6939], device='cuda:0')
tensor([1.7009], device='cuda:0')
tensor([1.6820], device='cuda:0')
tensor([1.6848], device='cuda:0')
tensor([1.6759], device='cuda:0')
tensor([1.6250], device='cuda:0')
tensor([1.5787], device='cuda:0')
Epoch 48 Accuracy 47.3 | Loss: 1.5482 | Aggregation time: 33.581
tensor([1.6289], device='cuda:0')
tensor([1.6313], device='cuda:0')
tensor([1.6161], device='cuda:0')
tensor([1.6217], device='cuda:0')
tensor([1.6168], device='cuda:0')
tensor([1.6090], device='cuda:0')
tensor([1.6082], device='cuda:0')
tensor([1.6298], device='cuda:0')
tensor([1.6066], device='cuda:0')
tensor([1.6100], device='cuda:0')
Epoch 49 Accuracy 51.2 | Loss: 1.5956 | Aggregation time: 34.238
tensor([1.6084], device='cuda:0')
tensor([1.6145], device='cuda:0')
tensor([1.6123], device='cuda:0')
tensor([1.6171], device='cuda:0')
tensor([1.6187], device='cuda:0')
tensor([1.6160], device='cuda:0')
tensor([1.6291], device='cuda:0')
tensor([1.5939], device='cuda:0')
tensor([1.6035], device='cuda:0')
tensor([1.6342], device='cuda:0')
Epoch 50 Accuracy 54.900000000000006 | Loss: 1.5177 | Aggregation time: 34.982
