C:\Users\user\Desktop\IoT\FLTG-implementation\FL-Byzantine-Library\client.py:43: UserWarning: To copy construct from a tensor, it is recommended to use sourceTensor.clone().detach() or sourceTensor.clone().detach().requires_grad_(True), rather than torch.tensor(sourceTensor).
  self.momentum = torch.tensor(torch.zeros_like(flat_model, device=self.device))
Files already downloaded and verified
Files already downloaded and verified
number of parameters  0.697 M
tensor([1.6020], device='cuda:0')
tensor([1.6888], device='cuda:0')
tensor([1.6665], device='cuda:0')
tensor([1.6315], device='cuda:0')
tensor([1.6986], device='cuda:0')
tensor([1.6692], device='cuda:0')
tensor([1.6778], device='cuda:0')
tensor([1.6557], device='cuda:0')
tensor([1.6332], device='cuda:0')
tensor([1.6223], device='cuda:0')
Epoch 1 Accuracy 16.2 | Loss: 2.3425 | Aggregation time: 0.733
tensor([1.6314], device='cuda:0')
tensor([1.6345], device='cuda:0')
tensor([1.6660], device='cuda:0')
tensor([1.6473], device='cuda:0')
tensor([1.6784], device='cuda:0')
tensor([1.6917], device='cuda:0')
tensor([1.7101], device='cuda:0')
tensor([1.7172], device='cuda:0')
tensor([1.7016], device='cuda:0')
tensor([1.7012], device='cuda:0')
Epoch 2 Accuracy 16.7 | Loss: 2.3771 | Aggregation time: 1.318
tensor([1.7143], device='cuda:0')
tensor([1.7145], device='cuda:0')
tensor([1.7020], device='cuda:0')
tensor([1.6854], device='cuda:0')
tensor([1.6764], device='cuda:0')
tensor([1.6405], device='cuda:0')
tensor([1.6235], device='cuda:0')
tensor([1.6237], device='cuda:0')
tensor([1.6366], device='cuda:0')
tensor([1.6470], device='cuda:0')
Epoch 3 Accuracy 24.5 | Loss: 2.1826 | Aggregation time: 1.9
tensor([1.6420], device='cuda:0')
tensor([1.6381], device='cuda:0')
tensor([1.6450], device='cuda:0')
tensor([1.6362], device='cuda:0')
tensor([1.6283], device='cuda:0')
tensor([1.6295], device='cuda:0')
tensor([1.6456], device='cuda:0')
tensor([1.6332], device='cuda:0')
tensor([1.6135], device='cuda:0')
tensor([1.6225], device='cuda:0')
Epoch 4 Accuracy 25.5 | Loss: 2.15 | Aggregation time: 2.46
tensor([1.6275], device='cuda:0')
tensor([1.6422], device='cuda:0')
tensor([1.6370], device='cuda:0')
tensor([1.6375], device='cuda:0')
tensor([1.6345], device='cuda:0')
tensor([1.6435], device='cuda:0')
tensor([1.6385], device='cuda:0')
tensor([1.6316], device='cuda:0')
tensor([1.6554], device='cuda:0')
Epoch 5 Accuracy 24.3 | Loss: 2.0883 | Aggregation time: 2.977
tensor([1.6422], device='cuda:0')
tensor([1.6464], device='cuda:0')
tensor([1.6769], device='cuda:0')
tensor([1.6835], device='cuda:0')
tensor([1.6937], device='cuda:0')
tensor([1.7172], device='cuda:0')
tensor([1.7187], device='cuda:0')
tensor([1.7321], device='cuda:0')
tensor([1.7460], device='cuda:0')
tensor([1.7540], device='cuda:0')
Epoch 6 Accuracy 22.8 | Loss: 2.1108 | Aggregation time: 3.578
tensor([1.7437], device='cuda:0')
tensor([1.7183], device='cuda:0')
tensor([1.7432], device='cuda:0')
tensor([1.7613], device='cuda:0')
tensor([1.7329], device='cuda:0')
tensor([1.7577], device='cuda:0')
tensor([1.7936], device='cuda:0')
tensor([1.7473], device='cuda:0')
tensor([1.7203], device='cuda:0')
tensor([1.7526], device='cuda:0')
Epoch 7 Accuracy 28.299999999999997 | Loss: 2.1005 | Aggregation time: 4.056
tensor([1.7261], device='cuda:0')
tensor([1.7303], device='cuda:0')
tensor([1.7506], device='cuda:0')
tensor([1.7765], device='cuda:0')
tensor([1.7483], device='cuda:0')
tensor([1.7268], device='cuda:0')
tensor([1.6885], device='cuda:0')
tensor([1.6571], device='cuda:0')
tensor([1.6583], device='cuda:0')
tensor([1.6787], device='cuda:0')
Epoch 8 Accuracy 26.900000000000002 | Loss: 2.0157 | Aggregation time: 4.619
tensor([1.6743], device='cuda:0')
tensor([1.6689], device='cuda:0')
tensor([1.6700], device='cuda:0')
tensor([1.6879], device='cuda:0')
tensor([1.6908], device='cuda:0')
tensor([1.7138], device='cuda:0')
tensor([1.6977], device='cuda:0')
tensor([1.7178], device='cuda:0')
tensor([1.7234], device='cuda:0')
Epoch 9 Accuracy 25.8 | Loss: 2.005 | Aggregation time: 5.09
tensor([1.7078], device='cuda:0')
tensor([1.7089], device='cuda:0')
tensor([1.7262], device='cuda:0')
tensor([1.7010], device='cuda:0')
tensor([1.7169], device='cuda:0')
tensor([1.7000], device='cuda:0')
tensor([1.6803], device='cuda:0')
tensor([1.6637], device='cuda:0')
tensor([1.6726], device='cuda:0')
tensor([1.7051], device='cuda:0')
Epoch 10 Accuracy 27.400000000000002 | Loss: 2.0542 | Aggregation time: 5.573
tensor([1.7004], device='cuda:0')
tensor([1.7103], device='cuda:0')
tensor([1.7243], device='cuda:0')
tensor([1.7327], device='cuda:0')
tensor([1.7369], device='cuda:0')
tensor([1.7558], device='cuda:0')
tensor([1.7677], device='cuda:0')
tensor([1.7626], device='cuda:0')
tensor([1.7828], device='cuda:0')
tensor([1.8079], device='cuda:0')
Epoch 11 Accuracy 29.7 | Loss: 1.9501 | Aggregation time: 6.184
tensor([1.8018], device='cuda:0')
tensor([1.8216], device='cuda:0')
tensor([1.7982], device='cuda:0')
tensor([1.7658], device='cuda:0')
tensor([1.7803], device='cuda:0')
tensor([1.7641], device='cuda:0')
tensor([1.7833], device='cuda:0')
tensor([1.7467], device='cuda:0')
tensor([1.7320], device='cuda:0')
tensor([1.7119], device='cuda:0')
Epoch 12 Accuracy 28.299999999999997 | Loss: 1.9797 | Aggregation time: 6.823
tensor([1.6873], device='cuda:0')
tensor([1.6739], device='cuda:0')
tensor([1.6741], device='cuda:0')
tensor([1.6845], device='cuda:0')
tensor([1.6813], device='cuda:0')
tensor([1.6773], device='cuda:0')
tensor([1.6338], device='cuda:0')
tensor([1.6380], device='cuda:0')
tensor([1.6305], device='cuda:0')
Epoch 13 Accuracy 32.6 | Loss: 1.9225 | Aggregation time: 7.26
tensor([1.6279], device='cuda:0')
tensor([1.6371], device='cuda:0')
tensor([1.6676], device='cuda:0')
tensor([1.6586], device='cuda:0')
tensor([1.6373], device='cuda:0')
tensor([1.6433], device='cuda:0')
tensor([1.6083], device='cuda:0')
tensor([1.5976], device='cuda:0')
tensor([1.6113], device='cuda:0')
tensor([1.5896], device='cuda:0')
Epoch 14 Accuracy 32.7 | Loss: 1.9765 | Aggregation time: 7.825
tensor([1.5892], device='cuda:0')
tensor([1.5834], device='cuda:0')
tensor([1.5959], device='cuda:0')
tensor([1.6034], device='cuda:0')
tensor([1.6166], device='cuda:0')
tensor([1.5917], device='cuda:0')
tensor([1.6002], device='cuda:0')
tensor([1.6051], device='cuda:0')
tensor([1.5929], device='cuda:0')
tensor([1.5792], device='cuda:0')
Epoch 15 Accuracy 32.5 | Loss: 1.8815 | Aggregation time: 8.374
tensor([1.5908], device='cuda:0')
tensor([1.5965], device='cuda:0')
tensor([1.6347], device='cuda:0')
tensor([1.6476], device='cuda:0')
tensor([1.6257], device='cuda:0')
tensor([1.5920], device='cuda:0')
tensor([1.5972], device='cuda:0')
tensor([1.6373], device='cuda:0')
tensor([1.6358], device='cuda:0')
tensor([1.6283], device='cuda:0')
Epoch 16 Accuracy 31.4 | Loss: 1.9445 | Aggregation time: 8.867
tensor([1.6263], device='cuda:0')
tensor([1.6338], device='cuda:0')
tensor([1.6436], device='cuda:0')
tensor([1.6494], device='cuda:0')
tensor([1.6399], device='cuda:0')
tensor([1.6455], device='cuda:0')
tensor([1.6321], device='cuda:0')
tensor([1.6363], device='cuda:0')
tensor([1.6538], device='cuda:0')
tensor([1.6561], device='cuda:0')
Epoch 17 Accuracy 34.699999999999996 | Loss: 1.8862 | Aggregation time: 9.35
tensor([1.6424], device='cuda:0')
tensor([1.6414], device='cuda:0')
tensor([1.6303], device='cuda:0')
tensor([1.6220], device='cuda:0')
tensor([1.6092], device='cuda:0')
tensor([1.6166], device='cuda:0')
tensor([1.5943], device='cuda:0')
tensor([1.5834], device='cuda:0')
tensor([1.5877], device='cuda:0')
Epoch 18 Accuracy 33.900000000000006 | Loss: 1.9114 | Aggregation time: 9.78
tensor([1.5684], device='cuda:0')
tensor([1.5874], device='cuda:0')
tensor([1.5863], device='cuda:0')
tensor([1.5897], device='cuda:0')
tensor([1.5958], device='cuda:0')
tensor([1.6167], device='cuda:0')
tensor([1.6409], device='cuda:0')
tensor([1.6355], device='cuda:0')
tensor([1.6367], device='cuda:0')
tensor([1.6220], device='cuda:0')
Epoch 19 Accuracy 37.2 | Loss: 1.903 | Aggregation time: 10.35
tensor([1.5985], device='cuda:0')
tensor([1.5757], device='cuda:0')
tensor([1.5941], device='cuda:0')
tensor([1.6089], device='cuda:0')
tensor([1.5976], device='cuda:0')
tensor([1.5830], device='cuda:0')
tensor([1.6270], device='cuda:0')
tensor([1.6242], device='cuda:0')
tensor([1.5855], device='cuda:0')
tensor([1.6134], device='cuda:0')
Epoch 20 Accuracy 33.0 | Loss: 1.8704 | Aggregation time: 10.836
tensor([1.6266], device='cuda:0')
tensor([1.6476], device='cuda:0')
tensor([1.6381], device='cuda:0')
tensor([1.6662], device='cuda:0')
tensor([1.6269], device='cuda:0')
tensor([1.6474], device='cuda:0')
tensor([1.6720], device='cuda:0')
tensor([1.6537], device='cuda:0')
tensor([1.6340], device='cuda:0')
tensor([1.6229], device='cuda:0')
Epoch 21 Accuracy 31.1 | Loss: 1.9069 | Aggregation time: 11.32
tensor([1.5999], device='cuda:0')
tensor([1.6303], device='cuda:0')
tensor([1.6313], device='cuda:0')
tensor([1.6304], device='cuda:0')
tensor([1.6329], device='cuda:0')
tensor([1.6597], device='cuda:0')
tensor([1.6382], device='cuda:0')
tensor([1.6383], device='cuda:0')
tensor([1.6146], device='cuda:0')
Epoch 22 Accuracy 34.0 | Loss: 1.7997 | Aggregation time: 11.76
tensor([1.6151], device='cuda:0')
tensor([1.6330], device='cuda:0')
tensor([1.6426], device='cuda:0')
tensor([1.6355], device='cuda:0')
tensor([1.6824], device='cuda:0')
tensor([1.6819], device='cuda:0')
tensor([1.6749], device='cuda:0')
tensor([1.6466], device='cuda:0')
tensor([1.6536], device='cuda:0')
tensor([1.7050], device='cuda:0')
Epoch 23 Accuracy 34.9 | Loss: 1.894 | Aggregation time: 12.257
tensor([1.7137], device='cuda:0')
tensor([1.7177], device='cuda:0')
tensor([1.6930], device='cuda:0')
tensor([1.7061], device='cuda:0')
tensor([1.6864], device='cuda:0')
tensor([1.6703], device='cuda:0')
tensor([1.6660], device='cuda:0')
tensor([1.6607], device='cuda:0')
tensor([1.6566], device='cuda:0')
tensor([1.6355], device='cuda:0')
Epoch 24 Accuracy 31.900000000000002 | Loss: 1.819 | Aggregation time: 12.719
tensor([1.6324], device='cuda:0')
tensor([1.6405], device='cuda:0')
tensor([1.6072], device='cuda:0')
tensor([1.6189], device='cuda:0')
tensor([1.6418], device='cuda:0')
tensor([1.6674], device='cuda:0')
tensor([1.6524], device='cuda:0')
tensor([1.6416], device='cuda:0')
tensor([1.6686], device='cuda:0')
tensor([1.7141], device='cuda:0')
Epoch 25 Accuracy 35.5 | Loss: 1.7848 | Aggregation time: 13.224
tensor([1.7412], device='cuda:0')
tensor([1.6880], device='cuda:0')
tensor([1.7309], device='cuda:0')
tensor([1.7490], device='cuda:0')
tensor([1.7415], device='cuda:0')
tensor([1.7375], device='cuda:0')
tensor([1.7136], device='cuda:0')
tensor([1.6707], device='cuda:0')
tensor([1.6937], device='cuda:0')
Epoch 26 Accuracy 41.8 | Loss: 1.8017 | Aggregation time: 13.672
tensor([1.6647], device='cuda:0')
tensor([1.6675], device='cuda:0')
tensor([1.6976], device='cuda:0')
tensor([1.6779], device='cuda:0')
tensor([1.6700], device='cuda:0')
tensor([1.6923], device='cuda:0')
tensor([1.6580], device='cuda:0')
tensor([1.6911], device='cuda:0')
tensor([1.6991], device='cuda:0')
tensor([1.6804], device='cuda:0')
Epoch 27 Accuracy 32.0 | Loss: 1.731 | Aggregation time: 14.217
tensor([1.6626], device='cuda:0')
tensor([1.6624], device='cuda:0')
tensor([1.6393], device='cuda:0')
tensor([1.6557], device='cuda:0')
tensor([1.6552], device='cuda:0')
tensor([1.6244], device='cuda:0')
tensor([1.6365], device='cuda:0')
tensor([1.6513], device='cuda:0')
tensor([1.6322], device='cuda:0')
tensor([1.6298], device='cuda:0')
Epoch 28 Accuracy 43.6 | Loss: 1.7455 | Aggregation time: 14.756
tensor([1.6629], device='cuda:0')
tensor([1.6638], device='cuda:0')
tensor([1.6746], device='cuda:0')
tensor([1.6962], device='cuda:0')
tensor([1.6765], device='cuda:0')
tensor([1.6787], device='cuda:0')
tensor([1.6829], device='cuda:0')
tensor([1.6601], device='cuda:0')
tensor([1.6413], device='cuda:0')
tensor([1.6501], device='cuda:0')
Epoch 29 Accuracy 40.8 | Loss: 1.7822 | Aggregation time: 15.259
tensor([1.6888], device='cuda:0')
tensor([1.6688], device='cuda:0')
tensor([1.6604], device='cuda:0')
tensor([1.6521], device='cuda:0')
tensor([1.6321], device='cuda:0')
tensor([1.6595], device='cuda:0')
tensor([1.6630], device='cuda:0')
tensor([1.6472], device='cuda:0')
tensor([1.6546], device='cuda:0')
Epoch 30 Accuracy 35.5 | Loss: 1.7109 | Aggregation time: 15.692
tensor([1.6785], device='cuda:0')
tensor([1.6873], device='cuda:0')
tensor([1.6730], device='cuda:0')
tensor([1.7033], device='cuda:0')
tensor([1.6926], device='cuda:0')
tensor([1.6744], device='cuda:0')
tensor([1.6696], device='cuda:0')
tensor([1.6663], device='cuda:0')
tensor([1.6647], device='cuda:0')
tensor([1.6587], device='cuda:0')
Epoch 31 Accuracy 43.0 | Loss: 1.7255 | Aggregation time: 16.22
tensor([1.6595], device='cuda:0')
tensor([1.6411], device='cuda:0')
tensor([1.6419], device='cuda:0')
tensor([1.6242], device='cuda:0')
tensor([1.6129], device='cuda:0')
tensor([1.6420], device='cuda:0')
tensor([1.6438], device='cuda:0')
tensor([1.6401], device='cuda:0')
tensor([1.6288], device='cuda:0')
tensor([1.6033], device='cuda:0')
Epoch 32 Accuracy 45.9 | Loss: 1.6781 | Aggregation time: 16.787
tensor([1.5867], device='cuda:0')
tensor([1.5876], device='cuda:0')
tensor([1.6201], device='cuda:0')
tensor([1.6133], device='cuda:0')
tensor([1.6071], device='cuda:0')
tensor([1.5891], device='cuda:0')
tensor([1.5847], device='cuda:0')
tensor([1.5828], device='cuda:0')
tensor([1.5963], device='cuda:0')
tensor([1.6103], device='cuda:0')
Epoch 33 Accuracy 37.6 | Loss: 1.6927 | Aggregation time: 17.28
tensor([1.6327], device='cuda:0')
tensor([1.6610], device='cuda:0')
tensor([1.6483], device='cuda:0')
tensor([1.6483], device='cuda:0')
tensor([1.6633], device='cuda:0')
tensor([1.6748], device='cuda:0')
tensor([1.6981], device='cuda:0')
tensor([1.6764], device='cuda:0')
tensor([1.6781], device='cuda:0')
tensor([1.6704], device='cuda:0')
Epoch 34 Accuracy 42.6 | Loss: 1.6623 | Aggregation time: 17.772
tensor([1.6769], device='cuda:0')
tensor([1.6630], device='cuda:0')
tensor([1.6637], device='cuda:0')
tensor([1.6724], device='cuda:0')
tensor([1.6807], device='cuda:0')
tensor([1.6566], device='cuda:0')
tensor([1.6352], device='cuda:0')
tensor([1.6276], device='cuda:0')
tensor([1.6295], device='cuda:0')
Epoch 35 Accuracy 43.1 | Loss: 1.6153 | Aggregation time: 18.283
tensor([1.6293], device='cuda:0')
tensor([1.6307], device='cuda:0')
tensor([1.6438], device='cuda:0')
tensor([1.6347], device='cuda:0')
tensor([1.6577], device='cuda:0')
tensor([1.6487], device='cuda:0')
tensor([1.6548], device='cuda:0')
tensor([1.6542], device='cuda:0')
tensor([1.6609], device='cuda:0')
tensor([1.6734], device='cuda:0')
Epoch 36 Accuracy 44.3 | Loss: 1.7003 | Aggregation time: 18.795
tensor([1.6674], device='cuda:0')
tensor([1.6739], device='cuda:0')
tensor([1.6558], device='cuda:0')
tensor([1.6424], device='cuda:0')
tensor([1.6329], device='cuda:0')
tensor([1.6429], device='cuda:0')
tensor([1.6569], device='cuda:0')
tensor([1.6881], device='cuda:0')
tensor([1.6779], device='cuda:0')
tensor([1.6648], device='cuda:0')
Epoch 37 Accuracy 40.8 | Loss: 1.6193 | Aggregation time: 19.308
tensor([1.6600], device='cuda:0')
tensor([1.6771], device='cuda:0')
tensor([1.6775], device='cuda:0')
tensor([1.7001], device='cuda:0')
tensor([1.7057], device='cuda:0')
tensor([1.7390], device='cuda:0')
tensor([1.7263], device='cuda:0')
tensor([1.7220], device='cuda:0')
tensor([1.7499], device='cuda:0')
tensor([1.7638], device='cuda:0')
Epoch 38 Accuracy 45.800000000000004 | Loss: 1.6672 | Aggregation time: 19.813
tensor([1.7633], device='cuda:0')
tensor([1.7489], device='cuda:0')
tensor([1.7661], device='cuda:0')
tensor([1.7661], device='cuda:0')
tensor([1.7917], device='cuda:0')
tensor([1.7997], device='cuda:0')
tensor([1.7803], device='cuda:0')
tensor([1.7784], device='cuda:0')
tensor([1.7490], device='cuda:0')
Epoch 39 Accuracy 36.1 | Loss: 1.6036 | Aggregation time: 20.271
tensor([1.7285], device='cuda:0')
tensor([1.7471], device='cuda:0')
tensor([1.7885], device='cuda:0')
tensor([1.8062], device='cuda:0')
tensor([1.8302], device='cuda:0')
tensor([1.8114], device='cuda:0')
tensor([1.7856], device='cuda:0')
tensor([1.7750], device='cuda:0')
tensor([1.7418], device='cuda:0')
tensor([1.7281], device='cuda:0')
Epoch 40 Accuracy 48.5 | Loss: 1.6406 | Aggregation time: 20.743
tensor([1.7499], device='cuda:0')
tensor([1.7393], device='cuda:0')
tensor([1.7847], device='cuda:0')
tensor([1.7706], device='cuda:0')
tensor([1.7704], device='cuda:0')
tensor([1.7910], device='cuda:0')
tensor([1.7855], device='cuda:0')
tensor([1.8085], device='cuda:0')
tensor([1.7882], device='cuda:0')
tensor([1.7746], device='cuda:0')
Epoch 41 Accuracy 47.099999999999994 | Loss: 1.5892 | Aggregation time: 21.261
tensor([1.7558], device='cuda:0')
tensor([1.7191], device='cuda:0')
tensor([1.6870], device='cuda:0')
tensor([1.6858], device='cuda:0')
tensor([1.6706], device='cuda:0')
tensor([1.6609], device='cuda:0')
tensor([1.6573], device='cuda:0')
tensor([1.6614], device='cuda:0')
tensor([1.6780], device='cuda:0')
tensor([1.6689], device='cuda:0')
Epoch 42 Accuracy 45.2 | Loss: 1.5348 | Aggregation time: 21.796
tensor([1.6539], device='cuda:0')
tensor([1.6287], device='cuda:0')
tensor([1.6516], device='cuda:0')
tensor([1.6614], device='cuda:0')
tensor([1.6534], device='cuda:0')
tensor([1.6479], device='cuda:0')
tensor([1.6375], device='cuda:0')
tensor([1.6636], device='cuda:0')
tensor([1.6934], device='cuda:0')
Epoch 43 Accuracy 47.099999999999994 | Loss: 1.551 | Aggregation time: 22.241
tensor([1.7241], device='cuda:0')
tensor([1.7386], device='cuda:0')
tensor([1.7634], device='cuda:0')
tensor([1.7517], device='cuda:0')
tensor([1.7416], device='cuda:0')
tensor([1.7080], device='cuda:0')
tensor([1.7185], device='cuda:0')
tensor([1.7245], device='cuda:0')
tensor([1.6897], device='cuda:0')
tensor([1.6732], device='cuda:0')
Epoch 44 Accuracy 50.8 | Loss: 1.6037 | Aggregation time: 22.737
tensor([1.6632], device='cuda:0')
tensor([1.6800], device='cuda:0')
tensor([1.6806], device='cuda:0')
tensor([1.6429], device='cuda:0')
tensor([1.6886], device='cuda:0')
tensor([1.6628], device='cuda:0')
tensor([1.6849], device='cuda:0')
tensor([1.6597], device='cuda:0')
tensor([1.6350], device='cuda:0')
tensor([1.6488], device='cuda:0')
Epoch 45 Accuracy 41.8 | Loss: 1.5981 | Aggregation time: 23.221
tensor([1.6223], device='cuda:0')
tensor([1.6384], device='cuda:0')
tensor([1.6220], device='cuda:0')
tensor([1.6360], device='cuda:0')
tensor([1.6902], device='cuda:0')
tensor([1.7129], device='cuda:0')
tensor([1.6933], device='cuda:0')
tensor([1.6629], device='cuda:0')
tensor([1.6324], device='cuda:0')
tensor([1.6373], device='cuda:0')
Epoch 46 Accuracy 49.2 | Loss: 1.5272 | Aggregation time: 23.734
tensor([1.6439], device='cuda:0')
tensor([1.6556], device='cuda:0')
tensor([1.6681], device='cuda:0')
tensor([1.6672], device='cuda:0')
tensor([1.6873], device='cuda:0')
tensor([1.7098], device='cuda:0')
tensor([1.7306], device='cuda:0')
tensor([1.7085], device='cuda:0')
tensor([1.6962], device='cuda:0')
Epoch 47 Accuracy 48.1 | Loss: 1.5591 | Aggregation time: 24.185
tensor([1.6625], device='cuda:0')
tensor([1.6572], device='cuda:0')
tensor([1.6847], device='cuda:0')
tensor([1.6713], device='cuda:0')
tensor([1.6660], device='cuda:0')
tensor([1.6626], device='cuda:0')
tensor([1.6819], device='cuda:0')
tensor([1.6727], device='cuda:0')
tensor([1.6665], device='cuda:0')
tensor([1.7368], device='cuda:0')
Epoch 48 Accuracy 49.1 | Loss: 1.482 | Aggregation time: 24.705
tensor([1.7087], device='cuda:0')
tensor([1.7106], device='cuda:0')
tensor([1.7405], device='cuda:0')
tensor([1.7954], device='cuda:0')
tensor([1.7947], device='cuda:0')
tensor([1.7874], device='cuda:0')
tensor([1.7896], device='cuda:0')
tensor([1.7408], device='cuda:0')
tensor([1.7052], device='cuda:0')
tensor([1.6939], device='cuda:0')
Epoch 49 Accuracy 52.900000000000006 | Loss: 1.5487 | Aggregation time: 25.214
tensor([1.6864], device='cuda:0')
tensor([1.6852], device='cuda:0')
tensor([1.6876], device='cuda:0')
tensor([1.6989], device='cuda:0')
tensor([1.7005], device='cuda:0')
tensor([1.6985], device='cuda:0')
tensor([1.7033], device='cuda:0')
tensor([1.7229], device='cuda:0')
tensor([1.6894], device='cuda:0')
tensor([1.6840], device='cuda:0')
Epoch 50 Accuracy 53.900000000000006 | Loss: 1.4794 | Aggregation time: 25.73
