C:\Users\user\Desktop\IoT\FLTG-implementation\FL-Byzantine-Library\client.py:43: UserWarning: To copy construct from a tensor, it is recommended to use sourceTensor.clone().detach() or sourceTensor.clone().detach().requires_grad_(True), rather than torch.tensor(sourceTensor).
  self.momentum = torch.tensor(torch.zeros_like(flat_model, device=self.device))
number of parameters  0.431 M
tensor([1.7976], device='cuda:0')
tensor([1.9022], device='cuda:0')
tensor([1.8443], device='cuda:0')
tensor([1.8382], device='cuda:0')
tensor([1.8784], device='cuda:0')
tensor([1.8742], device='cuda:0')
tensor([1.8402], device='cuda:0')
tensor([1.8301], device='cuda:0')
tensor([1.8080], device='cuda:0')
tensor([1.8079], device='cuda:0')
Epoch 1 Accuracy 18.2 | Loss: 2.2977 | Aggregation time: 0.887
tensor([1.7756], device='cuda:0')
tensor([1.7442], device='cuda:0')
tensor([1.7360], device='cuda:0')
tensor([1.7564], device='cuda:0')
tensor([1.7875], device='cuda:0')
tensor([1.7811], device='cuda:0')
tensor([1.7596], device='cuda:0')
tensor([1.7243], device='cuda:0')
tensor([1.6664], device='cuda:0')
Epoch 2 Accuracy 15.4 | Loss: 2.2488 | Aggregation time: 1.488
tensor([1.6545], device='cuda:0')
tensor([1.6525], device='cuda:0')
tensor([1.6539], device='cuda:0')
tensor([1.6628], device='cuda:0')
tensor([1.6658], device='cuda:0')
tensor([1.6718], device='cuda:0')
tensor([1.6575], device='cuda:0')
tensor([1.6577], device='cuda:0')
tensor([1.6627], device='cuda:0')
tensor([1.6843], device='cuda:0')
Epoch 3 Accuracy 25.1 | Loss: 2.1774 | Aggregation time: 2.143
tensor([1.6831], device='cuda:0')
tensor([1.6827], device='cuda:0')
tensor([1.6453], device='cuda:0')
tensor([1.6367], device='cuda:0')
tensor([1.6493], device='cuda:0')
tensor([1.6523], device='cuda:0')
tensor([1.6615], device='cuda:0')
tensor([1.6776], device='cuda:0')
tensor([1.6840], device='cuda:0')
Epoch 4 Accuracy 19.7 | Loss: 2.1078 | Aggregation time: 2.737
tensor([1.6844], device='cuda:0')
tensor([1.7057], device='cuda:0')
tensor([1.7278], device='cuda:0')
tensor([1.7468], device='cuda:0')
tensor([1.7397], device='cuda:0')
tensor([1.7403], device='cuda:0')
tensor([1.7226], device='cuda:0')
tensor([1.7258], device='cuda:0')
tensor([1.7184], device='cuda:0')
Epoch 5 Accuracy 32.0 | Loss: 2.0356 | Aggregation time: 3.317
tensor([1.7317], device='cuda:0')
tensor([1.7348], device='cuda:0')
tensor([1.7699], device='cuda:0')
tensor([1.7787], device='cuda:0')
tensor([1.7452], device='cuda:0')
tensor([1.7439], device='cuda:0')
tensor([1.7407], device='cuda:0')
tensor([1.7266], device='cuda:0')
tensor([1.7168], device='cuda:0')
tensor([1.7035], device='cuda:0')
Epoch 6 Accuracy 55.00000000000001 | Loss: 1.9243 | Aggregation time: 3.951
tensor([1.6621], device='cuda:0')
tensor([1.6436], device='cuda:0')
tensor([1.6475], device='cuda:0')
tensor([1.6356], device='cuda:0')
tensor([1.6235], device='cuda:0')
tensor([1.6240], device='cuda:0')
tensor([1.6125], device='cuda:0')
tensor([1.6559], device='cuda:0')
tensor([1.6800], device='cuda:0')
Epoch 7 Accuracy 49.7 | Loss: 1.7685 | Aggregation time: 4.623
tensor([1.6595], device='cuda:0')
tensor([1.6451], device='cuda:0')
tensor([1.6504], device='cuda:0')
tensor([1.6565], device='cuda:0')
tensor([1.6852], device='cuda:0')
tensor([1.6743], device='cuda:0')
tensor([1.6572], device='cuda:0')
tensor([1.6461], device='cuda:0')
tensor([1.6515], device='cuda:0')
tensor([1.6844], device='cuda:0')
Epoch 8 Accuracy 56.8 | Loss: 1.5329 | Aggregation time: 5.342
tensor([1.6578], device='cuda:0')
tensor([1.6521], device='cuda:0')
tensor([1.6585], device='cuda:0')
tensor([1.5919], device='cuda:0')
tensor([1.5633], device='cuda:0')
tensor([1.5838], device='cuda:0')
tensor([1.6122], device='cuda:0')
tensor([1.6161], device='cuda:0')
tensor([1.6399], device='cuda:0')
Epoch 9 Accuracy 60.9 | Loss: 1.3587 | Aggregation time: 5.961
tensor([1.6219], device='cuda:0')
tensor([1.6334], device='cuda:0')
tensor([1.5911], device='cuda:0')
tensor([1.6329], device='cuda:0')
tensor([1.6294], device='cuda:0')
tensor([1.6369], device='cuda:0')
tensor([1.6262], device='cuda:0')
tensor([1.6548], device='cuda:0')
tensor([1.6537], device='cuda:0')
Epoch 10 Accuracy 51.7 | Loss: 1.6272 | Aggregation time: 6.599
tensor([1.6209], device='cuda:0')
tensor([1.6269], device='cuda:0')
tensor([1.6447], device='cuda:0')
tensor([1.6393], device='cuda:0')
tensor([1.6484], device='cuda:0')
tensor([1.6726], device='cuda:0')
tensor([1.6937], device='cuda:0')
tensor([1.6842], device='cuda:0')
tensor([1.6957], device='cuda:0')
tensor([1.7079], device='cuda:0')
Epoch 11 Accuracy 78.2 | Loss: 1.5111 | Aggregation time: 7.222
tensor([1.6997], device='cuda:0')
tensor([1.6905], device='cuda:0')
tensor([1.6714], device='cuda:0')
tensor([1.6583], device='cuda:0')
tensor([1.6544], device='cuda:0')
tensor([1.6377], device='cuda:0')
tensor([1.6354], device='cuda:0')
tensor([1.6474], device='cuda:0')
tensor([1.6547], device='cuda:0')
Epoch 12 Accuracy 81.6 | Loss: 0.989 | Aggregation time: 7.805
tensor([1.6699], device='cuda:0')
tensor([1.6841], device='cuda:0')
tensor([1.7051], device='cuda:0')
tensor([1.7185], device='cuda:0')
tensor([1.7369], device='cuda:0')
tensor([1.7456], device='cuda:0')
tensor([1.7557], device='cuda:0')
tensor([1.7670], device='cuda:0')
tensor([1.7935], device='cuda:0')
Epoch 13 Accuracy 80.2 | Loss: 0.7126 | Aggregation time: 8.345
tensor([1.8031], device='cuda:0')
tensor([1.7985], device='cuda:0')
tensor([1.7636], device='cuda:0')
tensor([1.7697], device='cuda:0')
tensor([1.7574], device='cuda:0')
tensor([1.7582], device='cuda:0')
tensor([1.7839], device='cuda:0')
tensor([1.7847], device='cuda:0')
tensor([1.7479], device='cuda:0')
tensor([1.7626], device='cuda:0')
Epoch 14 Accuracy 76.2 | Loss: 0.5784 | Aggregation time: 9.004
tensor([1.7922], device='cuda:0')
tensor([1.8127], device='cuda:0')
tensor([1.7600], device='cuda:0')
tensor([1.7352], device='cuda:0')
tensor([1.6876], device='cuda:0')
tensor([1.7127], device='cuda:0')
tensor([1.7398], device='cuda:0')
tensor([1.7678], device='cuda:0')
tensor([1.7097], device='cuda:0')
Epoch 15 Accuracy 80.2 | Loss: 0.6685 | Aggregation time: 9.569
tensor([1.7345], device='cuda:0')
tensor([1.8413], device='cuda:0')
tensor([1.7206], device='cuda:0')
tensor([1.8044], device='cuda:0')
tensor([1.8404], device='cuda:0')
tensor([1.8976], device='cuda:0')
tensor([1.9534], device='cuda:0')
tensor([1.9168], device='cuda:0')
tensor([1.8948], device='cuda:0')
Epoch 16 Accuracy 78.8 | Loss: 0.8353 | Aggregation time: 10.182
tensor([2.0129], device='cuda:0')
tensor([1.9999], device='cuda:0')
tensor([2.0119], device='cuda:0')
tensor([2.0446], device='cuda:0')
tensor([2.0503], device='cuda:0')
tensor([2.0327], device='cuda:0')
tensor([1.9387], device='cuda:0')
tensor([1.8170], device='cuda:0')
tensor([1.7045], device='cuda:0')
tensor([1.6559], device='cuda:0')
Epoch 17 Accuracy 82.6 | Loss: 0.6807 | Aggregation time: 10.812
tensor([1.6458], device='cuda:0')
tensor([1.6507], device='cuda:0')
tensor([1.6825], device='cuda:0')
tensor([1.6955], device='cuda:0')
tensor([1.7217], device='cuda:0')
tensor([1.7474], device='cuda:0')
tensor([1.7666], device='cuda:0')
tensor([1.7730], device='cuda:0')
tensor([1.8076], device='cuda:0')
Epoch 18 Accuracy 89.0 | Loss: 0.5253 | Aggregation time: 11.443
tensor([1.7967], device='cuda:0')
tensor([1.8584], device='cuda:0')
tensor([1.8762], device='cuda:0')
tensor([1.9081], device='cuda:0')
tensor([1.9386], device='cuda:0')
tensor([1.9252], device='cuda:0')
tensor([1.9493], device='cuda:0')
tensor([1.9180], device='cuda:0')
tensor([1.9624], device='cuda:0')
tensor([1.9965], device='cuda:0')
Epoch 19 Accuracy 90.10000000000001 | Loss: 0.4311 | Aggregation time: 12.123
tensor([1.9860], device='cuda:0')
tensor([1.9829], device='cuda:0')
tensor([1.9938], device='cuda:0')
tensor([2.0809], device='cuda:0')
tensor([2.0779], device='cuda:0')
tensor([2.0808], device='cuda:0')
tensor([2.0381], device='cuda:0')
tensor([1.9559], device='cuda:0')
tensor([1.9652], device='cuda:0')
Epoch 20 Accuracy 85.5 | Loss: 0.3956 | Aggregation time: 12.74
