C:\Users\user\Desktop\IoT\FLTG-implementation\FL-Byzantine-Library\client.py:43: UserWarning: To copy construct from a tensor, it is recommended to use sourceTensor.clone().detach() or sourceTensor.clone().detach().requires_grad_(True), rather than torch.tensor(sourceTensor).
  self.momentum = torch.tensor(torch.zeros_like(flat_model, device=self.device))
number of parameters  0.431 M
tensor([1.6791], device='cuda:0')
tensor([1.6808], device='cuda:0')
tensor([1.8076], device='cuda:0')
tensor([1.8599], device='cuda:0')
tensor([1.8540], device='cuda:0')
tensor([1.8525], device='cuda:0')
tensor([1.8460], device='cuda:0')
tensor([1.8644], device='cuda:0')
tensor([1.8725], device='cuda:0')
tensor([1.9316], device='cuda:0')
Epoch 1 Accuracy 9.8 | Loss: 2.2642 | Aggregation time: 0.747
tensor([1.9338], device='cuda:0')
tensor([1.9374], device='cuda:0')
tensor([1.9333], device='cuda:0')
tensor([1.9557], device='cuda:0')
tensor([1.9617], device='cuda:0')
tensor([1.9616], device='cuda:0')
tensor([1.9637], device='cuda:0')
tensor([1.9706], device='cuda:0')
tensor([1.9726], device='cuda:0')
Epoch 2 Accuracy 27.700000000000003 | Loss: 2.1616 | Aggregation time: 1.072
tensor([1.9609], device='cuda:0')
tensor([1.9574], device='cuda:0')
tensor([1.9530], device='cuda:0')
tensor([1.9257], device='cuda:0')
tensor([1.9374], device='cuda:0')
tensor([1.9287], device='cuda:0')
tensor([1.9167], device='cuda:0')
tensor([1.9410], device='cuda:0')
tensor([1.9534], device='cuda:0')
tensor([1.9709], device='cuda:0')
Epoch 3 Accuracy 48.699999999999996 | Loss: 2.0695 | Aggregation time: 1.461
tensor([1.9724], device='cuda:0')
tensor([1.9930], device='cuda:0')
tensor([2.0209], device='cuda:0')
tensor([2.0208], device='cuda:0')
tensor([2.0205], device='cuda:0')
tensor([2.0329], device='cuda:0')
tensor([2.0590], device='cuda:0')
tensor([2.0693], device='cuda:0')
tensor([2.0567], device='cuda:0')
Epoch 4 Accuracy 20.599999999999998 | Loss: 1.969 | Aggregation time: 1.972
tensor([2.0564], device='cuda:0')
tensor([2.0287], device='cuda:0')
tensor([2.0490], device='cuda:0')
tensor([2.0517], device='cuda:0')
tensor([2.0584], device='cuda:0')
tensor([2.0277], device='cuda:0')
tensor([2.0344], device='cuda:0')
tensor([2.0722], device='cuda:0')
tensor([2.0899], device='cuda:0')
Epoch 5 Accuracy 43.1 | Loss: 1.8971 | Aggregation time: 2.367
tensor([2.0679], device='cuda:0')
tensor([2.0721], device='cuda:0')
tensor([2.0622], device='cuda:0')
tensor([2.0568], device='cuda:0')
tensor([2.0804], device='cuda:0')
tensor([2.0507], device='cuda:0')
tensor([2.0256], device='cuda:0')
tensor([1.9777], device='cuda:0')
tensor([1.9443], device='cuda:0')
tensor([1.9275], device='cuda:0')
Epoch 6 Accuracy 59.0 | Loss: 1.4955 | Aggregation time: 2.767
tensor([1.8960], device='cuda:0')
tensor([1.8593], device='cuda:0')
tensor([1.8364], device='cuda:0')
tensor([1.8435], device='cuda:0')
tensor([1.8410], device='cuda:0')
tensor([1.8429], device='cuda:0')
tensor([1.8480], device='cuda:0')
tensor([1.8804], device='cuda:0')
tensor([2.0036], device='cuda:0')
Epoch 7 Accuracy 57.3 | Loss: 1.1055 | Aggregation time: 3.377
tensor([2.0777], device='cuda:0')
tensor([2.1357], device='cuda:0')
tensor([2.0882], device='cuda:0')
tensor([2.1012], device='cuda:0')
tensor([2.1536], device='cuda:0')
tensor([2.1342], device='cuda:0')
tensor([2.1232], device='cuda:0')
tensor([2.0932], device='cuda:0')
tensor([2.0157], device='cuda:0')
tensor([2.0108], device='cuda:0')
Epoch 8 Accuracy 60.699999999999996 | Loss: 1.4672 | Aggregation time: 3.869
tensor([2.0347], device='cuda:0')
tensor([2.0861], device='cuda:0')
tensor([2.1323], device='cuda:0')
tensor([2.0474], device='cuda:0')
tensor([1.9610], device='cuda:0')
tensor([1.8894], device='cuda:0')
tensor([1.8400], device='cuda:0')
tensor([1.7999], device='cuda:0')
tensor([1.7609], device='cuda:0')
Epoch 9 Accuracy 65.9 | Loss: 1.1959 | Aggregation time: 4.208
tensor([1.7330], device='cuda:0')
tensor([1.7375], device='cuda:0')
tensor([1.7277], device='cuda:0')
tensor([1.7351], device='cuda:0')
tensor([1.5410], device='cuda:0')
tensor([1.5203], device='cuda:0')
tensor([1.5279], device='cuda:0')
tensor([1.5049], device='cuda:0')
tensor([1.5683], device='cuda:0')
Epoch 10 Accuracy 74.6 | Loss: 0.9017 | Aggregation time: 4.643
tensor([1.6177], device='cuda:0')
tensor([1.7460], device='cuda:0')
tensor([1.8874], device='cuda:0')
tensor([2.0247], device='cuda:0')
tensor([2.2502], device='cuda:0')
tensor([2.2734], device='cuda:0')
tensor([2.1190], device='cuda:0')
tensor([1.9957], device='cuda:0')
tensor([1.9639], device='cuda:0')
tensor([1.9704], device='cuda:0')
Epoch 11 Accuracy 76.6 | Loss: 0.9717 | Aggregation time: 5.123
tensor([1.9087], device='cuda:0')
tensor([1.8506], device='cuda:0')
tensor([1.8324], device='cuda:0')
tensor([1.8911], device='cuda:0')
tensor([1.9523], device='cuda:0')
tensor([1.9789], device='cuda:0')
tensor([2.0765], device='cuda:0')
tensor([2.1157], device='cuda:0')
tensor([1.9875], device='cuda:0')
Epoch 12 Accuracy 78.3 | Loss: 0.5529 | Aggregation time: 5.721
tensor([1.8976], device='cuda:0')
tensor([1.9983], device='cuda:0')
tensor([2.0148], device='cuda:0')
tensor([1.9451], device='cuda:0')
tensor([1.9683], device='cuda:0')
tensor([1.9341], device='cuda:0')
tensor([1.8537], device='cuda:0')
tensor([2.0101], device='cuda:0')
tensor([1.9542], device='cuda:0')
Epoch 13 Accuracy 77.3 | Loss: 0.6521 | Aggregation time: 6.206
tensor([2.0317], device='cuda:0')
tensor([2.0581], device='cuda:0')
tensor([2.1511], device='cuda:0')
tensor([2.2157], device='cuda:0')
tensor([2.2825], device='cuda:0')
tensor([2.2388], device='cuda:0')
tensor([2.2362], device='cuda:0')
tensor([2.2367], device='cuda:0')
tensor([2.2404], device='cuda:0')
tensor([2.2291], device='cuda:0')
Epoch 14 Accuracy 85.0 | Loss: 0.7454 | Aggregation time: 6.581
tensor([2.2039], device='cuda:0')
tensor([2.1655], device='cuda:0')
tensor([2.1235], device='cuda:0')
tensor([2.0688], device='cuda:0')
tensor([1.9550], device='cuda:0')
tensor([2.0594], device='cuda:0')
tensor([2.1132], device='cuda:0')
tensor([2.0952], device='cuda:0')
tensor([2.0674], device='cuda:0')
Epoch 15 Accuracy 90.8 | Loss: 0.5296 | Aggregation time: 7.065
tensor([2.0249], device='cuda:0')
tensor([2.0691], device='cuda:0')
tensor([2.1067], device='cuda:0')
tensor([2.1150], device='cuda:0')
tensor([2.1372], device='cuda:0')
tensor([2.2205], device='cuda:0')
tensor([2.3536], device='cuda:0')
tensor([2.4120], device='cuda:0')
tensor([2.3783], device='cuda:0')
Epoch 16 Accuracy 84.7 | Loss: 0.4559 | Aggregation time: 7.401
tensor([2.3746], device='cuda:0')
tensor([2.3726], device='cuda:0')
tensor([2.3696], device='cuda:0')
tensor([2.4191], device='cuda:0')
tensor([2.4129], device='cuda:0')
tensor([2.4141], device='cuda:0')
tensor([2.3799], device='cuda:0')
tensor([2.3216], device='cuda:0')
tensor([2.2616], device='cuda:0')
tensor([2.2886], device='cuda:0')
Epoch 17 Accuracy 89.3 | Loss: 0.3956 | Aggregation time: 7.964
tensor([2.3980], device='cuda:0')
tensor([2.5081], device='cuda:0')
tensor([2.5886], device='cuda:0')
tensor([2.5215], device='cuda:0')
tensor([2.4519], device='cuda:0')
tensor([2.3859], device='cuda:0')
tensor([2.3672], device='cuda:0')
tensor([2.3288], device='cuda:0')
tensor([2.3001], device='cuda:0')
Epoch 18 Accuracy 86.5 | Loss: 0.467 | Aggregation time: 8.312
tensor([2.3317], device='cuda:0')
tensor([2.4205], device='cuda:0')
tensor([2.4808], device='cuda:0')
tensor([2.5350], device='cuda:0')
tensor([2.5722], device='cuda:0')
tensor([2.5609], device='cuda:0')
tensor([2.5802], device='cuda:0')
tensor([2.5735], device='cuda:0')
tensor([2.5117], device='cuda:0')
tensor([2.4534], device='cuda:0')
Epoch 19 Accuracy 91.3 | Loss: 0.3496 | Aggregation time: 9.022
tensor([2.3129], device='cuda:0')
tensor([2.1847], device='cuda:0')
tensor([2.2070], device='cuda:0')
tensor([2.2285], device='cuda:0')
tensor([2.3075], device='cuda:0')
tensor([2.3581], device='cuda:0')
tensor([2.2524], device='cuda:0')
tensor([2.2222], device='cuda:0')
tensor([2.2295], device='cuda:0')
Epoch 20 Accuracy 90.7 | Loss: 0.2993 | Aggregation time: 9.376
