C:\Users\user\Desktop\IoT\FLTG-implementation\FL-Byzantine-Library\client.py:43: UserWarning: To copy construct from a tensor, it is recommended to use sourceTensor.clone().detach() or sourceTensor.clone().detach().requires_grad_(True), rather than torch.tensor(sourceTensor).
  self.momentum = torch.tensor(torch.zeros_like(flat_model, device=self.device))
number of parameters  0.431 M
tensor([1.7064], device='cuda:0')
tensor([1.8884], device='cuda:0')
tensor([1.9075], device='cuda:0')
tensor([1.9029], device='cuda:0')
tensor([1.8864], device='cuda:0')
tensor([1.8353], device='cuda:0')
tensor([1.8179], device='cuda:0')
tensor([1.7653], device='cuda:0')
tensor([1.7442], device='cuda:0')
tensor([1.7108], device='cuda:0')
Epoch 1 Accuracy 9.8 | Loss: 2.3467 | Aggregation time: 0.905
tensor([1.6607], device='cuda:0')
tensor([1.6308], device='cuda:0')
tensor([1.6262], device='cuda:0')
tensor([1.5970], device='cuda:0')
tensor([1.5903], device='cuda:0')
tensor([1.5816], device='cuda:0')
tensor([1.5373], device='cuda:0')
tensor([1.5262], device='cuda:0')
tensor([1.4826], device='cuda:0')
Epoch 2 Accuracy 28.000000000000004 | Loss: 2.1842 | Aggregation time: 1.574
tensor([1.4247], device='cuda:0')
tensor([1.4035], device='cuda:0')
tensor([1.4049], device='cuda:0')
tensor([1.4158], device='cuda:0')
tensor([1.4330], device='cuda:0')
tensor([1.4596], device='cuda:0')
tensor([1.4748], device='cuda:0')
tensor([1.5084], device='cuda:0')
tensor([1.5727], device='cuda:0')
tensor([1.5677], device='cuda:0')
Epoch 3 Accuracy 39.800000000000004 | Loss: 1.891 | Aggregation time: 2.451
tensor([1.5954], device='cuda:0')
tensor([1.5574], device='cuda:0')
tensor([1.5361], device='cuda:0')
tensor([1.5218], device='cuda:0')
tensor([1.5257], device='cuda:0')
tensor([1.5592], device='cuda:0')
tensor([1.5979], device='cuda:0')
tensor([1.6485], device='cuda:0')
tensor([1.6980], device='cuda:0')
Epoch 4 Accuracy 64.3 | Loss: 1.4245 | Aggregation time: 3.107
tensor([1.7318], device='cuda:0')
tensor([1.7501], device='cuda:0')
tensor([1.7230], device='cuda:0')
tensor([1.7334], device='cuda:0')
tensor([1.7006], device='cuda:0')
tensor([1.7104], device='cuda:0')
tensor([1.6862], device='cuda:0')
tensor([1.6899], device='cuda:0')
tensor([1.7015], device='cuda:0')
Epoch 5 Accuracy 63.1 | Loss: 1.0209 | Aggregation time: 3.844
tensor([1.6798], device='cuda:0')
tensor([1.7147], device='cuda:0')
tensor([1.6826], device='cuda:0')
tensor([1.7637], device='cuda:0')
tensor([1.7847], device='cuda:0')
tensor([1.7870], device='cuda:0')
tensor([1.7973], device='cuda:0')
tensor([1.7002], device='cuda:0')
tensor([1.5783], device='cuda:0')
tensor([1.5609], device='cuda:0')
Epoch 6 Accuracy 78.10000000000001 | Loss: 0.8699 | Aggregation time: 4.54
tensor([1.6176], device='cuda:0')
tensor([1.6891], device='cuda:0')
tensor([1.7244], device='cuda:0')
tensor([1.7527], device='cuda:0')
tensor([1.7511], device='cuda:0')
tensor([1.7363], device='cuda:0')
tensor([1.6952], device='cuda:0')
tensor([1.5900], device='cuda:0')
tensor([1.5732], device='cuda:0')
Epoch 7 Accuracy 76.7 | Loss: 0.6752 | Aggregation time: 5.176
tensor([1.5900], device='cuda:0')
tensor([1.6116], device='cuda:0')
tensor([1.6368], device='cuda:0')
tensor([1.7313], device='cuda:0')
tensor([1.7424], device='cuda:0')
tensor([1.7729], device='cuda:0')
tensor([1.7110], device='cuda:0')
tensor([1.6275], device='cuda:0')
tensor([1.5992], device='cuda:0')
tensor([1.5874], device='cuda:0')
Epoch 8 Accuracy 83.6 | Loss: 0.6019 | Aggregation time: 6.03
tensor([1.5776], device='cuda:0')
tensor([1.5877], device='cuda:0')
tensor([1.6435], device='cuda:0')
tensor([1.6471], device='cuda:0')
tensor([1.6757], device='cuda:0')
tensor([1.7254], device='cuda:0')
tensor([1.7382], device='cuda:0')
tensor([1.7755], device='cuda:0')
tensor([1.7768], device='cuda:0')
Epoch 9 Accuracy 82.3 | Loss: 0.5331 | Aggregation time: 6.696
tensor([1.7841], device='cuda:0')
tensor([1.7649], device='cuda:0')
tensor([1.7617], device='cuda:0')
tensor([1.7959], device='cuda:0')
tensor([1.7698], device='cuda:0')
tensor([1.6930], device='cuda:0')
tensor([1.6580], device='cuda:0')
tensor([1.6586], device='cuda:0')
tensor([1.7347], device='cuda:0')
Epoch 10 Accuracy 88.5 | Loss: 0.4479 | Aggregation time: 7.278
tensor([1.6975], device='cuda:0')
tensor([1.7670], device='cuda:0')
tensor([1.8226], device='cuda:0')
tensor([1.8244], device='cuda:0')
tensor([1.8769], device='cuda:0')
tensor([1.9101], device='cuda:0')
tensor([1.8994], device='cuda:0')
tensor([1.8517], device='cuda:0')
tensor([1.8569], device='cuda:0')
tensor([1.8468], device='cuda:0')
Epoch 11 Accuracy 84.5 | Loss: 0.5318 | Aggregation time: 7.944
tensor([1.9010], device='cuda:0')
tensor([1.9297], device='cuda:0')
tensor([1.8639], device='cuda:0')
tensor([1.8307], device='cuda:0')
tensor([1.8265], device='cuda:0')
tensor([1.8035], device='cuda:0')
tensor([1.8117], device='cuda:0')
tensor([1.7965], device='cuda:0')
tensor([1.8441], device='cuda:0')
Epoch 12 Accuracy 87.7 | Loss: 0.4344 | Aggregation time: 8.798
tensor([1.8795], device='cuda:0')
tensor([1.9243], device='cuda:0')
tensor([1.9218], device='cuda:0')
tensor([1.9114], device='cuda:0')
tensor([1.8602], device='cuda:0')
tensor([1.8649], device='cuda:0')
tensor([1.8247], device='cuda:0')
tensor([1.8344], device='cuda:0')
tensor([1.8080], device='cuda:0')
Epoch 13 Accuracy 89.9 | Loss: 0.3564 | Aggregation time: 9.466
tensor([1.7829], device='cuda:0')
tensor([1.7671], device='cuda:0')
tensor([1.7664], device='cuda:0')
tensor([1.7522], device='cuda:0')
tensor([1.7934], device='cuda:0')
tensor([1.7763], device='cuda:0')
tensor([1.8280], device='cuda:0')
tensor([1.8834], device='cuda:0')
tensor([1.8816], device='cuda:0')
tensor([1.9373], device='cuda:0')
Epoch 14 Accuracy 90.9 | Loss: 0.3173 | Aggregation time: 10.177
tensor([1.9022], device='cuda:0')
tensor([1.8998], device='cuda:0')
tensor([1.9136], device='cuda:0')
tensor([1.8549], device='cuda:0')
tensor([1.8819], device='cuda:0')
tensor([1.8570], device='cuda:0')
tensor([1.8198], device='cuda:0')
tensor([1.8306], device='cuda:0')
tensor([1.8479], device='cuda:0')
Epoch 15 Accuracy 91.0 | Loss: 0.3477 | Aggregation time: 10.769
tensor([1.8100], device='cuda:0')
tensor([1.8107], device='cuda:0')
tensor([1.8515], device='cuda:0')
tensor([1.8357], device='cuda:0')
tensor([1.8510], device='cuda:0')
tensor([1.8048], device='cuda:0')
tensor([1.8285], device='cuda:0')
tensor([1.8397], device='cuda:0')
tensor([1.8656], device='cuda:0')
Epoch 16 Accuracy 90.4 | Loss: 0.3084 | Aggregation time: 11.316
tensor([1.8295], device='cuda:0')
tensor([1.7917], device='cuda:0')
tensor([1.7285], device='cuda:0')
tensor([1.7241], device='cuda:0')
tensor([1.7171], device='cuda:0')
tensor([1.7672], device='cuda:0')
tensor([1.8321], device='cuda:0')
tensor([1.8682], device='cuda:0')
tensor([1.8914], device='cuda:0')
tensor([1.8499], device='cuda:0')
Epoch 17 Accuracy 92.9 | Loss: 0.2521 | Aggregation time: 12.046
tensor([1.8338], device='cuda:0')
tensor([1.8154], device='cuda:0')
tensor([1.8286], device='cuda:0')
tensor([1.7887], device='cuda:0')
tensor([1.8179], device='cuda:0')
tensor([1.8591], device='cuda:0')
tensor([1.9499], device='cuda:0')
tensor([2.0273], device='cuda:0')
tensor([2.0875], device='cuda:0')
Epoch 18 Accuracy 89.4 | Loss: 0.2925 | Aggregation time: 12.731
tensor([2.0922], device='cuda:0')
tensor([2.0291], device='cuda:0')
tensor([1.9928], device='cuda:0')
tensor([2.0083], device='cuda:0')
tensor([2.0022], device='cuda:0')
tensor([2.0231], device='cuda:0')
tensor([2.0031], device='cuda:0')
tensor([2.0581], device='cuda:0')
tensor([2.0202], device='cuda:0')
tensor([1.9815], device='cuda:0')
Epoch 19 Accuracy 92.30000000000001 | Loss: 0.3125 | Aggregation time: 13.439
tensor([1.9595], device='cuda:0')
tensor([1.9976], device='cuda:0')
tensor([2.0256], device='cuda:0')
tensor([2.0962], device='cuda:0')
tensor([2.1066], device='cuda:0')
tensor([2.1025], device='cuda:0')
tensor([2.0777], device='cuda:0')
tensor([2.0342], device='cuda:0')
tensor([1.9943], device='cuda:0')
Epoch 20 Accuracy 92.7 | Loss: 0.2538 | Aggregation time: 14.154
