C:\Users\user\Desktop\IoT\FLTG-implementation\FL-Byzantine-Library\client.py:43: UserWarning: To copy construct from a tensor, it is recommended to use sourceTensor.clone().detach() or sourceTensor.clone().detach().requires_grad_(True), rather than torch.tensor(sourceTensor).
  self.momentum = torch.tensor(torch.zeros_like(flat_model, device=self.device))
number of parameters  0.431 M
tensor([1.3435], device='cuda:0')
tensor([1.3826], device='cuda:0')
tensor([1.2896], device='cuda:0')
tensor([1.3144], device='cuda:0')
tensor([1.3141], device='cuda:0')
tensor([1.2381], device='cuda:0')
tensor([1.1973], device='cuda:0')
tensor([1.1772], device='cuda:0')
tensor([1.3076], device='cuda:0')
tensor([1.2433], device='cuda:0')
Epoch 1 Accuracy 21.9 | Loss: 2.2684 | Aggregation time: 0.475
tensor([1.2514], device='cuda:0')
tensor([1.2374], device='cuda:0')
tensor([1.2206], device='cuda:0')
tensor([1.1967], device='cuda:0')
tensor([1.1735], device='cuda:0')
tensor([1.1921], device='cuda:0')
tensor([1.2207], device='cuda:0')
tensor([1.2402], device='cuda:0')
tensor([1.2377], device='cuda:0')
Epoch 2 Accuracy 15.8 | Loss: 2.2 | Aggregation time: 0.774
tensor([1.1855], device='cuda:0')
tensor([1.1445], device='cuda:0')
tensor([1.0988], device='cuda:0')
tensor([1.1081], device='cuda:0')
tensor([1.1345], device='cuda:0')
tensor([1.1532], device='cuda:0')
tensor([1.1954], device='cuda:0')
tensor([1.1806], device='cuda:0')
tensor([1.1568], device='cuda:0')
tensor([1.1459], device='cuda:0')
Epoch 3 Accuracy 13.700000000000001 | Loss: 2.229 | Aggregation time: 1.192
tensor([1.1426], device='cuda:0')
tensor([1.1941], device='cuda:0')
tensor([1.2289], device='cuda:0')
tensor([1.2250], device='cuda:0')
tensor([1.2033], device='cuda:0')
tensor([1.1894], device='cuda:0')
tensor([1.2390], device='cuda:0')
tensor([1.2665], device='cuda:0')
tensor([1.2605], device='cuda:0')
Epoch 4 Accuracy 32.800000000000004 | Loss: 1.9489 | Aggregation time: 1.742
tensor([1.2499], device='cuda:0')
tensor([1.2875], device='cuda:0')
tensor([1.2734], device='cuda:0')
tensor([1.3112], device='cuda:0')
tensor([1.3029], device='cuda:0')
tensor([1.2868], device='cuda:0')
tensor([1.2801], device='cuda:0')
tensor([1.3347], device='cuda:0')
tensor([1.3753], device='cuda:0')
Epoch 5 Accuracy 43.5 | Loss: 1.6701 | Aggregation time: 2.19
tensor([1.3951], device='cuda:0')
tensor([1.3890], device='cuda:0')
tensor([1.3803], device='cuda:0')
tensor([1.3346], device='cuda:0')
tensor([1.2845], device='cuda:0')
tensor([1.2810], device='cuda:0')
tensor([1.2643], device='cuda:0')
tensor([1.2472], device='cuda:0')
tensor([1.2209], device='cuda:0')
tensor([1.1965], device='cuda:0')
Epoch 6 Accuracy 53.2 | Loss: 1.4451 | Aggregation time: 2.724
tensor([1.1810], device='cuda:0')
tensor([1.1636], device='cuda:0')
tensor([1.1688], device='cuda:0')
tensor([1.2724], device='cuda:0')
tensor([1.2536], device='cuda:0')
tensor([1.2834], device='cuda:0')
tensor([1.2980], device='cuda:0')
tensor([1.4464], device='cuda:0')
tensor([1.5699], device='cuda:0')
Epoch 7 Accuracy 61.6 | Loss: 1.2645 | Aggregation time: 3.431
tensor([1.4883], device='cuda:0')
tensor([1.4661], device='cuda:0')
tensor([1.4903], device='cuda:0')
tensor([1.5217], device='cuda:0')
tensor([1.5475], device='cuda:0')
tensor([1.5393], device='cuda:0')
tensor([1.5292], device='cuda:0')
tensor([1.5124], device='cuda:0')
tensor([1.4901], device='cuda:0')
tensor([1.4857], device='cuda:0')
Epoch 8 Accuracy 56.39999999999999 | Loss: 1.2438 | Aggregation time: 3.81
tensor([1.4567], device='cuda:0')
tensor([1.4718], device='cuda:0')
tensor([1.4506], device='cuda:0')
tensor([1.5166], device='cuda:0')
tensor([1.5322], device='cuda:0')
tensor([1.5454], device='cuda:0')
tensor([1.4918], device='cuda:0')
tensor([1.4696], device='cuda:0')
tensor([1.5110], device='cuda:0')
Epoch 9 Accuracy 72.39999999999999 | Loss: 1.3263 | Aggregation time: 4.414
tensor([1.5618], device='cuda:0')
tensor([1.5500], device='cuda:0')
tensor([1.5821], device='cuda:0')
tensor([1.4563], device='cuda:0')
tensor([1.5543], device='cuda:0')
tensor([1.6210], device='cuda:0')
tensor([1.5665], device='cuda:0')
tensor([1.8019], device='cuda:0')
tensor([1.8213], device='cuda:0')
Epoch 10 Accuracy 46.7 | Loss: 4.5774 | Aggregation time: 5.098
tensor([1.8020], device='cuda:0')
tensor([1.8005], device='cuda:0')
tensor([1.8001], device='cuda:0')
tensor([1.7990], device='cuda:0')
tensor([1.7985], device='cuda:0')
tensor([1.7971], device='cuda:0')
tensor([1.7943], device='cuda:0')
tensor([1.7936], device='cuda:0')
tensor([1.7930], device='cuda:0')
tensor([1.7961], device='cuda:0')
Epoch 11 Accuracy 12.6 | Loss: 2.2465 | Aggregation time: 5.488
tensor([1.7736], device='cuda:0')
tensor([1.7451], device='cuda:0')
tensor([1.7016], device='cuda:0')
tensor([1.6283], device='cuda:0')
tensor([1.5427], device='cuda:0')
tensor([1.4276], device='cuda:0')
tensor([1.3191], device='cuda:0')
tensor([1.2650], device='cuda:0')
tensor([1.1886], device='cuda:0')
Epoch 12 Accuracy 32.2 | Loss: 2.0929 | Aggregation time: 5.845
tensor([1.1160], device='cuda:0')
tensor([1.0311], device='cuda:0')
tensor([0.9491], device='cuda:0')
tensor([0.8768], device='cuda:0')
tensor([0.8309], device='cuda:0')
tensor([0.7877], device='cuda:0')
tensor([0.7643], device='cuda:0')
tensor([0.7483], device='cuda:0')
tensor([0.7406], device='cuda:0')
Epoch 13 Accuracy 20.200000000000003 | Loss: 2.158 | Aggregation time: 6.295
tensor([0.7488], device='cuda:0')
tensor([0.7605], device='cuda:0')
tensor([0.7663], device='cuda:0')
tensor([0.7841], device='cuda:0')
tensor([0.8064], device='cuda:0')
tensor([0.8365], device='cuda:0')
tensor([0.7907], device='cuda:0')
tensor([0.7707], device='cuda:0')
tensor([0.7720], device='cuda:0')
tensor([0.7725], device='cuda:0')
Epoch 14 Accuracy 51.800000000000004 | Loss: 2.3432 | Aggregation time: 6.933
tensor([0.7618], device='cuda:0')
tensor([0.7478], device='cuda:0')
tensor([0.7704], device='cuda:0')
tensor([0.8151], device='cuda:0')
tensor([0.8585], device='cuda:0')
tensor([0.8884], device='cuda:0')
tensor([0.9075], device='cuda:0')
tensor([0.9448], device='cuda:0')
tensor([0.9832], device='cuda:0')
Epoch 15 Accuracy 42.5 | Loss: 1.712 | Aggregation time: 7.462
tensor([1.0330], device='cuda:0')
tensor([1.0969], device='cuda:0')
tensor([1.2357], device='cuda:0')
tensor([1.3470], device='cuda:0')
tensor([1.4855], device='cuda:0')
tensor([1.5425], device='cuda:0')
tensor([1.5515], device='cuda:0')
tensor([1.4056], device='cuda:0')
tensor([1.1708], device='cuda:0')
Epoch 16 Accuracy 43.9 | Loss: 1.5996 | Aggregation time: 8.128
tensor([1.0518], device='cuda:0')
tensor([1.0546], device='cuda:0')
tensor([1.0662], device='cuda:0')
tensor([1.0667], device='cuda:0')
tensor([1.0690], device='cuda:0')
tensor([1.0866], device='cuda:0')
tensor([1.0986], device='cuda:0')
tensor([1.0435], device='cuda:0')
tensor([0.9964], device='cuda:0')
tensor([0.9486], device='cuda:0')
Epoch 17 Accuracy 54.300000000000004 | Loss: 1.7921 | Aggregation time: 8.605
tensor([0.9408], device='cuda:0')
tensor([0.9227], device='cuda:0')
tensor([0.9339], device='cuda:0')
tensor([0.9922], device='cuda:0')
tensor([1.0454], device='cuda:0')
tensor([1.0201], device='cuda:0')
tensor([0.9556], device='cuda:0')
tensor([0.9234], device='cuda:0')
tensor([0.9019], device='cuda:0')
Epoch 18 Accuracy 67.2 | Loss: 1.9237 | Aggregation time: 9.293
tensor([0.8828], device='cuda:0')
tensor([0.8696], device='cuda:0')
tensor([0.8650], device='cuda:0')
tensor([0.8800], device='cuda:0')
tensor([0.9117], device='cuda:0')
tensor([0.9385], device='cuda:0')
tensor([0.9289], device='cuda:0')
tensor([0.9431], device='cuda:0')
tensor([0.9426], device='cuda:0')
tensor([1.0052], device='cuda:0')
Epoch 19 Accuracy 71.8 | Loss: 1.2537 | Aggregation time: 9.866
tensor([1.0684], device='cuda:0')
tensor([1.1015], device='cuda:0')
tensor([1.1417], device='cuda:0')
tensor([1.1771], device='cuda:0')
tensor([1.2053], device='cuda:0')
tensor([1.1946], device='cuda:0')
tensor([1.2071], device='cuda:0')
tensor([1.2214], device='cuda:0')
tensor([1.2071], device='cuda:0')
Epoch 20 Accuracy 63.9 | Loss: 0.9222 | Aggregation time: 10.283
