C:\Users\user\Desktop\IoT\FLTG-implementation\FL-Byzantine-Library\client.py:43: UserWarning: To copy construct from a tensor, it is recommended to use sourceTensor.clone().detach() or sourceTensor.clone().detach().requires_grad_(True), rather than torch.tensor(sourceTensor).
  self.momentum = torch.tensor(torch.zeros_like(flat_model, device=self.device))
number of parameters  0.431 M
tensor([1.4552], device='cuda:0')
tensor([1.4749], device='cuda:0')
tensor([1.3811], device='cuda:0')
tensor([1.3785], device='cuda:0')
tensor([1.4170], device='cuda:0')
tensor([1.3821], device='cuda:0')
tensor([1.3685], device='cuda:0')
tensor([1.3624], device='cuda:0')
tensor([1.3224], device='cuda:0')
tensor([1.3000], device='cuda:0')
Epoch 1 Accuracy 9.8 | Loss: 2.3777 | Aggregation time: 0.918
tensor([1.2780], device='cuda:0')
tensor([1.2832], device='cuda:0')
tensor([1.3193], device='cuda:0')
tensor([1.3709], device='cuda:0')
tensor([1.4264], device='cuda:0')
tensor([1.4184], device='cuda:0')
tensor([1.4150], device='cuda:0')
tensor([1.4030], device='cuda:0')
tensor([1.3919], device='cuda:0')
Epoch 2 Accuracy 36.9 | Loss: 2.2481 | Aggregation time: 1.487
tensor([1.3879], device='cuda:0')
tensor([1.4054], device='cuda:0')
tensor([1.4065], device='cuda:0')
tensor([1.4059], device='cuda:0')
tensor([1.3795], device='cuda:0')
tensor([1.3619], device='cuda:0')
tensor([1.3439], device='cuda:0')
tensor([1.3205], device='cuda:0')
tensor([1.3079], device='cuda:0')
tensor([1.2950], device='cuda:0')
Epoch 3 Accuracy 40.300000000000004 | Loss: 2.0418 | Aggregation time: 2.213
tensor([1.2648], device='cuda:0')
tensor([1.2383], device='cuda:0')
tensor([1.1883], device='cuda:0')
tensor([1.1612], device='cuda:0')
tensor([1.1190], device='cuda:0')
tensor([1.1587], device='cuda:0')
tensor([1.2071], device='cuda:0')
tensor([1.2690], device='cuda:0')
tensor([1.3539], device='cuda:0')
Epoch 4 Accuracy 44.0 | Loss: 1.6911 | Aggregation time: 2.84
tensor([1.3723], device='cuda:0')
tensor([1.3578], device='cuda:0')
tensor([1.3510], device='cuda:0')
tensor([1.3550], device='cuda:0')
tensor([1.3821], device='cuda:0')
tensor([1.3987], device='cuda:0')
tensor([1.4468], device='cuda:0')
tensor([1.4853], device='cuda:0')
tensor([1.4765], device='cuda:0')
Epoch 5 Accuracy 48.699999999999996 | Loss: 1.4802 | Aggregation time: 3.363
tensor([1.4806], device='cuda:0')
tensor([1.4950], device='cuda:0')
tensor([1.5175], device='cuda:0')
tensor([1.5436], device='cuda:0')
tensor([1.5742], device='cuda:0')
tensor([1.5918], device='cuda:0')
tensor([1.6011], device='cuda:0')
tensor([1.6031], device='cuda:0')
tensor([1.6119], device='cuda:0')
tensor([1.6241], device='cuda:0')
Epoch 6 Accuracy 63.1 | Loss: 1.0856 | Aggregation time: 3.959
tensor([1.6428], device='cuda:0')
tensor([1.6566], device='cuda:0')
tensor([1.6388], device='cuda:0')
tensor([1.6397], device='cuda:0')
tensor([1.6471], device='cuda:0')
tensor([1.6381], device='cuda:0')
tensor([1.6297], device='cuda:0')
tensor([1.6213], device='cuda:0')
tensor([1.5785], device='cuda:0')
Epoch 7 Accuracy 77.10000000000001 | Loss: 0.6917 | Aggregation time: 4.533
tensor([1.6056], device='cuda:0')
tensor([1.6011], device='cuda:0')
tensor([1.6421], device='cuda:0')
tensor([1.7165], device='cuda:0')
tensor([1.6970], device='cuda:0')
tensor([1.5470], device='cuda:0')
tensor([1.4672], device='cuda:0')
tensor([1.4682], device='cuda:0')
tensor([1.4949], device='cuda:0')
tensor([1.5381], device='cuda:0')
Epoch 8 Accuracy 37.1 | Loss: 1.0246 | Aggregation time: 5.169
tensor([1.5901], device='cuda:0')
tensor([1.6174], device='cuda:0')
tensor([1.6528], device='cuda:0')
tensor([1.6652], device='cuda:0')
tensor([1.6627], device='cuda:0')
tensor([1.6358], device='cuda:0')
tensor([1.5888], device='cuda:0')
tensor([1.5205], device='cuda:0')
tensor([1.4989], device='cuda:0')
Epoch 9 Accuracy 65.4 | Loss: 0.7944 | Aggregation time: 5.728
tensor([1.4813], device='cuda:0')
tensor([1.4789], device='cuda:0')
tensor([1.4976], device='cuda:0')
tensor([1.5180], device='cuda:0')
tensor([1.5258], device='cuda:0')
tensor([1.5286], device='cuda:0')
tensor([1.4898], device='cuda:0')
tensor([1.4860], device='cuda:0')
tensor([1.4743], device='cuda:0')
Epoch 10 Accuracy 78.9 | Loss: 0.5608 | Aggregation time: 6.265
tensor([1.4899], device='cuda:0')
tensor([1.5046], device='cuda:0')
tensor([1.4427], device='cuda:0')
tensor([1.4261], device='cuda:0')
tensor([1.4181], device='cuda:0')
tensor([1.3883], device='cuda:0')
tensor([1.3828], device='cuda:0')
tensor([1.4939], device='cuda:0')
tensor([1.5098], device='cuda:0')
tensor([1.5158], device='cuda:0')
Epoch 11 Accuracy 77.0 | Loss: 0.4798 | Aggregation time: 6.821
tensor([1.4974], device='cuda:0')
tensor([1.4461], device='cuda:0')
tensor([1.4733], device='cuda:0')
tensor([1.4650], device='cuda:0')
tensor([1.4230], device='cuda:0')
tensor([1.4207], device='cuda:0')
tensor([1.4277], device='cuda:0')
tensor([1.4535], device='cuda:0')
tensor([1.4401], device='cuda:0')
Epoch 12 Accuracy 83.39999999999999 | Loss: 0.5245 | Aggregation time: 7.374
tensor([1.4351], device='cuda:0')
tensor([1.4450], device='cuda:0')
tensor([1.4548], device='cuda:0')
tensor([1.4474], device='cuda:0')
tensor([1.4334], device='cuda:0')
tensor([1.4013], device='cuda:0')
tensor([1.3789], device='cuda:0')
tensor([1.3416], device='cuda:0')
tensor([1.3331], device='cuda:0')
Epoch 13 Accuracy 84.1 | Loss: 0.4217 | Aggregation time: 7.925
tensor([1.3001], device='cuda:0')
tensor([1.3165], device='cuda:0')
tensor([1.3339], device='cuda:0')
tensor([1.3129], device='cuda:0')
tensor([1.3069], device='cuda:0')
tensor([1.2990], device='cuda:0')
tensor([1.3087], device='cuda:0')
tensor([1.3138], device='cuda:0')
tensor([1.3026], device='cuda:0')
tensor([1.3269], device='cuda:0')
Epoch 14 Accuracy 89.0 | Loss: 0.3291 | Aggregation time: 8.495
tensor([1.3211], device='cuda:0')
tensor([1.3234], device='cuda:0')
tensor([1.3071], device='cuda:0')
tensor([1.3062], device='cuda:0')
tensor([1.3350], device='cuda:0')
tensor([1.2943], device='cuda:0')
tensor([1.3382], device='cuda:0')
tensor([1.3488], device='cuda:0')
tensor([1.3129], device='cuda:0')
Epoch 15 Accuracy 90.10000000000001 | Loss: 0.2551 | Aggregation time: 9.062
tensor([1.3705], device='cuda:0')
tensor([1.3793], device='cuda:0')
tensor([1.3772], device='cuda:0')
tensor([1.4117], device='cuda:0')
tensor([1.3795], device='cuda:0')
tensor([1.3867], device='cuda:0')
tensor([1.4024], device='cuda:0')
tensor([1.4129], device='cuda:0')
tensor([1.4121], device='cuda:0')
Epoch 16 Accuracy 88.7 | Loss: 0.2966 | Aggregation time: 9.611
tensor([1.4005], device='cuda:0')
tensor([1.3664], device='cuda:0')
tensor([1.3885], device='cuda:0')
tensor([1.5350], device='cuda:0')
tensor([1.5304], device='cuda:0')
tensor([1.4873], device='cuda:0')
tensor([1.4835], device='cuda:0')
tensor([1.4555], device='cuda:0')
tensor([1.4107], device='cuda:0')
tensor([1.3976], device='cuda:0')
Epoch 17 Accuracy 89.4 | Loss: 0.2886 | Aggregation time: 10.244
tensor([1.3555], device='cuda:0')
tensor([1.4431], device='cuda:0')
tensor([1.4468], device='cuda:0')
tensor([1.4367], device='cuda:0')
tensor([1.4549], device='cuda:0')
tensor([1.4157], device='cuda:0')
tensor([1.3785], device='cuda:0')
tensor([1.2982], device='cuda:0')
tensor([1.3401], device='cuda:0')
Epoch 18 Accuracy 85.7 | Loss: 0.2536 | Aggregation time: 10.797
tensor([1.3130], device='cuda:0')
tensor([1.3344], device='cuda:0')
tensor([1.3313], device='cuda:0')
tensor([1.3165], device='cuda:0')
tensor([1.3296], device='cuda:0')
tensor([1.3267], device='cuda:0')
tensor([1.2905], device='cuda:0')
tensor([1.2915], device='cuda:0')
tensor([1.2799], device='cuda:0')
tensor([1.2539], device='cuda:0')
Epoch 19 Accuracy 86.2 | Loss: 0.2229 | Aggregation time: 11.349
tensor([1.2789], device='cuda:0')
tensor([1.2696], device='cuda:0')
tensor([1.2630], device='cuda:0')
tensor([1.2860], device='cuda:0')
tensor([1.2950], device='cuda:0')
tensor([1.2699], device='cuda:0')
tensor([1.2322], device='cuda:0')
tensor([1.1970], device='cuda:0')
tensor([1.2014], device='cuda:0')
Epoch 20 Accuracy 90.3 | Loss: 0.2114 | Aggregation time: 11.848
