C:\Users\user\Desktop\IoT\FLTG-implementation\FL-Byzantine-Library\client.py:43: UserWarning: To copy construct from a tensor, it is recommended to use sourceTensor.clone().detach() or sourceTensor.clone().detach().requires_grad_(True), rather than torch.tensor(sourceTensor).
  self.momentum = torch.tensor(torch.zeros_like(flat_model, device=self.device))
number of parameters  0.431 M
tensor([1.4441], device='cuda:0')
tensor([1.3022], device='cuda:0')
tensor([1.2770], device='cuda:0')
tensor([1.2583], device='cuda:0')
tensor([1.1658], device='cuda:0')
tensor([1.1529], device='cuda:0')
tensor([1.2156], device='cuda:0')
tensor([1.2324], device='cuda:0')
tensor([1.2590], device='cuda:0')
tensor([1.2197], device='cuda:0')
Epoch 1 Accuracy 22.3 | Loss: 2.4078 | Aggregation time: 0.43
tensor([1.2031], device='cuda:0')
tensor([1.1895], device='cuda:0')
tensor([1.1749], device='cuda:0')
tensor([1.1550], device='cuda:0')
tensor([1.1238], device='cuda:0')
tensor([1.1299], device='cuda:0')
tensor([1.1899], device='cuda:0')
tensor([1.3165], device='cuda:0')
tensor([1.2014], device='cuda:0')
Epoch 2 Accuracy 9.8 | Loss: 2.2195 | Aggregation time: 0.666
tensor([1.0882], device='cuda:0')
tensor([0.9573], device='cuda:0')
tensor([0.8980], device='cuda:0')
tensor([0.8683], device='cuda:0')
tensor([0.8689], device='cuda:0')
tensor([0.9033], device='cuda:0')
tensor([0.8671], device='cuda:0')
tensor([0.7986], device='cuda:0')
tensor([0.8146], device='cuda:0')
tensor([0.8166], device='cuda:0')
Epoch 3 Accuracy 17.8 | Loss: 2.2295 | Aggregation time: 0.934
tensor([0.8192], device='cuda:0')
tensor([0.8237], device='cuda:0')
tensor([0.8276], device='cuda:0')
tensor([0.8385], device='cuda:0')
tensor([0.8438], device='cuda:0')
tensor([0.8553], device='cuda:0')
tensor([0.8701], device='cuda:0')
tensor([0.8922], device='cuda:0')
tensor([0.9142], device='cuda:0')
Epoch 4 Accuracy 10.9 | Loss: 2.2311 | Aggregation time: 1.234
tensor([0.9513], device='cuda:0')
tensor([0.9909], device='cuda:0')
tensor([1.0558], device='cuda:0')
tensor([1.1494], device='cuda:0')
tensor([1.2442], device='cuda:0')
tensor([1.2608], device='cuda:0')
tensor([1.2744], device='cuda:0')
tensor([1.2210], device='cuda:0')
tensor([1.1991], device='cuda:0')
Epoch 5 Accuracy 9.8 | Loss: 2.1234 | Aggregation time: 1.651
tensor([1.1151], device='cuda:0')
tensor([1.0410], device='cuda:0')
tensor([1.0056], device='cuda:0')
tensor([1.0066], device='cuda:0')
tensor([0.9770], device='cuda:0')
tensor([1.0123], device='cuda:0')
tensor([1.1233], device='cuda:0')
tensor([1.2994], device='cuda:0')
tensor([1.3605], device='cuda:0')
tensor([1.3721], device='cuda:0')
Epoch 6 Accuracy 48.1 | Loss: 1.9056 | Aggregation time: 2.474
tensor([1.3788], device='cuda:0')
tensor([1.4507], device='cuda:0')
tensor([1.4738], device='cuda:0')
tensor([1.5283], device='cuda:0')
tensor([1.5082], device='cuda:0')
tensor([1.4379], device='cuda:0')
tensor([1.4301], device='cuda:0')
tensor([1.4276], device='cuda:0')
tensor([1.4007], device='cuda:0')
Epoch 7 Accuracy 41.8 | Loss: 1.7251 | Aggregation time: 2.884
tensor([1.3768], device='cuda:0')
tensor([1.3331], device='cuda:0')
tensor([1.2636], device='cuda:0')
tensor([1.2259], device='cuda:0')
tensor([1.1755], device='cuda:0')
tensor([1.1379], device='cuda:0')
tensor([1.1168], device='cuda:0')
tensor([1.0984], device='cuda:0')
tensor([1.0979], device='cuda:0')
tensor([1.1064], device='cuda:0')
Epoch 8 Accuracy 65.2 | Loss: 2.087 | Aggregation time: 3.494
tensor([1.0806], device='cuda:0')
tensor([1.0469], device='cuda:0')
tensor([1.0922], device='cuda:0')
tensor([1.1008], device='cuda:0')
tensor([1.1420], device='cuda:0')
tensor([1.1636], device='cuda:0')
tensor([1.1757], device='cuda:0')
tensor([1.1744], device='cuda:0')
tensor([1.1757], device='cuda:0')
Epoch 9 Accuracy 67.9 | Loss: 1.9559 | Aggregation time: 3.887
tensor([1.1787], device='cuda:0')
tensor([1.1909], device='cuda:0')
tensor([1.1975], device='cuda:0')
tensor([1.2124], device='cuda:0')
tensor([1.2413], device='cuda:0')
tensor([1.2523], device='cuda:0')
tensor([1.2908], device='cuda:0')
tensor([1.3280], device='cuda:0')
tensor([1.3911], device='cuda:0')
Epoch 10 Accuracy 22.7 | Loss: 1.169 | Aggregation time: 4.32
tensor([1.4873], device='cuda:0')
tensor([1.5073], device='cuda:0')
tensor([1.3680], device='cuda:0')
tensor([1.2558], device='cuda:0')
tensor([1.1531], device='cuda:0')
tensor([1.0753], device='cuda:0')
tensor([1.0498], device='cuda:0')
tensor([1.0298], device='cuda:0')
tensor([1.0303], device='cuda:0')
tensor([1.0195], device='cuda:0')
Epoch 11 Accuracy 16.900000000000002 | Loss: 1.9354 | Aggregation time: 4.704
tensor([1.0113], device='cuda:0')
tensor([0.9949], device='cuda:0')
tensor([0.9853], device='cuda:0')
tensor([0.9520], device='cuda:0')
tensor([0.9152], device='cuda:0')
tensor([0.8754], device='cuda:0')
tensor([0.8560], device='cuda:0')
tensor([0.8461], device='cuda:0')
tensor([0.8484], device='cuda:0')
Epoch 12 Accuracy 18.3 | Loss: 2.1895 | Aggregation time: 5.037
tensor([0.8456], device='cuda:0')
tensor([0.8481], device='cuda:0')
tensor([0.8599], device='cuda:0')
tensor([0.8740], device='cuda:0')
tensor([0.8822], device='cuda:0')
tensor([0.9009], device='cuda:0')
tensor([0.9230], device='cuda:0')
tensor([0.9496], device='cuda:0')
tensor([0.9741], device='cuda:0')
Epoch 13 Accuracy 10.5 | Loss: 2.1879 | Aggregation time: 5.342
tensor([0.9852], device='cuda:0')
tensor([1.0238], device='cuda:0')
tensor([1.0759], device='cuda:0')
tensor([1.1349], device='cuda:0')
tensor([1.1951], device='cuda:0')
tensor([1.1787], device='cuda:0')
tensor([1.1977], device='cuda:0')
tensor([1.2231], device='cuda:0')
tensor([1.2534], device='cuda:0')
tensor([1.3248], device='cuda:0')
Epoch 14 Accuracy 37.2 | Loss: 1.9154 | Aggregation time: 6.148
tensor([1.4455], device='cuda:0')
tensor([1.3710], device='cuda:0')
tensor([1.2729], device='cuda:0')
tensor([1.2177], device='cuda:0')
tensor([1.1864], device='cuda:0')
tensor([1.1675], device='cuda:0')
tensor([1.1574], device='cuda:0')
tensor([1.1468], device='cuda:0')
tensor([1.1328], device='cuda:0')
Epoch 15 Accuracy 38.2 | Loss: 2.9573 | Aggregation time: 6.758
tensor([1.1173], device='cuda:0')
tensor([1.0992], device='cuda:0')
tensor([1.0814], device='cuda:0')
tensor([1.0591], device='cuda:0')
tensor([1.0338], device='cuda:0')
tensor([1.0250], device='cuda:0')
tensor([1.0102], device='cuda:0')
tensor([1.0206], device='cuda:0')
tensor([1.0249], device='cuda:0')
Epoch 16 Accuracy 71.7 | Loss: 1.3445 | Aggregation time: 7.441
tensor([1.0524], device='cuda:0')
tensor([1.0536], device='cuda:0')
tensor([1.1012], device='cuda:0')
tensor([1.1358], device='cuda:0')
tensor([1.1433], device='cuda:0')
tensor([1.0623], device='cuda:0')
tensor([1.1400], device='cuda:0')
tensor([1.0118], device='cuda:0')
tensor([1.1623], device='cuda:0')
tensor([1.2473], device='cuda:0')
Epoch 17 Accuracy 41.5 | Loss: 1.7932 | Aggregation time: 8.155
tensor([1.4285], device='cuda:0')
tensor([1.3674], device='cuda:0')
tensor([1.3457], device='cuda:0')
tensor([1.3382], device='cuda:0')
tensor([1.3393], device='cuda:0')
tensor([1.3390], device='cuda:0')
tensor([1.3386], device='cuda:0')
tensor([1.3383], device='cuda:0')
tensor([1.3378], device='cuda:0')
Epoch 18 Accuracy 10.0 | Loss: 4.3285 | Aggregation time: 8.472
tensor([1.3373], device='cuda:0')
tensor([1.3367], device='cuda:0')
tensor([1.3354], device='cuda:0')
tensor([1.3324], device='cuda:0')
tensor([1.3299], device='cuda:0')
tensor([1.3272], device='cuda:0')
tensor([1.3215], device='cuda:0')
tensor([1.3164], device='cuda:0')
tensor([1.3096], device='cuda:0')
tensor([1.3011], device='cuda:0')
Epoch 19 Accuracy 10.100000000000001 | Loss: 2.3905 | Aggregation time: 8.841
tensor([1.2888], device='cuda:0')
tensor([1.2769], device='cuda:0')
tensor([1.2519], device='cuda:0')
tensor([1.2244], device='cuda:0')
tensor([1.1894], device='cuda:0')
tensor([1.1556], device='cuda:0')
tensor([1.1510], device='cuda:0')
tensor([1.1042], device='cuda:0')
tensor([1.0459], device='cuda:0')
Epoch 20 Accuracy 10.4 | Loss: 2.3382 | Aggregation time: 9.16
