C:\Users\user\Desktop\IoT\FLTG-implementation\FL-Byzantine-Library\client.py:43: UserWarning: To copy construct from a tensor, it is recommended to use sourceTensor.clone().detach() or sourceTensor.clone().detach().requires_grad_(True), rather than torch.tensor(sourceTensor).
  self.momentum = torch.tensor(torch.zeros_like(flat_model, device=self.device))
number of parameters  0.431 M
tensor([1.4404], device='cuda:0')
tensor([1.6575], device='cuda:0')
tensor([1.6772], device='cuda:0')
tensor([1.7153], device='cuda:0')
tensor([1.7471], device='cuda:0')
tensor([1.7359], device='cuda:0')
tensor([1.7167], device='cuda:0')
tensor([1.7075], device='cuda:0')
tensor([1.7068], device='cuda:0')
tensor([1.7386], device='cuda:0')
Epoch 1 Accuracy 18.8 | Loss: 2.2699 | Aggregation time: 0.644
tensor([1.7186], device='cuda:0')
tensor([1.7073], device='cuda:0')
tensor([1.7063], device='cuda:0')
tensor([1.7076], device='cuda:0')
tensor([1.7215], device='cuda:0')
tensor([1.7213], device='cuda:0')
tensor([1.7292], device='cuda:0')
tensor([1.7489], device='cuda:0')
tensor([1.7433], device='cuda:0')
Epoch 2 Accuracy 25.8 | Loss: 2.1961 | Aggregation time: 1.216
tensor([1.7639], device='cuda:0')
tensor([1.7783], device='cuda:0')
tensor([1.7445], device='cuda:0')
tensor([1.7094], device='cuda:0')
tensor([1.6776], device='cuda:0')
tensor([1.6885], device='cuda:0')
tensor([1.6820], device='cuda:0')
tensor([1.6967], device='cuda:0')
tensor([1.6943], device='cuda:0')
tensor([1.7116], device='cuda:0')
Epoch 3 Accuracy 41.099999999999994 | Loss: 2.026 | Aggregation time: 1.886
tensor([1.7024], device='cuda:0')
tensor([1.6896], device='cuda:0')
tensor([1.6647], device='cuda:0')
tensor([1.6532], device='cuda:0')
tensor([1.6144], device='cuda:0')
tensor([1.6183], device='cuda:0')
tensor([1.6153], device='cuda:0')
tensor([1.5985], device='cuda:0')
tensor([1.5677], device='cuda:0')
Epoch 4 Accuracy 63.800000000000004 | Loss: 1.7138 | Aggregation time: 2.533
tensor([1.5362], device='cuda:0')
tensor([1.5183], device='cuda:0')
tensor([1.4887], device='cuda:0')
tensor([1.4682], device='cuda:0')
tensor([1.4763], device='cuda:0')
tensor([1.4409], device='cuda:0')
tensor([1.4448], device='cuda:0')
tensor([1.4095], device='cuda:0')
tensor([1.4183], device='cuda:0')
Epoch 5 Accuracy 58.9 | Loss: 1.3414 | Aggregation time: 3.087
tensor([1.3871], device='cuda:0')
tensor([1.4098], device='cuda:0')
tensor([1.4320], device='cuda:0')
tensor([1.4826], device='cuda:0')
tensor([1.4724], device='cuda:0')
tensor([1.3785], device='cuda:0')
tensor([1.3752], device='cuda:0')
tensor([1.4010], device='cuda:0')
tensor([1.4345], device='cuda:0')
tensor([1.4231], device='cuda:0')
Epoch 6 Accuracy 66.8 | Loss: 1.2424 | Aggregation time: 3.757
tensor([1.4132], device='cuda:0')
tensor([1.4035], device='cuda:0')
tensor([1.4154], device='cuda:0')
tensor([1.3991], device='cuda:0')
tensor([1.3990], device='cuda:0')
tensor([1.4096], device='cuda:0')
tensor([1.4413], device='cuda:0')
tensor([1.4348], device='cuda:0')
tensor([1.4522], device='cuda:0')
Epoch 7 Accuracy 71.6 | Loss: 0.9985 | Aggregation time: 4.376
tensor([1.4654], device='cuda:0')
tensor([1.4846], device='cuda:0')
tensor([1.4655], device='cuda:0')
tensor([1.4473], device='cuda:0')
tensor([1.4439], device='cuda:0')
tensor([1.4285], device='cuda:0')
tensor([1.4319], device='cuda:0')
tensor([1.4366], device='cuda:0')
tensor([1.4466], device='cuda:0')
tensor([1.4361], device='cuda:0')
Epoch 8 Accuracy 79.3 | Loss: 0.8126 | Aggregation time: 5.03
tensor([1.4493], device='cuda:0')
tensor([1.4373], device='cuda:0')
tensor([1.4507], device='cuda:0')
tensor([1.4256], device='cuda:0')
tensor([1.4354], device='cuda:0')
tensor([1.4435], device='cuda:0')
tensor([1.4669], device='cuda:0')
tensor([1.4652], device='cuda:0')
tensor([1.5164], device='cuda:0')
Epoch 9 Accuracy 85.7 | Loss: 0.5772 | Aggregation time: 5.641
tensor([1.5519], device='cuda:0')
tensor([1.5566], device='cuda:0')
tensor([1.5271], device='cuda:0')
tensor([1.5378], device='cuda:0')
tensor([1.5540], device='cuda:0')
tensor([1.5805], device='cuda:0')
tensor([1.6033], device='cuda:0')
tensor([1.6346], device='cuda:0')
tensor([1.6549], device='cuda:0')
Epoch 10 Accuracy 65.3 | Loss: 0.5143 | Aggregation time: 6.214
tensor([1.6775], device='cuda:0')
tensor([1.7020], device='cuda:0')
tensor([1.7190], device='cuda:0')
tensor([1.6988], device='cuda:0')
tensor([1.7290], device='cuda:0')
tensor([1.6931], device='cuda:0')
tensor([1.8327], device='cuda:0')
tensor([1.8505], device='cuda:0')
tensor([1.8048], device='cuda:0')
tensor([1.8119], device='cuda:0')
Epoch 11 Accuracy 86.6 | Loss: 0.6355 | Aggregation time: 6.915
tensor([1.7776], device='cuda:0')
tensor([1.7443], device='cuda:0')
tensor([1.7705], device='cuda:0')
tensor([1.7542], device='cuda:0')
tensor([1.7451], device='cuda:0')
tensor([1.7372], device='cuda:0')
tensor([1.7186], device='cuda:0')
tensor([1.6886], device='cuda:0')
tensor([1.6628], device='cuda:0')
Epoch 12 Accuracy 84.6 | Loss: 0.5688 | Aggregation time: 7.484
tensor([1.7092], device='cuda:0')
tensor([1.6946], device='cuda:0')
tensor([1.6995], device='cuda:0')
tensor([1.7302], device='cuda:0')
tensor([1.7127], device='cuda:0')
tensor([1.7124], device='cuda:0')
tensor([1.6904], device='cuda:0')
tensor([1.7596], device='cuda:0')
tensor([1.7422], device='cuda:0')
Epoch 13 Accuracy 87.2 | Loss: 0.5383 | Aggregation time: 8.209
tensor([1.6828], device='cuda:0')
tensor([1.6308], device='cuda:0')
tensor([1.5929], device='cuda:0')
tensor([1.5384], device='cuda:0')
tensor([1.5541], device='cuda:0')
tensor([1.5702], device='cuda:0')
tensor([1.5827], device='cuda:0')
tensor([1.6741], device='cuda:0')
tensor([1.8088], device='cuda:0')
tensor([1.8820], device='cuda:0')
Epoch 14 Accuracy 87.8 | Loss: 0.4734 | Aggregation time: 8.939
tensor([1.8982], device='cuda:0')
tensor([1.8715], device='cuda:0')
tensor([1.8540], device='cuda:0')
tensor([1.8086], device='cuda:0')
tensor([1.7870], device='cuda:0')
tensor([1.7277], device='cuda:0')
tensor([1.7219], device='cuda:0')
tensor([1.7423], device='cuda:0')
tensor([1.7838], device='cuda:0')
Epoch 15 Accuracy 89.4 | Loss: 0.396 | Aggregation time: 9.55
tensor([1.7459], device='cuda:0')
tensor([1.7141], device='cuda:0')
tensor([1.7260], device='cuda:0')
tensor([1.7191], device='cuda:0')
tensor([1.7148], device='cuda:0')
tensor([1.7203], device='cuda:0')
tensor([1.7344], device='cuda:0')
tensor([1.7320], device='cuda:0')
tensor([1.7340], device='cuda:0')
Epoch 16 Accuracy 88.8 | Loss: 0.3901 | Aggregation time: 10.24
tensor([1.6973], device='cuda:0')
tensor([1.6671], device='cuda:0')
tensor([1.6523], device='cuda:0')
tensor([1.6548], device='cuda:0')
tensor([1.6656], device='cuda:0')
tensor([1.6615], device='cuda:0')
tensor([1.6719], device='cuda:0')
tensor([1.6604], device='cuda:0')
tensor([1.6319], device='cuda:0')
tensor([1.6134], device='cuda:0')
Epoch 17 Accuracy 91.3 | Loss: 0.3426 | Aggregation time: 10.848
tensor([1.6646], device='cuda:0')
tensor([1.6881], device='cuda:0')
tensor([1.6681], device='cuda:0')
tensor([1.6805], device='cuda:0')
tensor([1.6904], device='cuda:0')
tensor([1.6738], device='cuda:0')
tensor([1.6610], device='cuda:0')
tensor([1.6660], device='cuda:0')
tensor([1.6714], device='cuda:0')
Epoch 18 Accuracy 87.6 | Loss: 0.2844 | Aggregation time: 11.493
tensor([1.6770], device='cuda:0')
tensor([1.7185], device='cuda:0')
tensor([1.6635], device='cuda:0')
tensor([1.6252], device='cuda:0')
tensor([1.6464], device='cuda:0')
tensor([1.6304], device='cuda:0')
tensor([1.6582], device='cuda:0')
tensor([1.7092], device='cuda:0')
tensor([1.7152], device='cuda:0')
tensor([1.6918], device='cuda:0')
Epoch 19 Accuracy 92.7 | Loss: 0.3118 | Aggregation time: 12.048
tensor([1.6783], device='cuda:0')
tensor([1.6986], device='cuda:0')
tensor([1.6603], device='cuda:0')
tensor([1.6843], device='cuda:0')
tensor([1.6815], device='cuda:0')
tensor([1.6936], device='cuda:0')
tensor([1.8015], device='cuda:0')
tensor([1.8890], device='cuda:0')
tensor([1.8550], device='cuda:0')
Epoch 20 Accuracy 89.7 | Loss: 0.2794 | Aggregation time: 12.693
