C:\Users\user\Desktop\IoT\FLTG-implementation\FL-Byzantine-Library\client.py:43: UserWarning: To copy construct from a tensor, it is recommended to use sourceTensor.clone().detach() or sourceTensor.clone().detach().requires_grad_(True), rather than torch.tensor(sourceTensor).
  self.momentum = torch.tensor(torch.zeros_like(flat_model, device=self.device))
number of parameters  0.431 M
tensor([1.3713], device='cuda:0')
tensor([1.3454], device='cuda:0')
tensor([1.3635], device='cuda:0')
tensor([1.3467], device='cuda:0')
tensor([1.3480], device='cuda:0')
tensor([1.3119], device='cuda:0')
tensor([1.3058], device='cuda:0')
tensor([1.3428], device='cuda:0')
tensor([1.3227], device='cuda:0')
tensor([1.3770], device='cuda:0')
Epoch 1 Accuracy 16.3 | Loss: 2.2642 | Aggregation time: 0.671
tensor([1.3953], device='cuda:0')
tensor([1.4145], device='cuda:0')
tensor([1.3634], device='cuda:0')
tensor([1.3795], device='cuda:0')
tensor([1.4045], device='cuda:0')
tensor([1.3695], device='cuda:0')
tensor([1.3648], device='cuda:0')
tensor([1.3728], device='cuda:0')
tensor([1.3044], device='cuda:0')
Epoch 2 Accuracy 37.9 | Loss: 2.166 | Aggregation time: 0.987
tensor([1.2685], device='cuda:0')
tensor([1.2741], device='cuda:0')
tensor([1.2466], device='cuda:0')
tensor([1.2279], device='cuda:0')
tensor([1.2098], device='cuda:0')
tensor([1.1844], device='cuda:0')
tensor([1.1761], device='cuda:0')
tensor([1.1641], device='cuda:0')
tensor([1.1528], device='cuda:0')
tensor([1.1384], device='cuda:0')
Epoch 3 Accuracy 44.0 | Loss: 1.9419 | Aggregation time: 1.359
tensor([1.1452], device='cuda:0')
tensor([1.1558], device='cuda:0')
tensor([1.1886], device='cuda:0')
tensor([1.2267], device='cuda:0')
tensor([1.2567], device='cuda:0')
tensor([1.2761], device='cuda:0')
tensor([1.3094], device='cuda:0')
tensor([1.2756], device='cuda:0')
tensor([1.2425], device='cuda:0')
Epoch 4 Accuracy 42.199999999999996 | Loss: 2.0062 | Aggregation time: 1.877
tensor([1.2084], device='cuda:0')
tensor([1.1999], device='cuda:0')
tensor([1.1835], device='cuda:0')
tensor([1.2024], device='cuda:0')
tensor([1.2076], device='cuda:0')
tensor([1.2160], device='cuda:0')
tensor([1.2424], device='cuda:0')
tensor([1.2567], device='cuda:0')
tensor([1.2957], device='cuda:0')
Epoch 5 Accuracy 51.800000000000004 | Loss: 2.0226 | Aggregation time: 2.247
tensor([1.2811], device='cuda:0')
tensor([1.2619], device='cuda:0')
tensor([1.2549], device='cuda:0')
tensor([1.2375], device='cuda:0')
tensor([1.2137], device='cuda:0')
tensor([1.1980], device='cuda:0')
tensor([1.1908], device='cuda:0')
tensor([1.1886], device='cuda:0')
tensor([1.1742], device='cuda:0')
tensor([1.1902], device='cuda:0')
Epoch 6 Accuracy 68.10000000000001 | Loss: 1.6188 | Aggregation time: 3.14
tensor([1.2504], device='cuda:0')
tensor([1.3266], device='cuda:0')
tensor([1.4342], device='cuda:0')
tensor([1.5709], device='cuda:0')
tensor([1.7696], device='cuda:0')
tensor([1.7559], device='cuda:0')
tensor([1.7678], device='cuda:0')
tensor([1.6940], device='cuda:0')
tensor([1.6910], device='cuda:0')
Epoch 7 Accuracy 57.9 | Loss: 1.1726 | Aggregation time: 3.769
tensor([1.6800], device='cuda:0')
tensor([1.6490], device='cuda:0')
tensor([1.6129], device='cuda:0')
tensor([1.5831], device='cuda:0')
tensor([1.5616], device='cuda:0')
tensor([1.5588], device='cuda:0')
tensor([1.5570], device='cuda:0')
tensor([1.5569], device='cuda:0')
tensor([1.5575], device='cuda:0')
tensor([1.5552], device='cuda:0')
Epoch 8 Accuracy 58.5 | Loss: 1.4849 | Aggregation time: 4.217
tensor([1.5647], device='cuda:0')
tensor([1.5983], device='cuda:0')
tensor([1.7406], device='cuda:0')
tensor([1.8392], device='cuda:0')
tensor([1.8918], device='cuda:0')
tensor([1.8454], device='cuda:0')
tensor([1.8196], device='cuda:0')
tensor([1.8044], device='cuda:0')
tensor([1.8015], device='cuda:0')
Epoch 9 Accuracy 64.0 | Loss: 1.1875 | Aggregation time: 4.608
tensor([1.8142], device='cuda:0')
tensor([1.7979], device='cuda:0')
tensor([1.7903], device='cuda:0')
tensor([1.7768], device='cuda:0')
tensor([1.7616], device='cuda:0')
tensor([1.7214], device='cuda:0')
tensor([1.6658], device='cuda:0')
tensor([1.6570], device='cuda:0')
tensor([1.5974], device='cuda:0')
Epoch 10 Accuracy 76.0 | Loss: 0.9623 | Aggregation time: 5.199
tensor([1.6248], device='cuda:0')
tensor([1.6289], device='cuda:0')
tensor([1.7820], device='cuda:0')
tensor([1.8308], device='cuda:0')
tensor([1.8351], device='cuda:0')
tensor([1.8407], device='cuda:0')
tensor([1.9000], device='cuda:0')
tensor([1.8882], device='cuda:0')
tensor([1.8396], device='cuda:0')
tensor([1.8997], device='cuda:0')
Epoch 11 Accuracy 79.10000000000001 | Loss: 0.8637 | Aggregation time: 5.785
tensor([1.8935], device='cuda:0')
tensor([1.8388], device='cuda:0')
tensor([1.8593], device='cuda:0')
tensor([1.8729], device='cuda:0')
tensor([1.8505], device='cuda:0')
tensor([1.8511], device='cuda:0')
tensor([1.8523], device='cuda:0')
tensor([1.8699], device='cuda:0')
tensor([1.8824], device='cuda:0')
Epoch 12 Accuracy 79.7 | Loss: 0.7773 | Aggregation time: 6.434
tensor([1.8750], device='cuda:0')
tensor([1.8788], device='cuda:0')
tensor([1.8916], device='cuda:0')
tensor([1.8742], device='cuda:0')
tensor([1.8888], device='cuda:0')
tensor([1.8930], device='cuda:0')
tensor([1.8876], device='cuda:0')
tensor([1.8660], device='cuda:0')
tensor([1.8784], device='cuda:0')
Epoch 13 Accuracy 77.5 | Loss: 0.654 | Aggregation time: 7.135
tensor([1.8654], device='cuda:0')
tensor([1.8245], device='cuda:0')
tensor([1.7994], device='cuda:0')
tensor([1.8180], device='cuda:0')
tensor([1.7848], device='cuda:0')
tensor([1.7851], device='cuda:0')
tensor([1.7708], device='cuda:0')
tensor([1.7081], device='cuda:0')
tensor([1.5555], device='cuda:0')
tensor([1.5014], device='cuda:0')
Epoch 14 Accuracy 71.89999999999999 | Loss: 0.8888 | Aggregation time: 8.035
tensor([1.5919], device='cuda:0')
tensor([1.6239], device='cuda:0')
tensor([1.7517], device='cuda:0')
tensor([1.8234], device='cuda:0')
tensor([1.8930], device='cuda:0')
tensor([1.9460], device='cuda:0')
tensor([1.9926], device='cuda:0')
tensor([1.9949], device='cuda:0')
tensor([1.7714], device='cuda:0')
Epoch 15 Accuracy 52.2 | Loss: 2.0762 | Aggregation time: 8.612
tensor([1.7882], device='cuda:0')
tensor([1.8271], device='cuda:0')
tensor([1.8469], device='cuda:0')
tensor([1.8708], device='cuda:0')
tensor([1.8356], device='cuda:0')
tensor([1.7790], device='cuda:0')
tensor([1.6801], device='cuda:0')
tensor([1.5860], device='cuda:0')
tensor([1.4716], device='cuda:0')
Epoch 16 Accuracy 44.5 | Loss: 1.7508 | Aggregation time: 8.973
tensor([1.4144], device='cuda:0')
tensor([1.3164], device='cuda:0')
tensor([1.2274], device='cuda:0')
tensor([1.1384], device='cuda:0')
tensor([1.1399], device='cuda:0')
tensor([1.1501], device='cuda:0')
tensor([1.1427], device='cuda:0')
tensor([1.1323], device='cuda:0')
tensor([1.1322], device='cuda:0')
tensor([1.1075], device='cuda:0')
Epoch 17 Accuracy 14.7 | Loss: 2.1196 | Aggregation time: 9.358
tensor([1.1050], device='cuda:0')
tensor([1.1051], device='cuda:0')
tensor([1.1051], device='cuda:0')
tensor([1.1047], device='cuda:0')
tensor([1.1041], device='cuda:0')
tensor([1.1036], device='cuda:0')
tensor([1.1028], device='cuda:0')
tensor([1.1015], device='cuda:0')
tensor([1.1003], device='cuda:0')
Epoch 18 Accuracy 11.4 | Loss: 2.2822 | Aggregation time: 9.699
tensor([1.0989], device='cuda:0')
tensor([1.0960], device='cuda:0')
tensor([1.0922], device='cuda:0')
tensor([1.0894], device='cuda:0')
tensor([1.0862], device='cuda:0')
tensor([1.0848], device='cuda:0')
tensor([1.0750], device='cuda:0')
tensor([1.0596], device='cuda:0')
tensor([1.0516], device='cuda:0')
tensor([1.0422], device='cuda:0')
Epoch 19 Accuracy 10.299999999999999 | Loss: 2.3055 | Aggregation time: 10.109
tensor([1.0243], device='cuda:0')
tensor([1.0052], device='cuda:0')
tensor([0.9932], device='cuda:0')
tensor([0.9852], device='cuda:0')
tensor([0.9552], device='cuda:0')
tensor([0.9821], device='cuda:0')
tensor([1.0498], device='cuda:0')
tensor([1.1070], device='cuda:0')
tensor([1.2058], device='cuda:0')
Epoch 20 Accuracy 13.900000000000002 | Loss: 2.3083 | Aggregation time: 10.654
