C:\Users\user\Desktop\IoT\FLTG-implementation\FL-Byzantine-Library\client.py:43: UserWarning: To copy construct from a tensor, it is recommended to use sourceTensor.clone().detach() or sourceTensor.clone().detach().requires_grad_(True), rather than torch.tensor(sourceTensor).
  self.momentum = torch.tensor(torch.zeros_like(flat_model, device=self.device))
Files already downloaded and verified
Files already downloaded and verified
number of parameters  0.697 M
tensor([1.6590], device='cuda:0')
tensor([1.7353], device='cuda:0')
tensor([1.6848], device='cuda:0')
tensor([1.7225], device='cuda:0')
tensor([1.7783], device='cuda:0')
tensor([1.7815], device='cuda:0')
tensor([1.7936], device='cuda:0')
tensor([1.7911], device='cuda:0')
tensor([1.8043], device='cuda:0')
tensor([1.7927], device='cuda:0')
Epoch 1 Accuracy 10.0 | Loss: 2.8137 | Aggregation time: 0.676
tensor([1.7968], device='cuda:0')
tensor([1.7932], device='cuda:0')
tensor([1.7657], device='cuda:0')
tensor([1.7377], device='cuda:0')
tensor([1.7170], device='cuda:0')
tensor([1.7315], device='cuda:0')
tensor([1.7355], device='cuda:0')
tensor([1.7480], device='cuda:0')
tensor([1.7389], device='cuda:0')
tensor([1.7405], device='cuda:0')
Epoch 2 Accuracy 14.099999999999998 | Loss: 3.3515 | Aggregation time: 1.406
tensor([1.7174], device='cuda:0')
tensor([1.7085], device='cuda:0')
tensor([1.6996], device='cuda:0')
tensor([1.7065], device='cuda:0')
tensor([1.6880], device='cuda:0')
tensor([1.6925], device='cuda:0')
tensor([1.6914], device='cuda:0')
tensor([1.7039], device='cuda:0')
tensor([1.6872], device='cuda:0')
tensor([1.6751], device='cuda:0')
Epoch 3 Accuracy 15.7 | Loss: 3.0197 | Aggregation time: 2.092
tensor([1.7196], device='cuda:0')
tensor([1.7196], device='cuda:0')
tensor([1.7277], device='cuda:0')
tensor([1.7178], device='cuda:0')
tensor([1.7225], device='cuda:0')
tensor([1.7362], device='cuda:0')
tensor([1.7336], device='cuda:0')
tensor([1.7216], device='cuda:0')
tensor([1.6964], device='cuda:0')
tensor([1.6782], device='cuda:0')
Epoch 4 Accuracy 17.9 | Loss: 2.5807 | Aggregation time: 2.772
tensor([1.6656], device='cuda:0')
tensor([1.6579], device='cuda:0')
tensor([1.6415], device='cuda:0')
tensor([1.6622], device='cuda:0')
tensor([1.6685], device='cuda:0')
tensor([1.6580], device='cuda:0')
tensor([1.6625], device='cuda:0')
tensor([1.6445], device='cuda:0')
tensor([1.6448], device='cuda:0')
Epoch 5 Accuracy 22.3 | Loss: 2.7077 | Aggregation time: 3.505
tensor([1.6532], device='cuda:0')
tensor([1.6443], device='cuda:0')
tensor([1.6348], device='cuda:0')
tensor([1.6281], device='cuda:0')
tensor([1.6363], device='cuda:0')
tensor([1.6416], device='cuda:0')
tensor([1.6595], device='cuda:0')
tensor([1.6758], device='cuda:0')
tensor([1.6763], device='cuda:0')
tensor([1.6860], device='cuda:0')
Epoch 6 Accuracy 17.9 | Loss: 2.8742 | Aggregation time: 4.181
tensor([1.6852], device='cuda:0')
tensor([1.6611], device='cuda:0')
tensor([1.6693], device='cuda:0')
tensor([1.6745], device='cuda:0')
tensor([1.6673], device='cuda:0')
tensor([1.6382], device='cuda:0')
tensor([1.6756], device='cuda:0')
tensor([1.6413], device='cuda:0')
tensor([1.6456], device='cuda:0')
tensor([1.6649], device='cuda:0')
Epoch 7 Accuracy 19.0 | Loss: 2.8462 | Aggregation time: 4.907
tensor([1.6421], device='cuda:0')
tensor([1.6523], device='cuda:0')
tensor([1.6437], device='cuda:0')
tensor([1.6533], device='cuda:0')
tensor([1.6671], device='cuda:0')
tensor([1.6783], device='cuda:0')
tensor([1.7031], device='cuda:0')
tensor([1.6988], device='cuda:0')
tensor([1.6956], device='cuda:0')
tensor([1.7078], device='cuda:0')
Epoch 8 Accuracy 21.0 | Loss: 2.58 | Aggregation time: 5.646
tensor([1.7008], device='cuda:0')
tensor([1.7230], device='cuda:0')
tensor([1.7206], device='cuda:0')
tensor([1.7338], device='cuda:0')
tensor([1.7224], device='cuda:0')
tensor([1.7052], device='cuda:0')
tensor([1.7021], device='cuda:0')
tensor([1.7020], device='cuda:0')
tensor([1.7183], device='cuda:0')
Epoch 9 Accuracy 19.900000000000002 | Loss: 2.6211 | Aggregation time: 6.285
tensor([1.6995], device='cuda:0')
tensor([1.6965], device='cuda:0')
tensor([1.6994], device='cuda:0')
tensor([1.6992], device='cuda:0')
tensor([1.6946], device='cuda:0')
tensor([1.6922], device='cuda:0')
tensor([1.6913], device='cuda:0')
tensor([1.6989], device='cuda:0')
tensor([1.7266], device='cuda:0')
tensor([1.7077], device='cuda:0')
Epoch 10 Accuracy 17.9 | Loss: 2.5307 | Aggregation time: 7.02
tensor([1.7107], device='cuda:0')
tensor([1.7193], device='cuda:0')
tensor([1.7347], device='cuda:0')
tensor([1.7449], device='cuda:0')
tensor([1.7565], device='cuda:0')
tensor([1.7562], device='cuda:0')
tensor([1.7470], device='cuda:0')
tensor([1.7524], device='cuda:0')
tensor([1.7210], device='cuda:0')
tensor([1.7204], device='cuda:0')
Epoch 11 Accuracy 17.9 | Loss: 2.7742 | Aggregation time: 7.716
tensor([1.7206], device='cuda:0')
tensor([1.7146], device='cuda:0')
tensor([1.7320], device='cuda:0')
tensor([1.7353], device='cuda:0')
tensor([1.7231], device='cuda:0')
tensor([1.7160], device='cuda:0')
tensor([1.7091], device='cuda:0')
tensor([1.7288], device='cuda:0')
tensor([1.7220], device='cuda:0')
tensor([1.7069], device='cuda:0')
Epoch 12 Accuracy 21.7 | Loss: 2.5419 | Aggregation time: 8.42
tensor([1.6650], device='cuda:0')
tensor([1.6563], device='cuda:0')
tensor([1.6349], device='cuda:0')
tensor([1.6483], device='cuda:0')
tensor([1.6533], device='cuda:0')
tensor([1.6574], device='cuda:0')
tensor([1.6434], device='cuda:0')
tensor([1.6324], device='cuda:0')
tensor([1.6451], device='cuda:0')
Epoch 13 Accuracy 25.8 | Loss: 2.7199 | Aggregation time: 9.074
tensor([1.6482], device='cuda:0')
tensor([1.6412], device='cuda:0')
tensor([1.6518], device='cuda:0')
tensor([1.6872], device='cuda:0')
tensor([1.7086], device='cuda:0')
tensor([1.6841], device='cuda:0')
tensor([1.7093], device='cuda:0')
tensor([1.6761], device='cuda:0')
tensor([1.6901], device='cuda:0')
tensor([1.6736], device='cuda:0')
Epoch 14 Accuracy 24.099999999999998 | Loss: 2.5776 | Aggregation time: 9.771
tensor([1.6477], device='cuda:0')
tensor([1.6275], device='cuda:0')
tensor([1.6446], device='cuda:0')
tensor([1.6615], device='cuda:0')
tensor([1.6583], device='cuda:0')
tensor([1.6616], device='cuda:0')
tensor([1.6522], device='cuda:0')
tensor([1.6441], device='cuda:0')
tensor([1.6354], device='cuda:0')
tensor([1.6151], device='cuda:0')
Epoch 15 Accuracy 19.3 | Loss: 2.5342 | Aggregation time: 10.54
tensor([1.6294], device='cuda:0')
tensor([1.6105], device='cuda:0')
tensor([1.5977], device='cuda:0')
tensor([1.5962], device='cuda:0')
tensor([1.6139], device='cuda:0')
tensor([1.6218], device='cuda:0')
tensor([1.6243], device='cuda:0')
tensor([1.6291], device='cuda:0')
tensor([1.6266], device='cuda:0')
tensor([1.6317], device='cuda:0')
Epoch 16 Accuracy 25.6 | Loss: 2.5589 | Aggregation time: 11.388
tensor([1.6221], device='cuda:0')
tensor([1.6408], device='cuda:0')
tensor([1.6707], device='cuda:0')
tensor([1.6833], device='cuda:0')
tensor([1.6598], device='cuda:0')
tensor([1.6315], device='cuda:0')
tensor([1.6595], device='cuda:0')
tensor([1.6515], device='cuda:0')
tensor([1.7010], device='cuda:0')
tensor([1.6858], device='cuda:0')
Epoch 17 Accuracy 23.9 | Loss: 2.7872 | Aggregation time: 12.084
tensor([1.6740], device='cuda:0')
tensor([1.6887], device='cuda:0')
tensor([1.6795], device='cuda:0')
tensor([1.6897], device='cuda:0')
tensor([1.7369], device='cuda:0')
tensor([1.7076], device='cuda:0')
tensor([1.7092], device='cuda:0')
tensor([1.7097], device='cuda:0')
tensor([1.7014], device='cuda:0')
Epoch 18 Accuracy 22.8 | Loss: 2.4784 | Aggregation time: 12.709
tensor([1.6913], device='cuda:0')
tensor([1.7159], device='cuda:0')
tensor([1.7137], device='cuda:0')
tensor([1.7006], device='cuda:0')
tensor([1.7049], device='cuda:0')
tensor([1.7001], device='cuda:0')
tensor([1.7177], device='cuda:0')
tensor([1.7419], device='cuda:0')
tensor([1.7292], device='cuda:0')
tensor([1.7153], device='cuda:0')
Epoch 19 Accuracy 28.499999999999996 | Loss: 2.566 | Aggregation time: 13.436
tensor([1.7467], device='cuda:0')
tensor([1.7522], device='cuda:0')
tensor([1.7550], device='cuda:0')
tensor([1.7375], device='cuda:0')
tensor([1.7517], device='cuda:0')
tensor([1.7738], device='cuda:0')
tensor([1.7850], device='cuda:0')
tensor([1.7528], device='cuda:0')
tensor([1.7323], device='cuda:0')
tensor([1.7260], device='cuda:0')
Epoch 20 Accuracy 26.0 | Loss: 2.4437 | Aggregation time: 14.046
tensor([1.7336], device='cuda:0')
tensor([1.7237], device='cuda:0')
tensor([1.6995], device='cuda:0')
tensor([1.7170], device='cuda:0')
tensor([1.6928], device='cuda:0')
tensor([1.7100], device='cuda:0')
tensor([1.7188], device='cuda:0')
tensor([1.7122], device='cuda:0')
tensor([1.7154], device='cuda:0')
tensor([1.6986], device='cuda:0')
Epoch 21 Accuracy 25.5 | Loss: 2.5541 | Aggregation time: 14.893
tensor([1.6783], device='cuda:0')
tensor([1.6781], device='cuda:0')
tensor([1.7143], device='cuda:0')
tensor([1.7101], device='cuda:0')
tensor([1.7507], device='cuda:0')
tensor([1.7371], device='cuda:0')
tensor([1.7554], device='cuda:0')
tensor([1.7512], device='cuda:0')
tensor([1.7816], device='cuda:0')
Epoch 22 Accuracy 28.299999999999997 | Loss: 2.6281 | Aggregation time: 15.519
tensor([1.8112], device='cuda:0')
tensor([1.7968], device='cuda:0')
tensor([1.8065], device='cuda:0')
tensor([1.7996], device='cuda:0')
tensor([1.8175], device='cuda:0')
tensor([1.8137], device='cuda:0')
tensor([1.8098], device='cuda:0')
tensor([1.8238], device='cuda:0')
tensor([1.8092], device='cuda:0')
tensor([1.8145], device='cuda:0')
Epoch 23 Accuracy 22.6 | Loss: 2.673 | Aggregation time: 16.173
tensor([1.7955], device='cuda:0')
tensor([1.7891], device='cuda:0')
tensor([1.7737], device='cuda:0')
tensor([1.7777], device='cuda:0')
tensor([1.7760], device='cuda:0')
tensor([1.7678], device='cuda:0')
tensor([1.7732], device='cuda:0')
tensor([1.7469], device='cuda:0')
tensor([1.7294], device='cuda:0')
tensor([1.7265], device='cuda:0')
Epoch 24 Accuracy 25.1 | Loss: 2.578 | Aggregation time: 16.944
tensor([1.7244], device='cuda:0')
tensor([1.7201], device='cuda:0')
tensor([1.7067], device='cuda:0')
tensor([1.7043], device='cuda:0')
tensor([1.6602], device='cuda:0')
tensor([1.7054], device='cuda:0')
tensor([1.6964], device='cuda:0')
tensor([1.6791], device='cuda:0')
tensor([1.6907], device='cuda:0')
tensor([1.6522], device='cuda:0')
Epoch 25 Accuracy 27.400000000000002 | Loss: 2.7014 | Aggregation time: 17.659
tensor([1.6666], device='cuda:0')
tensor([1.6711], device='cuda:0')
tensor([1.6679], device='cuda:0')
tensor([1.6724], device='cuda:0')
tensor([1.6800], device='cuda:0')
tensor([1.6681], device='cuda:0')
tensor([1.6748], device='cuda:0')
tensor([1.6786], device='cuda:0')
tensor([1.6616], device='cuda:0')
Epoch 26 Accuracy 29.9 | Loss: 2.7129 | Aggregation time: 18.38
tensor([1.6802], device='cuda:0')
tensor([1.6506], device='cuda:0')
tensor([1.6411], device='cuda:0')
tensor([1.6304], device='cuda:0')
tensor([1.6808], device='cuda:0')
tensor([1.6719], device='cuda:0')
tensor([1.6744], device='cuda:0')
tensor([1.6811], device='cuda:0')
tensor([1.6780], device='cuda:0')
tensor([1.6522], device='cuda:0')
Epoch 27 Accuracy 25.1 | Loss: 2.4608 | Aggregation time: 19.16
tensor([1.6876], device='cuda:0')
tensor([1.6885], device='cuda:0')
tensor([1.6709], device='cuda:0')
tensor([1.6895], device='cuda:0')
tensor([1.6974], device='cuda:0')
tensor([1.6558], device='cuda:0')
tensor([1.6846], device='cuda:0')
tensor([1.7330], device='cuda:0')
tensor([1.7556], device='cuda:0')
tensor([1.7182], device='cuda:0')
Epoch 28 Accuracy 23.3 | Loss: 2.6706 | Aggregation time: 19.888
tensor([1.7135], device='cuda:0')
tensor([1.7215], device='cuda:0')
tensor([1.7234], device='cuda:0')
tensor([1.7189], device='cuda:0')
tensor([1.7191], device='cuda:0')
tensor([1.6976], device='cuda:0')
tensor([1.7122], device='cuda:0')
tensor([1.7390], device='cuda:0')
tensor([1.7359], device='cuda:0')
tensor([1.7555], device='cuda:0')
Epoch 29 Accuracy 27.700000000000003 | Loss: 2.7056 | Aggregation time: 20.538
tensor([1.7587], device='cuda:0')
tensor([1.7901], device='cuda:0')
tensor([1.8063], device='cuda:0')
tensor([1.7805], device='cuda:0')
tensor([1.7848], device='cuda:0')
tensor([1.7712], device='cuda:0')
tensor([1.7727], device='cuda:0')
tensor([1.8015], device='cuda:0')
tensor([1.8022], device='cuda:0')
Epoch 30 Accuracy 29.799999999999997 | Loss: 2.5563 | Aggregation time: 21.123
tensor([1.7976], device='cuda:0')
tensor([1.7864], device='cuda:0')
tensor([1.7632], device='cuda:0')
tensor([1.7309], device='cuda:0')
tensor([1.7144], device='cuda:0')
tensor([1.7009], device='cuda:0')
tensor([1.6841], device='cuda:0')
tensor([1.6823], device='cuda:0')
tensor([1.6748], device='cuda:0')
tensor([1.6838], device='cuda:0')
Epoch 31 Accuracy 27.200000000000003 | Loss: 2.5001 | Aggregation time: 21.758
tensor([1.6690], device='cuda:0')
tensor([1.7140], device='cuda:0')
tensor([1.7010], device='cuda:0')
tensor([1.7346], device='cuda:0')
tensor([1.7178], device='cuda:0')
tensor([1.7481], device='cuda:0')
tensor([1.7133], device='cuda:0')
tensor([1.7244], device='cuda:0')
tensor([1.7003], device='cuda:0')
tensor([1.7065], device='cuda:0')
Epoch 32 Accuracy 28.599999999999998 | Loss: 2.5585 | Aggregation time: 22.503
tensor([1.6942], device='cuda:0')
tensor([1.6759], device='cuda:0')
tensor([1.6647], device='cuda:0')
tensor([1.6625], device='cuda:0')
tensor([1.6945], device='cuda:0')
tensor([1.6763], device='cuda:0')
tensor([1.6608], device='cuda:0')
tensor([1.6650], device='cuda:0')
tensor([1.6850], device='cuda:0')
tensor([1.7062], device='cuda:0')
Epoch 33 Accuracy 25.2 | Loss: 2.5875 | Aggregation time: 23.24
tensor([1.7455], device='cuda:0')
tensor([1.7301], device='cuda:0')
tensor([1.7246], device='cuda:0')
tensor([1.7187], device='cuda:0')
tensor([1.7357], device='cuda:0')
tensor([1.6987], device='cuda:0')
tensor([1.6998], device='cuda:0')
tensor([1.7172], device='cuda:0')
tensor([1.7227], device='cuda:0')
tensor([1.7523], device='cuda:0')
Epoch 34 Accuracy 30.9 | Loss: 2.6104 | Aggregation time: 23.982
tensor([1.7054], device='cuda:0')
tensor([1.7104], device='cuda:0')
tensor([1.7213], device='cuda:0')
tensor([1.7216], device='cuda:0')
tensor([1.7329], device='cuda:0')
tensor([1.7052], device='cuda:0')
tensor([1.6959], device='cuda:0')
tensor([1.7321], device='cuda:0')
tensor([1.7396], device='cuda:0')
Epoch 35 Accuracy 25.7 | Loss: 2.4443 | Aggregation time: 24.668
tensor([1.7157], device='cuda:0')
tensor([1.7161], device='cuda:0')
tensor([1.7077], device='cuda:0')
tensor([1.7149], device='cuda:0')
tensor([1.7158], device='cuda:0')
tensor([1.7377], device='cuda:0')
tensor([1.7550], device='cuda:0')
tensor([1.7448], device='cuda:0')
tensor([1.7405], device='cuda:0')
tensor([1.7304], device='cuda:0')
Epoch 36 Accuracy 25.8 | Loss: 2.6506 | Aggregation time: 25.335
tensor([1.7566], device='cuda:0')
tensor([1.7603], device='cuda:0')
tensor([1.7541], device='cuda:0')
tensor([1.7629], device='cuda:0')
tensor([1.7734], device='cuda:0')
tensor([1.7986], device='cuda:0')
tensor([1.7819], device='cuda:0')
tensor([1.7284], device='cuda:0')
tensor([1.7062], device='cuda:0')
tensor([1.6996], device='cuda:0')
Epoch 37 Accuracy 27.400000000000002 | Loss: 2.6473 | Aggregation time: 26.044
tensor([1.6920], device='cuda:0')
tensor([1.7137], device='cuda:0')
tensor([1.7076], device='cuda:0')
tensor([1.7452], device='cuda:0')
tensor([1.7349], device='cuda:0')
tensor([1.7743], device='cuda:0')
tensor([1.7745], device='cuda:0')
tensor([1.7824], device='cuda:0')
tensor([1.7824], device='cuda:0')
tensor([1.7752], device='cuda:0')
Epoch 38 Accuracy 32.7 | Loss: 2.6165 | Aggregation time: 26.717
tensor([1.7603], device='cuda:0')
tensor([1.7520], device='cuda:0')
tensor([1.7311], device='cuda:0')
tensor([1.7095], device='cuda:0')
tensor([1.7038], device='cuda:0')
tensor([1.6961], device='cuda:0')
tensor([1.7190], device='cuda:0')
tensor([1.7451], device='cuda:0')
tensor([1.7619], device='cuda:0')
Epoch 39 Accuracy 29.5 | Loss: 2.4778 | Aggregation time: 27.349
tensor([1.7630], device='cuda:0')
tensor([1.7763], device='cuda:0')
tensor([1.7683], device='cuda:0')
tensor([1.7766], device='cuda:0')
tensor([1.7558], device='cuda:0')
tensor([1.7279], device='cuda:0')
tensor([1.7100], device='cuda:0')
tensor([1.7266], device='cuda:0')
tensor([1.7162], device='cuda:0')
tensor([1.7043], device='cuda:0')
Epoch 40 Accuracy 28.7 | Loss: 2.5017 | Aggregation time: 28.014
tensor([1.7172], device='cuda:0')
tensor([1.7060], device='cuda:0')
tensor([1.7129], device='cuda:0')
tensor([1.7276], device='cuda:0')
tensor([1.7263], device='cuda:0')
tensor([1.7265], device='cuda:0')
tensor([1.7468], device='cuda:0')
tensor([1.7697], device='cuda:0')
tensor([1.7843], device='cuda:0')
tensor([1.7641], device='cuda:0')
Epoch 41 Accuracy 29.4 | Loss: 2.6728 | Aggregation time: 28.664
tensor([1.7987], device='cuda:0')
tensor([1.8112], device='cuda:0')
tensor([1.8186], device='cuda:0')
tensor([1.8159], device='cuda:0')
tensor([1.7985], device='cuda:0')
tensor([1.7687], device='cuda:0')
tensor([1.7632], device='cuda:0')
tensor([1.7321], device='cuda:0')
tensor([1.6860], device='cuda:0')
tensor([1.6989], device='cuda:0')
Epoch 42 Accuracy 31.1 | Loss: 2.599 | Aggregation time: 29.39
tensor([1.7082], device='cuda:0')
tensor([1.6990], device='cuda:0')
tensor([1.7090], device='cuda:0')
tensor([1.6745], device='cuda:0')
tensor([1.6270], device='cuda:0')
tensor([1.6396], device='cuda:0')
tensor([1.6947], device='cuda:0')
tensor([1.7172], device='cuda:0')
tensor([1.7169], device='cuda:0')
Epoch 43 Accuracy 30.8 | Loss: 2.7798 | Aggregation time: 30.048
tensor([1.7295], device='cuda:0')
tensor([1.7169], device='cuda:0')
tensor([1.7130], device='cuda:0')
tensor([1.7056], device='cuda:0')
tensor([1.6819], device='cuda:0')
tensor([1.6872], device='cuda:0')
tensor([1.7156], device='cuda:0')
tensor([1.6958], device='cuda:0')
tensor([1.7020], device='cuda:0')
tensor([1.6659], device='cuda:0')
Epoch 44 Accuracy 38.0 | Loss: 2.5213 | Aggregation time: 30.791
tensor([1.6764], device='cuda:0')
tensor([1.6740], device='cuda:0')
tensor([1.6488], device='cuda:0')
tensor([1.6619], device='cuda:0')
tensor([1.6437], device='cuda:0')
tensor([1.6713], device='cuda:0')
tensor([1.6790], device='cuda:0')
tensor([1.7038], device='cuda:0')
tensor([1.7223], device='cuda:0')
tensor([1.7028], device='cuda:0')
Epoch 45 Accuracy 31.7 | Loss: 2.4827 | Aggregation time: 31.537
tensor([1.7219], device='cuda:0')
tensor([1.7537], device='cuda:0')
tensor([1.7512], device='cuda:0')
tensor([1.7600], device='cuda:0')
tensor([1.7749], device='cuda:0')
tensor([1.7712], device='cuda:0')
tensor([1.7805], device='cuda:0')
tensor([1.7997], device='cuda:0')
tensor([1.7869], device='cuda:0')
tensor([1.7990], device='cuda:0')
Epoch 46 Accuracy 28.599999999999998 | Loss: 2.6028 | Aggregation time: 32.224
tensor([1.8135], device='cuda:0')
tensor([1.7971], device='cuda:0')
tensor([1.7939], device='cuda:0')
tensor([1.7942], device='cuda:0')
tensor([1.7965], device='cuda:0')
tensor([1.7832], device='cuda:0')
tensor([1.7542], device='cuda:0')
tensor([1.7384], device='cuda:0')
tensor([1.7350], device='cuda:0')
Epoch 47 Accuracy 32.1 | Loss: 2.6574 | Aggregation time: 32.815
tensor([1.7539], device='cuda:0')
tensor([1.7858], device='cuda:0')
tensor([1.7391], device='cuda:0')
tensor([1.7377], device='cuda:0')
tensor([1.7235], device='cuda:0')
tensor([1.7410], device='cuda:0')
tensor([1.7532], device='cuda:0')
tensor([1.7858], device='cuda:0')
tensor([1.7908], device='cuda:0')
tensor([1.7603], device='cuda:0')
Epoch 48 Accuracy 33.5 | Loss: 2.6557 | Aggregation time: 33.463
tensor([1.7831], device='cuda:0')
tensor([1.7777], device='cuda:0')
tensor([1.8017], device='cuda:0')
tensor([1.8135], device='cuda:0')
tensor([1.8403], device='cuda:0')
tensor([1.8405], device='cuda:0')
tensor([1.8184], device='cuda:0')
tensor([1.8123], device='cuda:0')
tensor([1.8201], device='cuda:0')
tensor([1.8300], device='cuda:0')
Epoch 49 Accuracy 32.9 | Loss: 2.4798 | Aggregation time: 34.144
tensor([1.8145], device='cuda:0')
tensor([1.7951], device='cuda:0')
tensor([1.7834], device='cuda:0')
tensor([1.7861], device='cuda:0')
tensor([1.7946], device='cuda:0')
tensor([1.7986], device='cuda:0')
tensor([1.7909], device='cuda:0')
tensor([1.7547], device='cuda:0')
tensor([1.7641], device='cuda:0')
tensor([1.7831], device='cuda:0')
Epoch 50 Accuracy 33.6 | Loss: 2.4591 | Aggregation time: 34.887
