C:\Users\user\Desktop\IoT\FLTG-implementation\FL-Byzantine-Library\client.py:43: UserWarning: To copy construct from a tensor, it is recommended to use sourceTensor.clone().detach() or sourceTensor.clone().detach().requires_grad_(True), rather than torch.tensor(sourceTensor).
  self.momentum = torch.tensor(torch.zeros_like(flat_model, device=self.device))
Files already downloaded and verified
Files already downloaded and verified
number of parameters  0.697 M
tensor([1.4930], device='cuda:0')
tensor([1.5698], device='cuda:0')
tensor([1.6166], device='cuda:0')
tensor([1.7036], device='cuda:0')
tensor([1.6732], device='cuda:0')
tensor([1.6903], device='cuda:0')
tensor([1.6840], device='cuda:0')
tensor([1.6681], device='cuda:0')
tensor([1.7098], device='cuda:0')
tensor([1.7298], device='cuda:0')
Epoch 1 Accuracy 10.0 | Loss: 2.5784 | Aggregation time: 0.612
tensor([1.7218], device='cuda:0')
tensor([1.7119], device='cuda:0')
tensor([1.6722], device='cuda:0')
tensor([1.6209], device='cuda:0')
tensor([1.6383], device='cuda:0')
tensor([1.6530], device='cuda:0')
tensor([1.6973], device='cuda:0')
tensor([1.7172], device='cuda:0')
tensor([1.7473], device='cuda:0')
tensor([1.7653], device='cuda:0')
Epoch 2 Accuracy 14.899999999999999 | Loss: 3.8462 | Aggregation time: 1.267
tensor([1.7892], device='cuda:0')
tensor([1.7910], device='cuda:0')
tensor([1.8016], device='cuda:0')
tensor([1.8101], device='cuda:0')
tensor([1.8318], device='cuda:0')
tensor([1.8494], device='cuda:0')
tensor([1.8680], device='cuda:0')
tensor([1.8866], device='cuda:0')
tensor([1.9087], device='cuda:0')
tensor([1.9089], device='cuda:0')
Epoch 3 Accuracy 16.0 | Loss: 2.4737 | Aggregation time: 1.873
tensor([1.9351], device='cuda:0')
tensor([1.9394], device='cuda:0')
tensor([1.9964], device='cuda:0')
tensor([1.9973], device='cuda:0')
tensor([2.0155], device='cuda:0')
tensor([2.0080], device='cuda:0')
tensor([1.9759], device='cuda:0')
tensor([1.9430], device='cuda:0')
tensor([1.9292], device='cuda:0')
tensor([1.9297], device='cuda:0')
Epoch 4 Accuracy 12.1 | Loss: 2.6181 | Aggregation time: 2.395
tensor([1.9126], device='cuda:0')
tensor([1.9426], device='cuda:0')
tensor([1.8886], device='cuda:0')
tensor([1.9306], device='cuda:0')
tensor([1.9440], device='cuda:0')
tensor([1.9405], device='cuda:0')
tensor([1.9527], device='cuda:0')
tensor([1.9420], device='cuda:0')
tensor([1.9459], device='cuda:0')
Epoch 5 Accuracy 13.900000000000002 | Loss: 2.9184 | Aggregation time: 2.936
tensor([1.9507], device='cuda:0')
tensor([1.9498], device='cuda:0')
tensor([1.9658], device='cuda:0')
tensor([1.8737], device='cuda:0')
tensor([1.8822], device='cuda:0')
tensor([1.8714], device='cuda:0')
tensor([1.8657], device='cuda:0')
tensor([1.8656], device='cuda:0')
tensor([1.8630], device='cuda:0')
tensor([1.8637], device='cuda:0')
Epoch 6 Accuracy 15.9 | Loss: 2.538 | Aggregation time: 3.447
tensor([1.8616], device='cuda:0')
tensor([1.8604], device='cuda:0')
tensor([1.8995], device='cuda:0')
tensor([1.9157], device='cuda:0')
tensor([1.9289], device='cuda:0')
tensor([1.9580], device='cuda:0')
tensor([1.9746], device='cuda:0')
tensor([2.0604], device='cuda:0')
tensor([2.0904], device='cuda:0')
tensor([2.0936], device='cuda:0')
Epoch 7 Accuracy 12.8 | Loss: 2.6271 | Aggregation time: 3.968
tensor([2.1107], device='cuda:0')
tensor([2.1103], device='cuda:0')
tensor([2.0937], device='cuda:0')
tensor([2.0737], device='cuda:0')
tensor([2.0828], device='cuda:0')
tensor([2.1098], device='cuda:0')
tensor([2.1202], device='cuda:0')
tensor([2.1757], device='cuda:0')
tensor([2.1664], device='cuda:0')
tensor([2.1374], device='cuda:0')
Epoch 8 Accuracy 12.3 | Loss: 2.6953 | Aggregation time: 4.511
tensor([2.1620], device='cuda:0')
tensor([2.1717], device='cuda:0')
tensor([2.1921], device='cuda:0')
tensor([2.1880], device='cuda:0')
tensor([2.1701], device='cuda:0')
tensor([2.1711], device='cuda:0')
tensor([2.1605], device='cuda:0')
tensor([2.1690], device='cuda:0')
tensor([2.1196], device='cuda:0')
Epoch 9 Accuracy 14.899999999999999 | Loss: 2.4486 | Aggregation time: 4.933
tensor([2.0984], device='cuda:0')
tensor([2.0462], device='cuda:0')
tensor([2.0588], device='cuda:0')
tensor([2.0335], device='cuda:0')
tensor([2.0255], device='cuda:0')
tensor([1.9910], device='cuda:0')
tensor([1.9765], device='cuda:0')
tensor([1.9559], device='cuda:0')
tensor([1.9858], device='cuda:0')
tensor([1.9293], device='cuda:0')
Epoch 10 Accuracy 15.0 | Loss: 2.5438 | Aggregation time: 5.401
tensor([1.9420], device='cuda:0')
tensor([1.9788], device='cuda:0')
tensor([1.9998], device='cuda:0')
tensor([1.9902], device='cuda:0')
tensor([2.0582], device='cuda:0')
tensor([2.0926], device='cuda:0')
tensor([2.0931], device='cuda:0')
tensor([2.0882], device='cuda:0')
tensor([2.0826], device='cuda:0')
tensor([2.0538], device='cuda:0')
Epoch 11 Accuracy 13.5 | Loss: 2.6927 | Aggregation time: 5.967
tensor([2.0253], device='cuda:0')
tensor([2.0246], device='cuda:0')
tensor([2.0259], device='cuda:0')
tensor([2.0266], device='cuda:0')
tensor([2.0042], device='cuda:0')
tensor([1.9700], device='cuda:0')
tensor([1.9627], device='cuda:0')
tensor([1.9398], device='cuda:0')
tensor([1.9384], device='cuda:0')
tensor([1.9681], device='cuda:0')
Epoch 12 Accuracy 14.6 | Loss: 2.6495 | Aggregation time: 6.411
tensor([1.9402], device='cuda:0')
tensor([1.9796], device='cuda:0')
tensor([1.9817], device='cuda:0')
tensor([1.9668], device='cuda:0')
tensor([1.9428], device='cuda:0')
tensor([1.9263], device='cuda:0')
tensor([1.8805], device='cuda:0')
tensor([1.8348], device='cuda:0')
tensor([1.8428], device='cuda:0')
Epoch 13 Accuracy 16.3 | Loss: 2.5776 | Aggregation time: 6.881
tensor([1.8395], device='cuda:0')
tensor([1.7571], device='cuda:0')
tensor([1.7580], device='cuda:0')
tensor([1.7556], device='cuda:0')
tensor([1.7936], device='cuda:0')
tensor([1.7518], device='cuda:0')
tensor([1.7220], device='cuda:0')
tensor([1.7114], device='cuda:0')
tensor([1.6897], device='cuda:0')
tensor([1.6472], device='cuda:0')
Epoch 14 Accuracy 15.8 | Loss: 2.3809 | Aggregation time: 7.353
tensor([1.6490], device='cuda:0')
tensor([1.6726], device='cuda:0')
tensor([1.6838], device='cuda:0')
tensor([1.6638], device='cuda:0')
tensor([1.6278], device='cuda:0')
tensor([1.6517], device='cuda:0')
tensor([1.6968], device='cuda:0')
tensor([1.6884], device='cuda:0')
tensor([1.7237], device='cuda:0')
tensor([1.7974], device='cuda:0')
Epoch 15 Accuracy 13.5 | Loss: 2.5464 | Aggregation time: 7.803
tensor([1.8316], device='cuda:0')
tensor([1.8360], device='cuda:0')
tensor([1.9307], device='cuda:0')
tensor([1.9439], device='cuda:0')
tensor([1.9716], device='cuda:0')
tensor([1.9541], device='cuda:0')
tensor([1.9648], device='cuda:0')
tensor([1.9709], device='cuda:0')
tensor([1.9499], device='cuda:0')
tensor([1.9265], device='cuda:0')
Epoch 16 Accuracy 21.0 | Loss: 2.5273 | Aggregation time: 8.39
tensor([1.8712], device='cuda:0')
tensor([1.8532], device='cuda:0')
tensor([1.8508], device='cuda:0')
tensor([1.8236], device='cuda:0')
tensor([1.7868], device='cuda:0')
tensor([1.7550], device='cuda:0')
tensor([1.6807], device='cuda:0')
tensor([1.6733], device='cuda:0')
tensor([1.6427], device='cuda:0')
tensor([1.6418], device='cuda:0')
Epoch 17 Accuracy 16.0 | Loss: 2.2654 | Aggregation time: 8.891
tensor([1.5989], device='cuda:0')
tensor([1.5945], device='cuda:0')
tensor([1.5828], device='cuda:0')
tensor([1.5849], device='cuda:0')
tensor([1.5839], device='cuda:0')
tensor([1.5518], device='cuda:0')
tensor([1.5298], device='cuda:0')
tensor([1.5281], device='cuda:0')
tensor([1.5154], device='cuda:0')
Epoch 18 Accuracy 19.8 | Loss: 2.5882 | Aggregation time: 9.358
tensor([1.5388], device='cuda:0')
tensor([1.5348], device='cuda:0')
tensor([1.5330], device='cuda:0')
tensor([1.5350], device='cuda:0')
tensor([1.5160], device='cuda:0')
tensor([1.5013], device='cuda:0')
tensor([1.5330], device='cuda:0')
tensor([1.5558], device='cuda:0')
tensor([1.5623], device='cuda:0')
tensor([1.5706], device='cuda:0')
Epoch 19 Accuracy 15.7 | Loss: 2.2307 | Aggregation time: 9.879
tensor([1.5806], device='cuda:0')
tensor([1.6332], device='cuda:0')
tensor([1.6533], device='cuda:0')
tensor([1.7298], device='cuda:0')
tensor([1.7415], device='cuda:0')
tensor([1.7616], device='cuda:0')
tensor([1.7408], device='cuda:0')
tensor([1.7497], device='cuda:0')
tensor([1.8031], device='cuda:0')
tensor([1.8154], device='cuda:0')
Epoch 20 Accuracy 14.7 | Loss: 2.9868 | Aggregation time: 10.377
tensor([1.8311], device='cuda:0')
tensor([1.8509], device='cuda:0')
tensor([1.8853], device='cuda:0')
tensor([1.8420], device='cuda:0')
tensor([1.8175], device='cuda:0')
tensor([1.8037], device='cuda:0')
tensor([1.7663], device='cuda:0')
tensor([1.7531], device='cuda:0')
tensor([1.7146], device='cuda:0')
tensor([1.7117], device='cuda:0')
Epoch 21 Accuracy 24.0 | Loss: 2.2422 | Aggregation time: 11.017
tensor([1.6549], device='cuda:0')
tensor([1.6321], device='cuda:0')
tensor([1.6142], device='cuda:0')
tensor([1.5644], device='cuda:0')
tensor([1.5404], device='cuda:0')
tensor([1.5544], device='cuda:0')
tensor([1.5425], device='cuda:0')
tensor([1.5421], device='cuda:0')
tensor([1.5542], device='cuda:0')
Epoch 22 Accuracy 24.3 | Loss: 2.2332 | Aggregation time: 11.453
tensor([1.5477], device='cuda:0')
tensor([1.5219], device='cuda:0')
tensor([1.5395], device='cuda:0')
tensor([1.5363], device='cuda:0')
tensor([1.5325], device='cuda:0')
tensor([1.5309], device='cuda:0')
tensor([1.5432], device='cuda:0')
tensor([1.5404], device='cuda:0')
tensor([1.5388], device='cuda:0')
tensor([1.5298], device='cuda:0')
Epoch 23 Accuracy 15.4 | Loss: 2.4478 | Aggregation time: 11.973
tensor([1.5108], device='cuda:0')
tensor([1.4915], device='cuda:0')
tensor([1.4989], device='cuda:0')
tensor([1.5069], device='cuda:0')
tensor([1.5048], device='cuda:0')
tensor([1.5123], device='cuda:0')
tensor([1.5184], device='cuda:0')
tensor([1.5328], device='cuda:0')
tensor([1.5359], device='cuda:0')
tensor([1.5419], device='cuda:0')
Epoch 24 Accuracy 17.4 | Loss: 2.2825 | Aggregation time: 12.48
tensor([1.5282], device='cuda:0')
tensor([1.5345], device='cuda:0')
tensor([1.5562], device='cuda:0')
tensor([1.5633], device='cuda:0')
tensor([1.5623], device='cuda:0')
tensor([1.5430], device='cuda:0')
tensor([1.5274], device='cuda:0')
tensor([1.5038], device='cuda:0')
tensor([1.5867], device='cuda:0')
tensor([1.5974], device='cuda:0')
Epoch 25 Accuracy 20.3 | Loss: 2.5661 | Aggregation time: 12.939
tensor([1.5674], device='cuda:0')
tensor([1.5420], device='cuda:0')
tensor([1.5574], device='cuda:0')
tensor([1.5244], device='cuda:0')
tensor([1.5331], device='cuda:0')
tensor([1.5600], device='cuda:0')
tensor([1.5732], device='cuda:0')
tensor([1.5522], device='cuda:0')
tensor([1.5430], device='cuda:0')
Epoch 26 Accuracy 19.2 | Loss: 2.142 | Aggregation time: 13.37
tensor([1.5462], device='cuda:0')
tensor([1.5249], device='cuda:0')
tensor([1.5214], device='cuda:0')
tensor([1.5165], device='cuda:0')
tensor([1.5054], device='cuda:0')
tensor([1.4949], device='cuda:0')
tensor([1.4775], device='cuda:0')
tensor([1.4634], device='cuda:0')
tensor([1.4799], device='cuda:0')
tensor([1.5014], device='cuda:0')
Epoch 27 Accuracy 16.3 | Loss: 2.4795 | Aggregation time: 13.871
tensor([1.5335], device='cuda:0')
tensor([1.5606], device='cuda:0')
tensor([1.5596], device='cuda:0')
tensor([1.5516], device='cuda:0')
tensor([1.5466], device='cuda:0')
tensor([1.5401], device='cuda:0')
tensor([1.5314], device='cuda:0')
tensor([1.5038], device='cuda:0')
tensor([1.5218], device='cuda:0')
tensor([1.5321], device='cuda:0')
Epoch 28 Accuracy 21.2 | Loss: 2.3098 | Aggregation time: 14.332
tensor([1.5396], device='cuda:0')
tensor([1.5511], device='cuda:0')
tensor([1.5269], device='cuda:0')
tensor([1.5232], device='cuda:0')
tensor([1.5160], device='cuda:0')
tensor([1.5213], device='cuda:0')
tensor([1.5276], device='cuda:0')
tensor([1.5402], device='cuda:0')
tensor([1.5391], device='cuda:0')
tensor([1.5295], device='cuda:0')
Epoch 29 Accuracy 17.299999999999997 | Loss: 2.2403 | Aggregation time: 14.807
tensor([1.5283], device='cuda:0')
tensor([1.5999], device='cuda:0')
tensor([1.6486], device='cuda:0')
tensor([1.6348], device='cuda:0')
tensor([1.6529], device='cuda:0')
tensor([1.6397], device='cuda:0')
tensor([1.6311], device='cuda:0')
tensor([1.6173], device='cuda:0')
tensor([1.5910], device='cuda:0')
Epoch 30 Accuracy 22.8 | Loss: 2.2337 | Aggregation time: 15.243
tensor([1.5575], device='cuda:0')
tensor([1.5351], device='cuda:0')
tensor([1.5170], device='cuda:0')
tensor([1.5408], device='cuda:0')
tensor([1.5317], device='cuda:0')
tensor([1.4809], device='cuda:0')
tensor([1.4842], device='cuda:0')
tensor([1.4819], device='cuda:0')
tensor([1.4860], device='cuda:0')
tensor([1.4724], device='cuda:0')
Epoch 31 Accuracy 20.1 | Loss: 2.2372 | Aggregation time: 15.703
tensor([1.4755], device='cuda:0')
tensor([1.4998], device='cuda:0')
tensor([1.4739], device='cuda:0')
tensor([1.5071], device='cuda:0')
tensor([1.5299], device='cuda:0')
tensor([1.5234], device='cuda:0')
tensor([1.5473], device='cuda:0')
tensor([1.5432], device='cuda:0')
tensor([1.5497], device='cuda:0')
tensor([1.5550], device='cuda:0')
Epoch 32 Accuracy 21.5 | Loss: 2.5275 | Aggregation time: 16.23
tensor([1.5114], device='cuda:0')
tensor([1.5318], device='cuda:0')
tensor([1.5546], device='cuda:0')
tensor([1.5662], device='cuda:0')
tensor([1.5660], device='cuda:0')
tensor([1.5423], device='cuda:0')
tensor([1.5711], device='cuda:0')
tensor([1.5718], device='cuda:0')
tensor([1.5631], device='cuda:0')
tensor([1.6009], device='cuda:0')
Epoch 33 Accuracy 18.099999999999998 | Loss: 2.2826 | Aggregation time: 16.698
tensor([1.6080], device='cuda:0')
tensor([1.5916], device='cuda:0')
tensor([1.5963], device='cuda:0')
tensor([1.6223], device='cuda:0')
tensor([1.6339], device='cuda:0')
tensor([1.6243], device='cuda:0')
tensor([1.6342], device='cuda:0')
tensor([1.6492], device='cuda:0')
tensor([1.6249], device='cuda:0')
tensor([1.6029], device='cuda:0')
Epoch 34 Accuracy 21.0 | Loss: 2.3714 | Aggregation time: 17.168
tensor([1.6125], device='cuda:0')
tensor([1.6172], device='cuda:0')
tensor([1.5936], device='cuda:0')
tensor([1.5599], device='cuda:0')
tensor([1.5622], device='cuda:0')
tensor([1.5547], device='cuda:0')
tensor([1.5501], device='cuda:0')
tensor([1.5023], device='cuda:0')
tensor([1.4879], device='cuda:0')
Epoch 35 Accuracy 18.4 | Loss: 2.1817 | Aggregation time: 17.61
tensor([1.4798], device='cuda:0')
tensor([1.4868], device='cuda:0')
tensor([1.4741], device='cuda:0')
tensor([1.4629], device='cuda:0')
tensor([1.4528], device='cuda:0')
tensor([1.4660], device='cuda:0')
tensor([1.4660], device='cuda:0')
tensor([1.4872], device='cuda:0')
tensor([1.4923], device='cuda:0')
tensor([1.5046], device='cuda:0')
Epoch 36 Accuracy 19.1 | Loss: 2.254 | Aggregation time: 18.097
tensor([1.4863], device='cuda:0')
tensor([1.5139], device='cuda:0')
tensor([1.5115], device='cuda:0')
tensor([1.5195], device='cuda:0')
tensor([1.5344], device='cuda:0')
tensor([1.5458], device='cuda:0')
tensor([1.5660], device='cuda:0')
tensor([1.5653], device='cuda:0')
tensor([1.5957], device='cuda:0')
tensor([1.6065], device='cuda:0')
Epoch 37 Accuracy 23.0 | Loss: 2.2343 | Aggregation time: 18.57
tensor([1.5986], device='cuda:0')
tensor([1.5947], device='cuda:0')
tensor([1.5699], device='cuda:0')
tensor([1.5996], device='cuda:0')
tensor([1.5974], device='cuda:0')
tensor([1.5937], device='cuda:0')
tensor([1.5884], device='cuda:0')
tensor([1.5918], device='cuda:0')
tensor([1.5743], device='cuda:0')
tensor([1.5676], device='cuda:0')
Epoch 38 Accuracy 21.9 | Loss: 2.1995 | Aggregation time: 19.077
tensor([1.5830], device='cuda:0')
tensor([1.5815], device='cuda:0')
tensor([1.5818], device='cuda:0')
tensor([1.5767], device='cuda:0')
tensor([1.5589], device='cuda:0')
tensor([1.5431], device='cuda:0')
tensor([1.5248], device='cuda:0')
tensor([1.5200], device='cuda:0')
tensor([1.5220], device='cuda:0')
Epoch 39 Accuracy 18.6 | Loss: 2.3952 | Aggregation time: 19.497
tensor([1.5379], device='cuda:0')
tensor([1.5546], device='cuda:0')
tensor([1.5398], device='cuda:0')
tensor([1.5307], device='cuda:0')
tensor([1.5418], device='cuda:0')
tensor([1.5534], device='cuda:0')
tensor([1.5780], device='cuda:0')
tensor([1.5591], device='cuda:0')
tensor([1.5470], device='cuda:0')
tensor([1.5518], device='cuda:0')
Epoch 40 Accuracy 20.4 | Loss: 2.1832 | Aggregation time: 20.0
tensor([1.5370], device='cuda:0')
tensor([1.5294], device='cuda:0')
tensor([1.5296], device='cuda:0')
tensor([1.5205], device='cuda:0')
tensor([1.5113], device='cuda:0')
tensor([1.4949], device='cuda:0')
tensor([1.4911], device='cuda:0')
tensor([1.4964], device='cuda:0')
tensor([1.4656], device='cuda:0')
tensor([1.4669], device='cuda:0')
Epoch 41 Accuracy 18.9 | Loss: 2.3388 | Aggregation time: 20.503
tensor([1.5250], device='cuda:0')
tensor([1.5705], device='cuda:0')
tensor([1.5169], device='cuda:0')
tensor([1.5394], device='cuda:0')
tensor([1.5071], device='cuda:0')
tensor([1.5076], device='cuda:0')
tensor([1.5020], device='cuda:0')
tensor([1.5089], device='cuda:0')
tensor([1.5372], device='cuda:0')
tensor([1.5656], device='cuda:0')
Epoch 42 Accuracy 22.6 | Loss: 2.1453 | Aggregation time: 20.99
tensor([1.6018], device='cuda:0')
tensor([1.5946], device='cuda:0')
tensor([1.6100], device='cuda:0')
tensor([1.6193], device='cuda:0')
tensor([1.6351], device='cuda:0')
tensor([1.6449], device='cuda:0')
tensor([1.6228], device='cuda:0')
tensor([1.6115], device='cuda:0')
tensor([1.6022], device='cuda:0')
Epoch 43 Accuracy 19.0 | Loss: 2.3421 | Aggregation time: 21.389
tensor([1.5904], device='cuda:0')
tensor([1.5726], device='cuda:0')
tensor([1.5846], device='cuda:0')
tensor([1.5752], device='cuda:0')
tensor([1.5566], device='cuda:0')
tensor([1.5548], device='cuda:0')
tensor([1.5580], device='cuda:0')
tensor([1.5613], device='cuda:0')
tensor([1.5780], device='cuda:0')
tensor([1.5742], device='cuda:0')
Epoch 44 Accuracy 23.7 | Loss: 2.1714 | Aggregation time: 21.855
tensor([1.5486], device='cuda:0')
tensor([1.5418], device='cuda:0')
tensor([1.5278], device='cuda:0')
tensor([1.5299], device='cuda:0')
tensor([1.5565], device='cuda:0')
tensor([1.5599], device='cuda:0')
tensor([1.5277], device='cuda:0')
tensor([1.5032], device='cuda:0')
tensor([1.4753], device='cuda:0')
tensor([1.4593], device='cuda:0')
Epoch 45 Accuracy 21.5 | Loss: 2.3866 | Aggregation time: 22.34
tensor([1.4550], device='cuda:0')
tensor([1.4858], device='cuda:0')
tensor([1.4979], device='cuda:0')
tensor([1.5226], device='cuda:0')
tensor([1.5192], device='cuda:0')
tensor([1.5217], device='cuda:0')
tensor([1.5219], device='cuda:0')
tensor([1.5262], device='cuda:0')
tensor([1.5382], device='cuda:0')
tensor([1.5182], device='cuda:0')
Epoch 46 Accuracy 22.400000000000002 | Loss: 2.0315 | Aggregation time: 22.84
tensor([1.5194], device='cuda:0')
tensor([1.5084], device='cuda:0')
tensor([1.5068], device='cuda:0')
tensor([1.5119], device='cuda:0')
tensor([1.4908], device='cuda:0')
tensor([1.4959], device='cuda:0')
tensor([1.5133], device='cuda:0')
tensor([1.5042], device='cuda:0')
tensor([1.5024], device='cuda:0')
Epoch 47 Accuracy 19.400000000000002 | Loss: 2.477 | Aggregation time: 23.237
tensor([1.5233], device='cuda:0')
tensor([1.5261], device='cuda:0')
tensor([1.5231], device='cuda:0')
tensor([1.5137], device='cuda:0')
tensor([1.4946], device='cuda:0')
tensor([1.4971], device='cuda:0')
tensor([1.5122], device='cuda:0')
tensor([1.5094], device='cuda:0')
tensor([1.5138], device='cuda:0')
tensor([1.5019], device='cuda:0')
Epoch 48 Accuracy 24.4 | Loss: 2.3093 | Aggregation time: 23.739
tensor([1.5276], device='cuda:0')
tensor([1.5125], device='cuda:0')
tensor([1.5454], device='cuda:0')
tensor([1.5821], device='cuda:0')
tensor([1.6004], device='cuda:0')
tensor([1.6042], device='cuda:0')
tensor([1.5956], device='cuda:0')
tensor([1.5958], device='cuda:0')
tensor([1.5825], device='cuda:0')
tensor([1.5680], device='cuda:0')
Epoch 49 Accuracy 21.0 | Loss: 2.2761 | Aggregation time: 24.236
tensor([1.5547], device='cuda:0')
tensor([1.5745], device='cuda:0')
tensor([1.5888], device='cuda:0')
tensor([1.5806], device='cuda:0')
tensor([1.5675], device='cuda:0')
tensor([1.5543], device='cuda:0')
tensor([1.5550], device='cuda:0')
tensor([1.5868], device='cuda:0')
tensor([1.5801], device='cuda:0')
tensor([1.5584], device='cuda:0')
Epoch 50 Accuracy 24.5 | Loss: 2.0314 | Aggregation time: 24.715
