C:\Users\user\Desktop\IoT\FLTG-implementation\FL-Byzantine-Library\client.py:43: UserWarning: To copy construct from a tensor, it is recommended to use sourceTensor.clone().detach() or sourceTensor.clone().detach().requires_grad_(True), rather than torch.tensor(sourceTensor).
  self.momentum = torch.tensor(torch.zeros_like(flat_model, device=self.device))
Files already downloaded and verified
Files already downloaded and verified
number of parameters  0.697 M
tensor([1.5485], device='cuda:0')
tensor([1.5561], device='cuda:0')
tensor([1.6121], device='cuda:0')
tensor([1.6089], device='cuda:0')
tensor([1.6067], device='cuda:0')
tensor([1.6339], device='cuda:0')
tensor([1.6231], device='cuda:0')
tensor([1.5844], device='cuda:0')
tensor([1.5852], device='cuda:0')
tensor([1.5878], device='cuda:0')
Epoch 1 Accuracy 11.799999999999999 | Loss: 3.2681 | Aggregation time: 0.757
tensor([1.5543], device='cuda:0')
tensor([1.5549], device='cuda:0')
tensor([1.5715], device='cuda:0')
tensor([1.5755], device='cuda:0')
tensor([1.5501], device='cuda:0')
tensor([1.5903], device='cuda:0')
tensor([1.5775], device='cuda:0')
tensor([1.5686], device='cuda:0')
tensor([1.5939], device='cuda:0')
tensor([1.5877], device='cuda:0')
Epoch 2 Accuracy 11.799999999999999 | Loss: 3.9637 | Aggregation time: 1.385
tensor([1.6090], device='cuda:0')
tensor([1.5883], device='cuda:0')
tensor([1.6012], device='cuda:0')
tensor([1.6016], device='cuda:0')
tensor([1.5995], device='cuda:0')
tensor([1.6444], device='cuda:0')
tensor([1.6460], device='cuda:0')
tensor([1.6242], device='cuda:0')
tensor([1.6189], device='cuda:0')
tensor([1.6280], device='cuda:0')
Epoch 3 Accuracy 11.799999999999999 | Loss: 3.9657 | Aggregation time: 1.936
tensor([1.5925], device='cuda:0')
tensor([1.6032], device='cuda:0')
tensor([1.5990], device='cuda:0')
tensor([1.5969], device='cuda:0')
tensor([1.6202], device='cuda:0')
tensor([1.6219], device='cuda:0')
tensor([1.6038], device='cuda:0')
tensor([1.5846], device='cuda:0')
tensor([1.5831], device='cuda:0')
tensor([1.5754], device='cuda:0')
Epoch 4 Accuracy 11.799999999999999 | Loss: 3.9671 | Aggregation time: 2.458
tensor([1.5899], device='cuda:0')
tensor([1.6050], device='cuda:0')
tensor([1.5972], device='cuda:0')
tensor([1.6041], device='cuda:0')
tensor([1.6220], device='cuda:0')
tensor([1.5911], device='cuda:0')
tensor([1.5931], device='cuda:0')
tensor([1.5865], device='cuda:0')
tensor([1.6086], device='cuda:0')
Epoch 5 Accuracy 11.799999999999999 | Loss: 3.9532 | Aggregation time: 2.988
tensor([1.6095], device='cuda:0')
tensor([1.6015], device='cuda:0')
tensor([1.6094], device='cuda:0')
tensor([1.6206], device='cuda:0')
tensor([1.6378], device='cuda:0')
tensor([1.6484], device='cuda:0')
tensor([1.6524], device='cuda:0')
tensor([1.6529], device='cuda:0')
tensor([1.6581], device='cuda:0')
tensor([1.6428], device='cuda:0')
Epoch 6 Accuracy 11.799999999999999 | Loss: 3.9634 | Aggregation time: 3.582
tensor([1.6267], device='cuda:0')
tensor([1.6355], device='cuda:0')
tensor([1.6185], device='cuda:0')
tensor([1.6078], device='cuda:0')
tensor([1.5945], device='cuda:0')
tensor([1.6148], device='cuda:0')
tensor([1.6200], device='cuda:0')
tensor([1.6131], device='cuda:0')
tensor([1.5933], device='cuda:0')
tensor([1.5850], device='cuda:0')
Epoch 7 Accuracy 11.799999999999999 | Loss: 3.9584 | Aggregation time: 4.121
tensor([1.5939], device='cuda:0')
tensor([1.5657], device='cuda:0')
tensor([1.5609], device='cuda:0')
tensor([1.5466], device='cuda:0')
tensor([1.5492], device='cuda:0')
tensor([1.5609], device='cuda:0')
tensor([1.5383], device='cuda:0')
tensor([1.5437], device='cuda:0')
tensor([1.5697], device='cuda:0')
tensor([1.5516], device='cuda:0')
Epoch 8 Accuracy 11.799999999999999 | Loss: 3.9544 | Aggregation time: 4.667
tensor([1.5240], device='cuda:0')
tensor([1.5600], device='cuda:0')
tensor([1.5630], device='cuda:0')
tensor([1.5813], device='cuda:0')
tensor([1.5612], device='cuda:0')
tensor([1.5716], device='cuda:0')
tensor([1.5870], device='cuda:0')
tensor([1.6136], device='cuda:0')
tensor([1.6311], device='cuda:0')
Epoch 9 Accuracy 11.799999999999999 | Loss: 3.9657 | Aggregation time: 5.15
tensor([1.6531], device='cuda:0')
tensor([1.6775], device='cuda:0')
tensor([1.6815], device='cuda:0')
tensor([1.6787], device='cuda:0')
tensor([1.6503], device='cuda:0')
tensor([1.6818], device='cuda:0')
tensor([1.6896], device='cuda:0')
tensor([1.6725], device='cuda:0')
tensor([1.6351], device='cuda:0')
tensor([1.6300], device='cuda:0')
Epoch 10 Accuracy 11.799999999999999 | Loss: 3.9672 | Aggregation time: 5.706
tensor([1.6194], device='cuda:0')
tensor([1.6440], device='cuda:0')
tensor([1.6380], device='cuda:0')
tensor([1.6187], device='cuda:0')
tensor([1.6352], device='cuda:0')
tensor([1.6516], device='cuda:0')
tensor([1.6566], device='cuda:0')
tensor([1.6176], device='cuda:0')
tensor([1.6166], device='cuda:0')
tensor([1.6298], device='cuda:0')
Epoch 11 Accuracy 11.799999999999999 | Loss: 3.9573 | Aggregation time: 6.262
tensor([1.6184], device='cuda:0')
tensor([1.6155], device='cuda:0')
tensor([1.6192], device='cuda:0')
tensor([1.6410], device='cuda:0')
tensor([1.6354], device='cuda:0')
tensor([1.6419], device='cuda:0')
tensor([1.6717], device='cuda:0')
tensor([1.6355], device='cuda:0')
tensor([1.6571], device='cuda:0')
tensor([1.6531], device='cuda:0')
Epoch 12 Accuracy 11.799999999999999 | Loss: 3.9745 | Aggregation time: 6.817
tensor([1.6458], device='cuda:0')
tensor([1.6647], device='cuda:0')
tensor([1.6339], device='cuda:0')
tensor([1.6406], device='cuda:0')
tensor([1.6135], device='cuda:0')
tensor([1.5971], device='cuda:0')
tensor([1.5976], device='cuda:0')
tensor([1.5899], device='cuda:0')
tensor([1.5845], device='cuda:0')
Epoch 13 Accuracy 11.799999999999999 | Loss: 3.9685 | Aggregation time: 7.319
tensor([1.5913], device='cuda:0')
tensor([1.5970], device='cuda:0')
tensor([1.5842], device='cuda:0')
tensor([1.5689], device='cuda:0')
tensor([1.5699], device='cuda:0')
tensor([1.5858], device='cuda:0')
tensor([1.5878], device='cuda:0')
tensor([1.5894], device='cuda:0')
tensor([1.5939], device='cuda:0')
tensor([1.5752], device='cuda:0')
Epoch 14 Accuracy 11.799999999999999 | Loss: 3.9415 | Aggregation time: 7.898
tensor([1.5624], device='cuda:0')
tensor([1.5850], device='cuda:0')
tensor([1.5781], device='cuda:0')
tensor([1.5728], device='cuda:0')
tensor([1.6043], device='cuda:0')
tensor([1.6083], device='cuda:0')
tensor([1.6017], device='cuda:0')
tensor([1.5979], device='cuda:0')
tensor([1.6120], device='cuda:0')
tensor([1.5956], device='cuda:0')
Epoch 15 Accuracy 11.799999999999999 | Loss: 3.9713 | Aggregation time: 8.511
tensor([1.6117], device='cuda:0')
tensor([1.6169], device='cuda:0')
tensor([1.6272], device='cuda:0')
tensor([1.6228], device='cuda:0')
tensor([1.6244], device='cuda:0')
tensor([1.6201], device='cuda:0')
tensor([1.6018], device='cuda:0')
tensor([1.6098], device='cuda:0')
tensor([1.6078], device='cuda:0')
tensor([1.5907], device='cuda:0')
Epoch 16 Accuracy 11.799999999999999 | Loss: 3.957 | Aggregation time: 9.204
tensor([1.5764], device='cuda:0')
tensor([1.5895], device='cuda:0')
tensor([1.5828], device='cuda:0')
tensor([1.6017], device='cuda:0')
tensor([1.6188], device='cuda:0')
tensor([1.6245], device='cuda:0')
tensor([1.6158], device='cuda:0')
tensor([1.6399], device='cuda:0')
tensor([1.6195], device='cuda:0')
tensor([1.6100], device='cuda:0')
Epoch 17 Accuracy 11.799999999999999 | Loss: 3.9604 | Aggregation time: 9.869
tensor([1.6346], device='cuda:0')
tensor([1.6560], device='cuda:0')
tensor([1.6367], device='cuda:0')
tensor([1.6217], device='cuda:0')
tensor([1.6016], device='cuda:0')
tensor([1.5953], device='cuda:0')
tensor([1.6105], device='cuda:0')
tensor([1.6115], device='cuda:0')
tensor([1.6159], device='cuda:0')
Epoch 18 Accuracy 11.799999999999999 | Loss: 3.9421 | Aggregation time: 10.432
tensor([1.6315], device='cuda:0')
tensor([1.6330], device='cuda:0')
tensor([1.6134], device='cuda:0')
tensor([1.6130], device='cuda:0')
tensor([1.6332], device='cuda:0')
tensor([1.6385], device='cuda:0')
tensor([1.6397], device='cuda:0')
tensor([1.6326], device='cuda:0')
tensor([1.6312], device='cuda:0')
tensor([1.6328], device='cuda:0')
Epoch 19 Accuracy 11.799999999999999 | Loss: 3.9506 | Aggregation time: 11.023
tensor([1.6442], device='cuda:0')
tensor([1.6287], device='cuda:0')
tensor([1.6358], device='cuda:0')
tensor([1.6294], device='cuda:0')
tensor([1.6159], device='cuda:0')
tensor([1.6246], device='cuda:0')
tensor([1.6216], device='cuda:0')
tensor([1.6252], device='cuda:0')
tensor([1.6250], device='cuda:0')
tensor([1.6533], device='cuda:0')
Epoch 20 Accuracy 11.799999999999999 | Loss: 3.9707 | Aggregation time: 11.6
tensor([1.6604], device='cuda:0')
tensor([1.6470], device='cuda:0')
tensor([1.6294], device='cuda:0')
tensor([1.6238], device='cuda:0')
tensor([1.6198], device='cuda:0')
tensor([1.6332], device='cuda:0')
tensor([1.6291], device='cuda:0')
tensor([1.6254], device='cuda:0')
tensor([1.6024], device='cuda:0')
tensor([1.5962], device='cuda:0')
Epoch 21 Accuracy 11.799999999999999 | Loss: 3.9545 | Aggregation time: 12.242
tensor([1.5607], device='cuda:0')
tensor([1.5393], device='cuda:0')
tensor([1.5529], device='cuda:0')
tensor([1.5714], device='cuda:0')
tensor([1.5941], device='cuda:0')
tensor([1.5682], device='cuda:0')
tensor([1.5684], device='cuda:0')
tensor([1.5650], device='cuda:0')
tensor([1.5939], device='cuda:0')
Epoch 22 Accuracy 11.799999999999999 | Loss: 3.9686 | Aggregation time: 12.758
tensor([1.5945], device='cuda:0')
tensor([1.5980], device='cuda:0')
tensor([1.5813], device='cuda:0')
tensor([1.5922], device='cuda:0')
tensor([1.5706], device='cuda:0')
tensor([1.5651], device='cuda:0')
tensor([1.5970], device='cuda:0')
tensor([1.5978], device='cuda:0')
tensor([1.6049], device='cuda:0')
tensor([1.6103], device='cuda:0')
Epoch 23 Accuracy 11.799999999999999 | Loss: 3.958 | Aggregation time: 13.422
tensor([1.6171], device='cuda:0')
tensor([1.6266], device='cuda:0')
tensor([1.5992], device='cuda:0')
tensor([1.6169], device='cuda:0')
tensor([1.6169], device='cuda:0')
tensor([1.6175], device='cuda:0')
tensor([1.6350], device='cuda:0')
tensor([1.6118], device='cuda:0')
tensor([1.6093], device='cuda:0')
tensor([1.6233], device='cuda:0')
Epoch 24 Accuracy 11.799999999999999 | Loss: 3.9701 | Aggregation time: 14.025
tensor([1.6171], device='cuda:0')
tensor([1.6191], device='cuda:0')
tensor([1.6181], device='cuda:0')
tensor([1.6239], device='cuda:0')
tensor([1.5870], device='cuda:0')
tensor([1.6046], device='cuda:0')
tensor([1.6334], device='cuda:0')
tensor([1.6511], device='cuda:0')
tensor([1.6145], device='cuda:0')
tensor([1.6070], device='cuda:0')
Epoch 25 Accuracy 11.799999999999999 | Loss: 3.946 | Aggregation time: 14.58
tensor([1.6121], device='cuda:0')
tensor([1.6051], device='cuda:0')
tensor([1.6125], device='cuda:0')
tensor([1.5957], device='cuda:0')
tensor([1.6190], device='cuda:0')
tensor([1.6413], device='cuda:0')
tensor([1.6347], device='cuda:0')
tensor([1.6333], device='cuda:0')
tensor([1.6428], device='cuda:0')
Epoch 26 Accuracy 11.799999999999999 | Loss: 3.9608 | Aggregation time: 15.107
tensor([1.6360], device='cuda:0')
tensor([1.6272], device='cuda:0')
tensor([1.6291], device='cuda:0')
tensor([1.6464], device='cuda:0')
tensor([1.6304], device='cuda:0')
tensor([1.5962], device='cuda:0')
tensor([1.5970], device='cuda:0')
tensor([1.5990], device='cuda:0')
tensor([1.6192], device='cuda:0')
tensor([1.6217], device='cuda:0')
Epoch 27 Accuracy 11.799999999999999 | Loss: 3.9682 | Aggregation time: 15.69
tensor([1.6236], device='cuda:0')
tensor([1.6041], device='cuda:0')
tensor([1.6036], device='cuda:0')
tensor([1.5952], device='cuda:0')
tensor([1.6136], device='cuda:0')
tensor([1.5980], device='cuda:0')
tensor([1.6253], device='cuda:0')
tensor([1.6281], device='cuda:0')
tensor([1.6121], device='cuda:0')
tensor([1.6287], device='cuda:0')
Epoch 28 Accuracy 11.799999999999999 | Loss: 3.969 | Aggregation time: 16.306
tensor([1.6797], device='cuda:0')
tensor([1.6689], device='cuda:0')
tensor([1.6492], device='cuda:0')
tensor([1.6459], device='cuda:0')
tensor([1.6604], device='cuda:0')
tensor([1.6433], device='cuda:0')
tensor([1.6678], device='cuda:0')
tensor([1.6706], device='cuda:0')
tensor([1.6699], device='cuda:0')
tensor([1.6628], device='cuda:0')
Epoch 29 Accuracy 11.799999999999999 | Loss: 3.9734 | Aggregation time: 16.898
tensor([1.6267], device='cuda:0')
tensor([1.6548], device='cuda:0')
tensor([1.6795], device='cuda:0')
tensor([1.6620], device='cuda:0')
tensor([1.6381], device='cuda:0')
tensor([1.6030], device='cuda:0')
tensor([1.6192], device='cuda:0')
tensor([1.6009], device='cuda:0')
tensor([1.5988], device='cuda:0')
Epoch 30 Accuracy 11.799999999999999 | Loss: 3.9512 | Aggregation time: 17.542
tensor([1.5757], device='cuda:0')
tensor([1.5971], device='cuda:0')
tensor([1.5893], device='cuda:0')
tensor([1.6117], device='cuda:0')
tensor([1.5958], device='cuda:0')
tensor([1.6104], device='cuda:0')
tensor([1.6189], device='cuda:0')
tensor([1.6083], device='cuda:0')
tensor([1.6376], device='cuda:0')
tensor([1.6138], device='cuda:0')
Epoch 31 Accuracy 11.799999999999999 | Loss: 3.963 | Aggregation time: 18.144
tensor([1.6245], device='cuda:0')
tensor([1.6269], device='cuda:0')
tensor([1.6102], device='cuda:0')
tensor([1.6238], device='cuda:0')
tensor([1.6356], device='cuda:0')
tensor([1.6500], device='cuda:0')
tensor([1.6355], device='cuda:0')
tensor([1.6139], device='cuda:0')
tensor([1.6386], device='cuda:0')
tensor([1.6246], device='cuda:0')
Epoch 32 Accuracy 11.799999999999999 | Loss: 3.965 | Aggregation time: 18.8
tensor([1.6170], device='cuda:0')
tensor([1.6366], device='cuda:0')
tensor([1.6115], device='cuda:0')
tensor([1.6310], device='cuda:0')
tensor([1.6247], device='cuda:0')
tensor([1.6244], device='cuda:0')
tensor([1.6387], device='cuda:0')
tensor([1.6309], device='cuda:0')
tensor([1.6283], device='cuda:0')
tensor([1.6383], device='cuda:0')
Epoch 33 Accuracy 11.799999999999999 | Loss: 3.9572 | Aggregation time: 19.452
tensor([1.6450], device='cuda:0')
tensor([1.6319], device='cuda:0')
tensor([1.6395], device='cuda:0')
tensor([1.6311], device='cuda:0')
tensor([1.6150], device='cuda:0')
tensor([1.6151], device='cuda:0')
tensor([1.6136], device='cuda:0')
tensor([1.6213], device='cuda:0')
tensor([1.6234], device='cuda:0')
tensor([1.6295], device='cuda:0')
Epoch 34 Accuracy 11.799999999999999 | Loss: 3.9578 | Aggregation time: 20.044
tensor([1.6157], device='cuda:0')
tensor([1.6189], device='cuda:0')
tensor([1.6344], device='cuda:0')
tensor([1.6080], device='cuda:0')
tensor([1.6049], device='cuda:0')
tensor([1.5903], device='cuda:0')
tensor([1.5833], device='cuda:0')
tensor([1.5756], device='cuda:0')
tensor([1.5810], device='cuda:0')
Epoch 35 Accuracy 11.799999999999999 | Loss: 3.9296 | Aggregation time: 20.548
tensor([1.5924], device='cuda:0')
tensor([1.5937], device='cuda:0')
tensor([1.5958], device='cuda:0')
tensor([1.5895], device='cuda:0')
tensor([1.5802], device='cuda:0')
tensor([1.6235], device='cuda:0')
tensor([1.6347], device='cuda:0')
tensor([1.6340], device='cuda:0')
tensor([1.6333], device='cuda:0')
tensor([1.6311], device='cuda:0')
Epoch 36 Accuracy 11.799999999999999 | Loss: 3.9479 | Aggregation time: 21.173
tensor([1.6173], device='cuda:0')
tensor([1.6205], device='cuda:0')
tensor([1.6221], device='cuda:0')
tensor([1.6161], device='cuda:0')
tensor([1.6001], device='cuda:0')
tensor([1.6075], device='cuda:0')
tensor([1.5938], device='cuda:0')
tensor([1.6131], device='cuda:0')
tensor([1.6140], device='cuda:0')
tensor([1.6308], device='cuda:0')
Epoch 37 Accuracy 11.799999999999999 | Loss: 3.9621 | Aggregation time: 21.757
tensor([1.6132], device='cuda:0')
tensor([1.6146], device='cuda:0')
tensor([1.6451], device='cuda:0')
tensor([1.6652], device='cuda:0')
tensor([1.6273], device='cuda:0')
tensor([1.6086], device='cuda:0')
tensor([1.6083], device='cuda:0')
tensor([1.6064], device='cuda:0')
tensor([1.6006], device='cuda:0')
tensor([1.6177], device='cuda:0')
Epoch 38 Accuracy 11.799999999999999 | Loss: 3.9561 | Aggregation time: 22.335
tensor([1.6149], device='cuda:0')
tensor([1.6171], device='cuda:0')
tensor([1.6036], device='cuda:0')
tensor([1.6080], device='cuda:0')
tensor([1.6441], device='cuda:0')
tensor([1.6482], device='cuda:0')
tensor([1.6428], device='cuda:0')
tensor([1.6503], device='cuda:0')
tensor([1.6418], device='cuda:0')
Epoch 39 Accuracy 11.799999999999999 | Loss: 3.958 | Aggregation time: 22.913
tensor([1.6158], device='cuda:0')
tensor([1.6062], device='cuda:0')
tensor([1.5973], device='cuda:0')
tensor([1.6081], device='cuda:0')
tensor([1.5997], device='cuda:0')
tensor([1.6158], device='cuda:0')
tensor([1.6014], device='cuda:0')
tensor([1.6212], device='cuda:0')
tensor([1.6005], device='cuda:0')
tensor([1.6259], device='cuda:0')
Epoch 40 Accuracy 11.799999999999999 | Loss: 3.9652 | Aggregation time: 23.457
tensor([1.6578], device='cuda:0')
tensor([1.6666], device='cuda:0')
tensor([1.6643], device='cuda:0')
tensor([1.6842], device='cuda:0')
tensor([1.6703], device='cuda:0')
tensor([1.6466], device='cuda:0')
tensor([1.6269], device='cuda:0')
tensor([1.6049], device='cuda:0')
tensor([1.6044], device='cuda:0')
tensor([1.5803], device='cuda:0')
Epoch 41 Accuracy 11.799999999999999 | Loss: 3.956 | Aggregation time: 24.087
tensor([1.5842], device='cuda:0')
tensor([1.5890], device='cuda:0')
tensor([1.5839], device='cuda:0')
tensor([1.5807], device='cuda:0')
tensor([1.5908], device='cuda:0')
tensor([1.6006], device='cuda:0')
tensor([1.5934], device='cuda:0')
tensor([1.5945], device='cuda:0')
tensor([1.6058], device='cuda:0')
tensor([1.5913], device='cuda:0')
Epoch 42 Accuracy 11.799999999999999 | Loss: 3.9611 | Aggregation time: 24.772
tensor([1.5771], device='cuda:0')
tensor([1.5546], device='cuda:0')
tensor([1.5548], device='cuda:0')
tensor([1.5872], device='cuda:0')
tensor([1.6108], device='cuda:0')
tensor([1.6449], device='cuda:0')
tensor([1.6290], device='cuda:0')
tensor([1.6214], device='cuda:0')
tensor([1.6359], device='cuda:0')
Epoch 43 Accuracy 11.799999999999999 | Loss: 3.9506 | Aggregation time: 25.367
tensor([1.6114], device='cuda:0')
tensor([1.6173], device='cuda:0')
tensor([1.6063], device='cuda:0')
tensor([1.6169], device='cuda:0')
tensor([1.6260], device='cuda:0')
tensor([1.6414], device='cuda:0')
tensor([1.6277], device='cuda:0')
tensor([1.6510], device='cuda:0')
tensor([1.6447], device='cuda:0')
tensor([1.6536], device='cuda:0')
Epoch 44 Accuracy 11.799999999999999 | Loss: 3.9769 | Aggregation time: 26.009
tensor([1.6432], device='cuda:0')
tensor([1.6199], device='cuda:0')
tensor([1.6073], device='cuda:0')
tensor([1.6329], device='cuda:0')
tensor([1.6213], device='cuda:0')
tensor([1.5926], device='cuda:0')
tensor([1.6148], device='cuda:0')
tensor([1.6177], device='cuda:0')
tensor([1.6159], device='cuda:0')
tensor([1.6205], device='cuda:0')
Epoch 45 Accuracy 11.799999999999999 | Loss: 3.9604 | Aggregation time: 26.619
tensor([1.6007], device='cuda:0')
tensor([1.5984], device='cuda:0')
tensor([1.6141], device='cuda:0')
tensor([1.5949], device='cuda:0')
tensor([1.5836], device='cuda:0')
tensor([1.5887], device='cuda:0')
tensor([1.5804], device='cuda:0')
tensor([1.6249], device='cuda:0')
tensor([1.6195], device='cuda:0')
tensor([1.6104], device='cuda:0')
Epoch 46 Accuracy 11.799999999999999 | Loss: 3.9694 | Aggregation time: 27.188
tensor([1.6031], device='cuda:0')
tensor([1.5929], device='cuda:0')
tensor([1.5646], device='cuda:0')
tensor([1.5712], device='cuda:0')
tensor([1.5459], device='cuda:0')
tensor([1.5597], device='cuda:0')
tensor([1.5369], device='cuda:0')
tensor([1.5813], device='cuda:0')
tensor([1.5755], device='cuda:0')
Epoch 47 Accuracy 11.799999999999999 | Loss: 3.9479 | Aggregation time: 27.698
tensor([1.5850], device='cuda:0')
tensor([1.5948], device='cuda:0')
tensor([1.6109], device='cuda:0')
tensor([1.6003], device='cuda:0')
tensor([1.5976], device='cuda:0')
tensor([1.6124], device='cuda:0')
tensor([1.6010], device='cuda:0')
tensor([1.6067], device='cuda:0')
tensor([1.5727], device='cuda:0')
tensor([1.6004], device='cuda:0')
Epoch 48 Accuracy 11.799999999999999 | Loss: 3.9533 | Aggregation time: 28.347
tensor([1.6014], device='cuda:0')
tensor([1.5858], device='cuda:0')
tensor([1.5960], device='cuda:0')
tensor([1.6065], device='cuda:0')
tensor([1.5940], device='cuda:0')
tensor([1.6096], device='cuda:0')
tensor([1.6315], device='cuda:0')
tensor([1.6480], device='cuda:0')
tensor([1.6480], device='cuda:0')
tensor([1.6676], device='cuda:0')
Epoch 49 Accuracy 11.799999999999999 | Loss: 3.9537 | Aggregation time: 28.898
tensor([1.6546], device='cuda:0')
tensor([1.6304], device='cuda:0')
tensor([1.6174], device='cuda:0')
tensor([1.6133], device='cuda:0')
tensor([1.6289], device='cuda:0')
tensor([1.5951], device='cuda:0')
tensor([1.5995], device='cuda:0')
tensor([1.6086], device='cuda:0')
tensor([1.5864], device='cuda:0')
tensor([1.5875], device='cuda:0')
Epoch 50 Accuracy 11.799999999999999 | Loss: 3.9578 | Aggregation time: 29.483
