C:\Users\user\Desktop\IoT\FLTG-implementation\FL-Byzantine-Library\client.py:43: UserWarning: To copy construct from a tensor, it is recommended to use sourceTensor.clone().detach() or sourceTensor.clone().detach().requires_grad_(True), rather than torch.tensor(sourceTensor).
  self.momentum = torch.tensor(torch.zeros_like(flat_model, device=self.device))
Files already downloaded and verified
Files already downloaded and verified
number of parameters  0.697 M
tensor([1.6387], device='cuda:0')
tensor([1.6325], device='cuda:0')
tensor([1.6537], device='cuda:0')
tensor([1.6971], device='cuda:0')
tensor([1.6805], device='cuda:0')
tensor([1.6539], device='cuda:0')
tensor([1.6719], device='cuda:0')
tensor([1.6373], device='cuda:0')
tensor([1.6006], device='cuda:0')
tensor([1.6021], device='cuda:0')
Epoch 1 Accuracy 10.299999999999999 | Loss: 2.8448 | Aggregation time: 0.454
tensor([1.5686], device='cuda:0')
tensor([1.5165], device='cuda:0')
tensor([1.5575], device='cuda:0')
tensor([1.6975], device='cuda:0')
tensor([1.7878], device='cuda:0')
tensor([1.7557], device='cuda:0')
tensor([1.6193], device='cuda:0')
tensor([1.6019], device='cuda:0')
tensor([1.6451], device='cuda:0')
tensor([1.5458], device='cuda:0')
Epoch 2 Accuracy 10.0 | Loss: 8.1718 | Aggregation time: 0.896
tensor([1.5467], device='cuda:0')
tensor([1.6389], device='cuda:0')
tensor([1.7772], device='cuda:0')
tensor([1.7588], device='cuda:0')
tensor([1.8052], device='cuda:0')
tensor([1.9314], device='cuda:0')
tensor([1.9783], device='cuda:0')
tensor([2.0440], device='cuda:0')
tensor([2.1035], device='cuda:0')
tensor([2.3014], device='cuda:0')
Epoch 3 Accuracy 10.0 | Loss: 7.2762 | Aggregation time: 1.38
tensor([2.3294], device='cuda:0')
tensor([2.2642], device='cuda:0')
tensor([2.2270], device='cuda:0')
tensor([2.2982], device='cuda:0')
tensor([2.3496], device='cuda:0')
tensor([2.3335], device='cuda:0')
tensor([2.3084], device='cuda:0')
tensor([2.3704], device='cuda:0')
tensor([2.4139], device='cuda:0')
tensor([2.3565], device='cuda:0')
Epoch 4 Accuracy 10.0 | Loss: 9.644 | Aggregation time: 1.822
tensor([2.2926], device='cuda:0')
tensor([2.3217], device='cuda:0')
tensor([2.4237], device='cuda:0')
tensor([2.4403], device='cuda:0')
tensor([2.3666], device='cuda:0')
tensor([2.4338], device='cuda:0')
tensor([2.3528], device='cuda:0')
tensor([2.4147], device='cuda:0')
tensor([2.2892], device='cuda:0')
Epoch 5 Accuracy 10.0 | Loss: 9.7612 | Aggregation time: 2.247
tensor([2.2605], device='cuda:0')
tensor([2.2207], device='cuda:0')
tensor([2.1804], device='cuda:0')
tensor([2.0459], device='cuda:0')
tensor([2.0882], device='cuda:0')
tensor([2.0541], device='cuda:0')
tensor([1.9427], device='cuda:0')
tensor([2.0013], device='cuda:0')
tensor([1.9717], device='cuda:0')
tensor([2.1925], device='cuda:0')
Epoch 6 Accuracy 11.4 | Loss: 9.6684 | Aggregation time: 2.679
tensor([2.1526], device='cuda:0')
tensor([2.1825], device='cuda:0')
tensor([2.0011], device='cuda:0')
tensor([2.0362], device='cuda:0')
tensor([2.0852], device='cuda:0')
tensor([2.1488], device='cuda:0')
tensor([2.2013], device='cuda:0')
tensor([2.1946], device='cuda:0')
tensor([2.3025], device='cuda:0')
tensor([2.2931], device='cuda:0')
Epoch 7 Accuracy 11.899999999999999 | Loss: 9.8416 | Aggregation time: 3.117
tensor([2.3132], device='cuda:0')
tensor([2.3081], device='cuda:0')
tensor([2.2845], device='cuda:0')
tensor([2.3525], device='cuda:0')
tensor([2.3550], device='cuda:0')
tensor([2.2194], device='cuda:0')
tensor([2.2615], device='cuda:0')
tensor([2.3774], device='cuda:0')
tensor([2.3472], device='cuda:0')
tensor([2.4253], device='cuda:0')
Epoch 8 Accuracy 11.799999999999999 | Loss: 9.6649 | Aggregation time: 3.557
tensor([2.4223], device='cuda:0')
tensor([2.4134], device='cuda:0')
tensor([2.4280], device='cuda:0')
tensor([2.3773], device='cuda:0')
tensor([2.4696], device='cuda:0')
tensor([2.4276], device='cuda:0')
tensor([2.3625], device='cuda:0')
tensor([2.3965], device='cuda:0')
tensor([2.3318], device='cuda:0')
Epoch 9 Accuracy 10.8 | Loss: 9.9293 | Aggregation time: 4.073
tensor([2.3503], device='cuda:0')
tensor([2.3561], device='cuda:0')
tensor([2.3808], device='cuda:0')
tensor([2.3991], device='cuda:0')
tensor([2.2962], device='cuda:0')
tensor([2.2968], device='cuda:0')
tensor([2.3230], device='cuda:0')
tensor([2.1644], device='cuda:0')
tensor([2.1947], device='cuda:0')
tensor([2.3644], device='cuda:0')
Epoch 10 Accuracy 11.700000000000001 | Loss: 7.829 | Aggregation time: 4.532
tensor([2.2999], device='cuda:0')
tensor([2.2804], device='cuda:0')
tensor([2.2547], device='cuda:0')
tensor([2.2782], device='cuda:0')
tensor([2.2969], device='cuda:0')
tensor([2.2334], device='cuda:0')
tensor([2.1885], device='cuda:0')
tensor([2.1537], device='cuda:0')
tensor([2.0810], device='cuda:0')
tensor([2.0255], device='cuda:0')
Epoch 11 Accuracy 11.700000000000001 | Loss: 8.489 | Aggregation time: 4.95
tensor([2.0706], device='cuda:0')
tensor([2.1804], device='cuda:0')
tensor([2.1857], device='cuda:0')
tensor([2.1962], device='cuda:0')
tensor([2.1033], device='cuda:0')
tensor([2.1071], device='cuda:0')
tensor([2.0560], device='cuda:0')
tensor([2.0704], device='cuda:0')
tensor([2.0316], device='cuda:0')
tensor([1.9728], device='cuda:0')
Epoch 12 Accuracy 12.3 | Loss: 8.8086 | Aggregation time: 5.404
tensor([1.9787], device='cuda:0')
tensor([1.9124], device='cuda:0')
tensor([1.9161], device='cuda:0')
tensor([2.0386], device='cuda:0')
tensor([1.9470], device='cuda:0')
tensor([1.9368], device='cuda:0')
tensor([1.9474], device='cuda:0')
tensor([2.0041], device='cuda:0')
tensor([1.9857], device='cuda:0')
Epoch 13 Accuracy 13.100000000000001 | Loss: 7.9955 | Aggregation time: 5.905
tensor([1.8868], device='cuda:0')
tensor([1.9390], device='cuda:0')
tensor([1.8938], device='cuda:0')
tensor([1.8346], device='cuda:0')
tensor([1.8359], device='cuda:0')
tensor([1.8667], device='cuda:0')
tensor([1.9285], device='cuda:0')
tensor([1.8489], device='cuda:0')
tensor([1.8555], device='cuda:0')
tensor([1.8401], device='cuda:0')
Epoch 14 Accuracy 12.3 | Loss: 7.8256 | Aggregation time: 6.351
tensor([1.8855], device='cuda:0')
tensor([1.8300], device='cuda:0')
tensor([1.8957], device='cuda:0')
tensor([1.9487], device='cuda:0')
tensor([1.8397], device='cuda:0')
tensor([1.8114], device='cuda:0')
tensor([1.8155], device='cuda:0')
tensor([1.7819], device='cuda:0')
tensor([1.8318], device='cuda:0')
tensor([1.7620], device='cuda:0')
Epoch 15 Accuracy 12.1 | Loss: 8.0085 | Aggregation time: 6.885
tensor([1.7510], device='cuda:0')
tensor([1.7631], device='cuda:0')
tensor([1.7416], device='cuda:0')
tensor([1.8306], device='cuda:0')
tensor([1.8026], device='cuda:0')
tensor([1.7978], device='cuda:0')
tensor([1.7428], device='cuda:0')
tensor([1.6897], device='cuda:0')
tensor([1.6577], device='cuda:0')
tensor([1.6946], device='cuda:0')
Epoch 16 Accuracy 13.4 | Loss: 6.5409 | Aggregation time: 7.346
tensor([1.7352], device='cuda:0')
tensor([1.6469], device='cuda:0')
tensor([1.6765], device='cuda:0')
tensor([1.7225], device='cuda:0')
tensor([1.6202], device='cuda:0')
tensor([1.6312], device='cuda:0')
tensor([1.6411], device='cuda:0')
tensor([1.7327], device='cuda:0')
tensor([1.6475], device='cuda:0')
tensor([1.7210], device='cuda:0')
Epoch 17 Accuracy 13.100000000000001 | Loss: 7.7388 | Aggregation time: 7.81
tensor([1.7871], device='cuda:0')
tensor([1.7909], device='cuda:0')
tensor([1.7898], device='cuda:0')
tensor([1.6745], device='cuda:0')
tensor([1.7175], device='cuda:0')
tensor([1.6804], device='cuda:0')
tensor([1.6529], device='cuda:0')
tensor([1.6523], device='cuda:0')
tensor([1.7328], device='cuda:0')
Epoch 18 Accuracy 13.900000000000002 | Loss: 7.6388 | Aggregation time: 8.277
tensor([1.6162], device='cuda:0')
tensor([1.6323], device='cuda:0')
tensor([1.6817], device='cuda:0')
tensor([1.7059], device='cuda:0')
tensor([1.7116], device='cuda:0')
tensor([1.7024], device='cuda:0')
tensor([1.7277], device='cuda:0')
tensor([1.7228], device='cuda:0')
tensor([1.7840], device='cuda:0')
tensor([1.8343], device='cuda:0')
Epoch 19 Accuracy 13.4 | Loss: 6.6865 | Aggregation time: 8.793
tensor([1.7814], device='cuda:0')
tensor([1.7738], device='cuda:0')
tensor([1.7158], device='cuda:0')
tensor([1.7464], device='cuda:0')
tensor([1.8593], device='cuda:0')
tensor([1.7778], device='cuda:0')
tensor([1.7399], device='cuda:0')
tensor([1.7263], device='cuda:0')
tensor([1.7286], device='cuda:0')
tensor([1.7665], device='cuda:0')
Epoch 20 Accuracy 13.4 | Loss: 7.262 | Aggregation time: 9.342
tensor([1.7564], device='cuda:0')
tensor([1.8658], device='cuda:0')
tensor([1.8555], device='cuda:0')
tensor([1.8045], device='cuda:0')
tensor([1.8129], device='cuda:0')
tensor([1.8306], device='cuda:0')
tensor([1.8197], device='cuda:0')
tensor([1.8603], device='cuda:0')
tensor([1.8821], device='cuda:0')
tensor([1.8712], device='cuda:0')
Epoch 21 Accuracy 14.000000000000002 | Loss: 5.845 | Aggregation time: 9.831
tensor([1.8603], device='cuda:0')
tensor([1.7459], device='cuda:0')
tensor([1.7213], device='cuda:0')
tensor([1.7652], device='cuda:0')
tensor([1.7025], device='cuda:0')
tensor([1.7049], device='cuda:0')
tensor([1.7409], device='cuda:0')
tensor([1.7924], device='cuda:0')
tensor([1.7642], device='cuda:0')
Epoch 22 Accuracy 14.099999999999998 | Loss: 6.4052 | Aggregation time: 10.241
tensor([1.7893], device='cuda:0')
tensor([1.7665], device='cuda:0')
tensor([1.7842], device='cuda:0')
tensor([1.7415], device='cuda:0')
tensor([1.8432], device='cuda:0')
tensor([1.9229], device='cuda:0')
tensor([1.9467], device='cuda:0')
tensor([1.9700], device='cuda:0')
tensor([2.0254], device='cuda:0')
tensor([1.9394], device='cuda:0')
Epoch 23 Accuracy 13.900000000000002 | Loss: 7.0117 | Aggregation time: 10.669
tensor([1.9495], device='cuda:0')
tensor([1.9232], device='cuda:0')
tensor([1.8936], device='cuda:0')
tensor([1.8061], device='cuda:0')
tensor([1.8254], device='cuda:0')
tensor([1.7726], device='cuda:0')
tensor([1.7866], device='cuda:0')
tensor([1.7850], device='cuda:0')
tensor([1.7874], device='cuda:0')
tensor([1.7858], device='cuda:0')
Epoch 24 Accuracy 13.8 | Loss: 7.4563 | Aggregation time: 11.11
tensor([1.7282], device='cuda:0')
tensor([1.7753], device='cuda:0')
tensor([1.7728], device='cuda:0')
tensor([1.7695], device='cuda:0')
tensor([1.7133], device='cuda:0')
tensor([1.7323], device='cuda:0')
tensor([1.7565], device='cuda:0')
tensor([1.8141], device='cuda:0')
tensor([1.7555], device='cuda:0')
tensor([1.7900], device='cuda:0')
Epoch 25 Accuracy 14.399999999999999 | Loss: 7.3372 | Aggregation time: 11.604
tensor([1.7634], device='cuda:0')
tensor([1.7810], device='cuda:0')
tensor([1.6996], device='cuda:0')
tensor([1.7307], device='cuda:0')
tensor([1.7826], device='cuda:0')
tensor([1.7729], device='cuda:0')
tensor([1.7634], device='cuda:0')
tensor([1.7241], device='cuda:0')
tensor([1.7803], device='cuda:0')
Epoch 26 Accuracy 14.6 | Loss: 6.9236 | Aggregation time: 12.005
tensor([1.7303], device='cuda:0')
tensor([1.6794], device='cuda:0')
tensor([1.7574], device='cuda:0')
tensor([1.8106], device='cuda:0')
tensor([1.7948], device='cuda:0')
tensor([1.7938], device='cuda:0')
tensor([1.8183], device='cuda:0')
tensor([1.8727], device='cuda:0')
tensor([1.8589], device='cuda:0')
tensor([1.8734], device='cuda:0')
Epoch 27 Accuracy 13.900000000000002 | Loss: 6.834 | Aggregation time: 12.426
tensor([1.8414], device='cuda:0')
tensor([1.8043], device='cuda:0')
tensor([1.7418], device='cuda:0')
tensor([1.7338], device='cuda:0')
tensor([1.6721], device='cuda:0')
tensor([1.6516], device='cuda:0')
tensor([1.7368], device='cuda:0')
tensor([1.8301], device='cuda:0')
tensor([1.8554], device='cuda:0')
tensor([1.8297], device='cuda:0')
Epoch 28 Accuracy 13.8 | Loss: 5.7746 | Aggregation time: 12.906
tensor([1.8033], device='cuda:0')
tensor([1.7700], device='cuda:0')
tensor([1.7770], device='cuda:0')
tensor([1.7801], device='cuda:0')
tensor([1.8114], device='cuda:0')
tensor([1.8626], device='cuda:0')
tensor([1.8439], device='cuda:0')
tensor([1.9194], device='cuda:0')
tensor([1.8646], device='cuda:0')
tensor([1.8088], device='cuda:0')
Epoch 29 Accuracy 15.0 | Loss: 5.6721 | Aggregation time: 13.4
tensor([1.8124], device='cuda:0')
tensor([1.7978], device='cuda:0')
tensor([1.6692], device='cuda:0')
tensor([1.6761], device='cuda:0')
tensor([1.6982], device='cuda:0')
tensor([1.6479], device='cuda:0')
tensor([1.6123], device='cuda:0')
tensor([1.6358], device='cuda:0')
tensor([1.6051], device='cuda:0')
Epoch 30 Accuracy 13.5 | Loss: 5.4993 | Aggregation time: 13.805
tensor([1.6496], device='cuda:0')
tensor([1.6012], device='cuda:0')
tensor([1.5904], device='cuda:0')
tensor([1.6443], device='cuda:0')
tensor([1.6133], device='cuda:0')
tensor([1.6422], device='cuda:0')
tensor([1.6278], device='cuda:0')
tensor([1.6387], device='cuda:0')
tensor([1.6776], device='cuda:0')
tensor([1.6599], device='cuda:0')
Epoch 31 Accuracy 14.499999999999998 | Loss: 6.2898 | Aggregation time: 14.246
tensor([1.6552], device='cuda:0')
tensor([1.6324], device='cuda:0')
tensor([1.6638], device='cuda:0')
tensor([1.6821], device='cuda:0')
tensor([1.6711], device='cuda:0')
tensor([1.6283], device='cuda:0')
tensor([1.6513], device='cuda:0')
tensor([1.5911], device='cuda:0')
tensor([1.6023], device='cuda:0')
tensor([1.6147], device='cuda:0')
Epoch 32 Accuracy 14.000000000000002 | Loss: 5.8533 | Aggregation time: 14.667
tensor([1.6390], device='cuda:0')
tensor([1.6353], device='cuda:0')
tensor([1.5631], device='cuda:0')
tensor([1.5975], device='cuda:0')
tensor([1.5726], device='cuda:0')
tensor([1.5631], device='cuda:0')
tensor([1.5211], device='cuda:0')
tensor([1.5313], device='cuda:0')
tensor([1.5792], device='cuda:0')
tensor([1.5647], device='cuda:0')
Epoch 33 Accuracy 13.700000000000001 | Loss: 6.4571 | Aggregation time: 15.193
tensor([1.5951], device='cuda:0')
tensor([1.5802], device='cuda:0')
tensor([1.6424], device='cuda:0')
tensor([1.6264], device='cuda:0')
tensor([1.6019], device='cuda:0')
tensor([1.5518], device='cuda:0')
tensor([1.5316], device='cuda:0')
tensor([1.5467], device='cuda:0')
tensor([1.5694], device='cuda:0')
tensor([1.6348], device='cuda:0')
Epoch 34 Accuracy 14.399999999999999 | Loss: 5.1423 | Aggregation time: 15.686
tensor([1.6110], device='cuda:0')
tensor([1.5842], device='cuda:0')
tensor([1.5885], device='cuda:0')
tensor([1.5484], device='cuda:0')
tensor([1.5484], device='cuda:0')
tensor([1.5663], device='cuda:0')
tensor([1.5987], device='cuda:0')
tensor([1.5611], device='cuda:0')
tensor([1.6012], device='cuda:0')
Epoch 35 Accuracy 14.7 | Loss: 5.5991 | Aggregation time: 16.2
tensor([1.5970], device='cuda:0')
tensor([1.6454], device='cuda:0')
tensor([1.6343], device='cuda:0')
tensor([1.6875], device='cuda:0')
tensor([1.6569], device='cuda:0')
tensor([1.6614], device='cuda:0')
tensor([1.6825], device='cuda:0')
tensor([1.7019], device='cuda:0')
tensor([1.7031], device='cuda:0')
tensor([1.6880], device='cuda:0')
Epoch 36 Accuracy 14.299999999999999 | Loss: 6.3512 | Aggregation time: 16.683
tensor([1.7175], device='cuda:0')
tensor([1.7345], device='cuda:0')
tensor([1.7542], device='cuda:0')
tensor([1.6706], device='cuda:0')
tensor([1.5890], device='cuda:0')
tensor([1.6951], device='cuda:0')
tensor([1.6901], device='cuda:0')
tensor([1.6830], device='cuda:0')
tensor([1.6336], device='cuda:0')
tensor([1.6602], device='cuda:0')
Epoch 37 Accuracy 14.000000000000002 | Loss: 6.9019 | Aggregation time: 17.113
tensor([1.6026], device='cuda:0')
tensor([1.5643], device='cuda:0')
tensor([1.5554], device='cuda:0')
tensor([1.5417], device='cuda:0')
tensor([1.5823], device='cuda:0')
tensor([1.5894], device='cuda:0')
tensor([1.5688], device='cuda:0')
tensor([1.5067], device='cuda:0')
tensor([1.5269], device='cuda:0')
tensor([1.5451], device='cuda:0')
Epoch 38 Accuracy 13.700000000000001 | Loss: 7.2621 | Aggregation time: 17.536
tensor([1.5634], device='cuda:0')
tensor([1.5370], device='cuda:0')
tensor([1.5412], device='cuda:0')
tensor([1.5603], device='cuda:0')
tensor([1.5704], device='cuda:0')
tensor([1.5578], device='cuda:0')
tensor([1.6267], device='cuda:0')
tensor([1.6138], device='cuda:0')
tensor([1.6313], device='cuda:0')
Epoch 39 Accuracy 14.799999999999999 | Loss: 6.7416 | Aggregation time: 18.021
tensor([1.6042], device='cuda:0')
tensor([1.5770], device='cuda:0')
tensor([1.6260], device='cuda:0')
tensor([1.5972], device='cuda:0')
tensor([1.6500], device='cuda:0')
tensor([1.6349], device='cuda:0')
tensor([1.6536], device='cuda:0')
tensor([1.6597], device='cuda:0')
tensor([1.6659], device='cuda:0')
tensor([1.7171], device='cuda:0')
Epoch 40 Accuracy 14.7 | Loss: 5.7031 | Aggregation time: 18.466
tensor([1.7636], device='cuda:0')
tensor([1.7023], device='cuda:0')
tensor([1.6238], device='cuda:0')
tensor([1.6124], device='cuda:0')
tensor([1.6042], device='cuda:0')
tensor([1.5596], device='cuda:0')
tensor([1.5464], device='cuda:0')
tensor([1.5106], device='cuda:0')
tensor([1.5071], device='cuda:0')
tensor([1.4837], device='cuda:0')
Epoch 41 Accuracy 15.2 | Loss: 5.8455 | Aggregation time: 18.954
tensor([1.5205], device='cuda:0')
tensor([1.5607], device='cuda:0')
tensor([1.5599], device='cuda:0')
tensor([1.5505], device='cuda:0')
tensor([1.5488], device='cuda:0')
tensor([1.5385], device='cuda:0')
tensor([1.5326], device='cuda:0')
tensor([1.5097], device='cuda:0')
tensor([1.5594], device='cuda:0')
tensor([1.5647], device='cuda:0')
Epoch 42 Accuracy 14.6 | Loss: 5.5054 | Aggregation time: 19.369
tensor([1.5557], device='cuda:0')
tensor([1.5621], device='cuda:0')
tensor([1.5790], device='cuda:0')
tensor([1.5807], device='cuda:0')
tensor([1.5624], device='cuda:0')
tensor([1.5616], device='cuda:0')
tensor([1.4883], device='cuda:0')
tensor([1.4558], device='cuda:0')
tensor([1.4514], device='cuda:0')
Epoch 43 Accuracy 14.2 | Loss: 6.0587 | Aggregation time: 19.747
tensor([1.5033], device='cuda:0')
tensor([1.5848], device='cuda:0')
tensor([1.5844], device='cuda:0')
tensor([1.5005], device='cuda:0')
tensor([1.5389], device='cuda:0')
tensor([1.5847], device='cuda:0')
tensor([1.5715], device='cuda:0')
tensor([1.5325], device='cuda:0')
tensor([1.5036], device='cuda:0')
tensor([1.4729], device='cuda:0')
Epoch 44 Accuracy 14.099999999999998 | Loss: 6.4794 | Aggregation time: 20.189
tensor([1.4446], device='cuda:0')
tensor([1.5119], device='cuda:0')
tensor([1.4809], device='cuda:0')
tensor([1.5195], device='cuda:0')
tensor([1.5326], device='cuda:0')
tensor([1.5994], device='cuda:0')
tensor([1.6031], device='cuda:0')
tensor([1.6142], device='cuda:0')
tensor([1.5354], device='cuda:0')
tensor([1.5614], device='cuda:0')
Epoch 45 Accuracy 14.299999999999999 | Loss: 6.524 | Aggregation time: 20.632
tensor([1.5689], device='cuda:0')
tensor([1.5367], device='cuda:0')
tensor([1.5916], device='cuda:0')
tensor([1.5825], device='cuda:0')
tensor([1.5772], device='cuda:0')
tensor([1.5856], device='cuda:0')
tensor([1.5882], device='cuda:0')
tensor([1.5462], device='cuda:0')
tensor([1.5544], device='cuda:0')
tensor([1.5573], device='cuda:0')
Epoch 46 Accuracy 14.2 | Loss: 6.74 | Aggregation time: 21.165
tensor([1.5289], device='cuda:0')
tensor([1.5420], device='cuda:0')
tensor([1.6074], device='cuda:0')
tensor([1.5486], device='cuda:0')
tensor([1.5996], device='cuda:0')
tensor([1.5863], device='cuda:0')
tensor([1.5477], device='cuda:0')
tensor([1.5546], device='cuda:0')
tensor([1.5779], device='cuda:0')
Epoch 47 Accuracy 14.399999999999999 | Loss: 6.8227 | Aggregation time: 21.558
tensor([1.6556], device='cuda:0')
tensor([1.6745], device='cuda:0')
tensor([1.6534], device='cuda:0')
tensor([1.6365], device='cuda:0')
tensor([1.6123], device='cuda:0')
tensor([1.6430], device='cuda:0')
tensor([1.6403], device='cuda:0')
tensor([1.6379], device='cuda:0')
tensor([1.5967], device='cuda:0')
tensor([1.5518], device='cuda:0')
Epoch 48 Accuracy 14.399999999999999 | Loss: 6.728 | Aggregation time: 21.987
tensor([1.5644], device='cuda:0')
tensor([1.5403], device='cuda:0')
tensor([1.6254], device='cuda:0')
tensor([1.6346], device='cuda:0')
tensor([1.6311], device='cuda:0')
tensor([1.6621], device='cuda:0')
tensor([1.6855], device='cuda:0')
tensor([1.6758], device='cuda:0')
tensor([1.6147], device='cuda:0')
tensor([1.6489], device='cuda:0')
Epoch 49 Accuracy 14.2 | Loss: 6.8427 | Aggregation time: 22.42
tensor([1.5783], device='cuda:0')
tensor([1.6007], device='cuda:0')
tensor([1.5637], device='cuda:0')
tensor([1.5499], device='cuda:0')
tensor([1.5495], device='cuda:0')
tensor([1.5288], device='cuda:0')
tensor([1.5778], device='cuda:0')
tensor([1.5778], device='cuda:0')
tensor([1.5632], device='cuda:0')
tensor([1.5466], device='cuda:0')
Epoch 50 Accuracy 14.2 | Loss: 6.9435 | Aggregation time: 22.856
