C:\Users\user\Desktop\IoT\FLTG-implementation\FL-Byzantine-Library\client.py:43: UserWarning: To copy construct from a tensor, it is recommended to use sourceTensor.clone().detach() or sourceTensor.clone().detach().requires_grad_(True), rather than torch.tensor(sourceTensor).
  self.momentum = torch.tensor(torch.zeros_like(flat_model, device=self.device))
number of parameters  0.431 M
tensor([1.3429], device='cuda:0')
tensor([1.3056], device='cuda:0')
tensor([1.2578], device='cuda:0')
tensor([1.1060], device='cuda:0')
tensor([1.0734], device='cuda:0')
tensor([0.9906], device='cuda:0')
tensor([0.9551], device='cuda:0')
tensor([0.9316], device='cuda:0')
tensor([0.8496], device='cuda:0')
tensor([0.7953], device='cuda:0')
Epoch 1 Accuracy 27.500000000000004 | Loss: 2.238 | Aggregation time: 0.658
tensor([0.8376], device='cuda:0')
tensor([0.8504], device='cuda:0')
tensor([0.8633], device='cuda:0')
tensor([0.9133], device='cuda:0')
tensor([0.9529], device='cuda:0')
tensor([0.9412], device='cuda:0')
tensor([0.9362], device='cuda:0')
tensor([0.9164], device='cuda:0')
tensor([0.8930], device='cuda:0')
Epoch 2 Accuracy 42.199999999999996 | Loss: 1.7095 | Aggregation time: 1.203
tensor([1.0089], device='cuda:0')
tensor([1.0057], device='cuda:0')
tensor([1.0704], device='cuda:0')
tensor([1.1488], device='cuda:0')
tensor([1.2420], device='cuda:0')
tensor([1.2532], device='cuda:0')
tensor([1.2231], device='cuda:0')
tensor([1.2057], device='cuda:0')
tensor([1.1756], device='cuda:0')
tensor([1.1815], device='cuda:0')
Epoch 3 Accuracy 46.7 | Loss: 1.4307 | Aggregation time: 1.8
tensor([1.1934], device='cuda:0')
tensor([1.1958], device='cuda:0')
tensor([1.2285], device='cuda:0')
tensor([1.2735], device='cuda:0')
tensor([1.3992], device='cuda:0')
tensor([1.4914], device='cuda:0')
tensor([1.5848], device='cuda:0')
tensor([1.5483], device='cuda:0')
tensor([1.5055], device='cuda:0')
Epoch 4 Accuracy 57.699999999999996 | Loss: 1.1565 | Aggregation time: 2.314
tensor([1.4675], device='cuda:0')
tensor([1.4058], device='cuda:0')
tensor([1.4123], device='cuda:0')
tensor([1.3781], device='cuda:0')
tensor([1.3815], device='cuda:0')
tensor([1.3708], device='cuda:0')
tensor([1.3607], device='cuda:0')
tensor([1.3135], device='cuda:0')
tensor([1.2858], device='cuda:0')
Epoch 5 Accuracy 60.699999999999996 | Loss: 0.8499 | Aggregation time: 2.866
tensor([1.3094], device='cuda:0')
tensor([1.3180], device='cuda:0')
tensor([1.3550], device='cuda:0')
tensor([1.3982], device='cuda:0')
tensor([1.4200], device='cuda:0')
tensor([1.4538], device='cuda:0')
tensor([1.5135], device='cuda:0')
tensor([1.4732], device='cuda:0')
tensor([1.4504], device='cuda:0')
tensor([1.4545], device='cuda:0')
Epoch 6 Accuracy 62.2 | Loss: 0.6898 | Aggregation time: 3.491
tensor([1.4698], device='cuda:0')
tensor([1.4794], device='cuda:0')
tensor([1.5141], device='cuda:0')
tensor([1.4359], device='cuda:0')
tensor([1.4075], device='cuda:0')
tensor([1.3761], device='cuda:0')
tensor([1.3814], device='cuda:0')
tensor([1.4091], device='cuda:0')
tensor([1.4228], device='cuda:0')
Epoch 7 Accuracy 78.60000000000001 | Loss: 0.5172 | Aggregation time: 4.032
tensor([1.4959], device='cuda:0')
tensor([1.4888], device='cuda:0')
tensor([1.4919], device='cuda:0')
tensor([1.5042], device='cuda:0')
tensor([1.5261], device='cuda:0')
tensor([1.5445], device='cuda:0')
tensor([1.5332], device='cuda:0')
tensor([1.5559], device='cuda:0')
tensor([1.5606], device='cuda:0')
tensor([1.6040], device='cuda:0')
Epoch 8 Accuracy 79.9 | Loss: 0.3244 | Aggregation time: 4.672
tensor([1.5905], device='cuda:0')
tensor([1.6097], device='cuda:0')
tensor([1.5192], device='cuda:0')
tensor([1.5041], device='cuda:0')
tensor([1.4499], device='cuda:0')
tensor([1.4356], device='cuda:0')
tensor([1.4066], device='cuda:0')
tensor([1.4172], device='cuda:0')
tensor([1.3726], device='cuda:0')
Epoch 9 Accuracy 79.60000000000001 | Loss: 0.2887 | Aggregation time: 5.143
tensor([1.3929], device='cuda:0')
tensor([1.4227], device='cuda:0')
tensor([1.4347], device='cuda:0')
tensor([1.4523], device='cuda:0')
tensor([1.4642], device='cuda:0')
tensor([1.3952], device='cuda:0')
tensor([1.4571], device='cuda:0')
tensor([1.4571], device='cuda:0')
tensor([1.5017], device='cuda:0')
Epoch 10 Accuracy 68.8 | Loss: 0.3183 | Aggregation time: 5.693
tensor([1.5164], device='cuda:0')
tensor([1.5102], device='cuda:0')
tensor([1.5419], device='cuda:0')
tensor([1.5432], device='cuda:0')
tensor([1.5224], device='cuda:0')
tensor([1.5224], device='cuda:0')
tensor([1.5147], device='cuda:0')
tensor([1.4966], device='cuda:0')
tensor([1.5029], device='cuda:0')
tensor([1.5082], device='cuda:0')
Epoch 11 Accuracy 76.0 | Loss: 0.4317 | Aggregation time: 6.32
tensor([1.4915], device='cuda:0')
tensor([1.4812], device='cuda:0')
tensor([1.4671], device='cuda:0')
tensor([1.4325], device='cuda:0')
tensor([1.4384], device='cuda:0')
tensor([1.4036], device='cuda:0')
tensor([1.3907], device='cuda:0')
tensor([1.3575], device='cuda:0')
tensor([1.3645], device='cuda:0')
Epoch 12 Accuracy 85.0 | Loss: 0.2251 | Aggregation time: 6.89
tensor([1.3868], device='cuda:0')
tensor([1.4772], device='cuda:0')
tensor([1.5273], device='cuda:0')
tensor([1.5929], device='cuda:0')
tensor([1.5325], device='cuda:0')
tensor([1.5260], device='cuda:0')
tensor([1.5119], device='cuda:0')
tensor([1.5386], device='cuda:0')
tensor([1.5328], device='cuda:0')
Epoch 13 Accuracy 83.0 | Loss: 0.2303 | Aggregation time: 7.432
tensor([1.5208], device='cuda:0')
tensor([1.5516], device='cuda:0')
tensor([1.6121], device='cuda:0')
tensor([1.5650], device='cuda:0')
tensor([1.5739], device='cuda:0')
tensor([1.5509], device='cuda:0')
tensor([1.4958], device='cuda:0')
tensor([1.4630], device='cuda:0')
tensor([1.5299], device='cuda:0')
tensor([1.5005], device='cuda:0')
Epoch 14 Accuracy 87.9 | Loss: 0.1575 | Aggregation time: 8.178
tensor([1.5220], device='cuda:0')
tensor([1.4332], device='cuda:0')
tensor([1.4141], device='cuda:0')
tensor([1.3104], device='cuda:0')
tensor([1.3303], device='cuda:0')
tensor([1.4685], device='cuda:0')
tensor([1.6355], device='cuda:0')
tensor([1.6519], device='cuda:0')
tensor([1.6142], device='cuda:0')
Epoch 15 Accuracy 86.1 | Loss: 0.3233 | Aggregation time: 8.945
tensor([1.6190], device='cuda:0')
tensor([1.5494], device='cuda:0')
tensor([1.5202], device='cuda:0')
tensor([1.5149], device='cuda:0')
tensor([1.5639], device='cuda:0')
tensor([1.5934], device='cuda:0')
tensor([1.6221], device='cuda:0')
tensor([1.6224], device='cuda:0')
tensor([1.6123], device='cuda:0')
Epoch 16 Accuracy 82.39999999999999 | Loss: 0.2082 | Aggregation time: 9.732
tensor([1.5363], device='cuda:0')
tensor([1.4226], device='cuda:0')
tensor([1.4698], device='cuda:0')
tensor([1.4230], device='cuda:0')
tensor([1.4263], device='cuda:0')
tensor([1.4161], device='cuda:0')
tensor([1.2896], device='cuda:0')
tensor([1.3388], device='cuda:0')
tensor([1.3211], device='cuda:0')
tensor([1.3105], device='cuda:0')
Epoch 17 Accuracy 89.2 | Loss: 0.1733 | Aggregation time: 10.258
tensor([1.2883], device='cuda:0')
tensor([1.2854], device='cuda:0')
tensor([1.3021], device='cuda:0')
tensor([1.3996], device='cuda:0')
tensor([1.3973], device='cuda:0')
tensor([1.4235], device='cuda:0')
tensor([1.3668], device='cuda:0')
tensor([1.2635], device='cuda:0')
tensor([1.2976], device='cuda:0')
Epoch 18 Accuracy 90.10000000000001 | Loss: 0.1303 | Aggregation time: 10.695
tensor([1.3355], device='cuda:0')
tensor([1.3311], device='cuda:0')
tensor([1.3835], device='cuda:0')
tensor([1.4769], device='cuda:0')
tensor([1.4637], device='cuda:0')
tensor([1.4839], device='cuda:0')
tensor([1.4690], device='cuda:0')
tensor([1.4197], device='cuda:0')
tensor([1.4495], device='cuda:0')
tensor([1.3139], device='cuda:0')
Epoch 19 Accuracy 83.5 | Loss: 0.1624 | Aggregation time: 11.293
tensor([1.2392], device='cuda:0')
tensor([1.3288], device='cuda:0')
tensor([1.3425], device='cuda:0')
tensor([1.3370], device='cuda:0')
tensor([1.3631], device='cuda:0')
tensor([1.3471], device='cuda:0')
tensor([1.3713], device='cuda:0')
tensor([1.4329], device='cuda:0')
tensor([1.4084], device='cuda:0')
Epoch 20 Accuracy 89.1 | Loss: 0.2133 | Aggregation time: 11.814
