C:\Users\user\Desktop\IoT\FLTG-implementation\FL-Byzantine-Library\client.py:43: UserWarning: To copy construct from a tensor, it is recommended to use sourceTensor.clone().detach() or sourceTensor.clone().detach().requires_grad_(True), rather than torch.tensor(sourceTensor).
  self.momentum = torch.tensor(torch.zeros_like(flat_model, device=self.device))
number of parameters  0.431 M
tensor([1.5591], device='cuda:0')
tensor([1.5787], device='cuda:0')
tensor([1.5495], device='cuda:0')
tensor([1.5284], device='cuda:0')
tensor([1.5722], device='cuda:0')
tensor([1.5779], device='cuda:0')
tensor([1.5942], device='cuda:0')
tensor([1.6253], device='cuda:0')
tensor([1.6596], device='cuda:0')
tensor([1.6005], device='cuda:0')
Epoch 1 Accuracy 9.8 | Loss: 2.5573 | Aggregation time: 0.433
tensor([1.5266], device='cuda:0')
tensor([1.3885], device='cuda:0')
tensor([1.3395], device='cuda:0')
tensor([1.3180], device='cuda:0')
tensor([1.3086], device='cuda:0')
tensor([1.3054], device='cuda:0')
tensor([1.2981], device='cuda:0')
tensor([1.2927], device='cuda:0')
tensor([1.2883], device='cuda:0')
Epoch 2 Accuracy 9.8 | Loss: 3.5104 | Aggregation time: 0.867
tensor([1.2830], device='cuda:0')
tensor([1.2729], device='cuda:0')
tensor([1.2044], device='cuda:0')
tensor([1.1655], device='cuda:0')
tensor([1.1425], device='cuda:0')
tensor([1.1286], device='cuda:0')
tensor([1.1446], device='cuda:0')
tensor([1.1669], device='cuda:0')
tensor([1.1864], device='cuda:0')
tensor([1.2177], device='cuda:0')
Epoch 3 Accuracy 21.2 | Loss: 2.8444 | Aggregation time: 1.47
tensor([1.2292], device='cuda:0')
tensor([1.2848], device='cuda:0')
tensor([1.3433], device='cuda:0')
tensor([1.3837], device='cuda:0')
tensor([1.4215], device='cuda:0')
tensor([1.4338], device='cuda:0')
tensor([1.4432], device='cuda:0')
tensor([1.4394], device='cuda:0')
tensor([1.4240], device='cuda:0')
Epoch 4 Accuracy 21.2 | Loss: 1.9929 | Aggregation time: 1.778
tensor([1.4084], device='cuda:0')
tensor([1.3945], device='cuda:0')
tensor([1.4290], device='cuda:0')
tensor([1.4595], device='cuda:0')
tensor([1.4616], device='cuda:0')
tensor([1.4925], device='cuda:0')
tensor([1.5057], device='cuda:0')
tensor([1.5185], device='cuda:0')
tensor([1.5398], device='cuda:0')
Epoch 5 Accuracy 34.699999999999996 | Loss: 1.8567 | Aggregation time: 2.458
tensor([1.5674], device='cuda:0')
tensor([1.5847], device='cuda:0')
tensor([1.6096], device='cuda:0')
tensor([1.6324], device='cuda:0')
tensor([1.6382], device='cuda:0')
tensor([1.6412], device='cuda:0')
tensor([1.6238], device='cuda:0')
tensor([1.5767], device='cuda:0')
tensor([1.5205], device='cuda:0')
tensor([1.4743], device='cuda:0')
Epoch 6 Accuracy 24.3 | Loss: 1.6643 | Aggregation time: 2.839
tensor([1.4327], device='cuda:0')
tensor([1.3735], device='cuda:0')
tensor([1.3311], device='cuda:0')
tensor([1.2862], device='cuda:0')
tensor([1.2612], device='cuda:0')
tensor([1.2657], device='cuda:0')
tensor([1.2903], device='cuda:0')
tensor([1.3308], device='cuda:0')
tensor([1.3697], device='cuda:0')
Epoch 7 Accuracy 32.5 | Loss: 1.8502 | Aggregation time: 3.366
tensor([1.4484], device='cuda:0')
tensor([1.5129], device='cuda:0')
tensor([1.5842], device='cuda:0')
tensor([1.6378], device='cuda:0')
tensor([1.6573], device='cuda:0')
tensor([1.6687], device='cuda:0')
tensor([1.6738], device='cuda:0')
tensor([1.6908], device='cuda:0')
tensor([1.6961], device='cuda:0')
tensor([1.7011], device='cuda:0')
Epoch 8 Accuracy 40.9 | Loss: 1.4428 | Aggregation time: 4.087
tensor([1.7168], device='cuda:0')
tensor([1.7420], device='cuda:0')
tensor([1.7404], device='cuda:0')
tensor([1.7403], device='cuda:0')
tensor([1.7574], device='cuda:0')
tensor([1.7730], device='cuda:0')
tensor([1.7935], device='cuda:0')
tensor([1.8197], device='cuda:0')
tensor([1.7611], device='cuda:0')
Epoch 9 Accuracy 36.6 | Loss: 1.2976 | Aggregation time: 4.414
tensor([1.6451], device='cuda:0')
tensor([1.5326], device='cuda:0')
tensor([1.4851], device='cuda:0')
tensor([1.4797], device='cuda:0')
tensor([1.5115], device='cuda:0')
tensor([1.5521], device='cuda:0')
tensor([1.6007], device='cuda:0')
tensor([1.6549], device='cuda:0')
tensor([1.6084], device='cuda:0')
Epoch 10 Accuracy 45.5 | Loss: 1.5304 | Aggregation time: 4.758
tensor([1.5589], device='cuda:0')
tensor([1.4530], device='cuda:0')
tensor([1.3081], device='cuda:0')
tensor([1.2184], device='cuda:0')
tensor([1.1161], device='cuda:0')
tensor([1.0545], device='cuda:0')
tensor([1.0175], device='cuda:0')
tensor([1.0410], device='cuda:0')
tensor([1.0053], device='cuda:0')
tensor([1.0098], device='cuda:0')
Epoch 11 Accuracy 60.099999999999994 | Loss: 2.1879 | Aggregation time: 5.184
tensor([1.0152], device='cuda:0')
tensor([1.0397], device='cuda:0')
tensor([1.0715], device='cuda:0')
tensor([1.0963], device='cuda:0')
tensor([1.1108], device='cuda:0')
tensor([1.1133], device='cuda:0')
tensor([1.0978], device='cuda:0')
tensor([1.0714], device='cuda:0')
tensor([1.0203], device='cuda:0')
Epoch 12 Accuracy 42.4 | Loss: 1.4663 | Aggregation time: 5.562
tensor([0.9883], device='cuda:0')
tensor([1.0002], device='cuda:0')
tensor([1.0509], device='cuda:0')
tensor([1.0938], device='cuda:0')
tensor([1.1449], device='cuda:0')
tensor([1.2057], device='cuda:0')
tensor([1.2415], device='cuda:0')
tensor([1.2426], device='cuda:0')
tensor([1.2298], device='cuda:0')
Epoch 13 Accuracy 65.2 | Loss: 1.2598 | Aggregation time: 6.063
tensor([1.2950], device='cuda:0')
tensor([1.4152], device='cuda:0')
tensor([1.5108], device='cuda:0')
tensor([1.6018], device='cuda:0')
tensor([1.6696], device='cuda:0')
tensor([1.6913], device='cuda:0')
tensor([1.6962], device='cuda:0')
tensor([1.6541], device='cuda:0')
tensor([1.6549], device='cuda:0')
tensor([1.6288], device='cuda:0')
Epoch 14 Accuracy 67.2 | Loss: 0.8674 | Aggregation time: 6.39
tensor([1.6094], device='cuda:0')
tensor([1.5652], device='cuda:0')
tensor([1.5181], device='cuda:0')
tensor([1.4693], device='cuda:0')
tensor([1.4383], device='cuda:0')
tensor([1.4022], device='cuda:0')
tensor([1.3446], device='cuda:0')
tensor([1.3257], device='cuda:0')
tensor([1.3062], device='cuda:0')
Epoch 15 Accuracy 78.3 | Loss: 1.1459 | Aggregation time: 6.74
tensor([1.2780], device='cuda:0')
tensor([1.3138], device='cuda:0')
tensor([1.3603], device='cuda:0')
tensor([1.4262], device='cuda:0')
tensor([1.4670], device='cuda:0')
tensor([1.4954], device='cuda:0')
tensor([1.5444], device='cuda:0')
tensor([1.5787], device='cuda:0')
tensor([1.6018], device='cuda:0')
Epoch 16 Accuracy 58.3 | Loss: 0.7839 | Aggregation time: 7.065
tensor([1.6176], device='cuda:0')
tensor([1.6471], device='cuda:0')
tensor([1.6725], device='cuda:0')
tensor([1.7001], device='cuda:0')
tensor([1.7186], device='cuda:0')
tensor([1.7480], device='cuda:0')
tensor([1.7755], device='cuda:0')
tensor([1.7981], device='cuda:0')
tensor([1.8110], device='cuda:0')
tensor([1.8168], device='cuda:0')
Epoch 17 Accuracy 67.4 | Loss: 0.7376 | Aggregation time: 7.599
tensor([1.8181], device='cuda:0')
tensor([1.8195], device='cuda:0')
tensor([1.8185], device='cuda:0')
tensor([1.7869], device='cuda:0')
tensor([1.7878], device='cuda:0')
tensor([1.7993], device='cuda:0')
tensor([1.7621], device='cuda:0')
tensor([1.7575], device='cuda:0')
tensor([1.7431], device='cuda:0')
Epoch 18 Accuracy 68.4 | Loss: 0.5016 | Aggregation time: 8.047
tensor([1.7568], device='cuda:0')
tensor([1.7848], device='cuda:0')
tensor([1.8319], device='cuda:0')
tensor([1.8917], device='cuda:0')
tensor([1.9206], device='cuda:0')
tensor([1.9507], device='cuda:0')
tensor([1.9739], device='cuda:0')
tensor([1.9642], device='cuda:0')
tensor([1.8808], device='cuda:0')
tensor([1.8235], device='cuda:0')
Epoch 19 Accuracy 68.8 | Loss: 0.719 | Aggregation time: 8.378
tensor([1.7702], device='cuda:0')
tensor([1.6870], device='cuda:0')
tensor([1.6854], device='cuda:0')
tensor([1.6716], device='cuda:0')
tensor([1.6676], device='cuda:0')
tensor([1.6943], device='cuda:0')
tensor([1.7266], device='cuda:0')
tensor([1.7486], device='cuda:0')
tensor([1.7844], device='cuda:0')
Epoch 20 Accuracy 82.39999999999999 | Loss: 0.5583 | Aggregation time: 8.762
