C:\Users\user\Desktop\IoT\FLTG-implementation\FL-Byzantine-Library\client.py:43: UserWarning: To copy construct from a tensor, it is recommended to use sourceTensor.clone().detach() or sourceTensor.clone().detach().requires_grad_(True), rather than torch.tensor(sourceTensor).
  self.momentum = torch.tensor(torch.zeros_like(flat_model, device=self.device))
number of parameters  0.431 M
tensor([1.5626], device='cuda:0')
tensor([1.5147], device='cuda:0')
tensor([1.5443], device='cuda:0')
tensor([1.5185], device='cuda:0')
tensor([1.4921], device='cuda:0')
tensor([1.3314], device='cuda:0')
tensor([1.3049], device='cuda:0')
tensor([1.3362], device='cuda:0')
tensor([1.3983], device='cuda:0')
tensor([1.4171], device='cuda:0')
Epoch 1 Accuracy 12.6 | Loss: 2.8762 | Aggregation time: 0.597
tensor([1.4343], device='cuda:0')
tensor([1.4997], device='cuda:0')
tensor([1.4611], device='cuda:0')
tensor([1.4537], device='cuda:0')
tensor([1.4518], device='cuda:0')
tensor([1.4563], device='cuda:0')
tensor([1.4565], device='cuda:0')
tensor([1.4568], device='cuda:0')
tensor([1.4635], device='cuda:0')
Epoch 2 Accuracy 21.099999999999998 | Loss: 3.0781 | Aggregation time: 1.039
tensor([1.4519], device='cuda:0')
tensor([1.4470], device='cuda:0')
tensor([1.4496], device='cuda:0')
tensor([1.4369], device='cuda:0')
tensor([1.4294], device='cuda:0')
tensor([1.4352], device='cuda:0')
tensor([1.4558], device='cuda:0')
tensor([1.4450], device='cuda:0')
tensor([1.4365], device='cuda:0')
tensor([1.4433], device='cuda:0')
Epoch 3 Accuracy 29.7 | Loss: 2.8145 | Aggregation time: 1.517
tensor([1.4212], device='cuda:0')
tensor([1.4348], device='cuda:0')
tensor([1.4271], device='cuda:0')
tensor([1.3838], device='cuda:0')
tensor([1.3626], device='cuda:0')
tensor([1.3448], device='cuda:0')
tensor([1.3053], device='cuda:0')
tensor([1.2925], device='cuda:0')
tensor([1.2986], device='cuda:0')
Epoch 4 Accuracy 37.0 | Loss: 2.8231 | Aggregation time: 2.049
tensor([1.2927], device='cuda:0')
tensor([1.2798], device='cuda:0')
tensor([1.2599], device='cuda:0')
tensor([1.2516], device='cuda:0')
tensor([1.2355], device='cuda:0')
tensor([1.2023], device='cuda:0')
tensor([1.1768], device='cuda:0')
tensor([1.1805], device='cuda:0')
tensor([1.2033], device='cuda:0')
Epoch 5 Accuracy 46.2 | Loss: 1.8464 | Aggregation time: 2.599
tensor([1.2246], device='cuda:0')
tensor([1.2412], device='cuda:0')
tensor([1.2299], device='cuda:0')
tensor([1.2170], device='cuda:0')
tensor([1.2130], device='cuda:0')
tensor([1.2212], device='cuda:0')
tensor([1.2268], device='cuda:0')
tensor([1.2465], device='cuda:0')
tensor([1.2552], device='cuda:0')
tensor([1.2653], device='cuda:0')
Epoch 6 Accuracy 43.3 | Loss: 1.5679 | Aggregation time: 3.171
tensor([1.3117], device='cuda:0')
tensor([1.2807], device='cuda:0')
tensor([1.2729], device='cuda:0')
tensor([1.2744], device='cuda:0')
tensor([1.2847], device='cuda:0')
tensor([1.2939], device='cuda:0')
tensor([1.2622], device='cuda:0')
tensor([1.2528], device='cuda:0')
tensor([1.2453], device='cuda:0')
Epoch 7 Accuracy 71.0 | Loss: 1.3747 | Aggregation time: 3.771
tensor([1.2568], device='cuda:0')
tensor([1.2620], device='cuda:0')
tensor([1.2903], device='cuda:0')
tensor([1.3032], device='cuda:0')
tensor([1.2967], device='cuda:0')
tensor([1.3296], device='cuda:0')
tensor([1.3535], device='cuda:0')
tensor([1.3317], device='cuda:0')
tensor([1.3341], device='cuda:0')
tensor([1.3154], device='cuda:0')
Epoch 8 Accuracy 61.3 | Loss: 1.2162 | Aggregation time: 4.341
tensor([1.3042], device='cuda:0')
tensor([1.3204], device='cuda:0')
tensor([1.3400], device='cuda:0')
tensor([1.3501], device='cuda:0')
tensor([1.3845], device='cuda:0')
tensor([1.4018], device='cuda:0')
tensor([1.4474], device='cuda:0')
tensor([1.4801], device='cuda:0')
tensor([1.5129], device='cuda:0')
Epoch 9 Accuracy 77.2 | Loss: 0.8392 | Aggregation time: 4.857
tensor([1.5859], device='cuda:0')
tensor([1.6331], device='cuda:0')
tensor([1.6672], device='cuda:0')
tensor([1.6925], device='cuda:0')
tensor([1.7369], device='cuda:0')
tensor([1.8532], device='cuda:0')
tensor([1.9000], device='cuda:0')
tensor([1.9847], device='cuda:0')
tensor([2.0364], device='cuda:0')
Epoch 10 Accuracy 79.0 | Loss: 0.7975 | Aggregation time: 5.376
tensor([2.0510], device='cuda:0')
tensor([2.0484], device='cuda:0')
tensor([2.0851], device='cuda:0')
tensor([2.1361], device='cuda:0')
tensor([2.1338], device='cuda:0')
tensor([2.0057], device='cuda:0')
tensor([1.9913], device='cuda:0')
tensor([2.0798], device='cuda:0')
tensor([2.0836], device='cuda:0')
tensor([2.0498], device='cuda:0')
Epoch 11 Accuracy 68.0 | Loss: 0.6117 | Aggregation time: 5.958
tensor([1.9825], device='cuda:0')
tensor([1.9060], device='cuda:0')
tensor([1.8267], device='cuda:0')
tensor([1.7992], device='cuda:0')
tensor([1.7817], device='cuda:0')
tensor([1.8439], device='cuda:0')
tensor([1.8976], device='cuda:0')
tensor([1.9514], device='cuda:0')
tensor([1.9118], device='cuda:0')
Epoch 12 Accuracy 77.2 | Loss: 0.6997 | Aggregation time: 6.461
tensor([1.9644], device='cuda:0')
tensor([2.0407], device='cuda:0')
tensor([2.0397], device='cuda:0')
tensor([1.9860], device='cuda:0')
tensor([1.9748], device='cuda:0')
tensor([2.0601], device='cuda:0')
tensor([2.0710], device='cuda:0')
tensor([2.0638], device='cuda:0')
tensor([2.0594], device='cuda:0')
Epoch 13 Accuracy 83.5 | Loss: 0.5243 | Aggregation time: 6.974
tensor([2.0620], device='cuda:0')
tensor([2.0746], device='cuda:0')
tensor([2.1032], device='cuda:0')
tensor([2.1556], device='cuda:0')
tensor([2.2112], device='cuda:0')
tensor([2.2062], device='cuda:0')
tensor([2.1722], device='cuda:0')
tensor([2.1250], device='cuda:0')
tensor([2.0985], device='cuda:0')
tensor([2.1108], device='cuda:0')
Epoch 14 Accuracy 85.8 | Loss: 0.455 | Aggregation time: 7.532
tensor([2.1096], device='cuda:0')
tensor([2.0586], device='cuda:0')
tensor([1.9815], device='cuda:0')
tensor([1.9221], device='cuda:0')
tensor([1.8114], device='cuda:0')
tensor([1.7599], device='cuda:0')
tensor([1.7451], device='cuda:0')
tensor([1.7134], device='cuda:0')
tensor([1.6661], device='cuda:0')
Epoch 15 Accuracy 89.7 | Loss: 0.4261 | Aggregation time: 8.095
tensor([1.6948], device='cuda:0')
tensor([1.7187], device='cuda:0')
tensor([1.7241], device='cuda:0')
tensor([1.6820], device='cuda:0')
tensor([1.6608], device='cuda:0')
tensor([1.7464], device='cuda:0')
tensor([1.7485], device='cuda:0')
tensor([1.7876], device='cuda:0')
tensor([1.8856], device='cuda:0')
Epoch 16 Accuracy 88.4 | Loss: 0.3852 | Aggregation time: 8.605
tensor([1.8122], device='cuda:0')
tensor([1.8443], device='cuda:0')
tensor([1.8576], device='cuda:0')
tensor([1.8170], device='cuda:0')
tensor([1.6779], device='cuda:0')
tensor([1.6489], device='cuda:0')
tensor([1.6503], device='cuda:0')
tensor([1.6364], device='cuda:0')
tensor([1.6436], device='cuda:0')
tensor([1.7039], device='cuda:0')
Epoch 17 Accuracy 84.5 | Loss: 0.4113 | Aggregation time: 9.241
tensor([1.7918], device='cuda:0')
tensor([2.0229], device='cuda:0')
tensor([2.0635], device='cuda:0')
tensor([2.0335], device='cuda:0')
tensor([1.9901], device='cuda:0')
tensor([1.9799], device='cuda:0')
tensor([1.9701], device='cuda:0')
tensor([1.9735], device='cuda:0')
tensor([1.9628], device='cuda:0')
Epoch 18 Accuracy 90.60000000000001 | Loss: 0.3384 | Aggregation time: 9.765
tensor([1.9612], device='cuda:0')
tensor([1.9000], device='cuda:0')
tensor([1.9049], device='cuda:0')
tensor([1.8448], device='cuda:0')
tensor([1.7771], device='cuda:0')
tensor([1.6603], device='cuda:0')
tensor([1.5107], device='cuda:0')
tensor([1.5356], device='cuda:0')
tensor([1.5961], device='cuda:0')
tensor([1.6370], device='cuda:0')
Epoch 19 Accuracy 90.9 | Loss: 0.3449 | Aggregation time: 10.357
tensor([1.6941], device='cuda:0')
tensor([1.7496], device='cuda:0')
tensor([1.7809], device='cuda:0')
tensor([1.8067], device='cuda:0')
tensor([1.8654], device='cuda:0')
tensor([1.8285], device='cuda:0')
tensor([1.6887], device='cuda:0')
tensor([1.7509], device='cuda:0')
tensor([1.7941], device='cuda:0')
Epoch 20 Accuracy 90.10000000000001 | Loss: 0.2683 | Aggregation time: 10.904
