C:\Users\user\Desktop\IoT\FLTG-implementation\FL-Byzantine-Library\client.py:43: UserWarning: To copy construct from a tensor, it is recommended to use sourceTensor.clone().detach() or sourceTensor.clone().detach().requires_grad_(True), rather than torch.tensor(sourceTensor).
  self.momentum = torch.tensor(torch.zeros_like(flat_model, device=self.device))
number of parameters  0.431 M
tensor([1.7406], device='cuda:0')
tensor([1.6641], device='cuda:0')
tensor([1.7083], device='cuda:0')
tensor([1.7027], device='cuda:0')
tensor([1.6224], device='cuda:0')
tensor([1.5726], device='cuda:0')
tensor([1.5836], device='cuda:0')
tensor([1.6760], device='cuda:0')
tensor([1.7294], device='cuda:0')
tensor([1.7700], device='cuda:0')
Epoch 1 Accuracy 11.799999999999999 | Loss: 3.5828 | Aggregation time: 0.496
tensor([1.7909], device='cuda:0')
tensor([1.8075], device='cuda:0')
tensor([1.8252], device='cuda:0')
tensor([1.8447], device='cuda:0')
tensor([1.8756], device='cuda:0')
tensor([1.9423], device='cuda:0')
tensor([2.0276], device='cuda:0')
tensor([2.0519], device='cuda:0')
tensor([2.0645], device='cuda:0')
Epoch 2 Accuracy 21.099999999999998 | Loss: 2.7291 | Aggregation time: 0.773
tensor([2.0709], device='cuda:0')
tensor([2.0831], device='cuda:0')
tensor([2.0915], device='cuda:0')
tensor([2.1084], device='cuda:0')
tensor([2.1230], device='cuda:0')
tensor([2.1153], device='cuda:0')
tensor([2.0732], device='cuda:0')
tensor([2.0238], device='cuda:0')
tensor([1.9830], device='cuda:0')
tensor([1.8710], device='cuda:0')
Epoch 3 Accuracy 28.1 | Loss: 2.1668 | Aggregation time: 1.404
tensor([1.7474], device='cuda:0')
tensor([1.6350], device='cuda:0')
tensor([1.5220], device='cuda:0')
tensor([1.4333], device='cuda:0')
tensor([1.4784], device='cuda:0')
tensor([1.4869], device='cuda:0')
tensor([1.4769], device='cuda:0')
tensor([1.4842], device='cuda:0')
tensor([1.5306], device='cuda:0')
Epoch 4 Accuracy 31.900000000000002 | Loss: 2.3732 | Aggregation time: 1.91
tensor([1.5902], device='cuda:0')
tensor([1.6267], device='cuda:0')
tensor([1.6273], device='cuda:0')
tensor([1.6245], device='cuda:0')
tensor([1.6146], device='cuda:0')
tensor([1.6042], device='cuda:0')
tensor([1.5902], device='cuda:0')
tensor([1.5539], device='cuda:0')
tensor([1.5169], device='cuda:0')
Epoch 5 Accuracy 30.599999999999998 | Loss: 2.0726 | Aggregation time: 2.385
tensor([1.4676], device='cuda:0')
tensor([1.4674], device='cuda:0')
tensor([1.5047], device='cuda:0')
tensor([1.5244], device='cuda:0')
tensor([1.5679], device='cuda:0')
tensor([1.5986], device='cuda:0')
tensor([1.6263], device='cuda:0')
tensor([1.6474], device='cuda:0')
tensor([1.6735], device='cuda:0')
tensor([1.6515], device='cuda:0')
Epoch 6 Accuracy 25.1 | Loss: 2.167 | Aggregation time: 3.088
tensor([1.6837], device='cuda:0')
tensor([1.7049], device='cuda:0')
tensor([1.6545], device='cuda:0')
tensor([1.6718], device='cuda:0')
tensor([1.6639], device='cuda:0')
tensor([1.6435], device='cuda:0')
tensor([1.5966], device='cuda:0')
tensor([1.5487], device='cuda:0')
tensor([1.5085], device='cuda:0')
Epoch 7 Accuracy 44.4 | Loss: 2.5777 | Aggregation time: 3.652
tensor([1.4666], device='cuda:0')
tensor([1.4191], device='cuda:0')
tensor([1.3162], device='cuda:0')
tensor([1.3130], device='cuda:0')
tensor([1.3450], device='cuda:0')
tensor([1.3426], device='cuda:0')
tensor([1.3469], device='cuda:0')
tensor([1.3466], device='cuda:0')
tensor([1.3559], device='cuda:0')
tensor([1.3780], device='cuda:0')
Epoch 8 Accuracy 45.6 | Loss: 1.572 | Aggregation time: 4.189
tensor([1.3903], device='cuda:0')
tensor([1.4094], device='cuda:0')
tensor([1.4139], device='cuda:0')
tensor([1.4009], device='cuda:0')
tensor([1.4185], device='cuda:0')
tensor([1.4228], device='cuda:0')
tensor([1.4667], device='cuda:0')
tensor([1.5807], device='cuda:0')
tensor([1.7067], device='cuda:0')
Epoch 9 Accuracy 67.2 | Loss: 1.3502 | Aggregation time: 4.877
tensor([1.8701], device='cuda:0')
tensor([2.0030], device='cuda:0')
tensor([1.7672], device='cuda:0')
tensor([1.7352], device='cuda:0')
tensor([1.8196], device='cuda:0')
tensor([1.7659], device='cuda:0')
tensor([1.7609], device='cuda:0')
tensor([1.7739], device='cuda:0')
tensor([1.7863], device='cuda:0')
Epoch 10 Accuracy 50.0 | Loss: 2.5774 | Aggregation time: 5.267
tensor([1.8018], device='cuda:0')
tensor([1.8192], device='cuda:0')
tensor([1.8285], device='cuda:0')
tensor([1.8251], device='cuda:0')
tensor([1.8226], device='cuda:0')
tensor([1.8240], device='cuda:0')
tensor([1.7993], device='cuda:0')
tensor([1.7550], device='cuda:0')
tensor([1.7053], device='cuda:0')
tensor([1.6360], device='cuda:0')
Epoch 11 Accuracy 40.2 | Loss: 1.6915 | Aggregation time: 5.796
tensor([1.5659], device='cuda:0')
tensor([1.4854], device='cuda:0')
tensor([1.4215], device='cuda:0')
tensor([1.4005], device='cuda:0')
tensor([1.3573], device='cuda:0')
tensor([1.3227], device='cuda:0')
tensor([1.2846], device='cuda:0')
tensor([1.2593], device='cuda:0')
tensor([1.2388], device='cuda:0')
Epoch 12 Accuracy 60.8 | Loss: 2.0389 | Aggregation time: 6.265
tensor([1.2316], device='cuda:0')
tensor([1.2149], device='cuda:0')
tensor([1.1952], device='cuda:0')
tensor([1.1683], device='cuda:0')
tensor([1.1687], device='cuda:0')
tensor([1.1816], device='cuda:0')
tensor([1.1785], device='cuda:0')
tensor([1.2109], device='cuda:0')
tensor([1.2667], device='cuda:0')
Epoch 13 Accuracy 68.5 | Loss: 1.5973 | Aggregation time: 7.014
tensor([1.2926], device='cuda:0')
tensor([1.2976], device='cuda:0')
tensor([1.3237], device='cuda:0')
tensor([1.3579], device='cuda:0')
tensor([1.3793], device='cuda:0')
tensor([1.4232], device='cuda:0')
tensor([1.4545], device='cuda:0')
tensor([1.5233], device='cuda:0')
tensor([1.5815], device='cuda:0')
tensor([1.6712], device='cuda:0')
Epoch 14 Accuracy 25.900000000000002 | Loss: 1.4838 | Aggregation time: 7.437
tensor([1.7266], device='cuda:0')
tensor([1.7982], device='cuda:0')
tensor([1.6987], device='cuda:0')
tensor([1.5379], device='cuda:0')
tensor([1.4408], device='cuda:0')
tensor([1.3914], device='cuda:0')
tensor([1.3630], device='cuda:0')
tensor([1.3650], device='cuda:0')
tensor([1.4402], device='cuda:0')
Epoch 15 Accuracy 73.0 | Loss: 1.5119 | Aggregation time: 8.195
tensor([1.5755], device='cuda:0')
tensor([1.6667], device='cuda:0')
tensor([1.7146], device='cuda:0')
tensor([1.7321], device='cuda:0')
tensor([1.7326], device='cuda:0')
tensor([1.7631], device='cuda:0')
tensor([1.7476], device='cuda:0')
tensor([1.7447], device='cuda:0')
tensor([1.8192], device='cuda:0')
Epoch 16 Accuracy 72.8 | Loss: 0.8926 | Aggregation time: 8.578
tensor([1.8552], device='cuda:0')
tensor([1.8525], device='cuda:0')
tensor([1.8662], device='cuda:0')
tensor([1.8384], device='cuda:0')
tensor([1.8181], device='cuda:0')
tensor([1.8062], device='cuda:0')
tensor([1.7359], device='cuda:0')
tensor([1.7042], device='cuda:0')
tensor([1.6562], device='cuda:0')
tensor([1.6579], device='cuda:0')
Epoch 17 Accuracy 74.4 | Loss: 0.876 | Aggregation time: 8.951
tensor([1.7056], device='cuda:0')
tensor([1.7823], device='cuda:0')
tensor([1.8262], device='cuda:0')
tensor([1.8631], device='cuda:0')
tensor([1.8666], device='cuda:0')
tensor([1.8595], device='cuda:0')
tensor([1.8528], device='cuda:0')
tensor([1.8685], device='cuda:0')
tensor([1.9592], device='cuda:0')
Epoch 18 Accuracy 70.6 | Loss: 0.787 | Aggregation time: 9.328
tensor([2.0112], device='cuda:0')
tensor([2.0613], device='cuda:0')
tensor([2.0975], device='cuda:0')
tensor([2.1361], device='cuda:0')
tensor([2.1143], device='cuda:0')
tensor([2.1280], device='cuda:0')
tensor([2.0992], device='cuda:0')
tensor([2.0367], device='cuda:0')
tensor([1.9973], device='cuda:0')
tensor([1.9617], device='cuda:0')
Epoch 19 Accuracy 83.3 | Loss: 0.6603 | Aggregation time: 9.708
tensor([1.9557], device='cuda:0')
tensor([1.9445], device='cuda:0')
tensor([1.9181], device='cuda:0')
tensor([1.8897], device='cuda:0')
tensor([1.8674], device='cuda:0')
tensor([1.8431], device='cuda:0')
tensor([1.8500], device='cuda:0')
tensor([1.8133], device='cuda:0')
tensor([1.8119], device='cuda:0')
Epoch 20 Accuracy 76.6 | Loss: 0.6062 | Aggregation time: 10.089
