C:\Users\user\Desktop\IoT\FLTG-implementation\FL-Byzantine-Library\client.py:43: UserWarning: To copy construct from a tensor, it is recommended to use sourceTensor.clone().detach() or sourceTensor.clone().detach().requires_grad_(True), rather than torch.tensor(sourceTensor).
  self.momentum = torch.tensor(torch.zeros_like(flat_model, device=self.device))
number of parameters  0.431 M
tensor([1.7950], device='cuda:0')
tensor([2.0004], device='cuda:0')
tensor([1.9524], device='cuda:0')
tensor([2.0764], device='cuda:0')
tensor([2.0738], device='cuda:0')
tensor([2.0417], device='cuda:0')
tensor([2.0703], device='cuda:0')
tensor([2.0373], device='cuda:0')
tensor([2.0189], device='cuda:0')
tensor([1.9785], device='cuda:0')
Epoch 1 Accuracy 15.4 | Loss: 2.2794 | Aggregation time: 0.658
tensor([1.8843], device='cuda:0')
tensor([1.9104], device='cuda:0')
tensor([1.9388], device='cuda:0')
tensor([1.9275], device='cuda:0')
tensor([1.9199], device='cuda:0')
tensor([1.9364], device='cuda:0')
tensor([1.9646], device='cuda:0')
tensor([1.9714], device='cuda:0')
tensor([1.9632], device='cuda:0')
Epoch 2 Accuracy 23.3 | Loss: 2.1993 | Aggregation time: 1.293
tensor([1.9881], device='cuda:0')
tensor([1.9861], device='cuda:0')
tensor([1.9922], device='cuda:0')
tensor([1.9918], device='cuda:0')
tensor([2.0095], device='cuda:0')
tensor([2.0027], device='cuda:0')
tensor([1.9908], device='cuda:0')
tensor([1.9784], device='cuda:0')
tensor([1.9717], device='cuda:0')
tensor([1.9416], device='cuda:0')
Epoch 3 Accuracy 52.2 | Loss: 2.0849 | Aggregation time: 1.932
tensor([1.9581], device='cuda:0')
tensor([1.9400], device='cuda:0')
tensor([1.9569], device='cuda:0')
tensor([1.9943], device='cuda:0')
tensor([1.9827], device='cuda:0')
tensor([1.9611], device='cuda:0')
tensor([1.9520], device='cuda:0')
tensor([1.9492], device='cuda:0')
tensor([1.9119], device='cuda:0')
Epoch 4 Accuracy 58.599999999999994 | Loss: 1.8872 | Aggregation time: 2.496
tensor([1.9433], device='cuda:0')
tensor([1.9273], device='cuda:0')
tensor([1.9226], device='cuda:0')
tensor([1.9535], device='cuda:0')
tensor([1.9476], device='cuda:0')
tensor([1.9045], device='cuda:0')
tensor([1.9469], device='cuda:0')
tensor([1.9948], device='cuda:0')
tensor([1.9819], device='cuda:0')
Epoch 5 Accuracy 52.7 | Loss: 1.611 | Aggregation time: 3.08
tensor([1.9780], device='cuda:0')
tensor([2.0155], device='cuda:0')
tensor([1.9930], device='cuda:0')
tensor([2.0026], device='cuda:0')
tensor([2.0358], device='cuda:0')
tensor([2.0281], device='cuda:0')
tensor([1.9964], device='cuda:0')
tensor([2.0329], device='cuda:0')
tensor([2.0564], device='cuda:0')
tensor([2.0966], device='cuda:0')
Epoch 6 Accuracy 69.39999999999999 | Loss: 1.307 | Aggregation time: 3.757
tensor([2.0670], device='cuda:0')
tensor([1.9910], device='cuda:0')
tensor([2.0239], device='cuda:0')
tensor([2.0464], device='cuda:0')
tensor([2.0366], device='cuda:0')
tensor([2.1123], device='cuda:0')
tensor([2.0666], device='cuda:0')
tensor([2.1099], device='cuda:0')
tensor([2.1908], device='cuda:0')
Epoch 7 Accuracy 69.6 | Loss: 1.0608 | Aggregation time: 4.418
tensor([2.1352], device='cuda:0')
tensor([2.1288], device='cuda:0')
tensor([2.1492], device='cuda:0')
tensor([2.1133], device='cuda:0')
tensor([2.1034], device='cuda:0')
tensor([2.0942], device='cuda:0')
tensor([2.1242], device='cuda:0')
tensor([2.1511], device='cuda:0')
tensor([2.1114], device='cuda:0')
tensor([2.0926], device='cuda:0')
Epoch 8 Accuracy 74.4 | Loss: 0.9494 | Aggregation time: 5.038
tensor([2.1494], device='cuda:0')
tensor([2.1616], device='cuda:0')
tensor([2.1734], device='cuda:0')
tensor([2.2048], device='cuda:0')
tensor([2.2188], device='cuda:0')
tensor([2.2510], device='cuda:0')
tensor([2.3037], device='cuda:0')
tensor([2.3253], device='cuda:0')
tensor([2.3353], device='cuda:0')
Epoch 9 Accuracy 71.5 | Loss: 0.8288 | Aggregation time: 5.601
tensor([2.3164], device='cuda:0')
tensor([2.3466], device='cuda:0')
tensor([2.3592], device='cuda:0')
tensor([2.3576], device='cuda:0')
tensor([2.3452], device='cuda:0')
tensor([2.3435], device='cuda:0')
tensor([2.3023], device='cuda:0')
tensor([2.3775], device='cuda:0')
tensor([2.3830], device='cuda:0')
Epoch 10 Accuracy 77.4 | Loss: 0.8061 | Aggregation time: 6.201
tensor([2.4140], device='cuda:0')
tensor([2.3726], device='cuda:0')
tensor([2.3612], device='cuda:0')
tensor([2.3858], device='cuda:0')
tensor([2.4051], device='cuda:0')
tensor([2.4189], device='cuda:0')
tensor([2.4531], device='cuda:0')
tensor([2.4214], device='cuda:0')
tensor([2.3751], device='cuda:0')
tensor([2.3329], device='cuda:0')
Epoch 11 Accuracy 85.0 | Loss: 0.7758 | Aggregation time: 6.845
tensor([2.3737], device='cuda:0')
tensor([2.4240], device='cuda:0')
tensor([2.3905], device='cuda:0')
tensor([2.3281], device='cuda:0')
tensor([2.2613], device='cuda:0')
tensor([2.2628], device='cuda:0')
tensor([2.2454], device='cuda:0')
tensor([2.2412], device='cuda:0')
tensor([2.2116], device='cuda:0')
Epoch 12 Accuracy 85.0 | Loss: 0.6066 | Aggregation time: 7.426
tensor([2.1824], device='cuda:0')
tensor([2.1455], device='cuda:0')
tensor([2.1609], device='cuda:0')
tensor([2.1235], device='cuda:0')
tensor([2.1319], device='cuda:0')
tensor([2.1595], device='cuda:0')
tensor([2.2247], device='cuda:0')
tensor([2.2139], device='cuda:0')
tensor([2.1860], device='cuda:0')
Epoch 13 Accuracy 84.8 | Loss: 0.4984 | Aggregation time: 7.963
tensor([2.1618], device='cuda:0')
tensor([2.2006], device='cuda:0')
tensor([2.1645], device='cuda:0')
tensor([2.2032], device='cuda:0')
tensor([2.2039], device='cuda:0')
tensor([2.2703], device='cuda:0')
tensor([2.1888], device='cuda:0')
tensor([2.1756], device='cuda:0')
tensor([2.3774], device='cuda:0')
tensor([2.4209], device='cuda:0')
Epoch 14 Accuracy 81.10000000000001 | Loss: 0.4906 | Aggregation time: 8.565
tensor([2.5664], device='cuda:0')
tensor([2.5974], device='cuda:0')
tensor([2.5314], device='cuda:0')
tensor([2.5398], device='cuda:0')
tensor([2.5079], device='cuda:0')
tensor([2.4557], device='cuda:0')
tensor([2.4832], device='cuda:0')
tensor([2.4376], device='cuda:0')
tensor([2.5189], device='cuda:0')
Epoch 15 Accuracy 88.5 | Loss: 0.5328 | Aggregation time: 9.065
tensor([2.4624], device='cuda:0')
tensor([2.4590], device='cuda:0')
tensor([2.5025], device='cuda:0')
tensor([2.4833], device='cuda:0')
tensor([2.4869], device='cuda:0')
tensor([2.3804], device='cuda:0')
tensor([2.4427], device='cuda:0')
tensor([2.4874], device='cuda:0')
tensor([2.4354], device='cuda:0')
Epoch 16 Accuracy 81.69999999999999 | Loss: 0.425 | Aggregation time: 9.548
tensor([2.3639], device='cuda:0')
tensor([2.3714], device='cuda:0')
tensor([2.3228], device='cuda:0')
tensor([2.4003], device='cuda:0')
tensor([2.3454], device='cuda:0')
tensor([2.2876], device='cuda:0')
tensor([2.2850], device='cuda:0')
tensor([2.2372], device='cuda:0')
tensor([2.2843], device='cuda:0')
tensor([2.2710], device='cuda:0')
Epoch 17 Accuracy 89.0 | Loss: 0.4128 | Aggregation time: 10.134
tensor([2.2446], device='cuda:0')
tensor([2.3252], device='cuda:0')
tensor([2.3634], device='cuda:0')
tensor([2.3154], device='cuda:0')
tensor([2.2987], device='cuda:0')
tensor([2.2602], device='cuda:0')
tensor([2.2251], device='cuda:0')
tensor([2.2452], device='cuda:0')
tensor([2.2636], device='cuda:0')
Epoch 18 Accuracy 85.8 | Loss: 0.3761 | Aggregation time: 10.686
tensor([2.4087], device='cuda:0')
tensor([2.4450], device='cuda:0')
tensor([2.3532], device='cuda:0')
tensor([2.2922], device='cuda:0')
tensor([2.2912], device='cuda:0')
tensor([2.2992], device='cuda:0')
tensor([2.2818], device='cuda:0')
tensor([2.2791], device='cuda:0')
tensor([2.6043], device='cuda:0')
tensor([2.5949], device='cuda:0')
Epoch 19 Accuracy 87.3 | Loss: 0.4006 | Aggregation time: 11.29
tensor([2.5332], device='cuda:0')
tensor([2.4203], device='cuda:0')
tensor([2.3236], device='cuda:0')
tensor([2.3735], device='cuda:0')
tensor([2.3776], device='cuda:0')
tensor([2.3768], device='cuda:0')
tensor([2.3780], device='cuda:0')
tensor([2.4163], device='cuda:0')
tensor([2.3815], device='cuda:0')
Epoch 20 Accuracy 87.6 | Loss: 0.3782 | Aggregation time: 11.823
