C:\Users\user\Desktop\IoT\FLTG-implementation\FL-Byzantine-Library\client.py:43: UserWarning: To copy construct from a tensor, it is recommended to use sourceTensor.clone().detach() or sourceTensor.clone().detach().requires_grad_(True), rather than torch.tensor(sourceTensor).
  self.momentum = torch.tensor(torch.zeros_like(flat_model, device=self.device))
number of parameters  0.431 M
tensor([1.9614], device='cuda:0')
tensor([2.0020], device='cuda:0')
tensor([1.9890], device='cuda:0')
tensor([2.0366], device='cuda:0')
tensor([2.0160], device='cuda:0')
tensor([2.0289], device='cuda:0')
tensor([2.0294], device='cuda:0')
tensor([2.0040], device='cuda:0')
tensor([2.0180], device='cuda:0')
tensor([2.0242], device='cuda:0')
Epoch 1 Accuracy 18.099999999999998 | Loss: 2.2685 | Aggregation time: 0.702
tensor([2.0434], device='cuda:0')
tensor([2.0308], device='cuda:0')
tensor([2.0644], device='cuda:0')
tensor([2.0870], device='cuda:0')
tensor([2.0697], device='cuda:0')
tensor([2.0878], device='cuda:0')
tensor([2.0701], device='cuda:0')
tensor([2.0668], device='cuda:0')
tensor([2.0425], device='cuda:0')
Epoch 2 Accuracy 26.8 | Loss: 2.1867 | Aggregation time: 1.372
tensor([2.0665], device='cuda:0')
tensor([2.0841], device='cuda:0')
tensor([2.0590], device='cuda:0')
tensor([2.0412], device='cuda:0')
tensor([2.0697], device='cuda:0')
tensor([2.0570], device='cuda:0')
tensor([2.0737], device='cuda:0')
tensor([2.0615], device='cuda:0')
tensor([2.0444], device='cuda:0')
tensor([2.0693], device='cuda:0')
Epoch 3 Accuracy 49.5 | Loss: 2.0697 | Aggregation time: 2.094
tensor([2.0622], device='cuda:0')
tensor([2.0292], device='cuda:0')
tensor([2.0513], device='cuda:0')
tensor([2.0329], device='cuda:0')
tensor([2.0265], device='cuda:0')
tensor([2.0160], device='cuda:0')
tensor([2.0508], device='cuda:0')
tensor([2.0639], device='cuda:0')
tensor([2.0513], device='cuda:0')
Epoch 4 Accuracy 38.3 | Loss: 1.9012 | Aggregation time: 2.695
tensor([2.0189], device='cuda:0')
tensor([1.9903], device='cuda:0')
tensor([1.9668], device='cuda:0')
tensor([1.9286], device='cuda:0')
tensor([1.9179], device='cuda:0')
tensor([1.9153], device='cuda:0')
tensor([1.9006], device='cuda:0')
tensor([1.9196], device='cuda:0')
tensor([1.9528], device='cuda:0')
Epoch 5 Accuracy 50.2 | Loss: 1.6722 | Aggregation time: 3.263
tensor([1.9711], device='cuda:0')
tensor([1.9633], device='cuda:0')
tensor([1.9869], device='cuda:0')
tensor([1.9672], device='cuda:0')
tensor([1.9672], device='cuda:0')
tensor([1.9532], device='cuda:0')
tensor([1.9300], device='cuda:0')
tensor([1.9228], device='cuda:0')
tensor([1.8958], device='cuda:0')
tensor([1.9265], device='cuda:0')
Epoch 6 Accuracy 60.9 | Loss: 1.3579 | Aggregation time: 3.953
tensor([1.9884], device='cuda:0')
tensor([2.0542], device='cuda:0')
tensor([2.1273], device='cuda:0')
tensor([2.1550], device='cuda:0')
tensor([2.2043], device='cuda:0')
tensor([2.2291], device='cuda:0')
tensor([2.2412], device='cuda:0')
tensor([2.1677], device='cuda:0')
tensor([2.0605], device='cuda:0')
Epoch 7 Accuracy 61.8 | Loss: 1.216 | Aggregation time: 4.461
tensor([1.9383], device='cuda:0')
tensor([1.8052], device='cuda:0')
tensor([1.6957], device='cuda:0')
tensor([1.6385], device='cuda:0')
tensor([1.5958], device='cuda:0')
tensor([1.5587], device='cuda:0')
tensor([1.5296], device='cuda:0')
tensor([1.5263], device='cuda:0')
tensor([1.5315], device='cuda:0')
tensor([1.5697], device='cuda:0')
Epoch 8 Accuracy 73.5 | Loss: 1.1696 | Aggregation time: 5.109
tensor([1.6354], device='cuda:0')
tensor([1.6798], device='cuda:0')
tensor([1.7276], device='cuda:0')
tensor([1.7791], device='cuda:0')
tensor([1.7960], device='cuda:0')
tensor([1.8287], device='cuda:0')
tensor([1.9628], device='cuda:0')
tensor([2.0585], device='cuda:0')
tensor([2.2010], device='cuda:0')
Epoch 9 Accuracy 72.8 | Loss: 0.7292 | Aggregation time: 5.696
tensor([2.3388], device='cuda:0')
tensor([2.4036], device='cuda:0')
tensor([2.3372], device='cuda:0')
tensor([2.3293], device='cuda:0')
tensor([2.3524], device='cuda:0')
tensor([2.3220], device='cuda:0')
tensor([2.3636], device='cuda:0')
tensor([2.3186], device='cuda:0')
tensor([2.3786], device='cuda:0')
Epoch 10 Accuracy 75.3 | Loss: 0.7017 | Aggregation time: 6.204
tensor([2.3181], device='cuda:0')
tensor([2.3597], device='cuda:0')
tensor([2.2985], device='cuda:0')
tensor([2.2615], device='cuda:0')
tensor([2.2841], device='cuda:0')
tensor([2.2896], device='cuda:0')
tensor([2.2837], device='cuda:0')
tensor([2.2840], device='cuda:0')
tensor([2.3325], device='cuda:0')
tensor([2.3768], device='cuda:0')
Epoch 11 Accuracy 62.9 | Loss: 0.8095 | Aggregation time: 6.633
tensor([2.3610], device='cuda:0')
tensor([2.3472], device='cuda:0')
tensor([2.3160], device='cuda:0')
tensor([2.2989], device='cuda:0')
tensor([2.2626], device='cuda:0')
tensor([2.2468], device='cuda:0')
tensor([2.2450], device='cuda:0')
tensor([2.2400], device='cuda:0')
tensor([2.2282], device='cuda:0')
Epoch 12 Accuracy 80.10000000000001 | Loss: 0.6582 | Aggregation time: 7.16
tensor([2.2579], device='cuda:0')
tensor([2.3269], device='cuda:0')
tensor([2.3707], device='cuda:0')
tensor([2.5062], device='cuda:0')
tensor([2.5994], device='cuda:0')
tensor([2.6012], device='cuda:0')
tensor([2.5540], device='cuda:0')
tensor([2.5808], device='cuda:0')
tensor([2.4155], device='cuda:0')
Epoch 13 Accuracy 81.8 | Loss: 0.5034 | Aggregation time: 7.71
tensor([2.3061], device='cuda:0')
tensor([2.4651], device='cuda:0')
tensor([2.4035], device='cuda:0')
tensor([2.5104], device='cuda:0')
tensor([2.6065], device='cuda:0')
tensor([2.6061], device='cuda:0')
tensor([2.6840], device='cuda:0')
tensor([2.6910], device='cuda:0')
tensor([2.5704], device='cuda:0')
tensor([2.4821], device='cuda:0')
Epoch 14 Accuracy 82.5 | Loss: 0.48 | Aggregation time: 8.232
tensor([2.3044], device='cuda:0')
tensor([2.3216], device='cuda:0')
tensor([2.4432], device='cuda:0')
tensor([2.4839], device='cuda:0')
tensor([2.4741], device='cuda:0')
tensor([2.4195], device='cuda:0')
tensor([2.3680], device='cuda:0')
tensor([2.3809], device='cuda:0')
tensor([2.3731], device='cuda:0')
Epoch 15 Accuracy 82.39999999999999 | Loss: 0.4692 | Aggregation time: 8.692
tensor([2.4644], device='cuda:0')
tensor([2.3855], device='cuda:0')
tensor([2.2817], device='cuda:0')
tensor([2.2034], device='cuda:0')
tensor([2.1569], device='cuda:0')
tensor([2.0809], device='cuda:0')
tensor([2.0560], device='cuda:0')
tensor([2.0553], device='cuda:0')
tensor([2.0275], device='cuda:0')
Epoch 16 Accuracy 87.8 | Loss: 0.4343 | Aggregation time: 9.123
tensor([2.0823], device='cuda:0')
tensor([2.2211], device='cuda:0')
tensor([2.3827], device='cuda:0')
tensor([2.4216], device='cuda:0')
tensor([2.3422], device='cuda:0')
tensor([2.2759], device='cuda:0')
tensor([2.2691], device='cuda:0')
tensor([2.2388], device='cuda:0')
tensor([2.3334], device='cuda:0')
tensor([2.3090], device='cuda:0')
Epoch 17 Accuracy 89.5 | Loss: 0.3338 | Aggregation time: 9.656
tensor([2.2647], device='cuda:0')
tensor([2.1849], device='cuda:0')
tensor([2.0657], device='cuda:0')
tensor([1.9879], device='cuda:0')
tensor([2.0493], device='cuda:0')
tensor([2.1497], device='cuda:0')
tensor([2.1775], device='cuda:0')
tensor([2.1702], device='cuda:0')
tensor([2.1485], device='cuda:0')
Epoch 18 Accuracy 87.9 | Loss: 0.3517 | Aggregation time: 10.048
tensor([2.2063], device='cuda:0')
tensor([2.2728], device='cuda:0')
tensor([2.2378], device='cuda:0')
tensor([2.3017], device='cuda:0')
tensor([2.3299], device='cuda:0')
tensor([2.2838], device='cuda:0')
tensor([2.2099], device='cuda:0')
tensor([2.2503], device='cuda:0')
tensor([2.3743], device='cuda:0')
tensor([2.2654], device='cuda:0')
Epoch 19 Accuracy 87.4 | Loss: 0.3365 | Aggregation time: 10.492
tensor([2.2154], device='cuda:0')
tensor([2.1632], device='cuda:0')
tensor([2.1542], device='cuda:0')
tensor([2.1623], device='cuda:0')
tensor([2.1102], device='cuda:0')
tensor([2.1154], device='cuda:0')
tensor([2.1289], device='cuda:0')
tensor([2.1976], device='cuda:0')
tensor([2.2102], device='cuda:0')
Epoch 20 Accuracy 91.4 | Loss: 0.2777 | Aggregation time: 10.906
