C:\Users\user\Desktop\IoT\FLTG-implementation\FL-Byzantine-Library\client.py:43: UserWarning: To copy construct from a tensor, it is recommended to use sourceTensor.clone().detach() or sourceTensor.clone().detach().requires_grad_(True), rather than torch.tensor(sourceTensor).
  self.momentum = torch.tensor(torch.zeros_like(flat_model, device=self.device))
number of parameters  0.431 M
tensor([1.7150], device='cuda:0')
tensor([1.6033], device='cuda:0')
tensor([1.5853], device='cuda:0')
tensor([1.6637], device='cuda:0')
tensor([1.6493], device='cuda:0')
tensor([1.6491], device='cuda:0')
tensor([1.6190], device='cuda:0')
tensor([1.6197], device='cuda:0')
tensor([1.6596], device='cuda:0')
tensor([1.6440], device='cuda:0')
Epoch 1 Accuracy 9.8 | Loss: 2.3886 | Aggregation time: 0.638
tensor([1.6775], device='cuda:0')
tensor([1.7003], device='cuda:0')
tensor([1.7358], device='cuda:0')
tensor([1.7360], device='cuda:0')
tensor([1.7612], device='cuda:0')
tensor([1.7652], device='cuda:0')
tensor([1.7722], device='cuda:0')
tensor([1.8275], device='cuda:0')
tensor([1.7984], device='cuda:0')
Epoch 2 Accuracy 28.7 | Loss: 2.1112 | Aggregation time: 1.186
tensor([1.8624], device='cuda:0')
tensor([1.9133], device='cuda:0')
tensor([1.9564], device='cuda:0')
tensor([1.9675], device='cuda:0')
tensor([1.9629], device='cuda:0')
tensor([1.9575], device='cuda:0')
tensor([1.9701], device='cuda:0')
tensor([1.8777], device='cuda:0')
tensor([1.8627], device='cuda:0')
tensor([1.9219], device='cuda:0')
Epoch 3 Accuracy 43.8 | Loss: 1.8341 | Aggregation time: 1.891
tensor([1.9110], device='cuda:0')
tensor([1.9088], device='cuda:0')
tensor([1.9678], device='cuda:0')
tensor([2.0084], device='cuda:0')
tensor([2.0346], device='cuda:0')
tensor([2.0403], device='cuda:0')
tensor([2.0247], device='cuda:0')
tensor([2.0135], device='cuda:0')
tensor([2.0551], device='cuda:0')
Epoch 4 Accuracy 56.599999999999994 | Loss: 1.3749 | Aggregation time: 2.429
tensor([2.0820], device='cuda:0')
tensor([2.1024], device='cuda:0')
tensor([2.0666], device='cuda:0')
tensor([2.0251], device='cuda:0')
tensor([2.0273], device='cuda:0')
tensor([2.0695], device='cuda:0')
tensor([2.0729], device='cuda:0')
tensor([2.1074], device='cuda:0')
tensor([2.1527], device='cuda:0')
Epoch 5 Accuracy 70.89999999999999 | Loss: 1.1422 | Aggregation time: 2.985
tensor([2.1428], device='cuda:0')
tensor([2.1222], device='cuda:0')
tensor([2.1452], device='cuda:0')
tensor([2.1691], device='cuda:0')
tensor([2.1539], device='cuda:0')
tensor([2.1184], device='cuda:0')
tensor([2.1162], device='cuda:0')
tensor([2.1133], device='cuda:0')
tensor([2.1613], device='cuda:0')
tensor([2.1096], device='cuda:0')
Epoch 6 Accuracy 70.8 | Loss: 0.8574 | Aggregation time: 3.609
tensor([1.9848], device='cuda:0')
tensor([1.9953], device='cuda:0')
tensor([2.0706], device='cuda:0')
tensor([2.1400], device='cuda:0')
tensor([2.1846], device='cuda:0')
tensor([2.1693], device='cuda:0')
tensor([2.1454], device='cuda:0')
tensor([2.0458], device='cuda:0')
tensor([2.0687], device='cuda:0')
Epoch 7 Accuracy 75.4 | Loss: 0.7682 | Aggregation time: 4.19
tensor([2.0887], device='cuda:0')
tensor([2.0817], device='cuda:0')
tensor([2.1273], device='cuda:0')
tensor([2.1798], device='cuda:0')
tensor([2.2513], device='cuda:0')
tensor([2.2616], device='cuda:0')
tensor([2.2032], device='cuda:0')
tensor([2.1769], device='cuda:0')
tensor([2.1391], device='cuda:0')
tensor([2.0889], device='cuda:0')
Epoch 8 Accuracy 81.2 | Loss: 0.675 | Aggregation time: 4.802
tensor([2.0596], device='cuda:0')
tensor([2.0700], device='cuda:0')
tensor([2.0632], device='cuda:0')
tensor([2.0618], device='cuda:0')
tensor([2.0219], device='cuda:0')
tensor([2.0218], device='cuda:0')
tensor([2.0812], device='cuda:0')
tensor([2.1628], device='cuda:0')
tensor([2.1570], device='cuda:0')
Epoch 9 Accuracy 85.1 | Loss: 0.551 | Aggregation time: 5.347
tensor([2.1365], device='cuda:0')
tensor([2.0589], device='cuda:0')
tensor([2.0381], device='cuda:0')
tensor([2.0004], device='cuda:0')
tensor([1.9788], device='cuda:0')
tensor([1.9284], device='cuda:0')
tensor([1.8403], device='cuda:0')
tensor([1.8952], device='cuda:0')
tensor([2.0240], device='cuda:0')
Epoch 10 Accuracy 78.4 | Loss: 0.5037 | Aggregation time: 5.904
tensor([2.0467], device='cuda:0')
tensor([2.0215], device='cuda:0')
tensor([1.9774], device='cuda:0')
tensor([2.1471], device='cuda:0')
tensor([2.1371], device='cuda:0')
tensor([2.1725], device='cuda:0')
tensor([2.1872], device='cuda:0')
tensor([2.2669], device='cuda:0')
tensor([2.2220], device='cuda:0')
tensor([2.1835], device='cuda:0')
Epoch 11 Accuracy 87.5 | Loss: 0.5013 | Aggregation time: 6.687
tensor([2.1828], device='cuda:0')
tensor([2.1385], device='cuda:0')
tensor([2.1570], device='cuda:0')
tensor([2.1744], device='cuda:0')
tensor([2.1684], device='cuda:0')
tensor([2.0974], device='cuda:0')
tensor([2.0158], device='cuda:0')
tensor([1.9478], device='cuda:0')
tensor([1.9061], device='cuda:0')
Epoch 12 Accuracy 85.6 | Loss: 0.4453 | Aggregation time: 7.337
tensor([1.9207], device='cuda:0')
tensor([2.1496], device='cuda:0')
tensor([2.1917], device='cuda:0')
tensor([2.1299], device='cuda:0')
tensor([1.9438], device='cuda:0')
tensor([1.9536], device='cuda:0')
tensor([2.0144], device='cuda:0')
tensor([2.1643], device='cuda:0')
tensor([2.1227], device='cuda:0')
Epoch 13 Accuracy 78.9 | Loss: 0.4846 | Aggregation time: 7.958
tensor([2.0962], device='cuda:0')
tensor([2.1031], device='cuda:0')
tensor([2.1490], device='cuda:0')
tensor([2.1283], device='cuda:0')
tensor([2.1387], device='cuda:0')
tensor([2.2099], device='cuda:0')
tensor([2.1439], device='cuda:0')
tensor([2.0977], device='cuda:0')
tensor([2.0796], device='cuda:0')
tensor([2.1612], device='cuda:0')
Epoch 14 Accuracy 87.5 | Loss: 0.4502 | Aggregation time: 8.583
tensor([2.1659], device='cuda:0')
tensor([2.1937], device='cuda:0')
tensor([2.1704], device='cuda:0')
tensor([2.1264], device='cuda:0')
tensor([1.9549], device='cuda:0')
tensor([1.9314], device='cuda:0')
tensor([1.9545], device='cuda:0')
tensor([1.9808], device='cuda:0')
tensor([2.0028], device='cuda:0')
Epoch 15 Accuracy 89.0 | Loss: 0.3695 | Aggregation time: 9.169
tensor([1.9779], device='cuda:0')
tensor([1.9722], device='cuda:0')
tensor([1.9735], device='cuda:0')
tensor([1.9408], device='cuda:0')
tensor([1.9460], device='cuda:0')
tensor([1.9904], device='cuda:0')
tensor([1.9766], device='cuda:0')
tensor([1.9691], device='cuda:0')
tensor([1.9877], device='cuda:0')
Epoch 16 Accuracy 90.0 | Loss: 0.3439 | Aggregation time: 9.81
tensor([2.0224], device='cuda:0')
tensor([1.9735], device='cuda:0')
tensor([1.9167], device='cuda:0')
tensor([1.9055], device='cuda:0')
tensor([1.9277], device='cuda:0')
tensor([1.8713], device='cuda:0')
tensor([1.8756], device='cuda:0')
tensor([1.9634], device='cuda:0')
tensor([1.9654], device='cuda:0')
tensor([1.9213], device='cuda:0')
Epoch 17 Accuracy 88.2 | Loss: 0.3335 | Aggregation time: 10.515
tensor([1.8531], device='cuda:0')
tensor([1.9356], device='cuda:0')
tensor([1.8765], device='cuda:0')
tensor([1.8623], device='cuda:0')
tensor([1.8698], device='cuda:0')
tensor([1.8985], device='cuda:0')
tensor([1.8900], device='cuda:0')
tensor([1.9003], device='cuda:0')
tensor([2.0000], device='cuda:0')
Epoch 18 Accuracy 91.60000000000001 | Loss: 0.3302 | Aggregation time: 11.139
tensor([1.9241], device='cuda:0')
tensor([1.9679], device='cuda:0')
tensor([1.8828], device='cuda:0')
tensor([1.9646], device='cuda:0')
tensor([2.0370], device='cuda:0')
tensor([2.0221], device='cuda:0')
tensor([1.9484], device='cuda:0')
tensor([1.9306], device='cuda:0')
tensor([1.8626], device='cuda:0')
tensor([1.8453], device='cuda:0')
Epoch 19 Accuracy 91.0 | Loss: 0.394 | Aggregation time: 11.8
tensor([1.8940], device='cuda:0')
tensor([1.8388], device='cuda:0')
tensor([1.8248], device='cuda:0')
tensor([1.8518], device='cuda:0')
tensor([1.9988], device='cuda:0')
tensor([2.1376], device='cuda:0')
tensor([2.1663], device='cuda:0')
tensor([2.0981], device='cuda:0')
tensor([1.9650], device='cuda:0')
Epoch 20 Accuracy 91.0 | Loss: 0.2655 | Aggregation time: 12.454
