C:\Users\user\Desktop\IoT\FLTG-implementation\FL-Byzantine-Library\client.py:43: UserWarning: To copy construct from a tensor, it is recommended to use sourceTensor.clone().detach() or sourceTensor.clone().detach().requires_grad_(True), rather than torch.tensor(sourceTensor).
  self.momentum = torch.tensor(torch.zeros_like(flat_model, device=self.device))
number of parameters  0.431 M
tensor([1.6761], device='cuda:0')
tensor([1.7737], device='cuda:0')
tensor([1.6808], device='cuda:0')
tensor([1.7509], device='cuda:0')
tensor([1.7502], device='cuda:0')
tensor([1.7155], device='cuda:0')
tensor([1.6071], device='cuda:0')
tensor([1.6873], device='cuda:0')
tensor([1.6907], device='cuda:0')
tensor([1.6726], device='cuda:0')
Epoch 1 Accuracy 9.8 | Loss: 2.2751 | Aggregation time: 0.656
tensor([1.6250], device='cuda:0')
tensor([1.5560], device='cuda:0')
tensor([1.5606], device='cuda:0')
tensor([1.5781], device='cuda:0')
tensor([1.5787], device='cuda:0')
tensor([1.5551], device='cuda:0')
tensor([1.5845], device='cuda:0')
tensor([1.6372], device='cuda:0')
tensor([1.6595], device='cuda:0')
Epoch 2 Accuracy 33.6 | Loss: 2.1995 | Aggregation time: 1.009
tensor([1.6588], device='cuda:0')
tensor([1.7100], device='cuda:0')
tensor([1.6763], device='cuda:0')
tensor([1.6638], device='cuda:0')
tensor([1.6365], device='cuda:0')
tensor([1.6509], device='cuda:0')
tensor([1.6620], device='cuda:0')
tensor([1.6551], device='cuda:0')
tensor([1.6641], device='cuda:0')
tensor([1.6793], device='cuda:0')
Epoch 3 Accuracy 47.9 | Loss: 1.9957 | Aggregation time: 1.518
tensor([1.7069], device='cuda:0')
tensor([1.7044], device='cuda:0')
tensor([1.7068], device='cuda:0')
tensor([1.7168], device='cuda:0')
tensor([1.7236], device='cuda:0')
tensor([1.7389], device='cuda:0')
tensor([1.7589], device='cuda:0')
tensor([1.7972], device='cuda:0')
tensor([1.7960], device='cuda:0')
Epoch 4 Accuracy 55.60000000000001 | Loss: 1.5739 | Aggregation time: 1.943
tensor([1.7649], device='cuda:0')
tensor([1.7777], device='cuda:0')
tensor([1.7384], device='cuda:0')
tensor([1.7014], device='cuda:0')
tensor([1.7196], device='cuda:0')
tensor([1.7488], device='cuda:0')
tensor([1.7638], device='cuda:0')
tensor([1.7372], device='cuda:0')
tensor([1.7258], device='cuda:0')
Epoch 5 Accuracy 60.5 | Loss: 1.2304 | Aggregation time: 2.365
tensor([1.7262], device='cuda:0')
tensor([1.6950], device='cuda:0')
tensor([1.7022], device='cuda:0')
tensor([1.7312], device='cuda:0')
tensor([1.7903], device='cuda:0')
tensor([1.8079], device='cuda:0')
tensor([1.8234], device='cuda:0')
tensor([1.8817], device='cuda:0')
tensor([1.8843], device='cuda:0')
tensor([1.9132], device='cuda:0')
Epoch 6 Accuracy 77.4 | Loss: 1.0468 | Aggregation time: 2.858
tensor([1.9377], device='cuda:0')
tensor([1.9555], device='cuda:0')
tensor([1.9048], device='cuda:0')
tensor([1.8778], device='cuda:0')
tensor([1.7950], device='cuda:0')
tensor([1.7848], device='cuda:0')
tensor([1.8255], device='cuda:0')
tensor([1.8134], device='cuda:0')
tensor([1.8655], device='cuda:0')
Epoch 7 Accuracy 80.30000000000001 | Loss: 0.8321 | Aggregation time: 3.264
tensor([1.8772], device='cuda:0')
tensor([1.8865], device='cuda:0')
tensor([1.8679], device='cuda:0')
tensor([1.8481], device='cuda:0')
tensor([1.7441], device='cuda:0')
tensor([1.6235], device='cuda:0')
tensor([1.6079], device='cuda:0')
tensor([1.7095], device='cuda:0')
tensor([1.7612], device='cuda:0')
tensor([1.8096], device='cuda:0')
Epoch 8 Accuracy 79.3 | Loss: 0.7187 | Aggregation time: 3.721
tensor([1.7945], device='cuda:0')
tensor([1.9144], device='cuda:0')
tensor([2.0129], device='cuda:0')
tensor([2.0513], device='cuda:0')
tensor([2.0067], device='cuda:0')
tensor([1.9571], device='cuda:0')
tensor([1.9627], device='cuda:0')
tensor([1.9609], device='cuda:0')
tensor([1.9457], device='cuda:0')
Epoch 9 Accuracy 71.2 | Loss: 0.6459 | Aggregation time: 4.141
tensor([2.0315], device='cuda:0')
tensor([2.0975], device='cuda:0')
tensor([2.1595], device='cuda:0')
tensor([2.1410], device='cuda:0')
tensor([2.1066], device='cuda:0')
tensor([2.0720], device='cuda:0')
tensor([2.0803], device='cuda:0')
tensor([2.0707], device='cuda:0')
tensor([2.1103], device='cuda:0')
Epoch 10 Accuracy 78.7 | Loss: 0.639 | Aggregation time: 4.543
tensor([2.1364], device='cuda:0')
tensor([2.1948], device='cuda:0')
tensor([2.1281], device='cuda:0')
tensor([2.0591], device='cuda:0')
tensor([2.0279], device='cuda:0')
tensor([2.0098], device='cuda:0')
tensor([1.9810], device='cuda:0')
tensor([2.0419], device='cuda:0')
tensor([2.1007], device='cuda:0')
tensor([2.1546], device='cuda:0')
Epoch 11 Accuracy 84.39999999999999 | Loss: 0.5508 | Aggregation time: 4.99
tensor([2.1705], device='cuda:0')
tensor([2.1636], device='cuda:0')
tensor([2.0266], device='cuda:0')
tensor([1.9545], device='cuda:0')
tensor([1.8730], device='cuda:0')
tensor([1.9209], device='cuda:0')
tensor([1.9632], device='cuda:0')
tensor([1.8765], device='cuda:0')
tensor([1.7768], device='cuda:0')
Epoch 12 Accuracy 83.5 | Loss: 0.4858 | Aggregation time: 5.37
tensor([1.8045], device='cuda:0')
tensor([1.8922], device='cuda:0')
tensor([1.9377], device='cuda:0')
tensor([2.0055], device='cuda:0')
tensor([1.9843], device='cuda:0')
tensor([1.9824], device='cuda:0')
tensor([2.0082], device='cuda:0')
tensor([1.9784], device='cuda:0')
tensor([1.8981], device='cuda:0')
Epoch 13 Accuracy 85.0 | Loss: 0.4336 | Aggregation time: 5.756
tensor([1.9086], device='cuda:0')
tensor([1.9238], device='cuda:0')
tensor([1.9513], device='cuda:0')
tensor([2.0213], device='cuda:0')
tensor([2.0668], device='cuda:0')
tensor([2.1295], device='cuda:0')
tensor([2.1334], device='cuda:0')
tensor([2.1195], device='cuda:0')
tensor([2.1324], device='cuda:0')
tensor([2.1165], device='cuda:0')
Epoch 14 Accuracy 85.3 | Loss: 0.4177 | Aggregation time: 6.201
tensor([2.1322], device='cuda:0')
tensor([2.1375], device='cuda:0')
tensor([2.1196], device='cuda:0')
tensor([2.0856], device='cuda:0')
tensor([1.9407], device='cuda:0')
tensor([1.9855], device='cuda:0')
tensor([1.9678], device='cuda:0')
tensor([2.0999], device='cuda:0')
tensor([2.1192], device='cuda:0')
Epoch 15 Accuracy 84.39999999999999 | Loss: 0.4588 | Aggregation time: 6.663
tensor([2.0941], device='cuda:0')
tensor([2.1132], device='cuda:0')
tensor([2.0741], device='cuda:0')
tensor([2.0350], device='cuda:0')
tensor([2.0037], device='cuda:0')
tensor([2.0006], device='cuda:0')
tensor([2.0629], device='cuda:0')
tensor([2.1113], device='cuda:0')
tensor([2.1189], device='cuda:0')
Epoch 16 Accuracy 90.4 | Loss: 0.3752 | Aggregation time: 7.149
tensor([2.1052], device='cuda:0')
tensor([2.0577], device='cuda:0')
tensor([2.0217], device='cuda:0')
tensor([2.0143], device='cuda:0')
tensor([2.0666], device='cuda:0')
tensor([2.1660], device='cuda:0')
tensor([2.2705], device='cuda:0')
tensor([2.2002], device='cuda:0')
tensor([2.0775], device='cuda:0')
tensor([2.0954], device='cuda:0')
Epoch 17 Accuracy 89.8 | Loss: 0.3216 | Aggregation time: 7.591
tensor([2.0657], device='cuda:0')
tensor([2.0249], device='cuda:0')
tensor([2.0850], device='cuda:0')
tensor([2.0799], device='cuda:0')
tensor([2.0877], device='cuda:0')
tensor([2.0889], device='cuda:0')
tensor([2.0468], device='cuda:0')
tensor([2.0631], device='cuda:0')
tensor([2.0479], device='cuda:0')
Epoch 18 Accuracy 89.5 | Loss: 0.3093 | Aggregation time: 7.976
tensor([2.0819], device='cuda:0')
tensor([2.1092], device='cuda:0')
tensor([2.1275], device='cuda:0')
tensor([2.0997], device='cuda:0')
tensor([2.0900], device='cuda:0')
tensor([2.0783], device='cuda:0')
tensor([2.1131], device='cuda:0')
tensor([2.1239], device='cuda:0')
tensor([2.1459], device='cuda:0')
tensor([2.1596], device='cuda:0')
Epoch 19 Accuracy 91.7 | Loss: 0.2946 | Aggregation time: 8.379
tensor([2.1345], device='cuda:0')
tensor([2.1179], device='cuda:0')
tensor([2.1411], device='cuda:0')
tensor([2.2157], device='cuda:0')
tensor([2.3223], device='cuda:0')
tensor([2.3288], device='cuda:0')
tensor([2.3495], device='cuda:0')
tensor([2.3275], device='cuda:0')
tensor([2.2852], device='cuda:0')
Epoch 20 Accuracy 92.60000000000001 | Loss: 0.2573 | Aggregation time: 8.737
