C:\Users\user\Desktop\IoT\FLTG-implementation\FL-Byzantine-Library\client.py:43: UserWarning: To copy construct from a tensor, it is recommended to use sourceTensor.clone().detach() or sourceTensor.clone().detach().requires_grad_(True), rather than torch.tensor(sourceTensor).
  self.momentum = torch.tensor(torch.zeros_like(flat_model, device=self.device))
number of parameters  0.431 M
tensor([1.7836], device='cuda:0')
tensor([1.7233], device='cuda:0')
tensor([1.8291], device='cuda:0')
tensor([1.7690], device='cuda:0')
tensor([1.8301], device='cuda:0')
tensor([1.8311], device='cuda:0')
tensor([1.8197], device='cuda:0')
tensor([1.7809], device='cuda:0')
tensor([1.6858], device='cuda:0')
tensor([1.7143], device='cuda:0')
Epoch 1 Accuracy 9.8 | Loss: 2.4851 | Aggregation time: 0.702
tensor([1.6984], device='cuda:0')
tensor([1.6923], device='cuda:0')
tensor([1.6865], device='cuda:0')
tensor([1.6805], device='cuda:0')
tensor([1.6862], device='cuda:0')
tensor([1.6980], device='cuda:0')
tensor([1.6884], device='cuda:0')
tensor([1.6812], device='cuda:0')
tensor([1.6781], device='cuda:0')
Epoch 2 Accuracy 9.8 | Loss: 2.1962 | Aggregation time: 1.324
tensor([1.6431], device='cuda:0')
tensor([1.6144], device='cuda:0')
tensor([1.5814], device='cuda:0')
tensor([1.5868], device='cuda:0')
tensor([1.5972], device='cuda:0')
tensor([1.6106], device='cuda:0')
tensor([1.6043], device='cuda:0')
tensor([1.6051], device='cuda:0')
tensor([1.6158], device='cuda:0')
tensor([1.6397], device='cuda:0')
Epoch 3 Accuracy 36.9 | Loss: 2.1453 | Aggregation time: 1.939
tensor([1.6708], device='cuda:0')
tensor([1.7119], device='cuda:0')
tensor([1.7508], device='cuda:0')
tensor([1.8009], device='cuda:0')
tensor([1.8040], device='cuda:0')
tensor([1.8111], device='cuda:0')
tensor([1.8040], device='cuda:0')
tensor([1.7846], device='cuda:0')
tensor([1.7879], device='cuda:0')
Epoch 4 Accuracy 58.9 | Loss: 1.732 | Aggregation time: 2.553
tensor([1.7921], device='cuda:0')
tensor([1.8435], device='cuda:0')
tensor([1.8581], device='cuda:0')
tensor([1.8555], device='cuda:0')
tensor([1.8712], device='cuda:0')
tensor([1.8661], device='cuda:0')
tensor([1.8621], device='cuda:0')
tensor([1.8445], device='cuda:0')
tensor([1.8682], device='cuda:0')
Epoch 5 Accuracy 54.0 | Loss: 1.4553 | Aggregation time: 3.19
tensor([1.9140], device='cuda:0')
tensor([1.9075], device='cuda:0')
tensor([1.9345], device='cuda:0')
tensor([1.9729], device='cuda:0')
tensor([1.9990], device='cuda:0')
tensor([2.0168], device='cuda:0')
tensor([2.0554], device='cuda:0')
tensor([2.0316], device='cuda:0')
tensor([2.0298], device='cuda:0')
tensor([2.0366], device='cuda:0')
Epoch 6 Accuracy 61.7 | Loss: 1.1913 | Aggregation time: 3.873
tensor([2.0349], device='cuda:0')
tensor([2.0523], device='cuda:0')
tensor([2.0414], device='cuda:0')
tensor([2.0733], device='cuda:0')
tensor([2.0902], device='cuda:0')
tensor([2.0794], device='cuda:0')
tensor([2.0707], device='cuda:0')
tensor([2.0570], device='cuda:0')
tensor([2.0389], device='cuda:0')
Epoch 7 Accuracy 67.2 | Loss: 1.0495 | Aggregation time: 4.527
tensor([1.9977], device='cuda:0')
tensor([2.0029], device='cuda:0')
tensor([2.0279], device='cuda:0')
tensor([2.0358], device='cuda:0')
tensor([2.0630], device='cuda:0')
tensor([2.0698], device='cuda:0')
tensor([2.0456], device='cuda:0')
tensor([2.0580], device='cuda:0')
tensor([2.0735], device='cuda:0')
tensor([2.0892], device='cuda:0')
Epoch 8 Accuracy 69.5 | Loss: 0.9762 | Aggregation time: 5.195
tensor([2.1128], device='cuda:0')
tensor([2.1378], device='cuda:0')
tensor([2.1626], device='cuda:0')
tensor([2.1721], device='cuda:0')
tensor([2.2155], device='cuda:0')
tensor([2.2382], device='cuda:0')
tensor([2.2110], device='cuda:0')
tensor([2.1667], device='cuda:0')
tensor([2.1456], device='cuda:0')
Epoch 9 Accuracy 73.4 | Loss: 0.8576 | Aggregation time: 5.74
tensor([2.1283], device='cuda:0')
tensor([2.1889], device='cuda:0')
tensor([2.2730], device='cuda:0')
tensor([2.3201], device='cuda:0')
tensor([2.2841], device='cuda:0')
tensor([2.2612], device='cuda:0')
tensor([2.2444], device='cuda:0')
tensor([2.2544], device='cuda:0')
tensor([2.2505], device='cuda:0')
Epoch 10 Accuracy 75.0 | Loss: 0.8399 | Aggregation time: 6.338
tensor([2.2223], device='cuda:0')
tensor([2.1841], device='cuda:0')
tensor([2.1470], device='cuda:0')
tensor([2.1549], device='cuda:0')
tensor([2.0938], device='cuda:0')
tensor([2.1233], device='cuda:0')
tensor([2.1038], device='cuda:0')
tensor([2.0910], device='cuda:0')
tensor([2.1108], device='cuda:0')
tensor([2.1120], device='cuda:0')
Epoch 11 Accuracy 79.80000000000001 | Loss: 0.6678 | Aggregation time: 7.015
tensor([2.0958], device='cuda:0')
tensor([2.0772], device='cuda:0')
tensor([2.1183], device='cuda:0')
tensor([2.0817], device='cuda:0')
tensor([2.0484], device='cuda:0')
tensor([2.0705], device='cuda:0')
tensor([2.0805], device='cuda:0')
tensor([2.1086], device='cuda:0')
tensor([2.1548], device='cuda:0')
Epoch 12 Accuracy 80.80000000000001 | Loss: 0.6174 | Aggregation time: 7.645
tensor([2.1852], device='cuda:0')
tensor([2.2286], device='cuda:0')
tensor([2.2170], device='cuda:0')
tensor([2.1981], device='cuda:0')
tensor([2.1723], device='cuda:0')
tensor([2.1783], device='cuda:0')
tensor([2.2026], device='cuda:0')
tensor([2.2084], device='cuda:0')
tensor([2.2416], device='cuda:0')
Epoch 13 Accuracy 82.0 | Loss: 0.558 | Aggregation time: 8.254
tensor([2.2346], device='cuda:0')
tensor([2.2701], device='cuda:0')
tensor([2.1960], device='cuda:0')
tensor([2.1983], device='cuda:0')
tensor([2.2341], device='cuda:0')
tensor([2.2230], device='cuda:0')
tensor([2.2332], device='cuda:0')
tensor([2.3317], device='cuda:0')
tensor([2.3635], device='cuda:0')
tensor([2.2995], device='cuda:0')
Epoch 14 Accuracy 85.6 | Loss: 0.5502 | Aggregation time: 8.829
tensor([2.2736], device='cuda:0')
tensor([2.2151], device='cuda:0')
tensor([2.2095], device='cuda:0')
tensor([2.2536], device='cuda:0')
tensor([2.3106], device='cuda:0')
tensor([2.3143], device='cuda:0')
tensor([2.3099], device='cuda:0')
tensor([2.2911], device='cuda:0')
tensor([2.2709], device='cuda:0')
Epoch 15 Accuracy 86.6 | Loss: 0.5099 | Aggregation time: 9.357
tensor([2.2802], device='cuda:0')
tensor([2.2522], device='cuda:0')
tensor([2.2182], device='cuda:0')
tensor([2.2112], device='cuda:0')
tensor([2.1827], device='cuda:0')
tensor([2.2058], device='cuda:0')
tensor([2.1362], device='cuda:0')
tensor([2.1893], device='cuda:0')
tensor([2.2596], device='cuda:0')
Epoch 16 Accuracy 86.9 | Loss: 0.4451 | Aggregation time: 10.07
tensor([2.3146], device='cuda:0')
tensor([2.3277], device='cuda:0')
tensor([2.3175], device='cuda:0')
tensor([2.2935], device='cuda:0')
tensor([2.1830], device='cuda:0')
tensor([2.1397], device='cuda:0')
tensor([2.1780], device='cuda:0')
tensor([2.2212], device='cuda:0')
tensor([2.1851], device='cuda:0')
tensor([2.1105], device='cuda:0')
Epoch 17 Accuracy 89.0 | Loss: 0.4306 | Aggregation time: 10.753
tensor([2.1475], device='cuda:0')
tensor([2.1524], device='cuda:0')
tensor([2.1979], device='cuda:0')
tensor([2.1991], device='cuda:0')
tensor([2.2167], device='cuda:0')
tensor([2.1902], device='cuda:0')
tensor([2.1955], device='cuda:0')
tensor([2.2133], device='cuda:0')
tensor([2.2097], device='cuda:0')
Epoch 18 Accuracy 88.1 | Loss: 0.4108 | Aggregation time: 11.32
tensor([2.1875], device='cuda:0')
tensor([2.1700], device='cuda:0')
tensor([2.2277], device='cuda:0')
tensor([2.2410], device='cuda:0')
tensor([2.0975], device='cuda:0')
tensor([2.0662], device='cuda:0')
tensor([2.1437], device='cuda:0')
tensor([2.1909], device='cuda:0')
tensor([2.2316], device='cuda:0')
tensor([2.3195], device='cuda:0')
Epoch 19 Accuracy 87.6 | Loss: 0.3848 | Aggregation time: 12.165
tensor([2.2966], device='cuda:0')
tensor([2.2018], device='cuda:0')
tensor([2.0864], device='cuda:0')
tensor([2.2224], device='cuda:0')
tensor([2.1713], device='cuda:0')
tensor([2.1728], device='cuda:0')
tensor([2.1305], device='cuda:0')
tensor([2.0979], device='cuda:0')
tensor([2.0659], device='cuda:0')
Epoch 20 Accuracy 90.3 | Loss: 0.4114 | Aggregation time: 12.809
