C:\Users\user\Desktop\IoT\FLTG-implementation\FL-Byzantine-Library\client.py:43: UserWarning: To copy construct from a tensor, it is recommended to use sourceTensor.clone().detach() or sourceTensor.clone().detach().requires_grad_(True), rather than torch.tensor(sourceTensor).
  self.momentum = torch.tensor(torch.zeros_like(flat_model, device=self.device))
number of parameters  0.431 M
tensor([1.8447], device='cuda:0')
tensor([1.6991], device='cuda:0')
tensor([1.6599], device='cuda:0')
tensor([1.7629], device='cuda:0')
tensor([1.7819], device='cuda:0')
tensor([1.7845], device='cuda:0')
tensor([1.8876], device='cuda:0')
tensor([1.9020], device='cuda:0')
tensor([1.8880], device='cuda:0')
tensor([1.8435], device='cuda:0')
Epoch 1 Accuracy 9.8 | Loss: 2.434 | Aggregation time: 0.642
tensor([1.8125], device='cuda:0')
tensor([1.8221], device='cuda:0')
tensor([1.8078], device='cuda:0')
tensor([1.8085], device='cuda:0')
tensor([1.7893], device='cuda:0')
tensor([1.7690], device='cuda:0')
tensor([1.7574], device='cuda:0')
tensor([1.7425], device='cuda:0')
tensor([1.7343], device='cuda:0')
Epoch 2 Accuracy 11.799999999999999 | Loss: 2.3376 | Aggregation time: 1.096
tensor([1.7030], device='cuda:0')
tensor([1.6558], device='cuda:0')
tensor([1.6442], device='cuda:0')
tensor([1.6506], device='cuda:0')
tensor([1.6536], device='cuda:0')
tensor([1.6593], device='cuda:0')
tensor([1.6725], device='cuda:0')
tensor([1.6916], device='cuda:0')
tensor([1.7310], device='cuda:0')
tensor([1.8248], device='cuda:0')
Epoch 3 Accuracy 13.200000000000001 | Loss: 2.2638 | Aggregation time: 1.494
tensor([1.9035], device='cuda:0')
tensor([1.9519], device='cuda:0')
tensor([1.9588], device='cuda:0')
tensor([1.9996], device='cuda:0')
tensor([2.0175], device='cuda:0')
tensor([2.0127], device='cuda:0')
tensor([1.9775], device='cuda:0')
tensor([1.9882], device='cuda:0')
tensor([1.9450], device='cuda:0')
Epoch 4 Accuracy 18.8 | Loss: 2.2221 | Aggregation time: 1.918
tensor([1.9031], device='cuda:0')
tensor([1.9100], device='cuda:0')
tensor([1.8823], device='cuda:0')
tensor([1.8008], device='cuda:0')
tensor([1.8296], device='cuda:0')
tensor([1.8299], device='cuda:0')
tensor([1.7792], device='cuda:0')
tensor([1.7658], device='cuda:0')
tensor([1.8044], device='cuda:0')
Epoch 5 Accuracy 49.9 | Loss: 2.0267 | Aggregation time: 2.549
tensor([1.9154], device='cuda:0')
tensor([1.9239], device='cuda:0')
tensor([1.9287], device='cuda:0')
tensor([1.9613], device='cuda:0')
tensor([1.9478], device='cuda:0')
tensor([1.8535], device='cuda:0')
tensor([1.8029], device='cuda:0')
tensor([1.7614], device='cuda:0')
tensor([1.7444], device='cuda:0')
tensor([1.7444], device='cuda:0')
Epoch 6 Accuracy 53.800000000000004 | Loss: 1.9904 | Aggregation time: 3.051
tensor([1.7541], device='cuda:0')
tensor([1.7669], device='cuda:0')
tensor([1.7832], device='cuda:0')
tensor([1.8001], device='cuda:0')
tensor([1.8050], device='cuda:0')
tensor([1.7205], device='cuda:0')
tensor([1.7055], device='cuda:0')
tensor([1.6655], device='cuda:0')
tensor([1.6160], device='cuda:0')
Epoch 7 Accuracy 54.1 | Loss: 1.7346 | Aggregation time: 3.666
tensor([1.5928], device='cuda:0')
tensor([1.7092], device='cuda:0')
tensor([1.7540], device='cuda:0')
tensor([1.8615], device='cuda:0')
tensor([1.9796], device='cuda:0')
tensor([1.9575], device='cuda:0')
tensor([1.8929], device='cuda:0')
tensor([1.8240], device='cuda:0')
tensor([1.7638], device='cuda:0')
tensor([1.6904], device='cuda:0')
Epoch 8 Accuracy 56.699999999999996 | Loss: 1.3718 | Aggregation time: 4.13
tensor([1.6309], device='cuda:0')
tensor([1.5794], device='cuda:0')
tensor([1.5232], device='cuda:0')
tensor([1.4949], device='cuda:0')
tensor([1.4817], device='cuda:0')
tensor([1.5232], device='cuda:0')
tensor([1.5729], device='cuda:0')
tensor([1.7158], device='cuda:0')
tensor([1.8391], device='cuda:0')
Epoch 9 Accuracy 73.6 | Loss: 1.173 | Aggregation time: 4.736
tensor([1.9837], device='cuda:0')
tensor([2.0937], device='cuda:0')
tensor([2.1442], device='cuda:0')
tensor([2.1298], device='cuda:0')
tensor([2.1663], device='cuda:0')
tensor([2.1741], device='cuda:0')
tensor([2.5130], device='cuda:0')
tensor([2.5731], device='cuda:0')
tensor([2.5011], device='cuda:0')
Epoch 10 Accuracy 82.69999999999999 | Loss: 0.6911 | Aggregation time: 5.261
tensor([2.4924], device='cuda:0')
tensor([2.5890], device='cuda:0')
tensor([2.6786], device='cuda:0')
tensor([2.7799], device='cuda:0')
tensor([2.7461], device='cuda:0')
tensor([2.6820], device='cuda:0')
tensor([2.6448], device='cuda:0')
tensor([2.5812], device='cuda:0')
tensor([2.6078], device='cuda:0')
tensor([2.6434], device='cuda:0')
Epoch 11 Accuracy 75.4 | Loss: 0.7682 | Aggregation time: 5.648
tensor([2.7134], device='cuda:0')
tensor([2.7456], device='cuda:0')
tensor([2.7811], device='cuda:0')
tensor([2.6729], device='cuda:0')
tensor([2.5366], device='cuda:0')
tensor([2.3989], device='cuda:0')
tensor([2.3035], device='cuda:0')
tensor([2.2312], device='cuda:0')
tensor([2.1441], device='cuda:0')
Epoch 12 Accuracy 78.7 | Loss: 0.8636 | Aggregation time: 6.073
tensor([2.0992], device='cuda:0')
tensor([2.0673], device='cuda:0')
tensor([2.0676], device='cuda:0')
tensor([2.1020], device='cuda:0')
tensor([2.1409], device='cuda:0')
tensor([2.1731], device='cuda:0')
tensor([2.2207], device='cuda:0')
tensor([2.3330], device='cuda:0')
tensor([2.5515], device='cuda:0')
Epoch 13 Accuracy 80.4 | Loss: 0.5302 | Aggregation time: 6.722
tensor([2.7888], device='cuda:0')
tensor([2.9130], device='cuda:0')
tensor([3.0824], device='cuda:0')
tensor([3.0235], device='cuda:0')
tensor([2.9486], device='cuda:0')
tensor([3.0128], device='cuda:0')
tensor([2.9058], device='cuda:0')
tensor([2.8185], device='cuda:0')
tensor([2.7606], device='cuda:0')
tensor([2.5734], device='cuda:0')
Epoch 14 Accuracy 82.3 | Loss: 0.5722 | Aggregation time: 7.219
tensor([2.4779], device='cuda:0')
tensor([2.4474], device='cuda:0')
tensor([2.4953], device='cuda:0')
tensor([2.6050], device='cuda:0')
tensor([2.7695], device='cuda:0')
tensor([3.0167], device='cuda:0')
tensor([3.1677], device='cuda:0')
tensor([3.2672], device='cuda:0')
tensor([3.1572], device='cuda:0')
Epoch 15 Accuracy 82.0 | Loss: 0.5474 | Aggregation time: 7.636
tensor([3.0392], device='cuda:0')
tensor([2.9475], device='cuda:0')
tensor([2.8699], device='cuda:0')
tensor([2.8133], device='cuda:0')
tensor([2.7712], device='cuda:0')
tensor([2.7190], device='cuda:0')
tensor([2.7028], device='cuda:0')
tensor([2.6970], device='cuda:0')
tensor([2.6888], device='cuda:0')
Epoch 16 Accuracy 90.10000000000001 | Loss: 0.4537 | Aggregation time: 8.197
tensor([2.7033], device='cuda:0')
tensor([2.7497], device='cuda:0')
tensor([2.7575], device='cuda:0')
tensor([2.6000], device='cuda:0')
tensor([2.4769], device='cuda:0')
tensor([2.3870], device='cuda:0')
tensor([2.2650], device='cuda:0')
tensor([2.1752], device='cuda:0')
tensor([2.1992], device='cuda:0')
tensor([2.2757], device='cuda:0')
Epoch 17 Accuracy 87.0 | Loss: 0.3927 | Aggregation time: 8.656
tensor([2.5909], device='cuda:0')
tensor([2.6643], device='cuda:0')
tensor([2.7612], device='cuda:0')
tensor([2.7216], device='cuda:0')
tensor([2.6109], device='cuda:0')
tensor([2.5645], device='cuda:0')
tensor([2.4532], device='cuda:0')
tensor([2.3536], device='cuda:0')
tensor([2.3901], device='cuda:0')
Epoch 18 Accuracy 88.7 | Loss: 0.3846 | Aggregation time: 9.07
tensor([2.4042], device='cuda:0')
tensor([2.3122], device='cuda:0')
tensor([2.3030], device='cuda:0')
tensor([2.2465], device='cuda:0')
tensor([2.2264], device='cuda:0')
tensor([2.1974], device='cuda:0')
tensor([2.1372], device='cuda:0')
tensor([2.0736], device='cuda:0')
tensor([2.0419], device='cuda:0')
tensor([2.0548], device='cuda:0')
Epoch 19 Accuracy 91.5 | Loss: 0.3753 | Aggregation time: 9.508
tensor([2.0512], device='cuda:0')
tensor([2.0634], device='cuda:0')
tensor([2.1047], device='cuda:0')
tensor([2.2895], device='cuda:0')
tensor([2.3387], device='cuda:0')
tensor([2.2802], device='cuda:0')
tensor([2.3226], device='cuda:0')
tensor([2.2450], device='cuda:0')
tensor([2.1996], device='cuda:0')
Epoch 20 Accuracy 92.5 | Loss: 0.3207 | Aggregation time: 9.852
