C:\Users\user\Desktop\IoT\FLTG-implementation\FL-Byzantine-Library\client.py:43: UserWarning: To copy construct from a tensor, it is recommended to use sourceTensor.clone().detach() or sourceTensor.clone().detach().requires_grad_(True), rather than torch.tensor(sourceTensor).
  self.momentum = torch.tensor(torch.zeros_like(flat_model, device=self.device))
Files already downloaded and verified
Files already downloaded and verified
number of parameters  0.697 M
tensor([1.4480], device='cuda:0')
tensor([1.4804], device='cuda:0')
tensor([1.4717], device='cuda:0')
tensor([1.5113], device='cuda:0')
tensor([1.5776], device='cuda:0')
tensor([1.6361], device='cuda:0')
tensor([1.6319], device='cuda:0')
tensor([1.5975], device='cuda:0')
tensor([1.5858], device='cuda:0')
tensor([1.5562], device='cuda:0')
Epoch 1 Accuracy 11.700000000000001 | Loss: 2.7354 | Aggregation time: 0.773
tensor([1.5203], device='cuda:0')
tensor([1.5464], device='cuda:0')
tensor([1.5174], device='cuda:0')
tensor([1.5157], device='cuda:0')
tensor([1.5017], device='cuda:0')
tensor([1.5135], device='cuda:0')
tensor([1.5262], device='cuda:0')
tensor([1.5312], device='cuda:0')
tensor([1.5519], device='cuda:0')
tensor([1.5600], device='cuda:0')
Epoch 2 Accuracy 18.6 | Loss: 2.8565 | Aggregation time: 1.519
tensor([1.5645], device='cuda:0')
tensor([1.6038], device='cuda:0')
tensor([1.5945], device='cuda:0')
tensor([1.5850], device='cuda:0')
tensor([1.5652], device='cuda:0')
tensor([1.5641], device='cuda:0')
tensor([1.5716], device='cuda:0')
tensor([1.5509], device='cuda:0')
tensor([1.5686], device='cuda:0')
tensor([1.5664], device='cuda:0')
Epoch 3 Accuracy 18.9 | Loss: 2.5225 | Aggregation time: 2.201
tensor([1.6207], device='cuda:0')
tensor([1.6012], device='cuda:0')
tensor([1.5905], device='cuda:0')
tensor([1.5876], device='cuda:0')
tensor([1.6077], device='cuda:0')
tensor([1.6252], device='cuda:0')
tensor([1.5931], device='cuda:0')
tensor([1.5960], device='cuda:0')
tensor([1.6076], device='cuda:0')
tensor([1.5747], device='cuda:0')
Epoch 4 Accuracy 18.4 | Loss: 2.4433 | Aggregation time: 2.894
tensor([1.5766], device='cuda:0')
tensor([1.5675], device='cuda:0')
tensor([1.5723], device='cuda:0')
tensor([1.5655], device='cuda:0')
tensor([1.5779], device='cuda:0')
tensor([1.5603], device='cuda:0')
tensor([1.5396], device='cuda:0')
tensor([1.5614], device='cuda:0')
tensor([1.5812], device='cuda:0')
Epoch 5 Accuracy 22.7 | Loss: 2.5115 | Aggregation time: 3.477
tensor([1.5969], device='cuda:0')
tensor([1.5731], device='cuda:0')
tensor([1.6003], device='cuda:0')
tensor([1.6071], device='cuda:0')
tensor([1.5981], device='cuda:0')
tensor([1.6148], device='cuda:0')
tensor([1.6202], device='cuda:0')
tensor([1.6031], device='cuda:0')
tensor([1.5810], device='cuda:0')
tensor([1.5820], device='cuda:0')
Epoch 6 Accuracy 17.9 | Loss: 2.3481 | Aggregation time: 4.128
tensor([1.5804], device='cuda:0')
tensor([1.5772], device='cuda:0')
tensor([1.6023], device='cuda:0')
tensor([1.6473], device='cuda:0')
tensor([1.6815], device='cuda:0')
tensor([1.6629], device='cuda:0')
tensor([1.6580], device='cuda:0')
tensor([1.6432], device='cuda:0')
tensor([1.6226], device='cuda:0')
tensor([1.5990], device='cuda:0')
Epoch 7 Accuracy 17.2 | Loss: 2.605 | Aggregation time: 4.81
tensor([1.6090], device='cuda:0')
tensor([1.5913], device='cuda:0')
tensor([1.5850], device='cuda:0')
tensor([1.6065], device='cuda:0')
tensor([1.6217], device='cuda:0')
tensor([1.6091], device='cuda:0')
tensor([1.6479], device='cuda:0')
tensor([1.6613], device='cuda:0')
tensor([1.6546], device='cuda:0')
tensor([1.6310], device='cuda:0')
Epoch 8 Accuracy 19.7 | Loss: 2.4944 | Aggregation time: 5.595
tensor([1.6190], device='cuda:0')
tensor([1.6483], device='cuda:0')
tensor([1.6687], device='cuda:0')
tensor([1.6747], device='cuda:0')
tensor([1.6553], device='cuda:0')
tensor([1.6705], device='cuda:0')
tensor([1.6575], device='cuda:0')
tensor([1.6410], device='cuda:0')
tensor([1.6243], device='cuda:0')
Epoch 9 Accuracy 22.7 | Loss: 2.4673 | Aggregation time: 6.258
tensor([1.6381], device='cuda:0')
tensor([1.6718], device='cuda:0')
tensor([1.6758], device='cuda:0')
tensor([1.6708], device='cuda:0')
tensor([1.6575], device='cuda:0')
tensor([1.6335], device='cuda:0')
tensor([1.6063], device='cuda:0')
tensor([1.5924], device='cuda:0')
tensor([1.5974], device='cuda:0')
tensor([1.5892], device='cuda:0')
Epoch 10 Accuracy 24.0 | Loss: 2.6147 | Aggregation time: 7.026
tensor([1.6026], device='cuda:0')
tensor([1.6359], device='cuda:0')
tensor([1.6382], device='cuda:0')
tensor([1.6148], device='cuda:0')
tensor([1.6297], device='cuda:0')
tensor([1.6272], device='cuda:0')
tensor([1.6184], device='cuda:0')
tensor([1.6117], device='cuda:0')
tensor([1.6340], device='cuda:0')
tensor([1.6232], device='cuda:0')
Epoch 11 Accuracy 21.2 | Loss: 2.3856 | Aggregation time: 7.826
tensor([1.6255], device='cuda:0')
tensor([1.6354], device='cuda:0')
tensor([1.6137], device='cuda:0')
tensor([1.5975], device='cuda:0')
tensor([1.5934], device='cuda:0')
tensor([1.6033], device='cuda:0')
tensor([1.6196], device='cuda:0')
tensor([1.6046], device='cuda:0')
tensor([1.6189], device='cuda:0')
tensor([1.6153], device='cuda:0')
Epoch 12 Accuracy 25.8 | Loss: 2.305 | Aggregation time: 8.643
tensor([1.6185], device='cuda:0')
tensor([1.6036], device='cuda:0')
tensor([1.5891], device='cuda:0')
tensor([1.6154], device='cuda:0')
tensor([1.6084], device='cuda:0')
tensor([1.6320], device='cuda:0')
tensor([1.6809], device='cuda:0')
tensor([1.6588], device='cuda:0')
tensor([1.6091], device='cuda:0')
Epoch 13 Accuracy 24.2 | Loss: 2.3054 | Aggregation time: 9.327
tensor([1.5915], device='cuda:0')
tensor([1.6034], device='cuda:0')
tensor([1.6144], device='cuda:0')
tensor([1.6316], device='cuda:0')
tensor([1.6183], device='cuda:0')
tensor([1.6366], device='cuda:0')
tensor([1.6627], device='cuda:0')
tensor([1.6620], device='cuda:0')
tensor([1.6813], device='cuda:0')
tensor([1.6732], device='cuda:0')
Epoch 14 Accuracy 21.9 | Loss: 2.352 | Aggregation time: 10.019
tensor([1.6649], device='cuda:0')
tensor([1.6709], device='cuda:0')
tensor([1.7211], device='cuda:0')
tensor([1.7386], device='cuda:0')
tensor([1.7232], device='cuda:0')
tensor([1.7348], device='cuda:0')
tensor([1.7164], device='cuda:0')
tensor([1.7163], device='cuda:0')
tensor([1.6871], device='cuda:0')
tensor([1.6983], device='cuda:0')
Epoch 15 Accuracy 23.200000000000003 | Loss: 2.3223 | Aggregation time: 10.746
tensor([1.7171], device='cuda:0')
tensor([1.7022], device='cuda:0')
tensor([1.6893], device='cuda:0')
tensor([1.6831], device='cuda:0')
tensor([1.6507], device='cuda:0')
tensor([1.6171], device='cuda:0')
tensor([1.5969], device='cuda:0')
tensor([1.5940], device='cuda:0')
tensor([1.5611], device='cuda:0')
tensor([1.5452], device='cuda:0')
Epoch 16 Accuracy 23.400000000000002 | Loss: 2.4689 | Aggregation time: 11.443
tensor([1.5560], device='cuda:0')
tensor([1.5509], device='cuda:0')
tensor([1.5621], device='cuda:0')
tensor([1.5985], device='cuda:0')
tensor([1.5827], device='cuda:0')
tensor([1.5988], device='cuda:0')
tensor([1.6042], device='cuda:0')
tensor([1.5864], device='cuda:0')
tensor([1.6290], device='cuda:0')
tensor([1.6574], device='cuda:0')
Epoch 17 Accuracy 22.2 | Loss: 2.503 | Aggregation time: 12.155
tensor([1.6985], device='cuda:0')
tensor([1.6594], device='cuda:0')
tensor([1.6698], device='cuda:0')
tensor([1.6437], device='cuda:0')
tensor([1.6471], device='cuda:0')
tensor([1.6442], device='cuda:0')
tensor([1.6610], device='cuda:0')
tensor([1.6706], device='cuda:0')
tensor([1.6376], device='cuda:0')
Epoch 18 Accuracy 22.8 | Loss: 2.3928 | Aggregation time: 12.799
tensor([1.6308], device='cuda:0')
tensor([1.6364], device='cuda:0')
tensor([1.5976], device='cuda:0')
tensor([1.6321], device='cuda:0')
tensor([1.6276], device='cuda:0')
tensor([1.5998], device='cuda:0')
tensor([1.5987], device='cuda:0')
tensor([1.5998], device='cuda:0')
tensor([1.5789], device='cuda:0')
tensor([1.5875], device='cuda:0')
Epoch 19 Accuracy 25.2 | Loss: 2.3961 | Aggregation time: 13.481
tensor([1.5408], device='cuda:0')
tensor([1.5325], device='cuda:0')
tensor([1.5402], device='cuda:0')
tensor([1.5170], device='cuda:0')
tensor([1.5286], device='cuda:0')
tensor([1.5191], device='cuda:0')
tensor([1.5334], device='cuda:0')
tensor([1.5442], device='cuda:0')
tensor([1.5729], device='cuda:0')
tensor([1.5862], device='cuda:0')
Epoch 20 Accuracy 24.7 | Loss: 2.2318 | Aggregation time: 14.209
tensor([1.5873], device='cuda:0')
tensor([1.6011], device='cuda:0')
tensor([1.6260], device='cuda:0')
tensor([1.6176], device='cuda:0')
tensor([1.6296], device='cuda:0')
tensor([1.6122], device='cuda:0')
tensor([1.6485], device='cuda:0')
tensor([1.7043], device='cuda:0')
tensor([1.6750], device='cuda:0')
tensor([1.6418], device='cuda:0')
Epoch 21 Accuracy 25.4 | Loss: 2.5518 | Aggregation time: 14.908
tensor([1.6645], device='cuda:0')
tensor([1.6723], device='cuda:0')
tensor([1.6456], device='cuda:0')
tensor([1.6237], device='cuda:0')
tensor([1.6135], device='cuda:0')
tensor([1.5964], device='cuda:0')
tensor([1.5942], device='cuda:0')
tensor([1.5989], device='cuda:0')
tensor([1.5907], device='cuda:0')
Epoch 22 Accuracy 22.0 | Loss: 2.3081 | Aggregation time: 15.57
tensor([1.5931], device='cuda:0')
tensor([1.5956], device='cuda:0')
tensor([1.6110], device='cuda:0')
tensor([1.6223], device='cuda:0')
tensor([1.6175], device='cuda:0')
tensor([1.6160], device='cuda:0')
tensor([1.6378], device='cuda:0')
tensor([1.6366], device='cuda:0')
tensor([1.6178], device='cuda:0')
tensor([1.6401], device='cuda:0')
Epoch 23 Accuracy 22.0 | Loss: 2.3706 | Aggregation time: 16.296
tensor([1.6539], device='cuda:0')
tensor([1.6524], device='cuda:0')
tensor([1.6499], device='cuda:0')
tensor([1.6474], device='cuda:0')
tensor([1.6451], device='cuda:0')
tensor([1.6783], device='cuda:0')
tensor([1.6496], device='cuda:0')
tensor([1.6453], device='cuda:0')
tensor([1.6478], device='cuda:0')
tensor([1.6509], device='cuda:0')
Epoch 24 Accuracy 25.5 | Loss: 2.4592 | Aggregation time: 17.143
tensor([1.6547], device='cuda:0')
tensor([1.6547], device='cuda:0')
tensor([1.6508], device='cuda:0')
tensor([1.6230], device='cuda:0')
tensor([1.6328], device='cuda:0')
tensor([1.6290], device='cuda:0')
tensor([1.6562], device='cuda:0')
tensor([1.6481], device='cuda:0')
tensor([1.6316], device='cuda:0')
tensor([1.6456], device='cuda:0')
Epoch 25 Accuracy 27.200000000000003 | Loss: 2.3086 | Aggregation time: 17.974
tensor([1.6425], device='cuda:0')
tensor([1.6485], device='cuda:0')
tensor([1.6559], device='cuda:0')
tensor([1.6406], device='cuda:0')
tensor([1.6523], device='cuda:0')
tensor([1.5890], device='cuda:0')
tensor([1.5834], device='cuda:0')
tensor([1.5821], device='cuda:0')
tensor([1.6090], device='cuda:0')
Epoch 26 Accuracy 25.7 | Loss: 2.257 | Aggregation time: 18.688
tensor([1.6177], device='cuda:0')
tensor([1.6207], device='cuda:0')
tensor([1.5967], device='cuda:0')
tensor([1.6241], device='cuda:0')
tensor([1.6042], device='cuda:0')
tensor([1.5584], device='cuda:0')
tensor([1.5768], device='cuda:0')
tensor([1.5773], device='cuda:0')
tensor([1.6029], device='cuda:0')
tensor([1.5729], device='cuda:0')
Epoch 27 Accuracy 26.700000000000003 | Loss: 2.3041 | Aggregation time: 19.358
tensor([1.5703], device='cuda:0')
tensor([1.5594], device='cuda:0')
tensor([1.5552], device='cuda:0')
tensor([1.5429], device='cuda:0')
tensor([1.5554], device='cuda:0')
tensor([1.5627], device='cuda:0')
tensor([1.5749], device='cuda:0')
tensor([1.6023], device='cuda:0')
tensor([1.5891], device='cuda:0')
tensor([1.6007], device='cuda:0')
Epoch 28 Accuracy 28.599999999999998 | Loss: 2.2679 | Aggregation time: 20.171
tensor([1.5879], device='cuda:0')
tensor([1.5936], device='cuda:0')
tensor([1.6109], device='cuda:0')
tensor([1.5895], device='cuda:0')
tensor([1.5769], device='cuda:0')
tensor([1.5799], device='cuda:0')
tensor([1.5843], device='cuda:0')
tensor([1.5582], device='cuda:0')
tensor([1.5442], device='cuda:0')
tensor([1.5753], device='cuda:0')
Epoch 29 Accuracy 30.7 | Loss: 2.3426 | Aggregation time: 20.95
tensor([1.5790], device='cuda:0')
tensor([1.5692], device='cuda:0')
tensor([1.5698], device='cuda:0')
tensor([1.5636], device='cuda:0')
tensor([1.5695], device='cuda:0')
tensor([1.6110], device='cuda:0')
tensor([1.6138], device='cuda:0')
tensor([1.5799], device='cuda:0')
tensor([1.5894], device='cuda:0')
Epoch 30 Accuracy 21.8 | Loss: 2.1741 | Aggregation time: 21.557
tensor([1.5986], device='cuda:0')
tensor([1.6041], device='cuda:0')
tensor([1.6083], device='cuda:0')
tensor([1.6079], device='cuda:0')
tensor([1.6083], device='cuda:0')
tensor([1.6032], device='cuda:0')
tensor([1.5985], device='cuda:0')
tensor([1.5809], device='cuda:0')
tensor([1.5720], device='cuda:0')
tensor([1.5614], device='cuda:0')
Epoch 31 Accuracy 27.1 | Loss: 2.2802 | Aggregation time: 22.235
tensor([1.5377], device='cuda:0')
tensor([1.5770], device='cuda:0')
tensor([1.5505], device='cuda:0')
tensor([1.5558], device='cuda:0')
tensor([1.5490], device='cuda:0')
tensor([1.5381], device='cuda:0')
tensor([1.5365], device='cuda:0')
tensor([1.5382], device='cuda:0')
tensor([1.5596], device='cuda:0')
tensor([1.5592], device='cuda:0')
Epoch 32 Accuracy 26.900000000000002 | Loss: 2.1875 | Aggregation time: 22.961
tensor([1.5871], device='cuda:0')
tensor([1.5750], device='cuda:0')
tensor([1.6008], device='cuda:0')
tensor([1.5955], device='cuda:0')
tensor([1.5634], device='cuda:0')
tensor([1.5244], device='cuda:0')
tensor([1.5376], device='cuda:0')
tensor([1.5212], device='cuda:0')
tensor([1.5388], device='cuda:0')
tensor([1.5645], device='cuda:0')
Epoch 33 Accuracy 29.599999999999998 | Loss: 2.2391 | Aggregation time: 23.743
tensor([1.5598], device='cuda:0')
tensor([1.5798], device='cuda:0')
tensor([1.5648], device='cuda:0')
tensor([1.5790], device='cuda:0')
tensor([1.5852], device='cuda:0')
tensor([1.5950], device='cuda:0')
tensor([1.5992], device='cuda:0')
tensor([1.5824], device='cuda:0')
tensor([1.5888], device='cuda:0')
tensor([1.6015], device='cuda:0')
Epoch 34 Accuracy 31.5 | Loss: 2.3493 | Aggregation time: 24.45
tensor([1.6388], device='cuda:0')
tensor([1.6492], device='cuda:0')
tensor([1.6276], device='cuda:0')
tensor([1.5639], device='cuda:0')
tensor([1.5618], device='cuda:0')
tensor([1.6069], device='cuda:0')
tensor([1.5861], device='cuda:0')
tensor([1.5488], device='cuda:0')
tensor([1.5686], device='cuda:0')
Epoch 35 Accuracy 28.999999999999996 | Loss: 2.1363 | Aggregation time: 25.178
tensor([1.5648], device='cuda:0')
tensor([1.5718], device='cuda:0')
tensor([1.5837], device='cuda:0')
tensor([1.5517], device='cuda:0')
tensor([1.5293], device='cuda:0')
tensor([1.5182], device='cuda:0')
tensor([1.4723], device='cuda:0')
tensor([1.4856], device='cuda:0')
tensor([1.5045], device='cuda:0')
tensor([1.5168], device='cuda:0')
Epoch 36 Accuracy 28.199999999999996 | Loss: 2.2513 | Aggregation time: 25.898
tensor([1.5300], device='cuda:0')
tensor([1.5278], device='cuda:0')
tensor([1.5541], device='cuda:0')
tensor([1.5740], device='cuda:0')
tensor([1.5870], device='cuda:0')
tensor([1.5531], device='cuda:0')
tensor([1.5118], device='cuda:0')
tensor([1.5034], device='cuda:0')
tensor([1.5041], device='cuda:0')
tensor([1.5204], device='cuda:0')
Epoch 37 Accuracy 28.7 | Loss: 2.2515 | Aggregation time: 26.602
tensor([1.5218], device='cuda:0')
tensor([1.5022], device='cuda:0')
tensor([1.4892], device='cuda:0')
tensor([1.5050], device='cuda:0')
tensor([1.4956], device='cuda:0')
tensor([1.5201], device='cuda:0')
tensor([1.5212], device='cuda:0')
tensor([1.5299], device='cuda:0')
tensor([1.5315], device='cuda:0')
tensor([1.5262], device='cuda:0')
Epoch 38 Accuracy 28.199999999999996 | Loss: 2.148 | Aggregation time: 27.314
tensor([1.5396], device='cuda:0')
tensor([1.5338], device='cuda:0')
tensor([1.5542], device='cuda:0')
tensor([1.5569], device='cuda:0')
tensor([1.5645], device='cuda:0')
tensor([1.5548], device='cuda:0')
tensor([1.5870], device='cuda:0')
tensor([1.6309], device='cuda:0')
tensor([1.6065], device='cuda:0')
Epoch 39 Accuracy 31.7 | Loss: 2.2694 | Aggregation time: 28.105
tensor([1.5872], device='cuda:0')
tensor([1.6113], device='cuda:0')
tensor([1.6227], device='cuda:0')
tensor([1.5995], device='cuda:0')
tensor([1.5746], device='cuda:0')
tensor([1.5848], device='cuda:0')
tensor([1.5525], device='cuda:0')
tensor([1.5662], device='cuda:0')
tensor([1.5726], device='cuda:0')
tensor([1.5822], device='cuda:0')
Epoch 40 Accuracy 28.199999999999996 | Loss: 2.3404 | Aggregation time: 28.838
tensor([1.5979], device='cuda:0')
tensor([1.5940], device='cuda:0')
tensor([1.5849], device='cuda:0')
tensor([1.6204], device='cuda:0')
tensor([1.5967], device='cuda:0')
tensor([1.5924], device='cuda:0')
tensor([1.6016], device='cuda:0')
tensor([1.5804], device='cuda:0')
tensor([1.5541], device='cuda:0')
tensor([1.5455], device='cuda:0')
Epoch 41 Accuracy 27.800000000000004 | Loss: 2.3332 | Aggregation time: 29.623
tensor([1.5089], device='cuda:0')
tensor([1.4713], device='cuda:0')
tensor([1.4695], device='cuda:0')
tensor([1.4983], device='cuda:0')
tensor([1.5161], device='cuda:0')
tensor([1.4910], device='cuda:0')
tensor([1.5132], device='cuda:0')
tensor([1.4937], device='cuda:0')
tensor([1.5380], device='cuda:0')
tensor([1.5527], device='cuda:0')
Epoch 42 Accuracy 28.299999999999997 | Loss: 2.289 | Aggregation time: 30.349
tensor([1.5471], device='cuda:0')
tensor([1.5705], device='cuda:0')
tensor([1.5785], device='cuda:0')
tensor([1.5503], device='cuda:0')
tensor([1.5094], device='cuda:0')
tensor([1.5046], device='cuda:0')
tensor([1.5017], device='cuda:0')
tensor([1.5076], device='cuda:0')
tensor([1.4892], device='cuda:0')
Epoch 43 Accuracy 30.0 | Loss: 2.366 | Aggregation time: 30.965
tensor([1.4972], device='cuda:0')
tensor([1.4699], device='cuda:0')
tensor([1.4781], device='cuda:0')
tensor([1.4805], device='cuda:0')
tensor([1.4993], device='cuda:0')
tensor([1.5490], device='cuda:0')
tensor([1.5568], device='cuda:0')
tensor([1.5379], device='cuda:0')
tensor([1.5255], device='cuda:0')
tensor([1.5077], device='cuda:0')
Epoch 44 Accuracy 27.500000000000004 | Loss: 2.3254 | Aggregation time: 31.779
tensor([1.5047], device='cuda:0')
tensor([1.5296], device='cuda:0')
tensor([1.5137], device='cuda:0')
tensor([1.5031], device='cuda:0')
tensor([1.4733], device='cuda:0')
tensor([1.4880], device='cuda:0')
tensor([1.5128], device='cuda:0')
tensor([1.4808], device='cuda:0')
tensor([1.4968], device='cuda:0')
tensor([1.5238], device='cuda:0')
Epoch 45 Accuracy 30.599999999999998 | Loss: 2.1904 | Aggregation time: 32.58
tensor([1.5088], device='cuda:0')
tensor([1.5303], device='cuda:0')
tensor([1.5415], device='cuda:0')
tensor([1.5584], device='cuda:0')
tensor([1.5752], device='cuda:0')
tensor([1.5544], device='cuda:0')
tensor([1.6004], device='cuda:0')
tensor([1.6204], device='cuda:0')
tensor([1.6036], device='cuda:0')
tensor([1.5657], device='cuda:0')
Epoch 46 Accuracy 29.099999999999998 | Loss: 2.0832 | Aggregation time: 33.371
tensor([1.5415], device='cuda:0')
tensor([1.5208], device='cuda:0')
tensor([1.4857], device='cuda:0')
tensor([1.5317], device='cuda:0')
tensor([1.5472], device='cuda:0')
tensor([1.5774], device='cuda:0')
tensor([1.5849], device='cuda:0')
tensor([1.5710], device='cuda:0')
tensor([1.5647], device='cuda:0')
Epoch 47 Accuracy 37.9 | Loss: 2.2628 | Aggregation time: 34.127
tensor([1.5767], device='cuda:0')
tensor([1.6012], device='cuda:0')
tensor([1.5924], device='cuda:0')
tensor([1.5798], device='cuda:0')
tensor([1.5641], device='cuda:0')
tensor([1.5821], device='cuda:0')
tensor([1.5920], device='cuda:0')
tensor([1.5577], device='cuda:0')
tensor([1.5680], device='cuda:0')
tensor([1.5349], device='cuda:0')
Epoch 48 Accuracy 36.3 | Loss: 2.1165 | Aggregation time: 34.954
tensor([1.5196], device='cuda:0')
tensor([1.5168], device='cuda:0')
tensor([1.5454], device='cuda:0')
tensor([1.5027], device='cuda:0')
tensor([1.4909], device='cuda:0')
tensor([1.4843], device='cuda:0')
tensor([1.4891], device='cuda:0')
tensor([1.5104], device='cuda:0')
tensor([1.5386], device='cuda:0')
tensor([1.5662], device='cuda:0')
Epoch 49 Accuracy 33.900000000000006 | Loss: 2.0975 | Aggregation time: 35.662
tensor([1.5786], device='cuda:0')
tensor([1.5388], device='cuda:0')
tensor([1.5456], device='cuda:0')
tensor([1.5830], device='cuda:0')
tensor([1.5554], device='cuda:0')
tensor([1.5414], device='cuda:0')
tensor([1.5374], device='cuda:0')
tensor([1.5394], device='cuda:0')
tensor([1.5364], device='cuda:0')
tensor([1.5464], device='cuda:0')
Epoch 50 Accuracy 32.6 | Loss: 2.156 | Aggregation time: 36.453
