C:\Users\user\Desktop\IoT\FLTG-implementation\FL-Byzantine-Library\client.py:43: UserWarning: To copy construct from a tensor, it is recommended to use sourceTensor.clone().detach() or sourceTensor.clone().detach().requires_grad_(True), rather than torch.tensor(sourceTensor).
  self.momentum = torch.tensor(torch.zeros_like(flat_model, device=self.device))
Files already downloaded and verified
Files already downloaded and verified
number of parameters  0.697 M
tensor([1.4530], device='cuda:0')
tensor([1.7235], device='cuda:0')
tensor([1.7563], device='cuda:0')
tensor([1.7863], device='cuda:0')
tensor([1.7583], device='cuda:0')
tensor([1.7780], device='cuda:0')
tensor([1.8148], device='cuda:0')
tensor([1.8390], device='cuda:0')
tensor([1.8400], device='cuda:0')
tensor([1.8329], device='cuda:0')
Epoch 1 Accuracy 15.4 | Loss: 2.4505 | Aggregation time: 0.627
tensor([1.8461], device='cuda:0')
tensor([1.8156], device='cuda:0')
tensor([1.8063], device='cuda:0')
tensor([1.8051], device='cuda:0')
tensor([1.7647], device='cuda:0')
tensor([1.7447], device='cuda:0')
tensor([1.7252], device='cuda:0')
tensor([1.7571], device='cuda:0')
tensor([1.7513], device='cuda:0')
tensor([1.7726], device='cuda:0')
Epoch 2 Accuracy 20.599999999999998 | Loss: 3.2053 | Aggregation time: 1.115
tensor([1.7695], device='cuda:0')
tensor([1.7668], device='cuda:0')
tensor([1.8396], device='cuda:0')
tensor([1.8571], device='cuda:0')
tensor([1.8415], device='cuda:0')
tensor([1.8650], device='cuda:0')
tensor([1.8742], device='cuda:0')
tensor([1.8666], device='cuda:0')
tensor([1.8557], device='cuda:0')
tensor([1.8523], device='cuda:0')
Epoch 3 Accuracy 10.0 | Loss: 3.073 | Aggregation time: 1.564
tensor([1.8655], device='cuda:0')
tensor([1.8760], device='cuda:0')
tensor([1.8536], device='cuda:0')
tensor([1.8687], device='cuda:0')
tensor([1.8078], device='cuda:0')
tensor([1.8158], device='cuda:0')
tensor([1.8206], device='cuda:0')
tensor([1.8339], device='cuda:0')
tensor([1.8619], device='cuda:0')
tensor([1.8650], device='cuda:0')
Epoch 4 Accuracy 16.6 | Loss: 2.6283 | Aggregation time: 2.013
tensor([1.8549], device='cuda:0')
tensor([1.8465], device='cuda:0')
tensor([1.8374], device='cuda:0')
tensor([1.8444], device='cuda:0')
tensor([1.8437], device='cuda:0')
tensor([1.8517], device='cuda:0')
tensor([1.8774], device='cuda:0')
tensor([1.8809], device='cuda:0')
tensor([1.8925], device='cuda:0')
Epoch 5 Accuracy 10.0 | Loss: 3.1177 | Aggregation time: 2.449
tensor([1.9300], device='cuda:0')
tensor([2.0074], device='cuda:0')
tensor([2.0322], device='cuda:0')
tensor([2.0425], device='cuda:0')
tensor([2.0544], device='cuda:0')
tensor([2.0461], device='cuda:0')
tensor([2.0516], device='cuda:0')
tensor([2.0183], device='cuda:0')
tensor([2.0006], device='cuda:0')
tensor([1.9954], device='cuda:0')
Epoch 6 Accuracy 9.3 | Loss: 3.7463 | Aggregation time: 2.901
tensor([1.9860], device='cuda:0')
tensor([1.9461], device='cuda:0')
tensor([1.9443], device='cuda:0')
tensor([1.9321], device='cuda:0')
tensor([1.9128], device='cuda:0')
tensor([1.8803], device='cuda:0')
tensor([1.8763], device='cuda:0')
tensor([1.8850], device='cuda:0')
tensor([1.8517], device='cuda:0')
tensor([1.8568], device='cuda:0')
Epoch 7 Accuracy 17.9 | Loss: 2.5374 | Aggregation time: 3.347
tensor([1.8417], device='cuda:0')
tensor([1.8305], device='cuda:0')
tensor([1.7964], device='cuda:0')
tensor([1.8358], device='cuda:0')
tensor([1.8215], device='cuda:0')
tensor([1.8200], device='cuda:0')
tensor([1.8337], device='cuda:0')
tensor([1.8208], device='cuda:0')
tensor([1.8466], device='cuda:0')
tensor([1.8694], device='cuda:0')
Epoch 8 Accuracy 19.1 | Loss: 2.8707 | Aggregation time: 3.82
tensor([1.9199], device='cuda:0')
tensor([1.9012], device='cuda:0')
tensor([1.8665], device='cuda:0')
tensor([1.8172], device='cuda:0')
tensor([1.8024], device='cuda:0')
tensor([1.7990], device='cuda:0')
tensor([1.7726], device='cuda:0')
tensor([1.7821], device='cuda:0')
tensor([1.7943], device='cuda:0')
Epoch 9 Accuracy 10.0 | Loss: 3.0966 | Aggregation time: 4.256
tensor([1.8195], device='cuda:0')
tensor([1.8269], device='cuda:0')
tensor([1.8079], device='cuda:0')
tensor([1.8163], device='cuda:0')
tensor([1.7761], device='cuda:0')
tensor([1.7788], device='cuda:0')
tensor([1.8063], device='cuda:0')
tensor([1.8193], device='cuda:0')
tensor([1.8189], device='cuda:0')
tensor([1.8234], device='cuda:0')
Epoch 10 Accuracy 15.7 | Loss: 2.6302 | Aggregation time: 4.724
tensor([1.8282], device='cuda:0')
tensor([1.8391], device='cuda:0')
tensor([1.8464], device='cuda:0')
tensor([1.8561], device='cuda:0')
tensor([1.8792], device='cuda:0')
tensor([1.8788], device='cuda:0')
tensor([1.9022], device='cuda:0')
tensor([1.9186], device='cuda:0')
tensor([1.9098], device='cuda:0')
tensor([1.8887], device='cuda:0')
Epoch 11 Accuracy 14.6 | Loss: 2.6548 | Aggregation time: 5.248
tensor([1.8800], device='cuda:0')
tensor([1.8984], device='cuda:0')
tensor([1.8873], device='cuda:0')
tensor([1.8697], device='cuda:0')
tensor([1.8734], device='cuda:0')
tensor([1.8538], device='cuda:0')
tensor([1.8343], device='cuda:0')
tensor([1.8325], device='cuda:0')
tensor([1.8542], device='cuda:0')
tensor([1.8666], device='cuda:0')
Epoch 12 Accuracy 17.599999999999998 | Loss: 2.3697 | Aggregation time: 5.759
tensor([1.8605], device='cuda:0')
tensor([1.8750], device='cuda:0')
tensor([1.8913], device='cuda:0')
tensor([1.8727], device='cuda:0')
tensor([1.8668], device='cuda:0')
tensor([1.9162], device='cuda:0')
tensor([1.9128], device='cuda:0')
tensor([1.9345], device='cuda:0')
tensor([1.9244], device='cuda:0')
Epoch 13 Accuracy 14.799999999999999 | Loss: 2.677 | Aggregation time: 6.256
tensor([1.9162], device='cuda:0')
tensor([1.8476], device='cuda:0')
tensor([1.9059], device='cuda:0')
tensor([1.9192], device='cuda:0')
tensor([1.8986], device='cuda:0')
tensor([1.9248], device='cuda:0')
tensor([1.9088], device='cuda:0')
tensor([1.8210], device='cuda:0')
tensor([1.8308], device='cuda:0')
tensor([1.7938], device='cuda:0')
Epoch 14 Accuracy 17.299999999999997 | Loss: 2.2926 | Aggregation time: 6.93
tensor([1.8175], device='cuda:0')
tensor([1.8234], device='cuda:0')
tensor([1.7754], device='cuda:0')
tensor([1.7739], device='cuda:0')
tensor([1.7940], device='cuda:0')
tensor([1.8282], device='cuda:0')
tensor([1.8269], device='cuda:0')
tensor([1.8453], device='cuda:0')
tensor([1.8658], device='cuda:0')
tensor([1.8487], device='cuda:0')
Epoch 15 Accuracy 15.7 | Loss: 2.5502 | Aggregation time: 7.489
tensor([1.8316], device='cuda:0')
tensor([1.7652], device='cuda:0')
tensor([1.7691], device='cuda:0')
tensor([1.8232], device='cuda:0')
tensor([1.8280], device='cuda:0')
tensor([1.8529], device='cuda:0')
tensor([1.8513], device='cuda:0')
tensor([1.8282], device='cuda:0')
tensor([1.8683], device='cuda:0')
tensor([1.8558], device='cuda:0')
Epoch 16 Accuracy 17.5 | Loss: 2.4046 | Aggregation time: 7.957
tensor([1.8621], device='cuda:0')
tensor([1.9012], device='cuda:0')
tensor([1.9339], device='cuda:0')
tensor([1.8536], device='cuda:0')
tensor([1.8993], device='cuda:0')
tensor([1.8800], device='cuda:0')
tensor([1.8396], device='cuda:0')
tensor([1.8315], device='cuda:0')
tensor([1.8287], device='cuda:0')
tensor([1.8310], device='cuda:0')
Epoch 17 Accuracy 15.6 | Loss: 2.499 | Aggregation time: 8.453
tensor([1.8503], device='cuda:0')
tensor([1.8875], device='cuda:0')
tensor([1.9020], device='cuda:0')
tensor([1.9123], device='cuda:0')
tensor([1.9533], device='cuda:0')
tensor([1.9156], device='cuda:0')
tensor([1.9235], device='cuda:0')
tensor([1.9135], device='cuda:0')
tensor([1.9164], device='cuda:0')
Epoch 18 Accuracy 20.1 | Loss: 2.2726 | Aggregation time: 8.882
tensor([1.9169], device='cuda:0')
tensor([1.8909], device='cuda:0')
tensor([1.8208], device='cuda:0')
tensor([1.8326], device='cuda:0')
tensor([1.8127], device='cuda:0')
tensor([1.8233], device='cuda:0')
tensor([1.8394], device='cuda:0')
tensor([1.8630], device='cuda:0')
tensor([1.8753], device='cuda:0')
tensor([1.8769], device='cuda:0')
Epoch 19 Accuracy 10.4 | Loss: 2.7852 | Aggregation time: 9.35
tensor([1.8733], device='cuda:0')
tensor([1.8634], device='cuda:0')
tensor([1.8525], device='cuda:0')
tensor([1.8538], device='cuda:0')
tensor([1.8246], device='cuda:0')
tensor([1.8624], device='cuda:0')
tensor([1.8260], device='cuda:0')
tensor([1.8303], device='cuda:0')
tensor([1.8276], device='cuda:0')
tensor([1.7726], device='cuda:0')
Epoch 20 Accuracy 14.2 | Loss: 2.5387 | Aggregation time: 9.814
tensor([1.8043], device='cuda:0')
tensor([1.7986], device='cuda:0')
tensor([1.8092], device='cuda:0')
tensor([1.8244], device='cuda:0')
tensor([1.8487], device='cuda:0')
tensor([1.8297], device='cuda:0')
tensor([1.7871], device='cuda:0')
tensor([1.7793], device='cuda:0')
tensor([1.8092], device='cuda:0')
tensor([1.8029], device='cuda:0')
Epoch 21 Accuracy 15.8 | Loss: 2.4052 | Aggregation time: 10.27
tensor([1.7978], device='cuda:0')
tensor([1.7842], device='cuda:0')
tensor([1.7876], device='cuda:0')
tensor([1.8008], device='cuda:0')
tensor([1.8015], device='cuda:0')
tensor([1.8181], device='cuda:0')
tensor([1.8283], device='cuda:0')
tensor([1.8442], device='cuda:0')
tensor([1.8416], device='cuda:0')
Epoch 22 Accuracy 16.900000000000002 | Loss: 2.3051 | Aggregation time: 10.684
tensor([1.8692], device='cuda:0')
tensor([1.8926], device='cuda:0')
tensor([1.8667], device='cuda:0')
tensor([1.8951], device='cuda:0')
tensor([1.8419], device='cuda:0')
tensor([1.8448], device='cuda:0')
tensor([1.8913], device='cuda:0')
tensor([1.8950], device='cuda:0')
tensor([1.8844], device='cuda:0')
tensor([1.8883], device='cuda:0')
Epoch 23 Accuracy 17.7 | Loss: 2.3122 | Aggregation time: 11.107
tensor([1.8514], device='cuda:0')
tensor([1.8660], device='cuda:0')
tensor([1.8874], device='cuda:0')
tensor([1.8675], device='cuda:0')
tensor([1.8853], device='cuda:0')
tensor([1.8713], device='cuda:0')
tensor([1.8248], device='cuda:0')
tensor([1.8563], device='cuda:0')
tensor([1.9054], device='cuda:0')
tensor([1.8058], device='cuda:0')
Epoch 24 Accuracy 12.4 | Loss: 2.5328 | Aggregation time: 11.603
tensor([1.8097], device='cuda:0')
tensor([1.8233], device='cuda:0')
tensor([1.8471], device='cuda:0')
tensor([1.8472], device='cuda:0')
tensor([1.8451], device='cuda:0')
tensor([1.8861], device='cuda:0')
tensor([1.8640], device='cuda:0')
tensor([1.8875], device='cuda:0')
tensor([1.9091], device='cuda:0')
tensor([1.9157], device='cuda:0')
Epoch 25 Accuracy 15.2 | Loss: 2.3506 | Aggregation time: 12.05
tensor([1.9138], device='cuda:0')
tensor([1.9412], device='cuda:0')
tensor([1.9065], device='cuda:0')
tensor([1.9516], device='cuda:0')
tensor([1.9138], device='cuda:0')
tensor([1.8714], device='cuda:0')
tensor([1.9007], device='cuda:0')
tensor([1.8777], device='cuda:0')
tensor([1.9093], device='cuda:0')
Epoch 26 Accuracy 10.2 | Loss: 2.7993 | Aggregation time: 12.472
tensor([1.9235], device='cuda:0')
tensor([1.9219], device='cuda:0')
tensor([1.9379], device='cuda:0')
tensor([1.9396], device='cuda:0')
tensor([1.9333], device='cuda:0')
tensor([1.9350], device='cuda:0')
tensor([1.9371], device='cuda:0')
tensor([1.9183], device='cuda:0')
tensor([1.8924], device='cuda:0')
tensor([1.8445], device='cuda:0')
Epoch 27 Accuracy 16.0 | Loss: 2.4483 | Aggregation time: 13.125
tensor([1.8384], device='cuda:0')
tensor([1.7833], device='cuda:0')
tensor([1.7850], device='cuda:0')
tensor([1.7597], device='cuda:0')
tensor([1.7732], device='cuda:0')
tensor([1.7540], device='cuda:0')
tensor([1.7159], device='cuda:0')
tensor([1.7258], device='cuda:0')
tensor([1.7182], device='cuda:0')
tensor([1.7136], device='cuda:0')
Epoch 28 Accuracy 17.4 | Loss: 2.2159 | Aggregation time: 13.609
tensor([1.7174], device='cuda:0')
tensor([1.7990], device='cuda:0')
tensor([1.8721], device='cuda:0')
tensor([1.8813], device='cuda:0')
tensor([1.9186], device='cuda:0')
tensor([1.9272], device='cuda:0')
tensor([1.9116], device='cuda:0')
tensor([1.8620], device='cuda:0')
tensor([1.8614], device='cuda:0')
tensor([1.8419], device='cuda:0')
Epoch 29 Accuracy 17.299999999999997 | Loss: 2.3307 | Aggregation time: 14.091
tensor([1.7848], device='cuda:0')
tensor([1.7894], device='cuda:0')
tensor([1.7844], device='cuda:0')
tensor([1.8145], device='cuda:0')
tensor([1.8116], device='cuda:0')
tensor([1.8438], device='cuda:0')
tensor([1.8682], device='cuda:0')
tensor([1.8423], device='cuda:0')
tensor([1.8551], device='cuda:0')
Epoch 30 Accuracy 17.0 | Loss: 2.5023 | Aggregation time: 14.525
tensor([1.8413], device='cuda:0')
tensor([1.8701], device='cuda:0')
tensor([1.8740], device='cuda:0')
tensor([1.8623], device='cuda:0')
tensor([1.8219], device='cuda:0')
tensor([1.8176], device='cuda:0')
tensor([1.8368], device='cuda:0')
tensor([1.8010], device='cuda:0')
tensor([1.7869], device='cuda:0')
tensor([1.7611], device='cuda:0')
Epoch 31 Accuracy 16.2 | Loss: 2.294 | Aggregation time: 15.02
tensor([1.7693], device='cuda:0')
tensor([1.7814], device='cuda:0')
tensor([1.7969], device='cuda:0')
tensor([1.7780], device='cuda:0')
tensor([1.7933], device='cuda:0')
tensor([1.7748], device='cuda:0')
tensor([1.8035], device='cuda:0')
tensor([1.8177], device='cuda:0')
tensor([1.8052], device='cuda:0')
tensor([1.8194], device='cuda:0')
Epoch 32 Accuracy 10.4 | Loss: 2.6 | Aggregation time: 15.52
tensor([1.7798], device='cuda:0')
tensor([1.8174], device='cuda:0')
tensor([1.8308], device='cuda:0')
tensor([1.8589], device='cuda:0')
tensor([1.8412], device='cuda:0')
tensor([1.8382], device='cuda:0')
tensor([1.8262], device='cuda:0')
tensor([1.7722], device='cuda:0')
tensor([1.7386], device='cuda:0')
tensor([1.7517], device='cuda:0')
Epoch 33 Accuracy 12.7 | Loss: 2.5523 | Aggregation time: 16.023
tensor([1.7527], device='cuda:0')
tensor([1.8001], device='cuda:0')
tensor([1.7570], device='cuda:0')
tensor([1.8087], device='cuda:0')
tensor([1.7597], device='cuda:0')
tensor([1.7931], device='cuda:0')
tensor([1.7548], device='cuda:0')
tensor([1.7674], device='cuda:0')
tensor([1.8049], device='cuda:0')
tensor([1.7896], device='cuda:0')
Epoch 34 Accuracy 19.5 | Loss: 2.1984 | Aggregation time: 16.478
tensor([1.7205], device='cuda:0')
tensor([1.6320], device='cuda:0')
tensor([1.6283], device='cuda:0')
tensor([1.7015], device='cuda:0')
tensor([1.7034], device='cuda:0')
tensor([1.7066], device='cuda:0')
tensor([1.7300], device='cuda:0')
tensor([1.7223], device='cuda:0')
tensor([1.6936], device='cuda:0')
Epoch 35 Accuracy 14.7 | Loss: 2.4354 | Aggregation time: 16.909
tensor([1.7007], device='cuda:0')
tensor([1.7184], device='cuda:0')
tensor([1.7089], device='cuda:0')
tensor([1.7657], device='cuda:0')
tensor([1.7933], device='cuda:0')
tensor([1.7793], device='cuda:0')
tensor([1.8388], device='cuda:0')
tensor([1.8355], device='cuda:0')
tensor([1.7881], device='cuda:0')
tensor([1.7944], device='cuda:0')
Epoch 36 Accuracy 17.0 | Loss: 2.5263 | Aggregation time: 17.34
tensor([1.7085], device='cuda:0')
tensor([1.7095], device='cuda:0')
tensor([1.7730], device='cuda:0')
tensor([1.7520], device='cuda:0')
tensor([1.7749], device='cuda:0')
tensor([1.7857], device='cuda:0')
tensor([1.8086], device='cuda:0')
tensor([1.8075], device='cuda:0')
tensor([1.8042], device='cuda:0')
tensor([1.8298], device='cuda:0')
Epoch 37 Accuracy 11.899999999999999 | Loss: 2.3572 | Aggregation time: 17.799
tensor([1.8447], device='cuda:0')
tensor([1.8210], device='cuda:0')
tensor([1.8068], device='cuda:0')
tensor([1.8091], device='cuda:0')
tensor([1.8132], device='cuda:0')
tensor([1.8517], device='cuda:0')
tensor([1.8511], device='cuda:0')
tensor([1.8048], device='cuda:0')
tensor([1.7579], device='cuda:0')
tensor([1.7749], device='cuda:0')
Epoch 38 Accuracy 10.9 | Loss: 2.4976 | Aggregation time: 18.25
tensor([1.8224], device='cuda:0')
tensor([1.8320], device='cuda:0')
tensor([1.8318], device='cuda:0')
tensor([1.7582], device='cuda:0')
tensor([1.7528], device='cuda:0')
tensor([1.7622], device='cuda:0')
tensor([1.7681], device='cuda:0')
tensor([1.7656], device='cuda:0')
tensor([1.7496], device='cuda:0')
Epoch 39 Accuracy 16.900000000000002 | Loss: 2.2383 | Aggregation time: 18.652
tensor([1.7506], device='cuda:0')
tensor([1.7627], device='cuda:0')
tensor([1.8371], device='cuda:0')
tensor([1.8589], device='cuda:0')
tensor([1.8365], device='cuda:0')
tensor([1.8353], device='cuda:0')
tensor([1.8657], device='cuda:0')
tensor([1.8632], device='cuda:0')
tensor([1.8682], device='cuda:0')
tensor([1.8239], device='cuda:0')
Epoch 40 Accuracy 17.8 | Loss: 2.302 | Aggregation time: 19.092
tensor([1.8431], device='cuda:0')
tensor([1.8667], device='cuda:0')
tensor([1.8857], device='cuda:0')
tensor([1.8836], device='cuda:0')
tensor([1.8937], device='cuda:0')
tensor([1.8541], device='cuda:0')
tensor([1.7800], device='cuda:0')
tensor([1.7564], device='cuda:0')
tensor([1.7526], device='cuda:0')
tensor([1.7460], device='cuda:0')
Epoch 41 Accuracy 15.1 | Loss: 2.4387 | Aggregation time: 19.532
tensor([1.7922], device='cuda:0')
tensor([1.8350], device='cuda:0')
tensor([1.8505], device='cuda:0')
tensor([1.8664], device='cuda:0')
tensor([1.8668], device='cuda:0')
tensor([1.8715], device='cuda:0')
tensor([1.8751], device='cuda:0')
tensor([1.8947], device='cuda:0')
tensor([1.9049], device='cuda:0')
tensor([1.9002], device='cuda:0')
Epoch 42 Accuracy 17.5 | Loss: 2.1765 | Aggregation time: 19.993
tensor([1.8937], device='cuda:0')
tensor([1.9128], device='cuda:0')
tensor([1.9324], device='cuda:0')
tensor([1.9312], device='cuda:0')
tensor([1.9351], device='cuda:0')
tensor([1.9233], device='cuda:0')
tensor([1.9337], device='cuda:0')
tensor([1.9084], device='cuda:0')
tensor([1.9005], device='cuda:0')
Epoch 43 Accuracy 17.0 | Loss: 2.2614 | Aggregation time: 20.378
tensor([1.9190], device='cuda:0')
tensor([1.9294], device='cuda:0')
tensor([1.9177], device='cuda:0')
tensor([1.9361], device='cuda:0')
tensor([1.9332], device='cuda:0')
tensor([1.9196], device='cuda:0')
tensor([1.9364], device='cuda:0')
tensor([1.9411], device='cuda:0')
tensor([1.9929], device='cuda:0')
tensor([2.0062], device='cuda:0')
Epoch 44 Accuracy 11.700000000000001 | Loss: 2.5014 | Aggregation time: 20.79
tensor([2.0167], device='cuda:0')
tensor([2.0226], device='cuda:0')
tensor([2.0212], device='cuda:0')
tensor([1.9956], device='cuda:0')
tensor([1.9732], device='cuda:0')
tensor([1.9735], device='cuda:0')
tensor([1.9579], device='cuda:0')
tensor([1.9638], device='cuda:0')
tensor([1.9785], device='cuda:0')
tensor([1.9619], device='cuda:0')
Epoch 45 Accuracy 18.4 | Loss: 2.3211 | Aggregation time: 21.272
tensor([1.9419], device='cuda:0')
tensor([1.9468], device='cuda:0')
tensor([1.9082], device='cuda:0')
tensor([1.8974], device='cuda:0')
tensor([1.8836], device='cuda:0')
tensor([1.8479], device='cuda:0')
tensor([1.8239], device='cuda:0')
tensor([1.8085], device='cuda:0')
tensor([1.7783], device='cuda:0')
tensor([1.7703], device='cuda:0')
Epoch 46 Accuracy 18.8 | Loss: 2.2606 | Aggregation time: 21.734
tensor([1.7511], device='cuda:0')
tensor([1.7157], device='cuda:0')
tensor([1.7309], device='cuda:0')
tensor([1.7112], device='cuda:0')
tensor([1.7364], device='cuda:0')
tensor([1.7452], device='cuda:0')
tensor([1.7431], device='cuda:0')
tensor([1.7547], device='cuda:0')
tensor([1.7094], device='cuda:0')
Epoch 47 Accuracy 18.8 | Loss: 2.5271 | Aggregation time: 22.168
tensor([1.6650], device='cuda:0')
tensor([1.6897], device='cuda:0')
tensor([1.6955], device='cuda:0')
tensor([1.7032], device='cuda:0')
tensor([1.7244], device='cuda:0')
tensor([1.7718], device='cuda:0')
tensor([1.7638], device='cuda:0')
tensor([1.7648], device='cuda:0')
tensor([1.7938], device='cuda:0')
tensor([1.7743], device='cuda:0')
Epoch 48 Accuracy 14.399999999999999 | Loss: 2.2327 | Aggregation time: 22.609
tensor([1.8140], device='cuda:0')
tensor([1.8836], device='cuda:0')
tensor([1.8986], device='cuda:0')
tensor([1.9144], device='cuda:0')
tensor([1.9154], device='cuda:0')
tensor([1.8768], device='cuda:0')
tensor([1.8474], device='cuda:0')
tensor([1.8109], device='cuda:0')
tensor([1.7479], device='cuda:0')
tensor([1.7229], device='cuda:0')
Epoch 49 Accuracy 19.400000000000002 | Loss: 2.3112 | Aggregation time: 23.085
tensor([1.7212], device='cuda:0')
tensor([1.7516], device='cuda:0')
tensor([1.7644], device='cuda:0')
tensor([1.7588], device='cuda:0')
tensor([1.7511], device='cuda:0')
tensor([1.7293], device='cuda:0')
tensor([1.7329], device='cuda:0')
tensor([1.7290], device='cuda:0')
tensor([1.7703], device='cuda:0')
tensor([1.7611], device='cuda:0')
Epoch 50 Accuracy 21.7 | Loss: 2.3331 | Aggregation time: 23.574
