C:\Users\user\Desktop\IoT\FLTG-implementation\FL-Byzantine-Library\client.py:43: UserWarning: To copy construct from a tensor, it is recommended to use sourceTensor.clone().detach() or sourceTensor.clone().detach().requires_grad_(True), rather than torch.tensor(sourceTensor).
  self.momentum = torch.tensor(torch.zeros_like(flat_model, device=self.device))
number of parameters  0.431 M
tensor([1.7226], device='cuda:0')
tensor([1.6083], device='cuda:0')
tensor([1.6161], device='cuda:0')
tensor([1.6821], device='cuda:0')
tensor([1.7301], device='cuda:0')
tensor([1.8044], device='cuda:0')
tensor([1.8642], device='cuda:0')
tensor([1.8363], device='cuda:0')
tensor([1.8056], device='cuda:0')
tensor([1.8022], device='cuda:0')
Epoch 1 Accuracy 25.0 | Loss: 2.3062 | Aggregation time: 0.813
tensor([1.8137], device='cuda:0')
tensor([1.8389], device='cuda:0')
tensor([1.8515], device='cuda:0')
tensor([1.8280], device='cuda:0')
tensor([1.7907], device='cuda:0')
tensor([1.7242], device='cuda:0')
tensor([1.7272], device='cuda:0')
tensor([1.7238], device='cuda:0')
tensor([1.7148], device='cuda:0')
Epoch 2 Accuracy 38.0 | Loss: 1.9319 | Aggregation time: 1.495
tensor([1.7113], device='cuda:0')
tensor([1.7334], device='cuda:0')
tensor([1.7366], device='cuda:0')
tensor([1.7407], device='cuda:0')
tensor([1.7465], device='cuda:0')
tensor([1.7462], device='cuda:0')
tensor([1.7644], device='cuda:0')
tensor([1.8011], device='cuda:0')
tensor([1.8291], device='cuda:0')
tensor([1.8655], device='cuda:0')
Epoch 3 Accuracy 68.7 | Loss: 1.4034 | Aggregation time: 2.284
tensor([1.9103], device='cuda:0')
tensor([1.9017], device='cuda:0')
tensor([1.8994], device='cuda:0')
tensor([1.9183], device='cuda:0')
tensor([1.8557], device='cuda:0')
tensor([1.8634], device='cuda:0')
tensor([1.8343], device='cuda:0')
tensor([1.8480], device='cuda:0')
tensor([1.8242], device='cuda:0')
Epoch 4 Accuracy 70.8 | Loss: 0.8716 | Aggregation time: 2.977
tensor([1.8079], device='cuda:0')
tensor([1.8386], device='cuda:0')
tensor([1.8833], device='cuda:0')
tensor([1.8762], device='cuda:0')
tensor([1.8932], device='cuda:0')
tensor([1.8385], device='cuda:0')
tensor([1.7762], device='cuda:0')
tensor([1.7879], device='cuda:0')
tensor([1.8228], device='cuda:0')
Epoch 5 Accuracy 71.6 | Loss: 0.8084 | Aggregation time: 3.612
tensor([1.9212], device='cuda:0')
tensor([1.8690], device='cuda:0')
tensor([1.8550], device='cuda:0')
tensor([1.8254], device='cuda:0')
tensor([1.8791], device='cuda:0')
tensor([1.8621], device='cuda:0')
tensor([1.8558], device='cuda:0')
tensor([1.9192], device='cuda:0')
tensor([1.9420], device='cuda:0')
tensor([1.8605], device='cuda:0')
Epoch 6 Accuracy 79.60000000000001 | Loss: 0.7356 | Aggregation time: 4.208
tensor([1.8385], device='cuda:0')
tensor([1.8364], device='cuda:0')
tensor([1.8525], device='cuda:0')
tensor([1.9525], device='cuda:0')
tensor([1.9034], device='cuda:0')
tensor([1.8878], device='cuda:0')
tensor([1.8870], device='cuda:0')
tensor([1.9230], device='cuda:0')
tensor([1.8444], device='cuda:0')
Epoch 7 Accuracy 71.8 | Loss: 0.7487 | Aggregation time: 4.838
tensor([1.7923], device='cuda:0')
tensor([1.8186], device='cuda:0')
tensor([1.8088], device='cuda:0')
tensor([1.8720], device='cuda:0')
tensor([1.8686], device='cuda:0')
tensor([1.8796], device='cuda:0')
tensor([1.8875], device='cuda:0')
tensor([1.8905], device='cuda:0')
tensor([1.8784], device='cuda:0')
tensor([1.8374], device='cuda:0')
Epoch 8 Accuracy 86.4 | Loss: 0.5707 | Aggregation time: 5.499
tensor([1.7889], device='cuda:0')
tensor([1.7830], device='cuda:0')
tensor([1.7824], device='cuda:0')
tensor([1.8575], device='cuda:0')
tensor([1.8596], device='cuda:0')
tensor([1.8599], device='cuda:0')
tensor([1.8149], device='cuda:0')
tensor([1.7695], device='cuda:0')
tensor([1.7468], device='cuda:0')
Epoch 9 Accuracy 84.3 | Loss: 0.4692 | Aggregation time: 6.062
tensor([1.6802], device='cuda:0')
tensor([1.7407], device='cuda:0')
tensor([1.7008], device='cuda:0')
tensor([1.7249], device='cuda:0')
tensor([1.7123], device='cuda:0')
tensor([1.7646], device='cuda:0')
tensor([1.7839], device='cuda:0')
tensor([1.7975], device='cuda:0')
tensor([1.9121], device='cuda:0')
Epoch 10 Accuracy 82.6 | Loss: 0.4406 | Aggregation time: 6.638
tensor([1.8848], device='cuda:0')
tensor([2.0103], device='cuda:0')
tensor([2.1408], device='cuda:0')
tensor([2.1586], device='cuda:0')
tensor([2.1185], device='cuda:0')
tensor([2.0749], device='cuda:0')
tensor([1.9939], device='cuda:0')
tensor([1.9474], device='cuda:0')
tensor([1.9126], device='cuda:0')
tensor([1.8774], device='cuda:0')
Epoch 11 Accuracy 77.0 | Loss: 0.472 | Aggregation time: 7.303
tensor([1.8713], device='cuda:0')
tensor([1.8672], device='cuda:0')
tensor([1.8905], device='cuda:0')
tensor([1.8654], device='cuda:0')
tensor([1.8667], device='cuda:0')
tensor([1.8572], device='cuda:0')
tensor([1.8408], device='cuda:0')
tensor([1.8749], device='cuda:0')
tensor([1.8593], device='cuda:0')
Epoch 12 Accuracy 86.3 | Loss: 0.4148 | Aggregation time: 7.866
tensor([1.8423], device='cuda:0')
tensor([1.8397], device='cuda:0')
tensor([1.8090], device='cuda:0')
tensor([1.8281], device='cuda:0')
tensor([1.8339], device='cuda:0')
tensor([1.8887], device='cuda:0')
tensor([1.8488], device='cuda:0')
tensor([1.8520], device='cuda:0')
tensor([1.8687], device='cuda:0')
Epoch 13 Accuracy 90.0 | Loss: 0.3561 | Aggregation time: 8.452
tensor([1.9147], device='cuda:0')
tensor([1.9091], device='cuda:0')
tensor([1.8728], device='cuda:0')
tensor([1.8319], device='cuda:0')
tensor([1.8300], device='cuda:0')
tensor([1.8269], device='cuda:0')
tensor([1.8508], device='cuda:0')
tensor([1.8498], device='cuda:0')
tensor([1.9136], device='cuda:0')
tensor([1.9067], device='cuda:0')
Epoch 14 Accuracy 91.10000000000001 | Loss: 0.2855 | Aggregation time: 9.118
tensor([1.8355], device='cuda:0')
tensor([1.9130], device='cuda:0')
tensor([1.9161], device='cuda:0')
tensor([1.9724], device='cuda:0')
tensor([2.0119], device='cuda:0')
tensor([1.9197], device='cuda:0')
tensor([1.8596], device='cuda:0')
tensor([1.8803], device='cuda:0')
tensor([1.8798], device='cuda:0')
Epoch 15 Accuracy 92.60000000000001 | Loss: 0.2421 | Aggregation time: 9.755
tensor([1.9119], device='cuda:0')
tensor([1.9100], device='cuda:0')
tensor([1.9271], device='cuda:0')
tensor([1.9605], device='cuda:0')
tensor([2.0211], device='cuda:0')
tensor([2.0599], device='cuda:0')
tensor([2.1260], device='cuda:0')
tensor([2.1730], device='cuda:0')
tensor([2.1866], device='cuda:0')
Epoch 16 Accuracy 92.5 | Loss: 0.2499 | Aggregation time: 10.338
tensor([2.1988], device='cuda:0')
tensor([2.2276], device='cuda:0')
tensor([2.2680], device='cuda:0')
tensor([2.2472], device='cuda:0')
tensor([2.3032], device='cuda:0')
tensor([2.2700], device='cuda:0')
tensor([2.2871], device='cuda:0')
tensor([2.2003], device='cuda:0')
tensor([2.1601], device='cuda:0')
tensor([2.0541], device='cuda:0')
Epoch 17 Accuracy 91.60000000000001 | Loss: 0.2526 | Aggregation time: 10.932
tensor([2.0712], device='cuda:0')
tensor([2.2394], device='cuda:0')
tensor([2.4733], device='cuda:0')
tensor([2.5178], device='cuda:0')
tensor([2.5762], device='cuda:0')
tensor([2.5535], device='cuda:0')
tensor([2.5335], device='cuda:0')
tensor([2.4769], device='cuda:0')
tensor([2.4310], device='cuda:0')
Epoch 18 Accuracy 91.8 | Loss: 0.2477 | Aggregation time: 11.488
tensor([2.3248], device='cuda:0')
tensor([2.2127], device='cuda:0')
tensor([2.1328], device='cuda:0')
tensor([2.1712], device='cuda:0')
tensor([2.1901], device='cuda:0')
tensor([2.2405], device='cuda:0')
tensor([2.2620], device='cuda:0')
tensor([2.1959], device='cuda:0')
tensor([2.1443], device='cuda:0')
tensor([2.1859], device='cuda:0')
Epoch 19 Accuracy 92.5 | Loss: 0.2351 | Aggregation time: 12.116
tensor([2.2029], device='cuda:0')
tensor([2.2331], device='cuda:0')
tensor([2.1843], device='cuda:0')
tensor([2.2112], device='cuda:0')
tensor([2.2494], device='cuda:0')
tensor([2.2615], device='cuda:0')
tensor([2.2348], device='cuda:0')
tensor([2.1300], device='cuda:0')
tensor([2.2216], device='cuda:0')
Epoch 20 Accuracy 93.4 | Loss: 0.2066 | Aggregation time: 12.659
