C:\Users\user\Desktop\IoT\FLTG-implementation\FL-Byzantine-Library\client.py:43: UserWarning: To copy construct from a tensor, it is recommended to use sourceTensor.clone().detach() or sourceTensor.clone().detach().requires_grad_(True), rather than torch.tensor(sourceTensor).
  self.momentum = torch.tensor(torch.zeros_like(flat_model, device=self.device))
number of parameters  0.431 M
tensor([1.6506], device='cuda:0')
tensor([1.6358], device='cuda:0')
tensor([1.7181], device='cuda:0')
tensor([1.7361], device='cuda:0')
tensor([1.6886], device='cuda:0')
tensor([1.7241], device='cuda:0')
tensor([1.7305], device='cuda:0')
tensor([1.6923], device='cuda:0')
tensor([1.6858], device='cuda:0')
tensor([1.6684], device='cuda:0')
Epoch 1 Accuracy 9.8 | Loss: 2.3034 | Aggregation time: 0.619
tensor([1.6537], device='cuda:0')
tensor([1.6782], device='cuda:0')
tensor([1.6521], device='cuda:0')
tensor([1.6098], device='cuda:0')
tensor([1.5274], device='cuda:0')
tensor([1.4591], device='cuda:0')
tensor([1.3718], device='cuda:0')
tensor([1.3450], device='cuda:0')
tensor([1.3192], device='cuda:0')
Epoch 2 Accuracy 36.199999999999996 | Loss: 2.2024 | Aggregation time: 0.913
tensor([1.2927], device='cuda:0')
tensor([1.2807], device='cuda:0')
tensor([1.3008], device='cuda:0')
tensor([1.3124], device='cuda:0')
tensor([1.3437], device='cuda:0')
tensor([1.3433], device='cuda:0')
tensor([1.3356], device='cuda:0')
tensor([1.3213], device='cuda:0')
tensor([1.3097], device='cuda:0')
tensor([1.3301], device='cuda:0')
Epoch 3 Accuracy 57.099999999999994 | Loss: 1.6641 | Aggregation time: 1.429
tensor([1.3394], device='cuda:0')
tensor([1.3630], device='cuda:0')
tensor([1.3984], device='cuda:0')
tensor([1.4285], device='cuda:0')
tensor([1.4545], device='cuda:0')
tensor([1.4414], device='cuda:0')
tensor([1.4466], device='cuda:0')
tensor([1.4627], device='cuda:0')
tensor([1.5348], device='cuda:0')
Epoch 4 Accuracy 57.49999999999999 | Loss: 1.1863 | Aggregation time: 1.828
tensor([1.6452], device='cuda:0')
tensor([1.6828], device='cuda:0')
tensor([1.7328], device='cuda:0')
tensor([1.7149], device='cuda:0')
tensor([1.7155], device='cuda:0')
tensor([1.7084], device='cuda:0')
tensor([1.6917], device='cuda:0')
tensor([1.7120], device='cuda:0')
tensor([1.7989], device='cuda:0')
Epoch 5 Accuracy 71.3 | Loss: 0.8885 | Aggregation time: 2.237
tensor([1.8985], device='cuda:0')
tensor([1.9435], device='cuda:0')
tensor([1.9989], device='cuda:0')
tensor([1.9287], device='cuda:0')
tensor([1.8930], device='cuda:0')
tensor([1.8859], device='cuda:0')
tensor([1.8674], device='cuda:0')
tensor([1.8255], device='cuda:0')
tensor([1.8631], device='cuda:0')
tensor([1.8480], device='cuda:0')
Epoch 6 Accuracy 71.6 | Loss: 0.7313 | Aggregation time: 2.675
tensor([1.8702], device='cuda:0')
tensor([1.9078], device='cuda:0')
tensor([2.0694], device='cuda:0')
tensor([2.2221], device='cuda:0')
tensor([2.2454], device='cuda:0')
tensor([2.1119], device='cuda:0')
tensor([2.0477], device='cuda:0')
tensor([1.9919], device='cuda:0')
tensor([1.9582], device='cuda:0')
Epoch 7 Accuracy 81.8 | Loss: 0.8061 | Aggregation time: 3.105
tensor([1.9438], device='cuda:0')
tensor([1.9446], device='cuda:0')
tensor([1.9659], device='cuda:0')
tensor([1.9654], device='cuda:0')
tensor([1.9220], device='cuda:0')
tensor([2.0183], device='cuda:0')
tensor([2.0534], device='cuda:0')
tensor([2.1456], device='cuda:0')
tensor([2.1356], device='cuda:0')
tensor([2.1358], device='cuda:0')
Epoch 8 Accuracy 77.7 | Loss: 0.5316 | Aggregation time: 3.777
tensor([2.1420], device='cuda:0')
tensor([2.1289], device='cuda:0')
tensor([2.1277], device='cuda:0')
tensor([2.1720], device='cuda:0')
tensor([2.2033], device='cuda:0')
tensor([2.2778], device='cuda:0')
tensor([2.3803], device='cuda:0')
tensor([2.4792], device='cuda:0')
tensor([2.5891], device='cuda:0')
Epoch 9 Accuracy 74.7 | Loss: 0.7925 | Aggregation time: 4.186
tensor([2.5209], device='cuda:0')
tensor([2.4278], device='cuda:0')
tensor([2.3310], device='cuda:0')
tensor([2.2433], device='cuda:0')
tensor([2.1744], device='cuda:0')
tensor([2.1055], device='cuda:0')
tensor([2.0416], device='cuda:0')
tensor([1.9719], device='cuda:0')
tensor([1.9069], device='cuda:0')
Epoch 10 Accuracy 87.5 | Loss: 0.7242 | Aggregation time: 4.789
tensor([1.9473], device='cuda:0')
tensor([1.9463], device='cuda:0')
tensor([1.9342], device='cuda:0')
tensor([1.7928], device='cuda:0')
tensor([1.7389], device='cuda:0')
tensor([1.9392], device='cuda:0')
tensor([2.0858], device='cuda:0')
tensor([2.0908], device='cuda:0')
tensor([2.0764], device='cuda:0')
tensor([2.0334], device='cuda:0')
Epoch 11 Accuracy 74.3 | Loss: 0.5174 | Aggregation time: 5.414
tensor([1.9924], device='cuda:0')
tensor([2.1050], device='cuda:0')
tensor([2.1103], device='cuda:0')
tensor([2.0968], device='cuda:0')
tensor([2.1016], device='cuda:0')
tensor([2.0781], device='cuda:0')
tensor([2.0153], device='cuda:0')
tensor([2.1405], device='cuda:0')
tensor([2.1799], device='cuda:0')
Epoch 12 Accuracy 78.7 | Loss: 0.9751 | Aggregation time: 5.995
tensor([2.1638], device='cuda:0')
tensor([2.1130], device='cuda:0')
tensor([2.0622], device='cuda:0')
tensor([2.0077], device='cuda:0')
tensor([1.9536], device='cuda:0')
tensor([1.8833], device='cuda:0')
tensor([1.8229], device='cuda:0')
tensor([1.7499], device='cuda:0')
tensor([1.6885], device='cuda:0')
Epoch 13 Accuracy 64.3 | Loss: 1.1494 | Aggregation time: 6.441
tensor([1.6302], device='cuda:0')
tensor([1.5699], device='cuda:0')
tensor([1.5356], device='cuda:0')
tensor([1.4776], device='cuda:0')
tensor([1.4715], device='cuda:0')
tensor([1.4827], device='cuda:0')
tensor([1.5233], device='cuda:0')
tensor([1.5704], device='cuda:0')
tensor([1.6314], device='cuda:0')
tensor([1.7863], device='cuda:0')
Epoch 14 Accuracy 74.5 | Loss: 0.7204 | Aggregation time: 7.305
tensor([1.9087], device='cuda:0')
tensor([2.0333], device='cuda:0')
tensor([2.1667], device='cuda:0')
tensor([2.1992], device='cuda:0')
tensor([2.1381], device='cuda:0')
tensor([2.0371], device='cuda:0')
tensor([1.9779], device='cuda:0')
tensor([1.9038], device='cuda:0')
tensor([1.8961], device='cuda:0')
Epoch 15 Accuracy 74.2 | Loss: 0.8041 | Aggregation time: 7.692
tensor([1.8384], device='cuda:0')
tensor([1.7923], device='cuda:0')
tensor([1.7482], device='cuda:0')
tensor([1.6891], device='cuda:0')
tensor([1.6315], device='cuda:0')
tensor([1.6154], device='cuda:0')
tensor([1.5615], device='cuda:0')
tensor([1.5330], device='cuda:0')
tensor([1.4894], device='cuda:0')
Epoch 16 Accuracy 73.9 | Loss: 0.7203 | Aggregation time: 8.095
tensor([1.4423], device='cuda:0')
tensor([1.5074], device='cuda:0')
tensor([1.5995], device='cuda:0')
tensor([1.7245], device='cuda:0')
tensor([1.9131], device='cuda:0')
tensor([1.9740], device='cuda:0')
tensor([1.9224], device='cuda:0')
tensor([1.8735], device='cuda:0')
tensor([1.7700], device='cuda:0')
tensor([1.8706], device='cuda:0')
Epoch 17 Accuracy 84.8 | Loss: 0.4502 | Aggregation time: 8.896
tensor([1.9918], device='cuda:0')
tensor([1.8167], device='cuda:0')
tensor([1.8864], device='cuda:0')
tensor([1.7881], device='cuda:0')
tensor([2.2236], device='cuda:0')
tensor([2.0592], device='cuda:0')
tensor([2.0164], device='cuda:0')
tensor([1.9502], device='cuda:0')
tensor([1.8920], device='cuda:0')
Epoch 18 Accuracy 68.30000000000001 | Loss: 1.9114 | Aggregation time: 9.352
tensor([1.8228], device='cuda:0')
tensor([1.7725], device='cuda:0')
tensor([1.6855], device='cuda:0')
tensor([1.6598], device='cuda:0')
tensor([1.7268], device='cuda:0')
tensor([1.7315], device='cuda:0')
tensor([1.7294], device='cuda:0')
tensor([1.7126], device='cuda:0')
tensor([1.6813], device='cuda:0')
tensor([1.6432], device='cuda:0')
Epoch 19 Accuracy 64.2 | Loss: 1.1538 | Aggregation time: 9.887
tensor([1.6019], device='cuda:0')
tensor([1.5513], device='cuda:0')
tensor([1.5092], device='cuda:0')
tensor([1.4706], device='cuda:0')
tensor([1.4252], device='cuda:0')
tensor([1.3753], device='cuda:0')
tensor([1.3161], device='cuda:0')
tensor([1.3042], device='cuda:0')
tensor([1.2881], device='cuda:0')
Epoch 20 Accuracy 67.80000000000001 | Loss: 1.1225 | Aggregation time: 10.476
