C:\Users\user\Desktop\IoT\FLTG-implementation\FL-Byzantine-Library\client.py:43: UserWarning: To copy construct from a tensor, it is recommended to use sourceTensor.clone().detach() or sourceTensor.clone().detach().requires_grad_(True), rather than torch.tensor(sourceTensor).
  self.momentum = torch.tensor(torch.zeros_like(flat_model, device=self.device))
Files already downloaded and verified
Files already downloaded and verified
number of parameters  0.697 M
tensor([1.5922], device='cuda:0')
tensor([1.4997], device='cuda:0')
tensor([1.5561], device='cuda:0')
tensor([1.5400], device='cuda:0')
tensor([1.5752], device='cuda:0')
tensor([1.6504], device='cuda:0')
tensor([1.6037], device='cuda:0')
tensor([1.5757], device='cuda:0')
tensor([1.6518], device='cuda:0')
tensor([1.6313], device='cuda:0')
Epoch 1 Accuracy 10.2 | Loss: 3.3665 | Aggregation time: 0.734
tensor([1.6693], device='cuda:0')
tensor([1.6652], device='cuda:0')
tensor([1.6771], device='cuda:0')
tensor([1.6963], device='cuda:0')
tensor([1.7167], device='cuda:0')
tensor([1.7257], device='cuda:0')
tensor([1.7610], device='cuda:0')
tensor([1.7495], device='cuda:0')
tensor([1.7486], device='cuda:0')
tensor([1.7318], device='cuda:0')
Epoch 2 Accuracy 10.2 | Loss: 4.2826 | Aggregation time: 1.287
tensor([1.7611], device='cuda:0')
tensor([1.7526], device='cuda:0')
tensor([1.7451], device='cuda:0')
tensor([1.7349], device='cuda:0')
tensor([1.7700], device='cuda:0')
tensor([1.8053], device='cuda:0')
tensor([1.7576], device='cuda:0')
tensor([1.7933], device='cuda:0')
tensor([1.7774], device='cuda:0')
tensor([1.7903], device='cuda:0')
Epoch 3 Accuracy 10.2 | Loss: 4.2697 | Aggregation time: 1.867
tensor([1.8213], device='cuda:0')
tensor([1.8325], device='cuda:0')
tensor([1.8260], device='cuda:0')
tensor([1.7986], device='cuda:0')
tensor([1.8061], device='cuda:0')
tensor([1.7856], device='cuda:0')
tensor([1.7715], device='cuda:0')
tensor([1.7811], device='cuda:0')
tensor([1.7920], device='cuda:0')
tensor([1.8018], device='cuda:0')
Epoch 4 Accuracy 10.2 | Loss: 4.296 | Aggregation time: 2.426
tensor([1.7664], device='cuda:0')
tensor([1.7595], device='cuda:0')
tensor([1.7595], device='cuda:0')
tensor([1.7829], device='cuda:0')
tensor([1.7857], device='cuda:0')
tensor([1.7574], device='cuda:0')
tensor([1.7712], device='cuda:0')
tensor([1.7724], device='cuda:0')
tensor([1.7936], device='cuda:0')
Epoch 5 Accuracy 10.2 | Loss: 4.2815 | Aggregation time: 2.908
tensor([1.7985], device='cuda:0')
tensor([1.8458], device='cuda:0')
tensor([1.8287], device='cuda:0')
tensor([1.8308], device='cuda:0')
tensor([1.8240], device='cuda:0')
tensor([1.7868], device='cuda:0')
tensor([1.7554], device='cuda:0')
tensor([1.7649], device='cuda:0')
tensor([1.7672], device='cuda:0')
tensor([1.7415], device='cuda:0')
Epoch 6 Accuracy 10.2 | Loss: 4.2902 | Aggregation time: 3.529
tensor([1.7552], device='cuda:0')
tensor([1.7665], device='cuda:0')
tensor([1.7634], device='cuda:0')
tensor([1.7290], device='cuda:0')
tensor([1.7398], device='cuda:0')
tensor([1.7761], device='cuda:0')
tensor([1.7782], device='cuda:0')
tensor([1.7649], device='cuda:0')
tensor([1.7566], device='cuda:0')
tensor([1.8026], device='cuda:0')
Epoch 7 Accuracy 10.2 | Loss: 4.2854 | Aggregation time: 4.091
tensor([1.7707], device='cuda:0')
tensor([1.7555], device='cuda:0')
tensor([1.7471], device='cuda:0')
tensor([1.8006], device='cuda:0')
tensor([1.7599], device='cuda:0')
tensor([1.8090], device='cuda:0')
tensor([1.8545], device='cuda:0')
tensor([1.8132], device='cuda:0')
tensor([1.7743], device='cuda:0')
tensor([1.7569], device='cuda:0')
Epoch 8 Accuracy 10.2 | Loss: 4.2936 | Aggregation time: 4.715
tensor([1.7933], device='cuda:0')
tensor([1.8024], device='cuda:0')
tensor([1.7746], device='cuda:0')
tensor([1.7597], device='cuda:0')
tensor([1.7301], device='cuda:0')
tensor([1.7436], device='cuda:0')
tensor([1.7288], device='cuda:0')
tensor([1.7210], device='cuda:0')
tensor([1.7501], device='cuda:0')
Epoch 9 Accuracy 10.2 | Loss: 4.304 | Aggregation time: 5.246
tensor([1.7617], device='cuda:0')
tensor([1.7656], device='cuda:0')
tensor([1.7523], device='cuda:0')
tensor([1.7171], device='cuda:0')
tensor([1.7192], device='cuda:0')
tensor([1.7223], device='cuda:0')
tensor([1.7021], device='cuda:0')
tensor([1.7292], device='cuda:0')
tensor([1.7350], device='cuda:0')
tensor([1.7540], device='cuda:0')
Epoch 10 Accuracy 10.2 | Loss: 4.2816 | Aggregation time: 5.817
tensor([1.7871], device='cuda:0')
tensor([1.7911], device='cuda:0')
tensor([1.7855], device='cuda:0')
tensor([1.7430], device='cuda:0')
tensor([1.7417], device='cuda:0')
tensor([1.7504], device='cuda:0')
tensor([1.7446], device='cuda:0')
tensor([1.7423], device='cuda:0')
tensor([1.7991], device='cuda:0')
tensor([1.8191], device='cuda:0')
Epoch 11 Accuracy 10.2 | Loss: 4.2608 | Aggregation time: 6.395
tensor([1.8390], device='cuda:0')
tensor([1.7668], device='cuda:0')
tensor([1.7776], device='cuda:0')
tensor([1.7832], device='cuda:0')
tensor([1.7865], device='cuda:0')
tensor([1.7795], device='cuda:0')
tensor([1.7469], device='cuda:0')
tensor([1.7724], device='cuda:0')
tensor([1.7297], device='cuda:0')
tensor([1.7285], device='cuda:0')
Epoch 12 Accuracy 10.2 | Loss: 4.2819 | Aggregation time: 6.982
tensor([1.7600], device='cuda:0')
tensor([1.7414], device='cuda:0')
tensor([1.7583], device='cuda:0')
tensor([1.7807], device='cuda:0')
tensor([1.7567], device='cuda:0')
tensor([1.7188], device='cuda:0')
tensor([1.7374], device='cuda:0')
tensor([1.7251], device='cuda:0')
tensor([1.7340], device='cuda:0')
Epoch 13 Accuracy 10.2 | Loss: 4.2633 | Aggregation time: 7.497
tensor([1.7114], device='cuda:0')
tensor([1.7227], device='cuda:0')
tensor([1.7412], device='cuda:0')
tensor([1.7402], device='cuda:0')
tensor([1.7681], device='cuda:0')
tensor([1.7893], device='cuda:0')
tensor([1.8057], device='cuda:0')
tensor([1.8124], device='cuda:0')
tensor([1.8034], device='cuda:0')
tensor([1.7846], device='cuda:0')
Epoch 14 Accuracy 10.2 | Loss: 4.2711 | Aggregation time: 8.14
tensor([1.7817], device='cuda:0')
tensor([1.7771], device='cuda:0')
tensor([1.7889], device='cuda:0')
tensor([1.8079], device='cuda:0')
tensor([1.8333], device='cuda:0')
tensor([1.8200], device='cuda:0')
tensor([1.7895], device='cuda:0')
tensor([1.8208], device='cuda:0')
tensor([1.7494], device='cuda:0')
tensor([1.7345], device='cuda:0')
Epoch 15 Accuracy 10.2 | Loss: 4.2774 | Aggregation time: 8.693
tensor([1.7612], device='cuda:0')
tensor([1.7719], device='cuda:0')
tensor([1.7801], device='cuda:0')
tensor([1.7803], device='cuda:0')
tensor([1.7566], device='cuda:0')
tensor([1.7420], device='cuda:0')
tensor([1.7248], device='cuda:0')
tensor([1.7312], device='cuda:0')
tensor([1.7187], device='cuda:0')
tensor([1.7195], device='cuda:0')
Epoch 16 Accuracy 10.2 | Loss: 4.2771 | Aggregation time: 9.276
tensor([1.7182], device='cuda:0')
tensor([1.7396], device='cuda:0')
tensor([1.7663], device='cuda:0')
tensor([1.8049], device='cuda:0')
tensor([1.7944], device='cuda:0')
tensor([1.7872], device='cuda:0')
tensor([1.7485], device='cuda:0')
tensor([1.7265], device='cuda:0')
tensor([1.7757], device='cuda:0')
tensor([1.7994], device='cuda:0')
Epoch 17 Accuracy 10.2 | Loss: 4.2696 | Aggregation time: 9.974
tensor([1.7731], device='cuda:0')
tensor([1.8027], device='cuda:0')
tensor([1.8594], device='cuda:0')
tensor([1.8253], device='cuda:0')
tensor([1.8449], device='cuda:0')
tensor([1.8074], device='cuda:0')
tensor([1.7862], device='cuda:0')
tensor([1.7545], device='cuda:0')
tensor([1.7660], device='cuda:0')
Epoch 18 Accuracy 10.2 | Loss: 4.2847 | Aggregation time: 10.562
tensor([1.7242], device='cuda:0')
tensor([1.7349], device='cuda:0')
tensor([1.7455], device='cuda:0')
tensor([1.7971], device='cuda:0')
tensor([1.8001], device='cuda:0')
tensor([1.7805], device='cuda:0')
tensor([1.8127], device='cuda:0')
tensor([1.8048], device='cuda:0')
tensor([1.7619], device='cuda:0')
tensor([1.6948], device='cuda:0')
Epoch 19 Accuracy 10.2 | Loss: 4.2785 | Aggregation time: 11.127
tensor([1.7083], device='cuda:0')
tensor([1.7513], device='cuda:0')
tensor([1.7748], device='cuda:0')
tensor([1.7145], device='cuda:0')
tensor([1.7107], device='cuda:0')
tensor([1.7277], device='cuda:0')
tensor([1.7151], device='cuda:0')
tensor([1.7000], device='cuda:0')
tensor([1.7223], device='cuda:0')
tensor([1.7174], device='cuda:0')
Epoch 20 Accuracy 10.2 | Loss: 4.284 | Aggregation time: 11.674
tensor([1.7702], device='cuda:0')
tensor([1.7463], device='cuda:0')
tensor([1.7666], device='cuda:0')
tensor([1.7339], device='cuda:0')
tensor([1.7589], device='cuda:0')
tensor([1.7647], device='cuda:0')
tensor([1.7920], device='cuda:0')
tensor([1.7928], device='cuda:0')
tensor([1.7336], device='cuda:0')
tensor([1.7745], device='cuda:0')
Epoch 21 Accuracy 10.2 | Loss: 4.2822 | Aggregation time: 12.231
tensor([1.7306], device='cuda:0')
tensor([1.7586], device='cuda:0')
tensor([1.7403], device='cuda:0')
tensor([1.7632], device='cuda:0')
tensor([1.8033], device='cuda:0')
tensor([1.8073], device='cuda:0')
tensor([1.8343], device='cuda:0')
tensor([1.8587], device='cuda:0')
tensor([1.8391], device='cuda:0')
Epoch 22 Accuracy 10.2 | Loss: 4.286 | Aggregation time: 12.758
tensor([1.8811], device='cuda:0')
tensor([1.8401], device='cuda:0')
tensor([1.7579], device='cuda:0')
tensor([1.7660], device='cuda:0')
tensor([1.7936], device='cuda:0')
tensor([1.7907], device='cuda:0')
tensor([1.7839], device='cuda:0')
tensor([1.7404], device='cuda:0')
tensor([1.7434], device='cuda:0')
tensor([1.7292], device='cuda:0')
Epoch 23 Accuracy 10.2 | Loss: 4.276 | Aggregation time: 13.304
tensor([1.7263], device='cuda:0')
tensor([1.7065], device='cuda:0')
tensor([1.7251], device='cuda:0')
tensor([1.7723], device='cuda:0')
tensor([1.7706], device='cuda:0')
tensor([1.7434], device='cuda:0')
tensor([1.7428], device='cuda:0')
tensor([1.7755], device='cuda:0')
tensor([1.7923], device='cuda:0')
tensor([1.8109], device='cuda:0')
Epoch 24 Accuracy 10.2 | Loss: 4.257 | Aggregation time: 13.866
tensor([1.8489], device='cuda:0')
tensor([1.7823], device='cuda:0')
tensor([1.7824], device='cuda:0')
tensor([1.7590], device='cuda:0')
tensor([1.7459], device='cuda:0')
tensor([1.7062], device='cuda:0')
tensor([1.6846], device='cuda:0')
tensor([1.6639], device='cuda:0')
tensor([1.6607], device='cuda:0')
tensor([1.6909], device='cuda:0')
Epoch 25 Accuracy 10.2 | Loss: 4.2793 | Aggregation time: 14.489
tensor([1.7167], device='cuda:0')
tensor([1.7451], device='cuda:0')
tensor([1.7850], device='cuda:0')
tensor([1.8053], device='cuda:0')
tensor([1.7353], device='cuda:0')
tensor([1.7411], device='cuda:0')
tensor([1.7507], device='cuda:0')
tensor([1.7714], device='cuda:0')
tensor([1.7643], device='cuda:0')
Epoch 26 Accuracy 10.2 | Loss: 4.2821 | Aggregation time: 14.996
tensor([1.7740], device='cuda:0')
tensor([1.8261], device='cuda:0')
tensor([1.8196], device='cuda:0')
tensor([1.8634], device='cuda:0')
tensor([1.8467], device='cuda:0')
tensor([1.7759], device='cuda:0')
tensor([1.7636], device='cuda:0')
tensor([1.7780], device='cuda:0')
tensor([1.8307], device='cuda:0')
tensor([1.8143], device='cuda:0')
Epoch 27 Accuracy 10.2 | Loss: 4.3045 | Aggregation time: 15.613
tensor([1.7848], device='cuda:0')
tensor([1.7786], device='cuda:0')
tensor([1.7723], device='cuda:0')
tensor([1.7641], device='cuda:0')
tensor([1.7777], device='cuda:0')
tensor([1.7714], device='cuda:0')
tensor([1.7509], device='cuda:0')
tensor([1.7282], device='cuda:0')
tensor([1.7124], device='cuda:0')
tensor([1.7446], device='cuda:0')
Epoch 28 Accuracy 10.2 | Loss: 4.2805 | Aggregation time: 16.187
tensor([1.7463], device='cuda:0')
tensor([1.7116], device='cuda:0')
tensor([1.7095], device='cuda:0')
tensor([1.7188], device='cuda:0')
tensor([1.7387], device='cuda:0')
tensor([1.7769], device='cuda:0')
tensor([1.7769], device='cuda:0')
tensor([1.7858], device='cuda:0')
tensor([1.7761], device='cuda:0')
tensor([1.7997], device='cuda:0')
Epoch 29 Accuracy 10.2 | Loss: 4.2833 | Aggregation time: 16.849
tensor([1.8676], device='cuda:0')
tensor([1.9008], device='cuda:0')
tensor([1.8820], device='cuda:0')
tensor([1.8436], device='cuda:0')
tensor([1.8046], device='cuda:0')
tensor([1.7886], device='cuda:0')
tensor([1.8126], device='cuda:0')
tensor([1.7943], device='cuda:0')
tensor([1.7846], device='cuda:0')
Epoch 30 Accuracy 10.2 | Loss: 4.289 | Aggregation time: 17.384
tensor([1.7473], device='cuda:0')
tensor([1.7546], device='cuda:0')
tensor([1.7710], device='cuda:0')
tensor([1.7310], device='cuda:0')
tensor([1.7199], device='cuda:0')
tensor([1.6998], device='cuda:0')
tensor([1.7255], device='cuda:0')
tensor([1.7195], device='cuda:0')
tensor([1.7431], device='cuda:0')
tensor([1.7776], device='cuda:0')
Epoch 31 Accuracy 10.2 | Loss: 4.2873 | Aggregation time: 18.046
tensor([1.7691], device='cuda:0')
tensor([1.8139], device='cuda:0')
tensor([1.8272], device='cuda:0')
tensor([1.8836], device='cuda:0')
tensor([1.8340], device='cuda:0')
tensor([1.8165], device='cuda:0')
tensor([1.8325], device='cuda:0')
tensor([1.8308], device='cuda:0')
tensor([1.8213], device='cuda:0')
tensor([1.8192], device='cuda:0')
Epoch 32 Accuracy 10.2 | Loss: 4.2893 | Aggregation time: 18.703
tensor([1.8376], device='cuda:0')
tensor([1.8877], device='cuda:0')
tensor([1.9283], device='cuda:0')
tensor([1.8949], device='cuda:0')
tensor([1.8945], device='cuda:0')
tensor([1.8700], device='cuda:0')
tensor([1.9138], device='cuda:0')
tensor([1.9502], device='cuda:0')
tensor([1.9389], device='cuda:0')
tensor([1.9012], device='cuda:0')
Epoch 33 Accuracy 10.2 | Loss: 4.2652 | Aggregation time: 19.33
tensor([1.9302], device='cuda:0')
tensor([1.8775], device='cuda:0')
tensor([1.8824], device='cuda:0')
tensor([1.9107], device='cuda:0')
tensor([1.9242], device='cuda:0')
tensor([1.9141], device='cuda:0')
tensor([1.9293], device='cuda:0')
tensor([1.9051], device='cuda:0')
tensor([1.8622], device='cuda:0')
tensor([1.8384], device='cuda:0')
Epoch 34 Accuracy 10.2 | Loss: 4.2826 | Aggregation time: 19.892
tensor([1.8086], device='cuda:0')
tensor([1.8112], device='cuda:0')
tensor([1.8037], device='cuda:0')
tensor([1.7806], device='cuda:0')
tensor([1.7867], device='cuda:0')
tensor([1.8131], device='cuda:0')
tensor([1.8026], device='cuda:0')
tensor([1.8017], device='cuda:0')
tensor([1.8095], device='cuda:0')
Epoch 35 Accuracy 10.2 | Loss: 4.2733 | Aggregation time: 20.433
tensor([1.8102], device='cuda:0')
tensor([1.8153], device='cuda:0')
tensor([1.8245], device='cuda:0')
tensor([1.8180], device='cuda:0')
tensor([1.8290], device='cuda:0')
tensor([1.8125], device='cuda:0')
tensor([1.7784], device='cuda:0')
tensor([1.7935], device='cuda:0')
tensor([1.8066], device='cuda:0')
tensor([1.7915], device='cuda:0')
Epoch 36 Accuracy 10.2 | Loss: 4.2653 | Aggregation time: 20.985
tensor([1.7950], device='cuda:0')
tensor([1.7838], device='cuda:0')
tensor([1.7967], device='cuda:0')
tensor([1.7760], device='cuda:0')
tensor([1.7858], device='cuda:0')
tensor([1.7819], device='cuda:0')
tensor([1.8150], device='cuda:0')
tensor([1.8389], device='cuda:0')
tensor([1.8232], device='cuda:0')
tensor([1.8310], device='cuda:0')
Epoch 37 Accuracy 10.2 | Loss: 4.2922 | Aggregation time: 21.631
tensor([1.8178], device='cuda:0')
tensor([1.8071], device='cuda:0')
tensor([1.8173], device='cuda:0')
tensor([1.8191], device='cuda:0')
tensor([1.8080], device='cuda:0')
tensor([1.7911], device='cuda:0')
tensor([1.8001], device='cuda:0')
tensor([1.8035], device='cuda:0')
tensor([1.8084], device='cuda:0')
tensor([1.8284], device='cuda:0')
Epoch 38 Accuracy 10.2 | Loss: 4.2581 | Aggregation time: 22.181
tensor([1.8723], device='cuda:0')
tensor([1.9205], device='cuda:0')
tensor([1.8785], device='cuda:0')
tensor([1.8126], device='cuda:0')
tensor([1.7814], device='cuda:0')
tensor([1.7854], device='cuda:0')
tensor([1.8014], device='cuda:0')
tensor([1.7944], device='cuda:0')
tensor([1.7829], device='cuda:0')
Epoch 39 Accuracy 10.2 | Loss: 4.273 | Aggregation time: 22.668
tensor([1.8128], device='cuda:0')
tensor([1.7998], device='cuda:0')
tensor([1.7877], device='cuda:0')
tensor([1.7844], device='cuda:0')
tensor([1.7881], device='cuda:0')
tensor([1.7874], device='cuda:0')
tensor([1.7878], device='cuda:0')
tensor([1.8000], device='cuda:0')
tensor([1.7999], device='cuda:0')
tensor([1.7872], device='cuda:0')
Epoch 40 Accuracy 10.2 | Loss: 4.2855 | Aggregation time: 23.282
tensor([1.7801], device='cuda:0')
tensor([1.7704], device='cuda:0')
tensor([1.7747], device='cuda:0')
tensor([1.7724], device='cuda:0')
tensor([1.8027], device='cuda:0')
tensor([1.8170], device='cuda:0')
tensor([1.7724], device='cuda:0')
tensor([1.7722], device='cuda:0')
tensor([1.7781], device='cuda:0')
tensor([1.7825], device='cuda:0')
Epoch 41 Accuracy 10.2 | Loss: 4.2804 | Aggregation time: 23.823
tensor([1.7938], device='cuda:0')
tensor([1.7883], device='cuda:0')
tensor([1.7826], device='cuda:0')
tensor([1.8083], device='cuda:0')
tensor([1.8275], device='cuda:0')
tensor([1.8041], device='cuda:0')
tensor([1.8205], device='cuda:0')
tensor([1.8494], device='cuda:0')
tensor([1.8247], device='cuda:0')
tensor([1.8025], device='cuda:0')
Epoch 42 Accuracy 10.2 | Loss: 4.2838 | Aggregation time: 24.375
tensor([1.7993], device='cuda:0')
tensor([1.8133], device='cuda:0')
tensor([1.8193], device='cuda:0')
tensor([1.8288], device='cuda:0')
tensor([1.8426], device='cuda:0')
tensor([1.8515], device='cuda:0')
tensor([1.8482], device='cuda:0')
tensor([1.8399], device='cuda:0')
tensor([1.8290], device='cuda:0')
Epoch 43 Accuracy 10.2 | Loss: 4.275 | Aggregation time: 24.881
tensor([1.8281], device='cuda:0')
tensor([1.8412], device='cuda:0')
tensor([1.8027], device='cuda:0')
tensor([1.8209], device='cuda:0')
tensor([1.8484], device='cuda:0')
tensor([1.8130], device='cuda:0')
tensor([1.8480], device='cuda:0')
tensor([1.8424], device='cuda:0')
tensor([1.8606], device='cuda:0')
tensor([1.8058], device='cuda:0')
Epoch 44 Accuracy 10.2 | Loss: 4.283 | Aggregation time: 25.459
tensor([1.8443], device='cuda:0')
tensor([1.8208], device='cuda:0')
tensor([1.8069], device='cuda:0')
tensor([1.8159], device='cuda:0')
tensor([1.7943], device='cuda:0')
tensor([1.7949], device='cuda:0')
tensor([1.7414], device='cuda:0')
tensor([1.7255], device='cuda:0')
tensor([1.7371], device='cuda:0')
tensor([1.7278], device='cuda:0')
Epoch 45 Accuracy 10.2 | Loss: 4.2736 | Aggregation time: 25.999
tensor([1.7244], device='cuda:0')
tensor([1.7267], device='cuda:0')
tensor([1.7431], device='cuda:0')
tensor([1.7760], device='cuda:0')
tensor([1.8059], device='cuda:0')
tensor([1.8003], device='cuda:0')
tensor([1.8159], device='cuda:0')
tensor([1.8014], device='cuda:0')
tensor([1.7590], device='cuda:0')
tensor([1.7524], device='cuda:0')
Epoch 46 Accuracy 10.2 | Loss: 4.2781 | Aggregation time: 26.609
tensor([1.7793], device='cuda:0')
tensor([1.7575], device='cuda:0')
tensor([1.7682], device='cuda:0')
tensor([1.7825], device='cuda:0')
tensor([1.7910], device='cuda:0')
tensor([1.7587], device='cuda:0')
tensor([1.7706], device='cuda:0')
tensor([1.7796], device='cuda:0')
tensor([1.7657], device='cuda:0')
Epoch 47 Accuracy 10.2 | Loss: 4.2882 | Aggregation time: 27.107
tensor([1.7572], device='cuda:0')
tensor([1.7710], device='cuda:0')
tensor([1.7697], device='cuda:0')
tensor([1.7855], device='cuda:0')
tensor([1.7919], device='cuda:0')
tensor([1.7799], device='cuda:0')
tensor([1.7570], device='cuda:0')
tensor([1.7559], device='cuda:0')
tensor([1.7397], device='cuda:0')
tensor([1.7372], device='cuda:0')
Epoch 48 Accuracy 10.2 | Loss: 4.2837 | Aggregation time: 27.683
tensor([1.7377], device='cuda:0')
tensor([1.7200], device='cuda:0')
tensor([1.7254], device='cuda:0')
tensor([1.7161], device='cuda:0')
tensor([1.7408], device='cuda:0')
tensor([1.7349], device='cuda:0')
tensor([1.7447], device='cuda:0')
tensor([1.7577], device='cuda:0')
tensor([1.7876], device='cuda:0')
tensor([1.7821], device='cuda:0')
Epoch 49 Accuracy 10.2 | Loss: 4.2904 | Aggregation time: 28.261
tensor([1.8461], device='cuda:0')
tensor([1.7733], device='cuda:0')
tensor([1.7900], device='cuda:0')
tensor([1.7836], device='cuda:0')
tensor([1.7783], device='cuda:0')
tensor([1.7618], device='cuda:0')
tensor([1.7525], device='cuda:0')
tensor([1.7419], device='cuda:0')
tensor([1.7460], device='cuda:0')
tensor([1.7481], device='cuda:0')
Epoch 50 Accuracy 10.2 | Loss: 4.2743 | Aggregation time: 28.83
