C:\Users\user\Desktop\IoT\FLTG-implementation\FL-Byzantine-Library\client.py:43: UserWarning: To copy construct from a tensor, it is recommended to use sourceTensor.clone().detach() or sourceTensor.clone().detach().requires_grad_(True), rather than torch.tensor(sourceTensor).
  self.momentum = torch.tensor(torch.zeros_like(flat_model, device=self.device))
Files already downloaded and verified
Files already downloaded and verified
number of parameters  0.697 M
tensor([1.7549], device='cuda:0')
tensor([1.8778], device='cuda:0')
tensor([1.8990], device='cuda:0')
tensor([1.9131], device='cuda:0')
tensor([1.9150], device='cuda:0')
tensor([1.8861], device='cuda:0')
tensor([1.8399], device='cuda:0')
tensor([1.8199], device='cuda:0')
tensor([1.8160], device='cuda:0')
tensor([1.8116], device='cuda:0')
Epoch 1 Accuracy 10.0 | Loss: 3.6661 | Aggregation time: 0.467
tensor([1.7917], device='cuda:0')
tensor([1.7259], device='cuda:0')
tensor([1.6967], device='cuda:0')
tensor([1.7191], device='cuda:0')
tensor([1.7332], device='cuda:0')
tensor([1.7591], device='cuda:0')
tensor([1.6963], device='cuda:0')
tensor([1.6356], device='cuda:0')
tensor([1.7308], device='cuda:0')
tensor([1.8637], device='cuda:0')
Epoch 2 Accuracy 10.0 | Loss: 7.233 | Aggregation time: 0.908
tensor([2.0048], device='cuda:0')
tensor([2.0246], device='cuda:0')
tensor([1.8812], device='cuda:0')
tensor([1.8544], device='cuda:0')
tensor([1.8792], device='cuda:0')
tensor([1.7894], device='cuda:0')
tensor([1.8000], device='cuda:0')
tensor([1.7851], device='cuda:0')
tensor([1.8132], device='cuda:0')
tensor([1.8794], device='cuda:0')
Epoch 3 Accuracy 10.0 | Loss: 7.6991 | Aggregation time: 1.322
tensor([1.9228], device='cuda:0')
tensor([1.8824], device='cuda:0')
tensor([1.8708], device='cuda:0')
tensor([1.8791], device='cuda:0')
tensor([1.8058], device='cuda:0')
tensor([1.7911], device='cuda:0')
tensor([1.7190], device='cuda:0')
tensor([1.7138], device='cuda:0')
tensor([1.7642], device='cuda:0')
tensor([1.7718], device='cuda:0')
Epoch 4 Accuracy 10.0 | Loss: 8.8021 | Aggregation time: 1.744
tensor([1.6973], device='cuda:0')
tensor([1.6532], device='cuda:0')
tensor([1.6652], device='cuda:0')
tensor([1.6694], device='cuda:0')
tensor([1.7228], device='cuda:0')
tensor([1.7077], device='cuda:0')
tensor([1.7093], device='cuda:0')
tensor([1.7440], device='cuda:0')
tensor([1.7627], device='cuda:0')
Epoch 5 Accuracy 11.3 | Loss: 9.0639 | Aggregation time: 2.183
tensor([1.7400], device='cuda:0')
tensor([1.7974], device='cuda:0')
tensor([1.8410], device='cuda:0')
tensor([1.8162], device='cuda:0')
tensor([1.7600], device='cuda:0')
tensor([1.7707], device='cuda:0')
tensor([1.7774], device='cuda:0')
tensor([1.7859], device='cuda:0')
tensor([1.7515], device='cuda:0')
tensor([1.7134], device='cuda:0')
Epoch 6 Accuracy 12.4 | Loss: 8.4765 | Aggregation time: 2.632
tensor([1.6985], device='cuda:0')
tensor([1.7412], device='cuda:0')
tensor([1.6499], device='cuda:0')
tensor([1.6809], device='cuda:0')
tensor([1.6645], device='cuda:0')
tensor([1.5863], device='cuda:0')
tensor([1.6023], device='cuda:0')
tensor([1.5870], device='cuda:0')
tensor([1.6101], device='cuda:0')
tensor([1.6354], device='cuda:0')
Epoch 7 Accuracy 12.7 | Loss: 8.4825 | Aggregation time: 3.06
tensor([1.6830], device='cuda:0')
tensor([1.6455], device='cuda:0')
tensor([1.6874], device='cuda:0')
tensor([1.7055], device='cuda:0')
tensor([1.7595], device='cuda:0')
tensor([1.7642], device='cuda:0')
tensor([1.7601], device='cuda:0')
tensor([1.7503], device='cuda:0')
tensor([1.7440], device='cuda:0')
tensor([1.7015], device='cuda:0')
Epoch 8 Accuracy 11.5 | Loss: 7.9881 | Aggregation time: 3.522
tensor([1.6410], device='cuda:0')
tensor([1.6621], device='cuda:0')
tensor([1.6364], device='cuda:0')
tensor([1.6341], device='cuda:0')
tensor([1.6220], device='cuda:0')
tensor([1.6144], device='cuda:0')
tensor([1.6265], device='cuda:0')
tensor([1.6517], device='cuda:0')
tensor([1.6645], device='cuda:0')
Epoch 9 Accuracy 14.7 | Loss: 7.5828 | Aggregation time: 3.947
tensor([1.6931], device='cuda:0')
tensor([1.6651], device='cuda:0')
tensor([1.6268], device='cuda:0')
tensor([1.6173], device='cuda:0')
tensor([1.6279], device='cuda:0')
tensor([1.6355], device='cuda:0')
tensor([1.6379], device='cuda:0')
tensor([1.6233], device='cuda:0')
tensor([1.6122], device='cuda:0')
tensor([1.6270], device='cuda:0')
Epoch 10 Accuracy 12.8 | Loss: 7.1071 | Aggregation time: 4.415
tensor([1.6541], device='cuda:0')
tensor([1.6478], device='cuda:0')
tensor([1.6510], device='cuda:0')
tensor([1.6494], device='cuda:0')
tensor([1.6560], device='cuda:0')
tensor([1.6952], device='cuda:0')
tensor([1.6491], device='cuda:0')
tensor([1.6265], device='cuda:0')
tensor([1.6029], device='cuda:0')
tensor([1.5659], device='cuda:0')
Epoch 11 Accuracy 12.5 | Loss: 7.3437 | Aggregation time: 4.865
tensor([1.5624], device='cuda:0')
tensor([1.5838], device='cuda:0')
tensor([1.5696], device='cuda:0')
tensor([1.5665], device='cuda:0')
tensor([1.5192], device='cuda:0')
tensor([1.5082], device='cuda:0')
tensor([1.4864], device='cuda:0')
tensor([1.4837], device='cuda:0')
tensor([1.4622], device='cuda:0')
tensor([1.4792], device='cuda:0')
Epoch 12 Accuracy 13.700000000000001 | Loss: 6.8939 | Aggregation time: 5.339
tensor([1.4956], device='cuda:0')
tensor([1.4704], device='cuda:0')
tensor([1.4770], device='cuda:0')
tensor([1.5330], device='cuda:0')
tensor([1.5323], device='cuda:0')
tensor([1.5511], device='cuda:0')
tensor([1.5373], device='cuda:0')
tensor([1.5341], device='cuda:0')
tensor([1.5502], device='cuda:0')
Epoch 13 Accuracy 13.8 | Loss: 6.3803 | Aggregation time: 5.75
tensor([1.5593], device='cuda:0')
tensor([1.5422], device='cuda:0')
tensor([1.5681], device='cuda:0')
tensor([1.5670], device='cuda:0')
tensor([1.5503], device='cuda:0')
tensor([1.5780], device='cuda:0')
tensor([1.5721], device='cuda:0')
tensor([1.5709], device='cuda:0')
tensor([1.5402], device='cuda:0')
tensor([1.5705], device='cuda:0')
Epoch 14 Accuracy 14.6 | Loss: 6.9255 | Aggregation time: 6.164
tensor([1.5993], device='cuda:0')
tensor([1.5903], device='cuda:0')
tensor([1.6046], device='cuda:0')
tensor([1.6426], device='cuda:0')
tensor([1.6074], device='cuda:0')
tensor([1.6157], device='cuda:0')
tensor([1.5384], device='cuda:0')
tensor([1.5194], device='cuda:0')
tensor([1.5224], device='cuda:0')
tensor([1.5148], device='cuda:0')
Epoch 15 Accuracy 16.8 | Loss: 6.2777 | Aggregation time: 6.803
tensor([1.5399], device='cuda:0')
tensor([1.5539], device='cuda:0')
tensor([1.5772], device='cuda:0')
tensor([1.5925], device='cuda:0')
tensor([1.5469], device='cuda:0')
tensor([1.5565], device='cuda:0')
tensor([1.5236], device='cuda:0')
tensor([1.5502], device='cuda:0')
tensor([1.6351], device='cuda:0')
tensor([1.6775], device='cuda:0')
Epoch 16 Accuracy 12.7 | Loss: 6.1955 | Aggregation time: 7.226
tensor([1.7068], device='cuda:0')
tensor([1.7303], device='cuda:0')
tensor([1.7648], device='cuda:0')
tensor([1.7742], device='cuda:0')
tensor([1.7876], device='cuda:0')
tensor([1.7882], device='cuda:0')
tensor([1.7424], device='cuda:0')
tensor([1.7311], device='cuda:0')
tensor([1.7121], device='cuda:0')
tensor([1.7069], device='cuda:0')
Epoch 17 Accuracy 16.2 | Loss: 6.8788 | Aggregation time: 7.672
tensor([1.7238], device='cuda:0')
tensor([1.7027], device='cuda:0')
tensor([1.7286], device='cuda:0')
tensor([1.6928], device='cuda:0')
tensor([1.6894], device='cuda:0')
tensor([1.7290], device='cuda:0')
tensor([1.7388], device='cuda:0')
tensor([1.7139], device='cuda:0')
tensor([1.7107], device='cuda:0')
Epoch 18 Accuracy 13.700000000000001 | Loss: 6.2899 | Aggregation time: 8.129
tensor([1.6859], device='cuda:0')
tensor([1.6769], device='cuda:0')
tensor([1.6750], device='cuda:0')
tensor([1.6849], device='cuda:0')
tensor([1.6867], device='cuda:0')
tensor([1.6689], device='cuda:0')
tensor([1.6858], device='cuda:0')
tensor([1.6708], device='cuda:0')
tensor([1.6637], device='cuda:0')
tensor([1.6715], device='cuda:0')
Epoch 19 Accuracy 13.4 | Loss: 4.1224 | Aggregation time: 8.591
tensor([1.6771], device='cuda:0')
tensor([1.6896], device='cuda:0')
tensor([1.6842], device='cuda:0')
tensor([1.7077], device='cuda:0')
tensor([1.6994], device='cuda:0')
tensor([1.6917], device='cuda:0')
tensor([1.6711], device='cuda:0')
tensor([1.6594], device='cuda:0')
tensor([1.5984], device='cuda:0')
tensor([1.5892], device='cuda:0')
Epoch 20 Accuracy 12.5 | Loss: 6.8675 | Aggregation time: 9.027
tensor([1.5902], device='cuda:0')
tensor([1.5880], device='cuda:0')
tensor([1.5778], device='cuda:0')
tensor([1.5636], device='cuda:0')
tensor([1.5700], device='cuda:0')
tensor([1.5587], device='cuda:0')
tensor([1.5662], device='cuda:0')
tensor([1.5792], device='cuda:0')
tensor([1.5985], device='cuda:0')
tensor([1.5960], device='cuda:0')
Epoch 21 Accuracy 14.099999999999998 | Loss: 7.7273 | Aggregation time: 9.497
tensor([1.5887], device='cuda:0')
tensor([1.5904], device='cuda:0')
tensor([1.5798], device='cuda:0')
tensor([1.5870], device='cuda:0')
tensor([1.5814], device='cuda:0')
tensor([1.5628], device='cuda:0')
tensor([1.5545], device='cuda:0')
tensor([1.5690], device='cuda:0')
tensor([1.5558], device='cuda:0')
Epoch 22 Accuracy 13.8 | Loss: 6.6844 | Aggregation time: 9.906
tensor([1.5581], device='cuda:0')
tensor([1.5850], device='cuda:0')
tensor([1.5904], device='cuda:0')
tensor([1.5908], device='cuda:0')
tensor([1.6132], device='cuda:0')
tensor([1.6348], device='cuda:0')
tensor([1.6420], device='cuda:0')
tensor([1.6295], device='cuda:0')
tensor([1.6133], device='cuda:0')
tensor([1.5947], device='cuda:0')
Epoch 23 Accuracy 13.900000000000002 | Loss: 6.8883 | Aggregation time: 10.369
tensor([1.5968], device='cuda:0')
tensor([1.6138], device='cuda:0')
tensor([1.6257], device='cuda:0')
tensor([1.6352], device='cuda:0')
tensor([1.6768], device='cuda:0')
tensor([1.6549], device='cuda:0')
tensor([1.6411], device='cuda:0')
tensor([1.6381], device='cuda:0')
tensor([1.6445], device='cuda:0')
tensor([1.6259], device='cuda:0')
Epoch 24 Accuracy 13.8 | Loss: 6.7501 | Aggregation time: 10.825
tensor([1.6056], device='cuda:0')
tensor([1.5814], device='cuda:0')
tensor([1.5864], device='cuda:0')
tensor([1.5846], device='cuda:0')
tensor([1.5828], device='cuda:0')
tensor([1.5793], device='cuda:0')
tensor([1.5748], device='cuda:0')
tensor([1.5822], device='cuda:0')
tensor([1.5898], device='cuda:0')
tensor([1.6017], device='cuda:0')
Epoch 25 Accuracy 13.900000000000002 | Loss: 7.0108 | Aggregation time: 11.242
tensor([1.6174], device='cuda:0')
tensor([1.6180], device='cuda:0')
tensor([1.5872], device='cuda:0')
tensor([1.5759], device='cuda:0')
tensor([1.5747], device='cuda:0')
tensor([1.5882], device='cuda:0')
tensor([1.5837], device='cuda:0')
tensor([1.5554], device='cuda:0')
tensor([1.5638], device='cuda:0')
Epoch 26 Accuracy 13.700000000000001 | Loss: 7.2534 | Aggregation time: 11.732
tensor([1.5585], device='cuda:0')
tensor([1.5631], device='cuda:0')
tensor([1.5693], device='cuda:0')
tensor([1.6075], device='cuda:0')
tensor([1.6269], device='cuda:0')
tensor([1.6003], device='cuda:0')
tensor([1.5651], device='cuda:0')
tensor([1.5979], device='cuda:0')
tensor([1.6375], device='cuda:0')
tensor([1.6252], device='cuda:0')
Epoch 27 Accuracy 14.799999999999999 | Loss: 5.965 | Aggregation time: 12.43
tensor([1.6026], device='cuda:0')
tensor([1.6121], device='cuda:0')
tensor([1.6256], device='cuda:0')
tensor([1.6625], device='cuda:0')
tensor([1.6868], device='cuda:0')
tensor([1.6690], device='cuda:0')
tensor([1.6987], device='cuda:0')
tensor([1.7380], device='cuda:0')
tensor([1.7155], device='cuda:0')
tensor([1.6906], device='cuda:0')
Epoch 28 Accuracy 13.900000000000002 | Loss: 5.7074 | Aggregation time: 12.904
tensor([1.6803], device='cuda:0')
tensor([1.6912], device='cuda:0')
tensor([1.7078], device='cuda:0')
tensor([1.7105], device='cuda:0')
tensor([1.7348], device='cuda:0')
tensor([1.7043], device='cuda:0')
tensor([1.6706], device='cuda:0')
tensor([1.6964], device='cuda:0')
tensor([1.6765], device='cuda:0')
tensor([1.6541], device='cuda:0')
Epoch 29 Accuracy 14.299999999999999 | Loss: 6.4277 | Aggregation time: 13.368
tensor([1.6723], device='cuda:0')
tensor([1.6850], device='cuda:0')
tensor([1.6833], device='cuda:0')
tensor([1.6545], device='cuda:0')
tensor([1.6392], device='cuda:0')
tensor([1.6684], device='cuda:0')
tensor([1.6782], device='cuda:0')
tensor([1.6830], device='cuda:0')
tensor([1.7039], device='cuda:0')
Epoch 30 Accuracy 14.799999999999999 | Loss: 5.8119 | Aggregation time: 13.75
tensor([1.7176], device='cuda:0')
tensor([1.7097], device='cuda:0')
tensor([1.7273], device='cuda:0')
tensor([1.7224], device='cuda:0')
tensor([1.6950], device='cuda:0')
tensor([1.7015], device='cuda:0')
tensor([1.7317], device='cuda:0')
tensor([1.7291], device='cuda:0')
tensor([1.7050], device='cuda:0')
tensor([1.6982], device='cuda:0')
Epoch 31 Accuracy 14.000000000000002 | Loss: 6.2638 | Aggregation time: 14.222
tensor([1.7387], device='cuda:0')
tensor([1.7355], device='cuda:0')
tensor([1.7038], device='cuda:0')
tensor([1.7258], device='cuda:0')
tensor([1.7105], device='cuda:0')
tensor([1.6946], device='cuda:0')
tensor([1.7122], device='cuda:0')
tensor([1.6936], device='cuda:0')
tensor([1.6942], device='cuda:0')
tensor([1.6820], device='cuda:0')
Epoch 32 Accuracy 14.299999999999999 | Loss: 5.9086 | Aggregation time: 14.692
tensor([1.6372], device='cuda:0')
tensor([1.6580], device='cuda:0')
tensor([1.6261], device='cuda:0')
tensor([1.6409], device='cuda:0')
tensor([1.6211], device='cuda:0')
tensor([1.6472], device='cuda:0')
tensor([1.6486], device='cuda:0')
tensor([1.6840], device='cuda:0')
tensor([1.6846], device='cuda:0')
tensor([1.6626], device='cuda:0')
Epoch 33 Accuracy 14.7 | Loss: 6.1832 | Aggregation time: 15.114
tensor([1.6545], device='cuda:0')
tensor([1.7007], device='cuda:0')
tensor([1.7007], device='cuda:0')
tensor([1.6463], device='cuda:0')
tensor([1.6681], device='cuda:0')
tensor([1.7071], device='cuda:0')
tensor([1.7493], device='cuda:0')
tensor([1.7360], device='cuda:0')
tensor([1.7124], device='cuda:0')
tensor([1.7214], device='cuda:0')
Epoch 34 Accuracy 14.299999999999999 | Loss: 5.9324 | Aggregation time: 15.538
tensor([1.7291], device='cuda:0')
tensor([1.7383], device='cuda:0')
tensor([1.7252], device='cuda:0')
tensor([1.7221], device='cuda:0')
tensor([1.6814], device='cuda:0')
tensor([1.6964], device='cuda:0')
tensor([1.7517], device='cuda:0')
tensor([1.7354], device='cuda:0')
tensor([1.7715], device='cuda:0')
Epoch 35 Accuracy 14.399999999999999 | Loss: 6.2579 | Aggregation time: 15.937
tensor([1.7597], device='cuda:0')
tensor([1.7854], device='cuda:0')
tensor([1.7247], device='cuda:0')
tensor([1.6857], device='cuda:0')
tensor([1.6668], device='cuda:0')
tensor([1.6861], device='cuda:0')
tensor([1.6414], device='cuda:0')
tensor([1.7020], device='cuda:0')
tensor([1.7325], device='cuda:0')
tensor([1.7518], device='cuda:0')
Epoch 36 Accuracy 14.299999999999999 | Loss: 6.5765 | Aggregation time: 16.392
tensor([1.7662], device='cuda:0')
tensor([1.7012], device='cuda:0')
tensor([1.7280], device='cuda:0')
tensor([1.7651], device='cuda:0')
tensor([1.7450], device='cuda:0')
tensor([1.6593], device='cuda:0')
tensor([1.6804], device='cuda:0')
tensor([1.7209], device='cuda:0')
tensor([1.7210], device='cuda:0')
tensor([1.6797], device='cuda:0')
Epoch 37 Accuracy 14.2 | Loss: 6.773 | Aggregation time: 16.824
tensor([1.6747], device='cuda:0')
tensor([1.6830], device='cuda:0')
tensor([1.7085], device='cuda:0')
tensor([1.7135], device='cuda:0')
tensor([1.7257], device='cuda:0')
tensor([1.7231], device='cuda:0')
tensor([1.7524], device='cuda:0')
tensor([1.7374], device='cuda:0')
tensor([1.6667], device='cuda:0')
tensor([1.6601], device='cuda:0')
Epoch 38 Accuracy 14.000000000000002 | Loss: 6.8688 | Aggregation time: 17.267
tensor([1.6892], device='cuda:0')
tensor([1.6785], device='cuda:0')
tensor([1.6450], device='cuda:0')
tensor([1.6885], device='cuda:0')
tensor([1.6969], device='cuda:0')
tensor([1.6792], device='cuda:0')
tensor([1.7125], device='cuda:0')
tensor([1.6781], device='cuda:0')
tensor([1.7450], device='cuda:0')
Epoch 39 Accuracy 14.000000000000002 | Loss: 6.9837 | Aggregation time: 17.633
tensor([1.7191], device='cuda:0')
tensor([1.7098], device='cuda:0')
tensor([1.7296], device='cuda:0')
tensor([1.6926], device='cuda:0')
tensor([1.7475], device='cuda:0')
tensor([1.7913], device='cuda:0')
tensor([1.7998], device='cuda:0')
tensor([1.7927], device='cuda:0')
tensor([1.8343], device='cuda:0')
tensor([1.8361], device='cuda:0')
Epoch 40 Accuracy 14.000000000000002 | Loss: 7.0591 | Aggregation time: 18.094
tensor([1.8018], device='cuda:0')
tensor([1.8640], device='cuda:0')
tensor([1.8996], device='cuda:0')
tensor([1.9356], device='cuda:0')
tensor([1.9044], device='cuda:0')
tensor([1.9303], device='cuda:0')
tensor([1.9536], device='cuda:0')
tensor([1.9065], device='cuda:0')
tensor([1.8720], device='cuda:0')
tensor([1.8916], device='cuda:0')
Epoch 41 Accuracy 13.8 | Loss: 7.1432 | Aggregation time: 18.53
tensor([1.8621], device='cuda:0')
tensor([1.8243], device='cuda:0')
tensor([1.7942], device='cuda:0')
tensor([1.7927], device='cuda:0')
tensor([1.7858], device='cuda:0')
tensor([1.8394], device='cuda:0')
tensor([1.8426], device='cuda:0')
tensor([1.8727], device='cuda:0')
tensor([1.8876], device='cuda:0')
tensor([1.8607], device='cuda:0')
Epoch 42 Accuracy 13.900000000000002 | Loss: 7.2302 | Aggregation time: 19.033
tensor([1.8274], device='cuda:0')
tensor([1.8291], device='cuda:0')
tensor([1.8486], device='cuda:0')
tensor([1.8397], device='cuda:0')
tensor([1.8144], device='cuda:0')
tensor([1.8092], device='cuda:0')
tensor([1.7927], device='cuda:0')
tensor([1.7620], device='cuda:0')
tensor([1.7708], device='cuda:0')
Epoch 43 Accuracy 13.900000000000002 | Loss: 7.2613 | Aggregation time: 19.486
tensor([1.7911], device='cuda:0')
tensor([1.7368], device='cuda:0')
tensor([1.7179], device='cuda:0')
tensor([1.7714], device='cuda:0')
tensor([1.7960], device='cuda:0')
tensor([1.8101], device='cuda:0')
tensor([1.8015], device='cuda:0')
tensor([1.7744], device='cuda:0')
tensor([1.7455], device='cuda:0')
tensor([1.7692], device='cuda:0')
Epoch 44 Accuracy 13.8 | Loss: 7.2455 | Aggregation time: 19.982
tensor([1.7726], device='cuda:0')
tensor([1.7846], device='cuda:0')
tensor([1.7602], device='cuda:0')
tensor([1.8115], device='cuda:0')
tensor([1.8144], device='cuda:0')
tensor([1.7861], device='cuda:0')
tensor([1.7621], device='cuda:0')
tensor([1.7642], device='cuda:0')
tensor([1.7571], device='cuda:0')
tensor([1.7756], device='cuda:0')
Epoch 45 Accuracy 13.900000000000002 | Loss: 7.1722 | Aggregation time: 20.42
tensor([1.7640], device='cuda:0')
tensor([1.7760], device='cuda:0')
tensor([1.8283], device='cuda:0')
tensor([1.8427], device='cuda:0')
tensor([1.8448], device='cuda:0')
tensor([1.8275], device='cuda:0')
tensor([1.7869], device='cuda:0')
tensor([1.7882], device='cuda:0')
tensor([1.7969], device='cuda:0')
tensor([1.8123], device='cuda:0')
Epoch 46 Accuracy 14.299999999999999 | Loss: 6.6577 | Aggregation time: 21.001
tensor([1.8085], device='cuda:0')
tensor([1.8194], device='cuda:0')
tensor([1.7871], device='cuda:0')
tensor([1.8038], device='cuda:0')
tensor([1.8251], device='cuda:0')
tensor([1.8088], device='cuda:0')
tensor([1.7306], device='cuda:0')
tensor([1.7590], device='cuda:0')
tensor([1.7427], device='cuda:0')
Epoch 47 Accuracy 14.6 | Loss: 6.1746 | Aggregation time: 21.384
tensor([1.7246], device='cuda:0')
tensor([1.7454], device='cuda:0')
tensor([1.7560], device='cuda:0')
tensor([1.7520], device='cuda:0')
tensor([1.7630], device='cuda:0')
tensor([1.8090], device='cuda:0')
tensor([1.7843], device='cuda:0')
tensor([1.7882], device='cuda:0')
tensor([1.7456], device='cuda:0')
tensor([1.7551], device='cuda:0')
Epoch 48 Accuracy 14.399999999999999 | Loss: 6.3647 | Aggregation time: 21.86
tensor([1.7572], device='cuda:0')
tensor([1.7845], device='cuda:0')
tensor([1.7823], device='cuda:0')
tensor([1.7196], device='cuda:0')
tensor([1.7405], device='cuda:0')
tensor([1.7788], device='cuda:0')
tensor([1.8219], device='cuda:0')
tensor([1.7877], device='cuda:0')
tensor([1.7528], device='cuda:0')
tensor([1.7642], device='cuda:0')
Epoch 49 Accuracy 14.399999999999999 | Loss: 6.6076 | Aggregation time: 22.33
tensor([1.7862], device='cuda:0')
tensor([1.7453], device='cuda:0')
tensor([1.7269], device='cuda:0')
tensor([1.7435], device='cuda:0')
tensor([1.7529], device='cuda:0')
tensor([1.7519], device='cuda:0')
tensor([1.7411], device='cuda:0')
tensor([1.7436], device='cuda:0')
tensor([1.6841], device='cuda:0')
tensor([1.6582], device='cuda:0')
Epoch 50 Accuracy 14.399999999999999 | Loss: 6.7523 | Aggregation time: 22.769
