C:\Users\user\Desktop\IoT\FLTG-implementation\FL-Byzantine-Library\client.py:43: UserWarning: To copy construct from a tensor, it is recommended to use sourceTensor.clone().detach() or sourceTensor.clone().detach().requires_grad_(True), rather than torch.tensor(sourceTensor).
  self.momentum = torch.tensor(torch.zeros_like(flat_model, device=self.device))
Files already downloaded and verified
Files already downloaded and verified
number of parameters  0.697 M
tensor([1.2715], device='cuda:0')
tensor([1.3447], device='cuda:0')
tensor([1.2706], device='cuda:0')
tensor([1.2676], device='cuda:0')
tensor([1.2129], device='cuda:0')
tensor([1.2007], device='cuda:0')
tensor([1.1769], device='cuda:0')
tensor([1.1734], device='cuda:0')
tensor([1.1957], device='cuda:0')
tensor([1.1801], device='cuda:0')
Epoch 1 Accuracy 15.0 | Loss: 2.3699 | Aggregation time: 0.897
tensor([1.1790], device='cuda:0')
tensor([1.1941], device='cuda:0')
tensor([1.2073], device='cuda:0')
tensor([1.2422], device='cuda:0')
tensor([1.2454], device='cuda:0')
tensor([1.2044], device='cuda:0')
tensor([1.2257], device='cuda:0')
tensor([1.2206], device='cuda:0')
tensor([1.2298], device='cuda:0')
tensor([1.2552], device='cuda:0')
Epoch 2 Accuracy 17.4 | Loss: 2.3294 | Aggregation time: 1.635
tensor([1.2571], device='cuda:0')
tensor([1.2358], device='cuda:0')
tensor([1.2429], device='cuda:0')
tensor([1.2398], device='cuda:0')
tensor([1.2249], device='cuda:0')
tensor([1.2243], device='cuda:0')
tensor([1.2448], device='cuda:0')
tensor([1.2263], device='cuda:0')
tensor([1.2379], device='cuda:0')
tensor([1.2509], device='cuda:0')
Epoch 3 Accuracy 23.7 | Loss: 2.2876 | Aggregation time: 2.447
tensor([1.2538], device='cuda:0')
tensor([1.2656], device='cuda:0')
tensor([1.2713], device='cuda:0')
tensor([1.2534], device='cuda:0')
tensor([1.2601], device='cuda:0')
tensor([1.2487], device='cuda:0')
tensor([1.2470], device='cuda:0')
tensor([1.2364], device='cuda:0')
tensor([1.2330], device='cuda:0')
tensor([1.2559], device='cuda:0')
Epoch 4 Accuracy 26.200000000000003 | Loss: 2.1038 | Aggregation time: 3.154
tensor([1.2725], device='cuda:0')
tensor([1.2485], device='cuda:0')
tensor([1.2536], device='cuda:0')
tensor([1.2467], device='cuda:0')
tensor([1.2295], device='cuda:0')
tensor([1.2263], device='cuda:0')
tensor([1.2210], device='cuda:0')
tensor([1.2313], device='cuda:0')
tensor([1.2356], device='cuda:0')
Epoch 5 Accuracy 29.099999999999998 | Loss: 2.0768 | Aggregation time: 3.88
tensor([1.2662], device='cuda:0')
tensor([1.2621], device='cuda:0')
tensor([1.2636], device='cuda:0')
tensor([1.2747], device='cuda:0')
tensor([1.2655], device='cuda:0')
tensor([1.2783], device='cuda:0')
tensor([1.2650], device='cuda:0')
tensor([1.2483], device='cuda:0')
tensor([1.2495], device='cuda:0')
tensor([1.2473], device='cuda:0')
Epoch 6 Accuracy 29.799999999999997 | Loss: 1.9253 | Aggregation time: 4.606
tensor([1.2336], device='cuda:0')
tensor([1.2436], device='cuda:0')
tensor([1.2349], device='cuda:0')
tensor([1.2289], device='cuda:0')
tensor([1.2184], device='cuda:0')
tensor([1.2359], device='cuda:0')
tensor([1.2450], device='cuda:0')
tensor([1.2236], device='cuda:0')
tensor([1.1992], device='cuda:0')
tensor([1.2074], device='cuda:0')
Epoch 7 Accuracy 27.200000000000003 | Loss: 1.9757 | Aggregation time: 5.313
tensor([1.2201], device='cuda:0')
tensor([1.2350], device='cuda:0')
tensor([1.2353], device='cuda:0')
tensor([1.2443], device='cuda:0')
tensor([1.2524], device='cuda:0')
tensor([1.2350], device='cuda:0')
tensor([1.2407], device='cuda:0')
tensor([1.2298], device='cuda:0')
tensor([1.2463], device='cuda:0')
tensor([1.2332], device='cuda:0')
Epoch 8 Accuracy 32.1 | Loss: 1.9184 | Aggregation time: 6.019
tensor([1.2210], device='cuda:0')
tensor([1.2157], device='cuda:0')
tensor([1.2030], device='cuda:0')
tensor([1.2219], device='cuda:0')
tensor([1.2284], device='cuda:0')
tensor([1.2485], device='cuda:0')
tensor([1.2496], device='cuda:0')
tensor([1.2786], device='cuda:0')
tensor([1.2695], device='cuda:0')
Epoch 9 Accuracy 30.8 | Loss: 1.8797 | Aggregation time: 6.807
tensor([1.2560], device='cuda:0')
tensor([1.2471], device='cuda:0')
tensor([1.2730], device='cuda:0')
tensor([1.2870], device='cuda:0')
tensor([1.2816], device='cuda:0')
tensor([1.2903], device='cuda:0')
tensor([1.2706], device='cuda:0')
tensor([1.2720], device='cuda:0')
tensor([1.2645], device='cuda:0')
tensor([1.3003], device='cuda:0')
Epoch 10 Accuracy 36.1 | Loss: 1.8464 | Aggregation time: 7.616
tensor([1.3110], device='cuda:0')
tensor([1.3179], device='cuda:0')
tensor([1.2972], device='cuda:0')
tensor([1.2857], device='cuda:0')
tensor([1.2723], device='cuda:0')
tensor([1.2473], device='cuda:0')
tensor([1.2645], device='cuda:0')
tensor([1.2642], device='cuda:0')
tensor([1.2472], device='cuda:0')
tensor([1.2687], device='cuda:0')
Epoch 11 Accuracy 36.4 | Loss: 1.8602 | Aggregation time: 8.339
tensor([1.2667], device='cuda:0')
tensor([1.2569], device='cuda:0')
tensor([1.2608], device='cuda:0')
tensor([1.2800], device='cuda:0')
tensor([1.3039], device='cuda:0')
tensor([1.2962], device='cuda:0')
tensor([1.3147], device='cuda:0')
tensor([1.3069], device='cuda:0')
tensor([1.3075], device='cuda:0')
tensor([1.3259], device='cuda:0')
Epoch 12 Accuracy 26.400000000000002 | Loss: 1.8356 | Aggregation time: 9.04
tensor([1.3252], device='cuda:0')
tensor([1.3080], device='cuda:0')
tensor([1.3280], device='cuda:0')
tensor([1.3375], device='cuda:0')
tensor([1.3325], device='cuda:0')
tensor([1.3197], device='cuda:0')
tensor([1.2909], device='cuda:0')
tensor([1.3072], device='cuda:0')
tensor([1.2951], device='cuda:0')
Epoch 13 Accuracy 30.5 | Loss: 1.8912 | Aggregation time: 9.653
tensor([1.2983], device='cuda:0')
tensor([1.3155], device='cuda:0')
tensor([1.3021], device='cuda:0')
tensor([1.3026], device='cuda:0')
tensor([1.2877], device='cuda:0')
tensor([1.2829], device='cuda:0')
tensor([1.3035], device='cuda:0')
tensor([1.2878], device='cuda:0')
tensor([1.2947], device='cuda:0')
tensor([1.3043], device='cuda:0')
Epoch 14 Accuracy 36.8 | Loss: 1.7546 | Aggregation time: 10.366
tensor([1.3398], device='cuda:0')
tensor([1.3413], device='cuda:0')
tensor([1.3312], device='cuda:0')
tensor([1.3456], device='cuda:0')
tensor([1.3619], device='cuda:0')
tensor([1.3634], device='cuda:0')
tensor([1.3308], device='cuda:0')
tensor([1.3303], device='cuda:0')
tensor([1.3314], device='cuda:0')
tensor([1.3437], device='cuda:0')
Epoch 15 Accuracy 41.4 | Loss: 1.6575 | Aggregation time: 11.023
tensor([1.3489], device='cuda:0')
tensor([1.3226], device='cuda:0')
tensor([1.3144], device='cuda:0')
tensor([1.3245], device='cuda:0')
tensor([1.3284], device='cuda:0')
tensor([1.3272], device='cuda:0')
tensor([1.3390], device='cuda:0')
tensor([1.3319], device='cuda:0')
tensor([1.3194], device='cuda:0')
tensor([1.3291], device='cuda:0')
Epoch 16 Accuracy 40.300000000000004 | Loss: 1.6748 | Aggregation time: 11.727
tensor([1.3351], device='cuda:0')
tensor([1.3330], device='cuda:0')
tensor([1.3247], device='cuda:0')
tensor([1.3296], device='cuda:0')
tensor([1.3264], device='cuda:0')
tensor([1.3404], device='cuda:0')
tensor([1.3308], device='cuda:0')
tensor([1.3404], device='cuda:0')
tensor([1.3445], device='cuda:0')
tensor([1.3355], device='cuda:0')
Epoch 17 Accuracy 32.0 | Loss: 1.7717 | Aggregation time: 12.374
tensor([1.3458], device='cuda:0')
tensor([1.3173], device='cuda:0')
tensor([1.3213], device='cuda:0')
tensor([1.3248], device='cuda:0')
tensor([1.3300], device='cuda:0')
tensor([1.3165], device='cuda:0')
tensor([1.2985], device='cuda:0')
tensor([1.2914], device='cuda:0')
tensor([1.2918], device='cuda:0')
Epoch 18 Accuracy 39.900000000000006 | Loss: 1.7702 | Aggregation time: 13.043
tensor([1.2976], device='cuda:0')
tensor([1.2952], device='cuda:0')
tensor([1.2726], device='cuda:0')
tensor([1.3038], device='cuda:0')
tensor([1.3002], device='cuda:0')
tensor([1.3089], device='cuda:0')
tensor([1.3070], device='cuda:0')
tensor([1.3145], device='cuda:0')
tensor([1.3307], device='cuda:0')
tensor([1.3172], device='cuda:0')
Epoch 19 Accuracy 40.300000000000004 | Loss: 1.6259 | Aggregation time: 13.775
tensor([1.3239], device='cuda:0')
tensor([1.3186], device='cuda:0')
tensor([1.3131], device='cuda:0')
tensor([1.3160], device='cuda:0')
tensor([1.3083], device='cuda:0')
tensor([1.2991], device='cuda:0')
tensor([1.3003], device='cuda:0')
tensor([1.2869], device='cuda:0')
tensor([1.2843], device='cuda:0')
tensor([1.2675], device='cuda:0')
Epoch 20 Accuracy 38.2 | Loss: 1.5642 | Aggregation time: 14.447
tensor([1.2733], device='cuda:0')
tensor([1.2863], device='cuda:0')
tensor([1.2762], device='cuda:0')
tensor([1.2714], device='cuda:0')
tensor([1.2583], device='cuda:0')
tensor([1.2705], device='cuda:0')
tensor([1.2845], device='cuda:0')
tensor([1.2713], device='cuda:0')
tensor([1.2921], device='cuda:0')
tensor([1.2879], device='cuda:0')
Epoch 21 Accuracy 39.800000000000004 | Loss: 1.6181 | Aggregation time: 15.153
tensor([1.2779], device='cuda:0')
tensor([1.2980], device='cuda:0')
tensor([1.2831], device='cuda:0')
tensor([1.2867], device='cuda:0')
tensor([1.2998], device='cuda:0')
tensor([1.2954], device='cuda:0')
tensor([1.2819], device='cuda:0')
tensor([1.2722], device='cuda:0')
tensor([1.2718], device='cuda:0')
Epoch 22 Accuracy 34.4 | Loss: 1.6806 | Aggregation time: 15.771
tensor([1.2922], device='cuda:0')
tensor([1.2713], device='cuda:0')
tensor([1.2596], device='cuda:0')
tensor([1.2811], device='cuda:0')
tensor([1.2876], device='cuda:0')
tensor([1.2735], device='cuda:0')
tensor([1.2959], device='cuda:0')
tensor([1.2997], device='cuda:0')
tensor([1.2920], device='cuda:0')
tensor([1.3019], device='cuda:0')
Epoch 23 Accuracy 42.699999999999996 | Loss: 1.6019 | Aggregation time: 16.482
tensor([1.2997], device='cuda:0')
tensor([1.3148], device='cuda:0')
tensor([1.3470], device='cuda:0')
tensor([1.3593], device='cuda:0')
tensor([1.3605], device='cuda:0')
tensor([1.3488], device='cuda:0')
tensor([1.3349], device='cuda:0')
tensor([1.3318], device='cuda:0')
tensor([1.3393], device='cuda:0')
tensor([1.3758], device='cuda:0')
Epoch 24 Accuracy 43.0 | Loss: 1.5774 | Aggregation time: 17.278
tensor([1.3718], device='cuda:0')
tensor([1.3595], device='cuda:0')
tensor([1.3626], device='cuda:0')
tensor([1.3679], device='cuda:0')
tensor([1.3598], device='cuda:0')
tensor([1.3591], device='cuda:0')
tensor([1.3311], device='cuda:0')
tensor([1.3504], device='cuda:0')
tensor([1.3274], device='cuda:0')
tensor([1.3450], device='cuda:0')
Epoch 25 Accuracy 42.6 | Loss: 1.4618 | Aggregation time: 18.018
tensor([1.3653], device='cuda:0')
tensor([1.3557], device='cuda:0')
tensor([1.3604], device='cuda:0')
tensor([1.3509], device='cuda:0')
tensor([1.3782], device='cuda:0')
tensor([1.3859], device='cuda:0')
tensor([1.4009], device='cuda:0')
tensor([1.3878], device='cuda:0')
tensor([1.3781], device='cuda:0')
Epoch 26 Accuracy 44.1 | Loss: 1.4513 | Aggregation time: 18.693
tensor([1.3681], device='cuda:0')
tensor([1.3736], device='cuda:0')
tensor([1.3989], device='cuda:0')
tensor([1.4006], device='cuda:0')
tensor([1.3774], device='cuda:0')
tensor([1.3743], device='cuda:0')
tensor([1.3512], device='cuda:0')
tensor([1.3712], device='cuda:0')
tensor([1.3611], device='cuda:0')
tensor([1.3311], device='cuda:0')
Epoch 27 Accuracy 33.2 | Loss: 1.6706 | Aggregation time: 19.437
tensor([1.3423], device='cuda:0')
tensor([1.3291], device='cuda:0')
tensor([1.3045], device='cuda:0')
tensor([1.3073], device='cuda:0')
tensor([1.2940], device='cuda:0')
tensor([1.2848], device='cuda:0')
tensor([1.2552], device='cuda:0')
tensor([1.2523], device='cuda:0')
tensor([1.2605], device='cuda:0')
tensor([1.2815], device='cuda:0')
Epoch 28 Accuracy 36.8 | Loss: 1.6518 | Aggregation time: 20.064
tensor([1.3148], device='cuda:0')
tensor([1.3239], device='cuda:0')
tensor([1.3395], device='cuda:0')
tensor([1.3570], device='cuda:0')
tensor([1.3343], device='cuda:0')
tensor([1.3403], device='cuda:0')
tensor([1.3380], device='cuda:0')
tensor([1.3391], device='cuda:0')
tensor([1.3318], device='cuda:0')
tensor([1.3167], device='cuda:0')
Epoch 29 Accuracy 43.1 | Loss: 1.6679 | Aggregation time: 20.695
tensor([1.3101], device='cuda:0')
tensor([1.3220], device='cuda:0')
tensor([1.3177], device='cuda:0')
tensor([1.3304], device='cuda:0')
tensor([1.3322], device='cuda:0')
tensor([1.3458], device='cuda:0')
tensor([1.3276], device='cuda:0')
tensor([1.3489], device='cuda:0')
tensor([1.3356], device='cuda:0')
Epoch 30 Accuracy 42.0 | Loss: 1.4965 | Aggregation time: 21.332
tensor([1.3294], device='cuda:0')
tensor([1.3278], device='cuda:0')
tensor([1.3350], device='cuda:0')
tensor([1.3263], device='cuda:0')
tensor([1.3153], device='cuda:0')
tensor([1.3336], device='cuda:0')
tensor([1.3437], device='cuda:0')
tensor([1.3299], device='cuda:0')
tensor([1.3253], device='cuda:0')
tensor([1.3524], device='cuda:0')
Epoch 31 Accuracy 46.9 | Loss: 1.5096 | Aggregation time: 22.141
tensor([1.3719], device='cuda:0')
tensor([1.3632], device='cuda:0')
tensor([1.3575], device='cuda:0')
tensor([1.3481], device='cuda:0')
tensor([1.3446], device='cuda:0')
tensor([1.3529], device='cuda:0')
tensor([1.3315], device='cuda:0')
tensor([1.3256], device='cuda:0')
tensor([1.3473], device='cuda:0')
tensor([1.3278], device='cuda:0')
Epoch 32 Accuracy 45.2 | Loss: 1.4738 | Aggregation time: 23.072
tensor([1.3311], device='cuda:0')
tensor([1.3465], device='cuda:0')
tensor([1.3455], device='cuda:0')
tensor([1.3407], device='cuda:0')
tensor([1.3118], device='cuda:0')
tensor([1.3314], device='cuda:0')
tensor([1.3477], device='cuda:0')
tensor([1.3363], device='cuda:0')
tensor([1.3458], device='cuda:0')
tensor([1.3546], device='cuda:0')
Epoch 33 Accuracy 47.099999999999994 | Loss: 1.3751 | Aggregation time: 23.974
tensor([1.3665], device='cuda:0')
tensor([1.3626], device='cuda:0')
tensor([1.3475], device='cuda:0')
tensor([1.3353], device='cuda:0')
tensor([1.3139], device='cuda:0')
tensor([1.3276], device='cuda:0')
tensor([1.3816], device='cuda:0')
tensor([1.3837], device='cuda:0')
tensor([1.3750], device='cuda:0')
tensor([1.3768], device='cuda:0')
Epoch 34 Accuracy 40.8 | Loss: 1.4891 | Aggregation time: 24.826
tensor([1.3556], device='cuda:0')
tensor([1.3529], device='cuda:0')
tensor([1.3471], device='cuda:0')
tensor([1.3611], device='cuda:0')
tensor([1.3929], device='cuda:0')
tensor([1.4082], device='cuda:0')
tensor([1.3921], device='cuda:0')
tensor([1.3852], device='cuda:0')
tensor([1.3753], device='cuda:0')
Epoch 35 Accuracy 39.0 | Loss: 1.4999 | Aggregation time: 25.422
tensor([1.3508], device='cuda:0')
tensor([1.3264], device='cuda:0')
tensor([1.3015], device='cuda:0')
tensor([1.2923], device='cuda:0')
tensor([1.2646], device='cuda:0')
tensor([1.2943], device='cuda:0')
tensor([1.2842], device='cuda:0')
tensor([1.2963], device='cuda:0')
tensor([1.2771], device='cuda:0')
tensor([1.2789], device='cuda:0')
Epoch 36 Accuracy 42.9 | Loss: 1.6096 | Aggregation time: 26.092
tensor([1.2987], device='cuda:0')
tensor([1.2898], device='cuda:0')
tensor([1.2782], device='cuda:0')
tensor([1.2818], device='cuda:0')
tensor([1.2618], device='cuda:0')
tensor([1.2473], device='cuda:0')
tensor([1.2301], device='cuda:0')
tensor([1.2177], device='cuda:0')
tensor([1.1994], device='cuda:0')
tensor([1.2131], device='cuda:0')
Epoch 37 Accuracy 42.8 | Loss: 1.8392 | Aggregation time: 26.783
tensor([1.2309], device='cuda:0')
tensor([1.2662], device='cuda:0')
tensor([1.2921], device='cuda:0')
tensor([1.2850], device='cuda:0')
tensor([1.2644], device='cuda:0')
tensor([1.2569], device='cuda:0')
tensor([1.2613], device='cuda:0')
tensor([1.2765], device='cuda:0')
tensor([1.3010], device='cuda:0')
tensor([1.3081], device='cuda:0')
Epoch 38 Accuracy 47.0 | Loss: 1.4774 | Aggregation time: 27.447
tensor([1.3142], device='cuda:0')
tensor([1.2944], device='cuda:0')
tensor([1.3061], device='cuda:0')
tensor([1.3103], device='cuda:0')
tensor([1.3092], device='cuda:0')
tensor([1.3059], device='cuda:0')
tensor([1.3033], device='cuda:0')
tensor([1.2853], device='cuda:0')
tensor([1.2710], device='cuda:0')
Epoch 39 Accuracy 45.6 | Loss: 1.3644 | Aggregation time: 28.041
tensor([1.2772], device='cuda:0')
tensor([1.2663], device='cuda:0')
tensor([1.2500], device='cuda:0')
tensor([1.2650], device='cuda:0')
tensor([1.2480], device='cuda:0')
tensor([1.2700], device='cuda:0')
tensor([1.2670], device='cuda:0')
tensor([1.2677], device='cuda:0')
tensor([1.2684], device='cuda:0')
tensor([1.2863], device='cuda:0')
Epoch 40 Accuracy 43.8 | Loss: 1.3165 | Aggregation time: 28.703
tensor([1.2919], device='cuda:0')
tensor([1.2935], device='cuda:0')
tensor([1.3256], device='cuda:0')
tensor([1.3204], device='cuda:0')
tensor([1.3238], device='cuda:0')
tensor([1.3184], device='cuda:0')
tensor([1.2975], device='cuda:0')
tensor([1.3308], device='cuda:0')
tensor([1.3373], device='cuda:0')
tensor([1.3452], device='cuda:0')
Epoch 41 Accuracy 37.2 | Loss: 1.327 | Aggregation time: 29.39
tensor([1.3241], device='cuda:0')
tensor([1.3350], device='cuda:0')
tensor([1.3062], device='cuda:0')
tensor([1.2930], device='cuda:0')
tensor([1.2688], device='cuda:0')
tensor([1.3132], device='cuda:0')
tensor([1.3581], device='cuda:0')
tensor([1.3717], device='cuda:0')
tensor([1.3603], device='cuda:0')
tensor([1.3793], device='cuda:0')
Epoch 42 Accuracy 47.9 | Loss: 1.5692 | Aggregation time: 30.11
tensor([1.3683], device='cuda:0')
tensor([1.3612], device='cuda:0')
tensor([1.3547], device='cuda:0')
tensor([1.3287], device='cuda:0')
tensor([1.3054], device='cuda:0')
tensor([1.3026], device='cuda:0')
tensor([1.2929], device='cuda:0')
tensor([1.3027], device='cuda:0')
tensor([1.2840], device='cuda:0')
Epoch 43 Accuracy 48.699999999999996 | Loss: 1.3221 | Aggregation time: 30.773
tensor([1.2923], device='cuda:0')
tensor([1.2881], device='cuda:0')
tensor([1.2926], device='cuda:0')
tensor([1.2789], device='cuda:0')
tensor([1.3047], device='cuda:0')
tensor([1.3228], device='cuda:0')
tensor([1.3281], device='cuda:0')
tensor([1.3307], device='cuda:0')
tensor([1.2941], device='cuda:0')
tensor([1.3115], device='cuda:0')
Epoch 44 Accuracy 36.9 | Loss: 1.3574 | Aggregation time: 31.466
tensor([1.3247], device='cuda:0')
tensor([1.2997], device='cuda:0')
tensor([1.2856], device='cuda:0')
tensor([1.3063], device='cuda:0')
tensor([1.2968], device='cuda:0')
tensor([1.2757], device='cuda:0')
tensor([1.2607], device='cuda:0')
tensor([1.2489], device='cuda:0')
tensor([1.2637], device='cuda:0')
tensor([1.2963], device='cuda:0')
Epoch 45 Accuracy 45.6 | Loss: 1.5545 | Aggregation time: 32.173
tensor([1.2766], device='cuda:0')
tensor([1.2841], device='cuda:0')
tensor([1.3033], device='cuda:0')
tensor([1.2946], device='cuda:0')
tensor([1.3130], device='cuda:0')
tensor([1.3181], device='cuda:0')
tensor([1.2987], device='cuda:0')
tensor([1.3046], device='cuda:0')
tensor([1.2940], device='cuda:0')
tensor([1.3080], device='cuda:0')
Epoch 46 Accuracy 47.599999999999994 | Loss: 1.4054 | Aggregation time: 32.888
tensor([1.3098], device='cuda:0')
tensor([1.3314], device='cuda:0')
tensor([1.3224], device='cuda:0')
tensor([1.3251], device='cuda:0')
tensor([1.3314], device='cuda:0')
tensor([1.3130], device='cuda:0')
tensor([1.3091], device='cuda:0')
tensor([1.3152], device='cuda:0')
tensor([1.3104], device='cuda:0')
Epoch 47 Accuracy 47.099999999999994 | Loss: 1.2809 | Aggregation time: 33.499
tensor([1.2983], device='cuda:0')
tensor([1.3301], device='cuda:0')
tensor([1.3354], device='cuda:0')
tensor([1.3256], device='cuda:0')
tensor([1.3251], device='cuda:0')
tensor([1.3004], device='cuda:0')
tensor([1.3012], device='cuda:0')
tensor([1.3202], device='cuda:0')
tensor([1.3368], device='cuda:0')
tensor([1.3309], device='cuda:0')
Epoch 48 Accuracy 48.9 | Loss: 1.3073 | Aggregation time: 34.163
tensor([1.3428], device='cuda:0')
tensor([1.3439], device='cuda:0')
tensor([1.3426], device='cuda:0')
tensor([1.3562], device='cuda:0')
tensor([1.3667], device='cuda:0')
tensor([1.3462], device='cuda:0')
tensor([1.3380], device='cuda:0')
tensor([1.3481], device='cuda:0')
tensor([1.3406], device='cuda:0')
tensor([1.3601], device='cuda:0')
Epoch 49 Accuracy 47.099999999999994 | Loss: 1.1768 | Aggregation time: 34.795
tensor([1.3547], device='cuda:0')
tensor([1.3614], device='cuda:0')
tensor([1.3334], device='cuda:0')
tensor([1.3244], device='cuda:0')
tensor([1.3274], device='cuda:0')
tensor([1.3406], device='cuda:0')
tensor([1.3455], device='cuda:0')
tensor([1.3421], device='cuda:0')
tensor([1.3191], device='cuda:0')
tensor([1.3028], device='cuda:0')
Epoch 50 Accuracy 42.8 | Loss: 1.2253 | Aggregation time: 35.439
