C:\Users\user\Desktop\IoT\FLTG-implementation\FL-Byzantine-Library\client.py:43: UserWarning: To copy construct from a tensor, it is recommended to use sourceTensor.clone().detach() or sourceTensor.clone().detach().requires_grad_(True), rather than torch.tensor(sourceTensor).
  self.momentum = torch.tensor(torch.zeros_like(flat_model, device=self.device))
Files already downloaded and verified
Files already downloaded and verified
number of parameters  0.697 M
tensor([1.3816], device='cuda:0')
tensor([1.4033], device='cuda:0')
tensor([1.3181], device='cuda:0')
tensor([1.2770], device='cuda:0')
tensor([1.3221], device='cuda:0')
tensor([1.3804], device='cuda:0')
tensor([1.4133], device='cuda:0')
tensor([1.4524], device='cuda:0')
tensor([1.4393], device='cuda:0')
tensor([1.4729], device='cuda:0')
Epoch 1 Accuracy 14.7 | Loss: 2.2677 | Aggregation time: 0.771
tensor([1.4361], device='cuda:0')
tensor([1.4385], device='cuda:0')
tensor([1.4282], device='cuda:0')
tensor([1.4355], device='cuda:0')
tensor([1.4245], device='cuda:0')
tensor([1.4415], device='cuda:0')
tensor([1.4393], device='cuda:0')
tensor([1.4384], device='cuda:0')
tensor([1.4456], device='cuda:0')
tensor([1.4622], device='cuda:0')
Epoch 2 Accuracy 17.1 | Loss: 2.3708 | Aggregation time: 1.569
tensor([1.4996], device='cuda:0')
tensor([1.4882], device='cuda:0')
tensor([1.4752], device='cuda:0')
tensor([1.4756], device='cuda:0')
tensor([1.4501], device='cuda:0')
tensor([1.4702], device='cuda:0')
tensor([1.4485], device='cuda:0')
tensor([1.4533], device='cuda:0')
tensor([1.4549], device='cuda:0')
tensor([1.4312], device='cuda:0')
Epoch 3 Accuracy 12.3 | Loss: 2.3818 | Aggregation time: 2.205
tensor([1.4763], device='cuda:0')
tensor([1.4557], device='cuda:0')
tensor([1.4696], device='cuda:0')
tensor([1.4759], device='cuda:0')
tensor([1.4555], device='cuda:0')
tensor([1.4880], device='cuda:0')
tensor([1.4841], device='cuda:0')
tensor([1.4412], device='cuda:0')
tensor([1.4797], device='cuda:0')
tensor([1.5525], device='cuda:0')
Epoch 4 Accuracy 10.7 | Loss: 2.7888 | Aggregation time: 2.781
tensor([1.6080], device='cuda:0')
tensor([1.6200], device='cuda:0')
tensor([1.6436], device='cuda:0')
tensor([1.5850], device='cuda:0')
tensor([1.5560], device='cuda:0')
tensor([1.5429], device='cuda:0')
tensor([1.5302], device='cuda:0')
tensor([1.4902], device='cuda:0')
tensor([1.4845], device='cuda:0')
Epoch 5 Accuracy 14.000000000000002 | Loss: 2.71 | Aggregation time: 3.507
tensor([1.5013], device='cuda:0')
tensor([1.4812], device='cuda:0')
tensor([1.4970], device='cuda:0')
tensor([1.4976], device='cuda:0')
tensor([1.5086], device='cuda:0')
tensor([1.5602], device='cuda:0')
tensor([1.5739], device='cuda:0')
tensor([1.5981], device='cuda:0')
tensor([1.5808], device='cuda:0')
tensor([1.5655], device='cuda:0')
Epoch 6 Accuracy 16.2 | Loss: 2.6714 | Aggregation time: 4.048
tensor([1.5554], device='cuda:0')
tensor([1.5660], device='cuda:0')
tensor([1.5421], device='cuda:0')
tensor([1.5271], device='cuda:0')
tensor([1.5327], device='cuda:0')
tensor([1.4528], device='cuda:0')
tensor([1.4590], device='cuda:0')
tensor([1.4070], device='cuda:0')
tensor([1.3928], device='cuda:0')
tensor([1.2948], device='cuda:0')
Epoch 7 Accuracy 13.600000000000001 | Loss: 2.7392 | Aggregation time: 4.794
tensor([1.3098], device='cuda:0')
tensor([1.2413], device='cuda:0')
tensor([1.2747], device='cuda:0')
tensor([1.2184], device='cuda:0')
tensor([1.2118], device='cuda:0')
tensor([1.2595], device='cuda:0')
tensor([1.1980], device='cuda:0')
tensor([1.2448], device='cuda:0')
tensor([1.2280], device='cuda:0')
tensor([1.1884], device='cuda:0')
Epoch 8 Accuracy 15.2 | Loss: 2.5338 | Aggregation time: 5.37
tensor([1.2541], device='cuda:0')
tensor([1.2700], device='cuda:0')
tensor([1.3057], device='cuda:0')
tensor([1.3310], device='cuda:0')
tensor([1.3055], device='cuda:0')
tensor([1.3500], device='cuda:0')
tensor([1.3972], device='cuda:0')
tensor([1.3720], device='cuda:0')
tensor([1.4204], device='cuda:0')
Epoch 9 Accuracy 14.399999999999999 | Loss: 2.7771 | Aggregation time: 5.847
tensor([1.4599], device='cuda:0')
tensor([1.4755], device='cuda:0')
tensor([1.4364], device='cuda:0')
tensor([1.3695], device='cuda:0')
tensor([1.3649], device='cuda:0')
tensor([1.3588], device='cuda:0')
tensor([1.3502], device='cuda:0')
tensor([1.3873], device='cuda:0')
tensor([1.3895], device='cuda:0')
tensor([1.3458], device='cuda:0')
Epoch 10 Accuracy 18.2 | Loss: 2.4248 | Aggregation time: 6.664
tensor([1.3429], device='cuda:0')
tensor([1.3372], device='cuda:0')
tensor([1.3764], device='cuda:0')
tensor([1.3322], device='cuda:0')
tensor([1.3066], device='cuda:0')
tensor([1.2747], device='cuda:0')
tensor([1.2471], device='cuda:0')
tensor([1.2053], device='cuda:0')
tensor([1.1950], device='cuda:0')
tensor([1.2222], device='cuda:0')
Epoch 11 Accuracy 16.7 | Loss: 2.5188 | Aggregation time: 7.394
tensor([1.2425], device='cuda:0')
tensor([1.2696], device='cuda:0')
tensor([1.2428], device='cuda:0')
tensor([1.2491], device='cuda:0')
tensor([1.1925], device='cuda:0')
tensor([1.1814], device='cuda:0')
tensor([1.2183], device='cuda:0')
tensor([1.2593], device='cuda:0')
tensor([1.2273], device='cuda:0')
tensor([1.2841], device='cuda:0')
Epoch 12 Accuracy 16.400000000000002 | Loss: 2.4263 | Aggregation time: 7.839
tensor([1.2643], device='cuda:0')
tensor([1.3206], device='cuda:0')
tensor([1.3626], device='cuda:0')
tensor([1.3971], device='cuda:0')
tensor([1.3944], device='cuda:0')
tensor([1.4355], device='cuda:0')
tensor([1.4460], device='cuda:0')
tensor([1.3895], device='cuda:0')
tensor([1.4184], device='cuda:0')
Epoch 13 Accuracy 17.1 | Loss: 2.5035 | Aggregation time: 8.51
tensor([1.4617], device='cuda:0')
tensor([1.5183], device='cuda:0')
tensor([1.5316], device='cuda:0')
tensor([1.5383], device='cuda:0')
tensor([1.5397], device='cuda:0')
tensor([1.5903], device='cuda:0')
tensor([1.5757], device='cuda:0')
tensor([1.5803], device='cuda:0')
tensor([1.5163], device='cuda:0')
tensor([1.5478], device='cuda:0')
Epoch 14 Accuracy 16.5 | Loss: 2.6533 | Aggregation time: 8.946
tensor([1.5651], device='cuda:0')
tensor([1.5427], device='cuda:0')
tensor([1.5693], device='cuda:0')
tensor([1.5774], device='cuda:0')
tensor([1.5577], device='cuda:0')
tensor([1.5446], device='cuda:0')
tensor([1.5503], device='cuda:0')
tensor([1.6420], device='cuda:0')
tensor([1.6226], device='cuda:0')
tensor([1.6357], device='cuda:0')
Epoch 15 Accuracy 17.2 | Loss: 3.2763 | Aggregation time: 9.457
tensor([1.6032], device='cuda:0')
tensor([1.6578], device='cuda:0')
tensor([1.6688], device='cuda:0')
tensor([1.6733], device='cuda:0')
tensor([1.6152], device='cuda:0')
tensor([1.5690], device='cuda:0')
tensor([1.5965], device='cuda:0')
tensor([1.5805], device='cuda:0')
tensor([1.5541], device='cuda:0')
tensor([1.5344], device='cuda:0')
Epoch 16 Accuracy 16.6 | Loss: 2.8122 | Aggregation time: 10.259
tensor([1.3878], device='cuda:0')
tensor([1.2354], device='cuda:0')
tensor([1.2053], device='cuda:0')
tensor([1.0795], device='cuda:0')
tensor([1.0947], device='cuda:0')
tensor([1.1139], device='cuda:0')
tensor([1.1184], device='cuda:0')
tensor([1.1293], device='cuda:0')
tensor([1.1069], device='cuda:0')
tensor([1.1044], device='cuda:0')
Epoch 17 Accuracy 16.3 | Loss: 2.5992 | Aggregation time: 10.772
tensor([1.1153], device='cuda:0')
tensor([1.1576], device='cuda:0')
tensor([1.2382], device='cuda:0')
tensor([1.2017], device='cuda:0')
tensor([1.2577], device='cuda:0')
tensor([1.3247], device='cuda:0')
tensor([1.3492], device='cuda:0')
tensor([1.3096], device='cuda:0')
tensor([1.2728], device='cuda:0')
Epoch 18 Accuracy 14.299999999999999 | Loss: 2.8351 | Aggregation time: 11.156
tensor([1.6985], device='cuda:0')
tensor([1.5432], device='cuda:0')
tensor([1.4833], device='cuda:0')
tensor([1.4259], device='cuda:0')
tensor([1.4013], device='cuda:0')
tensor([1.3847], device='cuda:0')
tensor([1.3576], device='cuda:0')
tensor([1.3558], device='cuda:0')
tensor([1.3074], device='cuda:0')
tensor([1.3246], device='cuda:0')
Epoch 19 Accuracy 18.4 | Loss: 2.9646 | Aggregation time: 11.87
tensor([1.3378], device='cuda:0')
tensor([1.3244], device='cuda:0')
tensor([1.3597], device='cuda:0')
tensor([1.3248], device='cuda:0')
tensor([1.3960], device='cuda:0')
tensor([1.4795], device='cuda:0')
tensor([1.5220], device='cuda:0')
tensor([1.4968], device='cuda:0')
tensor([1.5376], device='cuda:0')
tensor([1.5146], device='cuda:0')
Epoch 20 Accuracy 12.0 | Loss: 2.7712 | Aggregation time: 12.634
tensor([1.5403], device='cuda:0')
tensor([1.5486], device='cuda:0')
tensor([1.4541], device='cuda:0')
tensor([1.4075], device='cuda:0')
tensor([1.4474], device='cuda:0')
tensor([1.4589], device='cuda:0')
tensor([1.4761], device='cuda:0')
tensor([1.4521], device='cuda:0')
tensor([1.4093], device='cuda:0')
tensor([1.3588], device='cuda:0')
Epoch 21 Accuracy 12.0 | Loss: 3.0883 | Aggregation time: 13.075
tensor([1.4033], device='cuda:0')
tensor([1.3704], device='cuda:0')
tensor([1.4359], device='cuda:0')
tensor([1.4996], device='cuda:0')
tensor([1.4931], device='cuda:0')
tensor([1.5273], device='cuda:0')
tensor([1.4719], device='cuda:0')
tensor([1.4491], device='cuda:0')
tensor([1.5403], device='cuda:0')
Epoch 22 Accuracy 17.4 | Loss: 2.9709 | Aggregation time: 13.676
tensor([1.4940], device='cuda:0')
tensor([1.5314], device='cuda:0')
tensor([1.5001], device='cuda:0')
tensor([1.4677], device='cuda:0')
tensor([1.4874], device='cuda:0')
tensor([1.4816], device='cuda:0')
tensor([1.4707], device='cuda:0')
tensor([1.4695], device='cuda:0')
tensor([1.4304], device='cuda:0')
tensor([1.4468], device='cuda:0')
Epoch 23 Accuracy 16.400000000000002 | Loss: 3.1229 | Aggregation time: 14.223
tensor([1.4282], device='cuda:0')
tensor([1.4441], device='cuda:0')
tensor([1.4495], device='cuda:0')
tensor([1.3955], device='cuda:0')
tensor([1.3826], device='cuda:0')
tensor([1.4559], device='cuda:0')
tensor([1.4590], device='cuda:0')
tensor([1.5061], device='cuda:0')
tensor([1.5002], device='cuda:0')
tensor([1.5056], device='cuda:0')
Epoch 24 Accuracy 13.600000000000001 | Loss: 3.0513 | Aggregation time: 14.884
tensor([1.5659], device='cuda:0')
tensor([1.5202], device='cuda:0')
tensor([1.5652], device='cuda:0')
tensor([1.4759], device='cuda:0')
tensor([1.4654], device='cuda:0')
tensor([1.4647], device='cuda:0')
tensor([1.4618], device='cuda:0')
tensor([1.5214], device='cuda:0')
tensor([1.5639], device='cuda:0')
tensor([1.5460], device='cuda:0')
Epoch 25 Accuracy 14.499999999999998 | Loss: 3.5267 | Aggregation time: 15.304
tensor([1.5034], device='cuda:0')
tensor([1.5064], device='cuda:0')
tensor([1.4840], device='cuda:0')
tensor([1.5338], device='cuda:0')
tensor([1.4799], device='cuda:0')
tensor([1.4927], device='cuda:0')
tensor([1.4896], device='cuda:0')
tensor([1.5135], device='cuda:0')
tensor([1.5495], device='cuda:0')
Epoch 26 Accuracy 14.799999999999999 | Loss: 5.663 | Aggregation time: 15.831
tensor([1.4735], device='cuda:0')
tensor([1.5249], device='cuda:0')
tensor([1.5616], device='cuda:0')
tensor([1.5580], device='cuda:0')
tensor([1.6332], device='cuda:0')
tensor([1.6674], device='cuda:0')
tensor([1.5840], device='cuda:0')
tensor([1.5827], device='cuda:0')
tensor([1.6034], device='cuda:0')
tensor([1.5790], device='cuda:0')
Epoch 27 Accuracy 16.3 | Loss: 3.7147 | Aggregation time: 16.593
tensor([1.6020], device='cuda:0')
tensor([1.5446], device='cuda:0')
tensor([1.5484], device='cuda:0')
tensor([1.4947], device='cuda:0')
tensor([1.4570], device='cuda:0')
tensor([1.4617], device='cuda:0')
tensor([1.4611], device='cuda:0')
tensor([1.4160], device='cuda:0')
tensor([1.4347], device='cuda:0')
tensor([1.4767], device='cuda:0')
Epoch 28 Accuracy 16.6 | Loss: 2.3949 | Aggregation time: 17.238
tensor([1.4886], device='cuda:0')
tensor([1.4693], device='cuda:0')
tensor([1.4981], device='cuda:0')
tensor([1.4902], device='cuda:0')
tensor([1.4567], device='cuda:0')
tensor([1.4276], device='cuda:0')
tensor([1.3454], device='cuda:0')
tensor([1.4350], device='cuda:0')
tensor([1.4820], device='cuda:0')
tensor([1.4939], device='cuda:0')
Epoch 29 Accuracy 15.4 | Loss: 2.4939 | Aggregation time: 17.717
tensor([1.6261], device='cuda:0')
tensor([1.6417], device='cuda:0')
tensor([1.6945], device='cuda:0')
tensor([1.6675], device='cuda:0')
tensor([1.6354], device='cuda:0')
tensor([1.4143], device='cuda:0')
tensor([1.4586], device='cuda:0')
tensor([1.4785], device='cuda:0')
tensor([1.5526], device='cuda:0')
Epoch 30 Accuracy 16.1 | Loss: 3.0415 | Aggregation time: 18.3
tensor([1.5714], device='cuda:0')
tensor([1.5306], device='cuda:0')
tensor([1.4921], device='cuda:0')
tensor([1.4837], device='cuda:0')
tensor([1.4470], device='cuda:0')
tensor([1.4220], device='cuda:0')
tensor([1.4408], device='cuda:0')
tensor([1.4239], device='cuda:0')
tensor([1.4139], device='cuda:0')
tensor([1.4166], device='cuda:0')
Epoch 31 Accuracy 14.000000000000002 | Loss: 2.4217 | Aggregation time: 18.937
tensor([1.4509], device='cuda:0')
tensor([1.4871], device='cuda:0')
tensor([1.4937], device='cuda:0')
tensor([1.4802], device='cuda:0')
tensor([1.4395], device='cuda:0')
tensor([1.4476], device='cuda:0')
tensor([1.4084], device='cuda:0')
tensor([1.3516], device='cuda:0')
tensor([1.2930], device='cuda:0')
tensor([1.3327], device='cuda:0')
Epoch 32 Accuracy 14.099999999999998 | Loss: 3.0453 | Aggregation time: 19.388
tensor([1.3269], device='cuda:0')
tensor([1.4132], device='cuda:0')
tensor([1.4832], device='cuda:0')
tensor([1.5898], device='cuda:0')
tensor([1.6136], device='cuda:0')
tensor([1.5533], device='cuda:0')
tensor([1.5292], device='cuda:0')
tensor([1.4629], device='cuda:0')
tensor([1.5009], device='cuda:0')
tensor([1.5043], device='cuda:0')
Epoch 33 Accuracy 15.5 | Loss: 3.2018 | Aggregation time: 20.1
tensor([1.4779], device='cuda:0')
tensor([1.5052], device='cuda:0')
tensor([1.4882], device='cuda:0')
tensor([1.4713], device='cuda:0')
tensor([1.4537], device='cuda:0')
tensor([1.4266], device='cuda:0')
tensor([1.4430], device='cuda:0')
tensor([1.4644], device='cuda:0')
tensor([1.4505], device='cuda:0')
tensor([1.4480], device='cuda:0')
Epoch 34 Accuracy 17.8 | Loss: 2.5853 | Aggregation time: 20.971
tensor([1.4294], device='cuda:0')
tensor([1.4005], device='cuda:0')
tensor([1.3575], device='cuda:0')
tensor([1.3371], device='cuda:0')
tensor([1.3408], device='cuda:0')
tensor([1.3410], device='cuda:0')
tensor([1.3244], device='cuda:0')
tensor([1.3062], device='cuda:0')
tensor([1.2923], device='cuda:0')
Epoch 35 Accuracy 15.6 | Loss: 2.5296 | Aggregation time: 21.348
tensor([1.3433], device='cuda:0')
tensor([1.3512], device='cuda:0')
tensor([1.3459], device='cuda:0')
tensor([1.3212], device='cuda:0')
tensor([1.3400], device='cuda:0')
tensor([1.3518], device='cuda:0')
tensor([1.3873], device='cuda:0')
tensor([1.4182], device='cuda:0')
tensor([1.4265], device='cuda:0')
tensor([1.4286], device='cuda:0')
Epoch 36 Accuracy 18.4 | Loss: 2.6541 | Aggregation time: 21.967
tensor([1.4450], device='cuda:0')
tensor([1.4300], device='cuda:0')
tensor([1.4312], device='cuda:0')
tensor([1.3830], device='cuda:0')
tensor([1.3761], device='cuda:0')
tensor([1.3074], device='cuda:0')
tensor([1.2994], device='cuda:0')
tensor([1.3282], device='cuda:0')
tensor([1.3772], device='cuda:0')
tensor([1.3385], device='cuda:0')
Epoch 37 Accuracy 17.8 | Loss: 2.6709 | Aggregation time: 22.382
tensor([1.3203], device='cuda:0')
tensor([1.2992], device='cuda:0')
tensor([1.3114], device='cuda:0')
tensor([1.3401], device='cuda:0')
tensor([1.3600], device='cuda:0')
tensor([1.3426], device='cuda:0')
tensor([1.3268], device='cuda:0')
tensor([1.3281], device='cuda:0')
tensor([1.3894], device='cuda:0')
tensor([1.3953], device='cuda:0')
Epoch 38 Accuracy 15.4 | Loss: 2.6884 | Aggregation time: 22.795
tensor([1.4018], device='cuda:0')
tensor([1.3999], device='cuda:0')
tensor([1.4097], device='cuda:0')
tensor([1.4618], device='cuda:0')
tensor([1.4909], device='cuda:0')
tensor([1.4602], device='cuda:0')
tensor([1.4143], device='cuda:0')
tensor([1.3829], device='cuda:0')
tensor([1.3904], device='cuda:0')
Epoch 39 Accuracy 15.8 | Loss: 2.6349 | Aggregation time: 23.275
tensor([1.4487], device='cuda:0')
tensor([1.3898], device='cuda:0')
tensor([1.3322], device='cuda:0')
tensor([1.3429], device='cuda:0')
tensor([1.3843], device='cuda:0')
tensor([1.3752], device='cuda:0')
tensor([1.3700], device='cuda:0')
tensor([1.3796], device='cuda:0')
tensor([1.4093], device='cuda:0')
tensor([1.4210], device='cuda:0')
Epoch 40 Accuracy 14.299999999999999 | Loss: 3.1808 | Aggregation time: 23.778
tensor([1.4507], device='cuda:0')
tensor([1.4503], device='cuda:0')
tensor([1.4916], device='cuda:0')
tensor([1.4697], device='cuda:0')
tensor([1.4761], device='cuda:0')
tensor([1.4815], device='cuda:0')
tensor([1.4698], device='cuda:0')
tensor([1.5004], device='cuda:0')
tensor([1.5472], device='cuda:0')
tensor([1.5600], device='cuda:0')
Epoch 41 Accuracy 19.3 | Loss: 2.3937 | Aggregation time: 24.268
tensor([1.5672], device='cuda:0')
tensor([1.5165], device='cuda:0')
tensor([1.4975], device='cuda:0')
tensor([1.5054], device='cuda:0')
tensor([1.5337], device='cuda:0')
tensor([1.5132], device='cuda:0')
tensor([1.4136], device='cuda:0')
tensor([1.4437], device='cuda:0')
tensor([1.4468], device='cuda:0')
tensor([1.5050], device='cuda:0')
Epoch 42 Accuracy 15.4 | Loss: 2.5029 | Aggregation time: 24.714
tensor([1.4964], device='cuda:0')
tensor([1.2175], device='cuda:0')
tensor([1.2051], device='cuda:0')
tensor([1.1781], device='cuda:0')
tensor([1.2486], device='cuda:0')
tensor([1.2788], device='cuda:0')
tensor([1.3209], device='cuda:0')
tensor([1.4604], device='cuda:0')
tensor([1.4592], device='cuda:0')
Epoch 43 Accuracy 15.5 | Loss: 2.6942 | Aggregation time: 25.367
tensor([1.4632], device='cuda:0')
tensor([1.4697], device='cuda:0')
tensor([1.4198], device='cuda:0')
tensor([1.3817], device='cuda:0')
tensor([1.4165], device='cuda:0')
tensor([1.3928], device='cuda:0')
tensor([1.3830], device='cuda:0')
tensor([1.4255], device='cuda:0')
tensor([1.3955], device='cuda:0')
tensor([1.3771], device='cuda:0')
Epoch 44 Accuracy 17.299999999999997 | Loss: 2.7734 | Aggregation time: 26.162
tensor([1.3875], device='cuda:0')
tensor([1.3919], device='cuda:0')
tensor([1.3869], device='cuda:0')
tensor([1.4093], device='cuda:0')
tensor([1.4235], device='cuda:0')
tensor([1.4478], device='cuda:0')
tensor([1.4761], device='cuda:0')
tensor([1.4714], device='cuda:0')
tensor([1.4636], device='cuda:0')
tensor([1.4695], device='cuda:0')
Epoch 45 Accuracy 13.100000000000001 | Loss: 2.892 | Aggregation time: 26.819
tensor([1.4360], device='cuda:0')
tensor([1.4273], device='cuda:0')
tensor([1.4301], device='cuda:0')
tensor([1.4591], device='cuda:0')
tensor([1.4811], device='cuda:0')
tensor([1.4948], device='cuda:0')
tensor([1.4705], device='cuda:0')
tensor([1.4886], device='cuda:0')
tensor([1.4577], device='cuda:0')
tensor([1.4410], device='cuda:0')
Epoch 46 Accuracy 13.100000000000001 | Loss: 2.8179 | Aggregation time: 27.465
tensor([1.4041], device='cuda:0')
tensor([1.3864], device='cuda:0')
tensor([1.3955], device='cuda:0')
tensor([1.3997], device='cuda:0')
tensor([1.4215], device='cuda:0')
tensor([1.4207], device='cuda:0')
tensor([1.4170], device='cuda:0')
tensor([1.4254], device='cuda:0')
tensor([1.4331], device='cuda:0')
Epoch 47 Accuracy 15.4 | Loss: 2.512 | Aggregation time: 27.908
tensor([1.4112], device='cuda:0')
tensor([1.4671], device='cuda:0')
tensor([1.4503], device='cuda:0')
tensor([1.4410], device='cuda:0')
tensor([1.4168], device='cuda:0')
tensor([1.4059], device='cuda:0')
tensor([1.3955], device='cuda:0')
tensor([1.4200], device='cuda:0')
tensor([1.4234], device='cuda:0')
tensor([1.4443], device='cuda:0')
Epoch 48 Accuracy 17.0 | Loss: 2.6426 | Aggregation time: 28.476
tensor([1.4564], device='cuda:0')
tensor([1.4427], device='cuda:0')
tensor([1.4280], device='cuda:0')
tensor([1.4047], device='cuda:0')
tensor([1.4466], device='cuda:0')
tensor([1.4551], device='cuda:0')
tensor([1.4388], device='cuda:0')
tensor([1.4506], device='cuda:0')
tensor([1.4647], device='cuda:0')
tensor([1.4650], device='cuda:0')
Epoch 49 Accuracy 13.4 | Loss: 2.5769 | Aggregation time: 28.904
tensor([1.4747], device='cuda:0')
tensor([1.4931], device='cuda:0')
tensor([1.5121], device='cuda:0')
tensor([1.5404], device='cuda:0')
tensor([1.5403], device='cuda:0')
tensor([1.4972], device='cuda:0')
tensor([1.5046], device='cuda:0')
tensor([1.5004], device='cuda:0')
tensor([1.4940], device='cuda:0')
tensor([1.4853], device='cuda:0')
Epoch 50 Accuracy 17.0 | Loss: 2.5168 | Aggregation time: 29.571
