C:\Users\user\Desktop\IoT\FLTG-implementation\FL-Byzantine-Library\client.py:43: UserWarning: To copy construct from a tensor, it is recommended to use sourceTensor.clone().detach() or sourceTensor.clone().detach().requires_grad_(True), rather than torch.tensor(sourceTensor).
  self.momentum = torch.tensor(torch.zeros_like(flat_model, device=self.device))
Files already downloaded and verified
Files already downloaded and verified
number of parameters  0.697 M
tensor([1.2860], device='cuda:0')
tensor([1.3338], device='cuda:0')
tensor([1.2718], device='cuda:0')
tensor([1.3265], device='cuda:0')
tensor([1.3535], device='cuda:0')
tensor([1.3779], device='cuda:0')
tensor([1.3765], device='cuda:0')
tensor([1.3680], device='cuda:0')
tensor([1.2828], device='cuda:0')
tensor([1.2886], device='cuda:0')
Epoch 1 Accuracy 18.5 | Loss: 2.7654 | Aggregation time: 0.807
tensor([1.2693], device='cuda:0')
tensor([1.3161], device='cuda:0')
tensor([1.3072], device='cuda:0')
tensor([1.2733], device='cuda:0')
tensor([1.2476], device='cuda:0')
tensor([1.2586], device='cuda:0')
tensor([1.2872], device='cuda:0')
tensor([1.2980], device='cuda:0')
tensor([1.3139], device='cuda:0')
tensor([1.3170], device='cuda:0')
Epoch 2 Accuracy 19.7 | Loss: 3.063 | Aggregation time: 1.53
tensor([1.3840], device='cuda:0')
tensor([1.3661], device='cuda:0')
tensor([1.3784], device='cuda:0')
tensor([1.3472], device='cuda:0')
tensor([1.3458], device='cuda:0')
tensor([1.3402], device='cuda:0')
tensor([1.3306], device='cuda:0')
tensor([1.3450], device='cuda:0')
tensor([1.3719], device='cuda:0')
tensor([1.3788], device='cuda:0')
Epoch 3 Accuracy 19.0 | Loss: 2.6965 | Aggregation time: 2.201
tensor([1.3804], device='cuda:0')
tensor([1.3902], device='cuda:0')
tensor([1.3732], device='cuda:0')
tensor([1.3667], device='cuda:0')
tensor([1.3703], device='cuda:0')
tensor([1.3267], device='cuda:0')
tensor([1.3533], device='cuda:0')
tensor([1.3291], device='cuda:0')
tensor([1.2964], device='cuda:0')
tensor([1.2857], device='cuda:0')
Epoch 4 Accuracy 17.599999999999998 | Loss: 2.444 | Aggregation time: 2.967
tensor([1.2769], device='cuda:0')
tensor([1.2707], device='cuda:0')
tensor([1.2446], device='cuda:0')
tensor([1.2310], device='cuda:0')
tensor([1.2545], device='cuda:0')
tensor([1.2734], device='cuda:0')
tensor([1.2609], device='cuda:0')
tensor([1.2807], device='cuda:0')
tensor([1.2849], device='cuda:0')
Epoch 5 Accuracy 22.8 | Loss: 2.6263 | Aggregation time: 3.596
tensor([1.2976], device='cuda:0')
tensor([1.2747], device='cuda:0')
tensor([1.2793], device='cuda:0')
tensor([1.2760], device='cuda:0')
tensor([1.2935], device='cuda:0')
tensor([1.2670], device='cuda:0')
tensor([1.2653], device='cuda:0')
tensor([1.2664], device='cuda:0')
tensor([1.2813], device='cuda:0')
tensor([1.2811], device='cuda:0')
Epoch 6 Accuracy 21.7 | Loss: 2.5539 | Aggregation time: 4.367
tensor([1.2728], device='cuda:0')
tensor([1.2369], device='cuda:0')
tensor([1.2411], device='cuda:0')
tensor([1.2848], device='cuda:0')
tensor([1.2888], device='cuda:0')
tensor([1.2744], device='cuda:0')
tensor([1.2735], device='cuda:0')
tensor([1.2580], device='cuda:0')
tensor([1.2818], device='cuda:0')
tensor([1.2794], device='cuda:0')
Epoch 7 Accuracy 16.3 | Loss: 2.7101 | Aggregation time: 5.095
tensor([1.2859], device='cuda:0')
tensor([1.2886], device='cuda:0')
tensor([1.2915], device='cuda:0')
tensor([1.2830], device='cuda:0')
tensor([1.2896], device='cuda:0')
tensor([1.2984], device='cuda:0')
tensor([1.2981], device='cuda:0')
tensor([1.2815], device='cuda:0')
tensor([1.2827], device='cuda:0')
tensor([1.2556], device='cuda:0')
Epoch 8 Accuracy 23.400000000000002 | Loss: 2.4398 | Aggregation time: 5.771
tensor([1.2613], device='cuda:0')
tensor([1.2784], device='cuda:0')
tensor([1.2843], device='cuda:0')
tensor([1.3069], device='cuda:0')
tensor([1.2724], device='cuda:0')
tensor([1.2654], device='cuda:0')
tensor([1.3008], device='cuda:0')
tensor([1.3191], device='cuda:0')
tensor([1.3171], device='cuda:0')
Epoch 9 Accuracy 24.099999999999998 | Loss: 2.4847 | Aggregation time: 6.394
tensor([1.3282], device='cuda:0')
tensor([1.3162], device='cuda:0')
tensor([1.2928], device='cuda:0')
tensor([1.2782], device='cuda:0')
tensor([1.2700], device='cuda:0')
tensor([1.2511], device='cuda:0')
tensor([1.2643], device='cuda:0')
tensor([1.2736], device='cuda:0')
tensor([1.2642], device='cuda:0')
tensor([1.2888], device='cuda:0')
Epoch 10 Accuracy 21.4 | Loss: 2.3152 | Aggregation time: 7.095
tensor([1.3148], device='cuda:0')
tensor([1.3230], device='cuda:0')
tensor([1.3443], device='cuda:0')
tensor([1.3429], device='cuda:0')
tensor([1.3397], device='cuda:0')
tensor([1.3279], device='cuda:0')
tensor([1.3216], device='cuda:0')
tensor([1.3205], device='cuda:0')
tensor([1.3284], device='cuda:0')
tensor([1.3289], device='cuda:0')
Epoch 11 Accuracy 24.5 | Loss: 2.4248 | Aggregation time: 7.868
tensor([1.3145], device='cuda:0')
tensor([1.3145], device='cuda:0')
tensor([1.3002], device='cuda:0')
tensor([1.2720], device='cuda:0')
tensor([1.2858], device='cuda:0')
tensor([1.3089], device='cuda:0')
tensor([1.2916], device='cuda:0')
tensor([1.2776], device='cuda:0')
tensor([1.2949], device='cuda:0')
tensor([1.2793], device='cuda:0')
Epoch 12 Accuracy 24.7 | Loss: 2.3682 | Aggregation time: 8.527
tensor([1.2499], device='cuda:0')
tensor([1.2784], device='cuda:0')
tensor([1.2735], device='cuda:0')
tensor([1.3074], device='cuda:0')
tensor([1.3456], device='cuda:0')
tensor([1.3323], device='cuda:0')
tensor([1.3208], device='cuda:0')
tensor([1.3400], device='cuda:0')
tensor([1.3416], device='cuda:0')
Epoch 13 Accuracy 24.5 | Loss: 2.2993 | Aggregation time: 9.299
tensor([1.3550], device='cuda:0')
tensor([1.3741], device='cuda:0')
tensor([1.3961], device='cuda:0')
tensor([1.3802], device='cuda:0')
tensor([1.3348], device='cuda:0')
tensor([1.3261], device='cuda:0')
tensor([1.3062], device='cuda:0')
tensor([1.3063], device='cuda:0')
tensor([1.2881], device='cuda:0')
tensor([1.3077], device='cuda:0')
Epoch 14 Accuracy 26.5 | Loss: 2.2858 | Aggregation time: 10.196
tensor([1.3025], device='cuda:0')
tensor([1.2968], device='cuda:0')
tensor([1.2847], device='cuda:0')
tensor([1.2917], device='cuda:0')
tensor([1.2862], device='cuda:0')
tensor([1.2814], device='cuda:0')
tensor([1.2730], device='cuda:0')
tensor([1.2751], device='cuda:0')
tensor([1.2696], device='cuda:0')
tensor([1.2889], device='cuda:0')
Epoch 15 Accuracy 26.1 | Loss: 2.344 | Aggregation time: 10.986
tensor([1.3005], device='cuda:0')
tensor([1.2950], device='cuda:0')
tensor([1.2868], device='cuda:0')
tensor([1.2572], device='cuda:0')
tensor([1.2582], device='cuda:0')
tensor([1.2628], device='cuda:0')
tensor([1.2745], device='cuda:0')
tensor([1.2792], device='cuda:0')
tensor([1.2698], device='cuda:0')
tensor([1.2703], device='cuda:0')
Epoch 16 Accuracy 24.4 | Loss: 2.3537 | Aggregation time: 11.644
tensor([1.2800], device='cuda:0')
tensor([1.2919], device='cuda:0')
tensor([1.3391], device='cuda:0')
tensor([1.3337], device='cuda:0')
tensor([1.3307], device='cuda:0')
tensor([1.3172], device='cuda:0')
tensor([1.3374], device='cuda:0')
tensor([1.3169], device='cuda:0')
tensor([1.2993], device='cuda:0')
tensor([1.2571], device='cuda:0')
Epoch 17 Accuracy 27.700000000000003 | Loss: 2.4425 | Aggregation time: 12.399
tensor([1.2985], device='cuda:0')
tensor([1.2946], device='cuda:0')
tensor([1.2922], device='cuda:0')
tensor([1.3216], device='cuda:0')
tensor([1.3434], device='cuda:0')
tensor([1.3549], device='cuda:0')
tensor([1.3815], device='cuda:0')
tensor([1.4174], device='cuda:0')
tensor([1.4083], device='cuda:0')
Epoch 18 Accuracy 26.5 | Loss: 2.296 | Aggregation time: 13.018
tensor([1.3773], device='cuda:0')
tensor([1.3527], device='cuda:0')
tensor([1.3522], device='cuda:0')
tensor([1.3346], device='cuda:0')
tensor([1.3281], device='cuda:0')
tensor([1.3201], device='cuda:0')
tensor([1.3159], device='cuda:0')
tensor([1.3262], device='cuda:0')
tensor([1.3251], device='cuda:0')
tensor([1.3150], device='cuda:0')
Epoch 19 Accuracy 26.1 | Loss: 2.2839 | Aggregation time: 13.734
tensor([1.2937], device='cuda:0')
tensor([1.2934], device='cuda:0')
tensor([1.2921], device='cuda:0')
tensor([1.3011], device='cuda:0')
tensor([1.2890], device='cuda:0')
tensor([1.3170], device='cuda:0')
tensor([1.3354], device='cuda:0')
tensor([1.3197], device='cuda:0')
tensor([1.2735], device='cuda:0')
tensor([1.2771], device='cuda:0')
Epoch 20 Accuracy 28.7 | Loss: 2.4445 | Aggregation time: 14.464
tensor([1.3075], device='cuda:0')
tensor([1.3334], device='cuda:0')
tensor([1.3276], device='cuda:0')
tensor([1.3003], device='cuda:0')
tensor([1.3274], device='cuda:0')
tensor([1.3271], device='cuda:0')
tensor([1.3249], device='cuda:0')
tensor([1.3433], device='cuda:0')
tensor([1.3364], device='cuda:0')
tensor([1.3295], device='cuda:0')
Epoch 21 Accuracy 27.6 | Loss: 2.2153 | Aggregation time: 15.229
tensor([1.3403], device='cuda:0')
tensor([1.3454], device='cuda:0')
tensor([1.3259], device='cuda:0')
tensor([1.3300], device='cuda:0')
tensor([1.3203], device='cuda:0')
tensor([1.3042], device='cuda:0')
tensor([1.3040], device='cuda:0')
tensor([1.3191], device='cuda:0')
tensor([1.3115], device='cuda:0')
Epoch 22 Accuracy 26.3 | Loss: 2.1499 | Aggregation time: 15.851
tensor([1.2948], device='cuda:0')
tensor([1.3071], device='cuda:0')
tensor([1.3160], device='cuda:0')
tensor([1.3214], device='cuda:0')
tensor([1.3307], device='cuda:0')
tensor([1.3296], device='cuda:0')
tensor([1.3317], device='cuda:0')
tensor([1.3232], device='cuda:0')
tensor([1.3422], device='cuda:0')
tensor([1.3127], device='cuda:0')
Epoch 23 Accuracy 26.8 | Loss: 2.2871 | Aggregation time: 16.579
tensor([1.3105], device='cuda:0')
tensor([1.2994], device='cuda:0')
tensor([1.3033], device='cuda:0')
tensor([1.3065], device='cuda:0')
tensor([1.2885], device='cuda:0')
tensor([1.2813], device='cuda:0')
tensor([1.3036], device='cuda:0')
tensor([1.2939], device='cuda:0')
tensor([1.2869], device='cuda:0')
tensor([1.2840], device='cuda:0')
Epoch 24 Accuracy 28.4 | Loss: 2.1676 | Aggregation time: 17.267
tensor([1.2978], device='cuda:0')
tensor([1.2854], device='cuda:0')
tensor([1.3008], device='cuda:0')
tensor([1.2929], device='cuda:0')
tensor([1.2676], device='cuda:0')
tensor([1.2794], device='cuda:0')
tensor([1.2667], device='cuda:0')
tensor([1.2881], device='cuda:0')
tensor([1.2824], device='cuda:0')
tensor([1.2641], device='cuda:0')
Epoch 25 Accuracy 26.8 | Loss: 2.1633 | Aggregation time: 17.964
tensor([1.2687], device='cuda:0')
tensor([1.2774], device='cuda:0')
tensor([1.2994], device='cuda:0')
tensor([1.3184], device='cuda:0')
tensor([1.3170], device='cuda:0')
tensor([1.3014], device='cuda:0')
tensor([1.3114], device='cuda:0')
tensor([1.3343], device='cuda:0')
tensor([1.3230], device='cuda:0')
Epoch 26 Accuracy 30.2 | Loss: 2.0944 | Aggregation time: 18.471
tensor([1.3575], device='cuda:0')
tensor([1.3176], device='cuda:0')
tensor([1.3229], device='cuda:0')
tensor([1.3129], device='cuda:0')
tensor([1.3125], device='cuda:0')
tensor([1.3309], device='cuda:0')
tensor([1.3235], device='cuda:0')
tensor([1.3455], device='cuda:0')
tensor([1.3541], device='cuda:0')
tensor([1.3493], device='cuda:0')
Epoch 27 Accuracy 27.900000000000002 | Loss: 2.3702 | Aggregation time: 19.15
tensor([1.3544], device='cuda:0')
tensor([1.3493], device='cuda:0')
tensor([1.3363], device='cuda:0')
tensor([1.3370], device='cuda:0')
tensor([1.3411], device='cuda:0')
tensor([1.3385], device='cuda:0')
tensor([1.3442], device='cuda:0')
tensor([1.3467], device='cuda:0')
tensor([1.3631], device='cuda:0')
tensor([1.4027], device='cuda:0')
Epoch 28 Accuracy 25.4 | Loss: 2.2279 | Aggregation time: 19.853
tensor([1.4036], device='cuda:0')
tensor([1.3854], device='cuda:0')
tensor([1.3491], device='cuda:0')
tensor([1.3153], device='cuda:0')
tensor([1.3184], device='cuda:0')
tensor([1.3226], device='cuda:0')
tensor([1.3174], device='cuda:0')
tensor([1.2987], device='cuda:0')
tensor([1.2947], device='cuda:0')
tensor([1.2988], device='cuda:0')
Epoch 29 Accuracy 27.200000000000003 | Loss: 2.354 | Aggregation time: 20.621
tensor([1.2837], device='cuda:0')
tensor([1.3380], device='cuda:0')
tensor([1.3478], device='cuda:0')
tensor([1.3150], device='cuda:0')
tensor([1.3278], device='cuda:0')
tensor([1.3287], device='cuda:0')
tensor([1.3426], device='cuda:0')
tensor([1.3482], device='cuda:0')
tensor([1.3629], device='cuda:0')
Epoch 30 Accuracy 29.099999999999998 | Loss: 2.4338 | Aggregation time: 21.344
tensor([1.3644], device='cuda:0')
tensor([1.3550], device='cuda:0')
tensor([1.3371], device='cuda:0')
tensor([1.3420], device='cuda:0')
tensor([1.3471], device='cuda:0')
tensor([1.3433], device='cuda:0')
tensor([1.3516], device='cuda:0')
tensor([1.3342], device='cuda:0')
tensor([1.3331], device='cuda:0')
tensor([1.3251], device='cuda:0')
Epoch 31 Accuracy 28.199999999999996 | Loss: 2.1144 | Aggregation time: 22.037
tensor([1.3256], device='cuda:0')
tensor([1.2885], device='cuda:0')
tensor([1.2623], device='cuda:0')
tensor([1.2531], device='cuda:0')
tensor([1.2871], device='cuda:0')
tensor([1.3025], device='cuda:0')
tensor([1.3011], device='cuda:0')
tensor([1.3110], device='cuda:0')
tensor([1.2966], device='cuda:0')
tensor([1.2793], device='cuda:0')
Epoch 32 Accuracy 28.000000000000004 | Loss: 2.348 | Aggregation time: 22.826
tensor([1.2671], device='cuda:0')
tensor([1.2921], device='cuda:0')
tensor([1.2885], device='cuda:0')
tensor([1.2668], device='cuda:0')
tensor([1.2412], device='cuda:0')
tensor([1.2513], device='cuda:0')
tensor([1.2936], device='cuda:0')
tensor([1.2966], device='cuda:0')
tensor([1.3029], device='cuda:0')
tensor([1.3003], device='cuda:0')
Epoch 33 Accuracy 32.7 | Loss: 2.3183 | Aggregation time: 23.623
tensor([1.2785], device='cuda:0')
tensor([1.2903], device='cuda:0')
tensor([1.2949], device='cuda:0')
tensor([1.2956], device='cuda:0')
tensor([1.3060], device='cuda:0')
tensor([1.3057], device='cuda:0')
tensor([1.3271], device='cuda:0')
tensor([1.3360], device='cuda:0')
tensor([1.3137], device='cuda:0')
tensor([1.3096], device='cuda:0')
Epoch 34 Accuracy 28.499999999999996 | Loss: 2.1363 | Aggregation time: 24.373
tensor([1.3005], device='cuda:0')
tensor([1.3370], device='cuda:0')
tensor([1.3181], device='cuda:0')
tensor([1.3253], device='cuda:0')
tensor([1.3325], device='cuda:0')
tensor([1.3069], device='cuda:0')
tensor([1.2859], device='cuda:0')
tensor([1.2793], device='cuda:0')
tensor([1.2892], device='cuda:0')
Epoch 35 Accuracy 34.9 | Loss: 2.155 | Aggregation time: 24.908
tensor([1.3036], device='cuda:0')
tensor([1.3171], device='cuda:0')
tensor([1.3026], device='cuda:0')
tensor([1.2842], device='cuda:0')
tensor([1.3298], device='cuda:0')
tensor([1.2853], device='cuda:0')
tensor([1.2642], device='cuda:0')
tensor([1.2589], device='cuda:0')
tensor([1.2350], device='cuda:0')
tensor([1.2362], device='cuda:0')
Epoch 36 Accuracy 35.099999999999994 | Loss: 2.1759 | Aggregation time: 25.638
tensor([1.2448], device='cuda:0')
tensor([1.2493], device='cuda:0')
tensor([1.2638], device='cuda:0')
tensor([1.2337], device='cuda:0')
tensor([1.2432], device='cuda:0')
tensor([1.2559], device='cuda:0')
tensor([1.2919], device='cuda:0')
tensor([1.3276], device='cuda:0')
tensor([1.3103], device='cuda:0')
tensor([1.2914], device='cuda:0')
Epoch 37 Accuracy 30.0 | Loss: 2.4069 | Aggregation time: 26.343
tensor([1.2823], device='cuda:0')
tensor([1.3174], device='cuda:0')
tensor([1.3330], device='cuda:0')
tensor([1.3371], device='cuda:0')
tensor([1.3523], device='cuda:0')
tensor([1.3595], device='cuda:0')
tensor([1.3484], device='cuda:0')
tensor([1.3128], device='cuda:0')
tensor([1.3146], device='cuda:0')
tensor([1.3266], device='cuda:0')
Epoch 38 Accuracy 28.999999999999996 | Loss: 2.1714 | Aggregation time: 27.01
tensor([1.3161], device='cuda:0')
tensor([1.3344], device='cuda:0')
tensor([1.3341], device='cuda:0')
tensor([1.3345], device='cuda:0')
tensor([1.3708], device='cuda:0')
tensor([1.3628], device='cuda:0')
tensor([1.3772], device='cuda:0')
tensor([1.3641], device='cuda:0')
tensor([1.3432], device='cuda:0')
Epoch 39 Accuracy 24.8 | Loss: 2.0173 | Aggregation time: 27.843
tensor([1.3626], device='cuda:0')
tensor([1.3469], device='cuda:0')
tensor([1.3652], device='cuda:0')
tensor([1.3587], device='cuda:0')
tensor([1.3537], device='cuda:0')
tensor([1.3749], device='cuda:0')
tensor([1.3791], device='cuda:0')
tensor([1.3587], device='cuda:0')
tensor([1.3728], device='cuda:0')
tensor([1.3646], device='cuda:0')
Epoch 40 Accuracy 28.999999999999996 | Loss: 2.0407 | Aggregation time: 28.744
tensor([1.3592], device='cuda:0')
tensor([1.3314], device='cuda:0')
tensor([1.3289], device='cuda:0')
tensor([1.3314], device='cuda:0')
tensor([1.3717], device='cuda:0')
tensor([1.3672], device='cuda:0')
tensor([1.3786], device='cuda:0')
tensor([1.3582], device='cuda:0')
tensor([1.3576], device='cuda:0')
tensor([1.3641], device='cuda:0')
Epoch 41 Accuracy 30.3 | Loss: 2.0503 | Aggregation time: 29.508
tensor([1.3822], device='cuda:0')
tensor([1.4076], device='cuda:0')
tensor([1.4048], device='cuda:0')
tensor([1.3835], device='cuda:0')
tensor([1.3889], device='cuda:0')
tensor([1.3993], device='cuda:0')
tensor([1.3988], device='cuda:0')
tensor([1.4271], device='cuda:0')
tensor([1.4227], device='cuda:0')
tensor([1.4149], device='cuda:0')
Epoch 42 Accuracy 31.900000000000002 | Loss: 2.541 | Aggregation time: 30.265
tensor([1.4124], device='cuda:0')
tensor([1.4097], device='cuda:0')
tensor([1.4141], device='cuda:0')
tensor([1.3756], device='cuda:0')
tensor([1.3695], device='cuda:0')
tensor([1.3427], device='cuda:0')
tensor([1.3508], device='cuda:0')
tensor([1.3391], device='cuda:0')
tensor([1.3478], device='cuda:0')
Epoch 43 Accuracy 31.900000000000002 | Loss: 2.3155 | Aggregation time: 30.906
tensor([1.3337], device='cuda:0')
tensor([1.3153], device='cuda:0')
tensor([1.3330], device='cuda:0')
tensor([1.3546], device='cuda:0')
tensor([1.3728], device='cuda:0')
tensor([1.3611], device='cuda:0')
tensor([1.3586], device='cuda:0')
tensor([1.3502], device='cuda:0')
tensor([1.3565], device='cuda:0')
tensor([1.3644], device='cuda:0')
Epoch 44 Accuracy 31.8 | Loss: 2.0284 | Aggregation time: 31.568
tensor([1.3529], device='cuda:0')
tensor([1.3707], device='cuda:0')
tensor([1.3667], device='cuda:0')
tensor([1.3862], device='cuda:0')
tensor([1.4076], device='cuda:0')
tensor([1.3628], device='cuda:0')
tensor([1.3504], device='cuda:0')
tensor([1.3396], device='cuda:0')
tensor([1.3523], device='cuda:0')
tensor([1.3450], device='cuda:0')
Epoch 45 Accuracy 36.199999999999996 | Loss: 2.0374 | Aggregation time: 32.273
tensor([1.3292], device='cuda:0')
tensor([1.2924], device='cuda:0')
tensor([1.3368], device='cuda:0')
tensor([1.3339], device='cuda:0')
tensor([1.3619], device='cuda:0')
tensor([1.3837], device='cuda:0')
tensor([1.3670], device='cuda:0')
tensor([1.3636], device='cuda:0')
tensor([1.3779], device='cuda:0')
tensor([1.3697], device='cuda:0')
Epoch 46 Accuracy 34.0 | Loss: 2.0613 | Aggregation time: 33.021
tensor([1.3980], device='cuda:0')
tensor([1.4306], device='cuda:0')
tensor([1.4117], device='cuda:0')
tensor([1.4257], device='cuda:0')
tensor([1.4049], device='cuda:0')
tensor([1.4180], device='cuda:0')
tensor([1.4325], device='cuda:0')
tensor([1.4357], device='cuda:0')
tensor([1.4212], device='cuda:0')
Epoch 47 Accuracy 33.6 | Loss: 2.0123 | Aggregation time: 33.692
tensor([1.4152], device='cuda:0')
tensor([1.4306], device='cuda:0')
tensor([1.4134], device='cuda:0')
tensor([1.3903], device='cuda:0')
tensor([1.3778], device='cuda:0')
tensor([1.3927], device='cuda:0')
tensor([1.4052], device='cuda:0')
tensor([1.4046], device='cuda:0')
tensor([1.4257], device='cuda:0')
tensor([1.4337], device='cuda:0')
Epoch 48 Accuracy 29.7 | Loss: 2.0764 | Aggregation time: 34.404
tensor([1.4286], device='cuda:0')
tensor([1.4136], device='cuda:0')
tensor([1.3923], device='cuda:0')
tensor([1.3846], device='cuda:0')
tensor([1.3474], device='cuda:0')
tensor([1.3525], device='cuda:0')
tensor([1.3489], device='cuda:0')
tensor([1.3627], device='cuda:0')
tensor([1.3426], device='cuda:0')
tensor([1.3327], device='cuda:0')
Epoch 49 Accuracy 33.6 | Loss: 2.2421 | Aggregation time: 35.033
tensor([1.3387], device='cuda:0')
tensor([1.3905], device='cuda:0')
tensor([1.3775], device='cuda:0')
tensor([1.3737], device='cuda:0')
tensor([1.3511], device='cuda:0')
tensor([1.3779], device='cuda:0')
tensor([1.3706], device='cuda:0')
tensor([1.3916], device='cuda:0')
tensor([1.3788], device='cuda:0')
tensor([1.3605], device='cuda:0')
Epoch 50 Accuracy 28.1 | Loss: 2.0039 | Aggregation time: 35.642
