C:\Users\user\Desktop\IoT\FLTG-implementation\FL-Byzantine-Library\client.py:43: UserWarning: To copy construct from a tensor, it is recommended to use sourceTensor.clone().detach() or sourceTensor.clone().detach().requires_grad_(True), rather than torch.tensor(sourceTensor).
  self.momentum = torch.tensor(torch.zeros_like(flat_model, device=self.device))
Files already downloaded and verified
Files already downloaded and verified
number of parameters  0.697 M
tensor([1.4205], device='cuda:0')
tensor([1.4509], device='cuda:0')
tensor([1.5405], device='cuda:0')
tensor([1.5695], device='cuda:0')
tensor([1.5216], device='cuda:0')
tensor([1.5251], device='cuda:0')
tensor([1.5289], device='cuda:0')
tensor([1.5340], device='cuda:0')
tensor([1.5143], device='cuda:0')
tensor([1.5484], device='cuda:0')
Epoch 1 Accuracy 12.2 | Loss: 2.6251 | Aggregation time: 0.475
tensor([1.5734], device='cuda:0')
tensor([1.5627], device='cuda:0')
tensor([1.5866], device='cuda:0')
tensor([1.5609], device='cuda:0')
tensor([1.5383], device='cuda:0')
tensor([1.5308], device='cuda:0')
tensor([1.4997], device='cuda:0')
tensor([1.5039], device='cuda:0')
tensor([1.5271], device='cuda:0')
tensor([1.5385], device='cuda:0')
Epoch 2 Accuracy 12.5 | Loss: 3.6218 | Aggregation time: 1.099
tensor([1.5020], device='cuda:0')
tensor([1.5514], device='cuda:0')
tensor([1.5162], device='cuda:0')
tensor([1.4673], device='cuda:0')
tensor([1.4544], device='cuda:0')
tensor([1.3553], device='cuda:0')
tensor([1.3955], device='cuda:0')
tensor([1.3836], device='cuda:0')
tensor([1.4163], device='cuda:0')
tensor([1.4448], device='cuda:0')
Epoch 3 Accuracy 13.900000000000002 | Loss: 2.6346 | Aggregation time: 1.914
tensor([1.4293], device='cuda:0')
tensor([1.4174], device='cuda:0')
tensor([1.3868], device='cuda:0')
tensor([1.4243], device='cuda:0')
tensor([1.4136], device='cuda:0')
tensor([1.4455], device='cuda:0')
tensor([1.5341], device='cuda:0')
tensor([1.4819], device='cuda:0')
tensor([1.4578], device='cuda:0')
tensor([1.4230], device='cuda:0')
Epoch 4 Accuracy 14.499999999999998 | Loss: 3.1632 | Aggregation time: 2.565
tensor([1.3938], device='cuda:0')
tensor([1.4114], device='cuda:0')
tensor([1.3789], device='cuda:0')
tensor([1.4251], device='cuda:0')
tensor([1.3886], device='cuda:0')
tensor([1.4180], device='cuda:0')
tensor([1.4451], device='cuda:0')
tensor([1.3235], device='cuda:0')
tensor([1.4134], device='cuda:0')
Epoch 5 Accuracy 8.9 | Loss: 5.2137 | Aggregation time: 2.97
tensor([1.4353], device='cuda:0')
tensor([1.5303], device='cuda:0')
tensor([1.4644], device='cuda:0')
tensor([1.4256], device='cuda:0')
tensor([1.4490], device='cuda:0')
tensor([1.4370], device='cuda:0')
tensor([1.3919], device='cuda:0')
tensor([1.3460], device='cuda:0')
tensor([1.3358], device='cuda:0')
tensor([1.3363], device='cuda:0')
Epoch 6 Accuracy 15.8 | Loss: 6.2929 | Aggregation time: 3.481
tensor([1.3444], device='cuda:0')
tensor([1.3227], device='cuda:0')
tensor([1.3594], device='cuda:0')
tensor([1.3687], device='cuda:0')
tensor([1.4221], device='cuda:0')
tensor([1.4862], device='cuda:0')
tensor([1.4638], device='cuda:0')
tensor([1.4748], device='cuda:0')
tensor([1.5131], device='cuda:0')
tensor([1.5294], device='cuda:0')
Epoch 7 Accuracy 11.1 | Loss: 4.0423 | Aggregation time: 4.289
tensor([1.5403], device='cuda:0')
tensor([1.5113], device='cuda:0')
tensor([1.4790], device='cuda:0')
tensor([1.4744], device='cuda:0')
tensor([1.4264], device='cuda:0')
tensor([1.4510], device='cuda:0')
tensor([1.4530], device='cuda:0')
tensor([1.3910], device='cuda:0')
tensor([1.4567], device='cuda:0')
tensor([1.4497], device='cuda:0')
Epoch 8 Accuracy 13.5 | Loss: 3.3111 | Aggregation time: 4.954
tensor([1.4795], device='cuda:0')
tensor([1.4969], device='cuda:0')
tensor([1.5374], device='cuda:0')
tensor([1.5340], device='cuda:0')
tensor([1.5197], device='cuda:0')
tensor([1.6037], device='cuda:0')
tensor([1.6125], device='cuda:0')
tensor([1.7232], device='cuda:0')
tensor([1.7669], device='cuda:0')
Epoch 9 Accuracy 10.0 | Loss: 5.2144 | Aggregation time: 5.349
tensor([1.8418], device='cuda:0')
tensor([1.8857], device='cuda:0')
tensor([1.8447], device='cuda:0')
tensor([1.7794], device='cuda:0')
tensor([1.7130], device='cuda:0')
tensor([1.6239], device='cuda:0')
tensor([1.5880], device='cuda:0')
tensor([1.5594], device='cuda:0')
tensor([1.6089], device='cuda:0')
tensor([1.6280], device='cuda:0')
Epoch 10 Accuracy 13.5 | Loss: 3.7595 | Aggregation time: 6.015
tensor([1.5972], device='cuda:0')
tensor([1.5326], device='cuda:0')
tensor([1.4953], device='cuda:0')
tensor([1.4811], device='cuda:0')
tensor([1.4222], device='cuda:0')
tensor([1.3955], device='cuda:0')
tensor([1.4167], device='cuda:0')
tensor([1.4161], device='cuda:0')
tensor([1.4080], device='cuda:0')
tensor([1.5001], device='cuda:0')
Epoch 11 Accuracy 13.900000000000002 | Loss: 3.0783 | Aggregation time: 6.76
tensor([1.4862], device='cuda:0')
tensor([1.4263], device='cuda:0')
tensor([1.3950], device='cuda:0')
tensor([1.3743], device='cuda:0')
tensor([1.3641], device='cuda:0')
tensor([1.3765], device='cuda:0')
tensor([1.3968], device='cuda:0')
tensor([1.4112], device='cuda:0')
tensor([1.3622], device='cuda:0')
tensor([1.2596], device='cuda:0')
Epoch 12 Accuracy 14.2 | Loss: 3.0204 | Aggregation time: 7.326
tensor([1.3046], device='cuda:0')
tensor([1.3796], device='cuda:0')
tensor([1.4028], device='cuda:0')
tensor([1.4295], device='cuda:0')
tensor([1.4830], device='cuda:0')
tensor([1.4820], device='cuda:0')
tensor([1.5166], device='cuda:0')
tensor([1.5182], device='cuda:0')
tensor([1.5098], device='cuda:0')
Epoch 13 Accuracy 10.0 | Loss: 4.7619 | Aggregation time: 7.705
tensor([1.4987], device='cuda:0')
tensor([1.4978], device='cuda:0')
tensor([1.4955], device='cuda:0')
tensor([1.5241], device='cuda:0')
tensor([1.5198], device='cuda:0')
tensor([1.5468], device='cuda:0')
tensor([1.5231], device='cuda:0')
tensor([1.5410], device='cuda:0')
tensor([1.5167], device='cuda:0')
tensor([1.5196], device='cuda:0')
Epoch 14 Accuracy 7.3 | Loss: 4.0193 | Aggregation time: 8.24
tensor([1.5000], device='cuda:0')
tensor([1.5234], device='cuda:0')
tensor([1.4864], device='cuda:0')
tensor([1.5174], device='cuda:0')
tensor([1.4460], device='cuda:0')
tensor([1.3950], device='cuda:0')
tensor([1.3501], device='cuda:0')
tensor([1.3754], device='cuda:0')
tensor([1.3734], device='cuda:0')
tensor([1.3293], device='cuda:0')
Epoch 15 Accuracy 14.499999999999998 | Loss: 2.7647 | Aggregation time: 9.048
tensor([1.3578], device='cuda:0')
tensor([1.3306], device='cuda:0')
tensor([1.3422], device='cuda:0')
tensor([1.3406], device='cuda:0')
tensor([1.3031], device='cuda:0')
tensor([1.3184], device='cuda:0')
tensor([1.3202], device='cuda:0')
tensor([1.2839], device='cuda:0')
tensor([1.2084], device='cuda:0')
tensor([1.2087], device='cuda:0')
Epoch 16 Accuracy 14.2 | Loss: 2.884 | Aggregation time: 9.678
tensor([1.2066], device='cuda:0')
tensor([1.2122], device='cuda:0')
tensor([1.2445], device='cuda:0')
tensor([1.2072], device='cuda:0')
tensor([1.2317], device='cuda:0')
tensor([1.2884], device='cuda:0')
tensor([1.3220], device='cuda:0')
tensor([1.3012], device='cuda:0')
tensor([1.3278], device='cuda:0')
tensor([1.3177], device='cuda:0')
Epoch 17 Accuracy 15.7 | Loss: 2.9983 | Aggregation time: 10.379
tensor([1.3712], device='cuda:0')
tensor([1.3988], device='cuda:0')
tensor([1.4548], device='cuda:0')
tensor([1.4328], device='cuda:0')
tensor([1.4885], device='cuda:0')
tensor([1.4259], device='cuda:0')
tensor([1.2556], device='cuda:0')
tensor([1.2698], device='cuda:0')
tensor([1.2887], device='cuda:0')
Epoch 18 Accuracy 11.4 | Loss: 2.9727 | Aggregation time: 11.107
tensor([1.3421], device='cuda:0')
tensor([1.3506], device='cuda:0')
tensor([1.2699], device='cuda:0')
tensor([1.2849], device='cuda:0')
tensor([1.2738], device='cuda:0')
tensor([1.3318], device='cuda:0')
tensor([1.3640], device='cuda:0')
tensor([1.4209], device='cuda:0')
tensor([1.4401], device='cuda:0')
tensor([1.5166], device='cuda:0')
Epoch 19 Accuracy 15.9 | Loss: 3.3002 | Aggregation time: 11.545
tensor([1.4876], device='cuda:0')
tensor([1.5345], device='cuda:0')
tensor([1.5014], device='cuda:0')
tensor([1.5162], device='cuda:0')
tensor([1.4837], device='cuda:0')
tensor([1.4159], device='cuda:0')
tensor([1.4434], device='cuda:0')
tensor([1.4317], device='cuda:0')
tensor([1.4075], device='cuda:0')
tensor([1.3971], device='cuda:0')
Epoch 20 Accuracy 14.799999999999999 | Loss: 3.1287 | Aggregation time: 12.025
tensor([1.3964], device='cuda:0')
tensor([1.4005], device='cuda:0')
tensor([1.3548], device='cuda:0')
tensor([1.3624], device='cuda:0')
tensor([1.3709], device='cuda:0')
tensor([1.3696], device='cuda:0')
tensor([1.4402], device='cuda:0')
tensor([1.5044], device='cuda:0')
tensor([1.5631], device='cuda:0')
tensor([1.5886], device='cuda:0')
Epoch 21 Accuracy 10.0 | Loss: 3.0353 | Aggregation time: 12.456
tensor([1.5271], device='cuda:0')
tensor([1.5608], device='cuda:0')
tensor([1.6076], device='cuda:0')
tensor([1.6605], device='cuda:0')
tensor([1.6269], device='cuda:0')
tensor([1.5642], device='cuda:0')
tensor([1.5902], device='cuda:0')
tensor([1.5627], device='cuda:0')
tensor([1.5282], device='cuda:0')
Epoch 22 Accuracy 8.6 | Loss: 3.249 | Aggregation time: 13.098
tensor([1.5332], device='cuda:0')
tensor([1.4499], device='cuda:0')
tensor([1.4362], device='cuda:0')
tensor([1.4055], device='cuda:0')
tensor([1.4331], device='cuda:0')
tensor([1.3583], device='cuda:0')
tensor([1.3389], device='cuda:0')
tensor([1.3239], device='cuda:0')
tensor([1.2474], device='cuda:0')
tensor([1.3010], device='cuda:0')
Epoch 23 Accuracy 15.1 | Loss: 2.5893 | Aggregation time: 13.807
tensor([1.2799], device='cuda:0')
tensor([1.1980], device='cuda:0')
tensor([1.2648], device='cuda:0')
tensor([1.2748], device='cuda:0')
tensor([1.2756], device='cuda:0')
tensor([1.3633], device='cuda:0')
tensor([1.3929], device='cuda:0')
tensor([1.3923], device='cuda:0')
tensor([1.3800], device='cuda:0')
tensor([1.5012], device='cuda:0')
Epoch 24 Accuracy 14.499999999999998 | Loss: 2.5042 | Aggregation time: 14.401
tensor([1.9073], device='cuda:0')
tensor([1.8217], device='cuda:0')
tensor([1.6051], device='cuda:0')
tensor([1.6136], device='cuda:0')
tensor([1.4943], device='cuda:0')
tensor([1.4828], device='cuda:0')
tensor([1.4847], device='cuda:0')
tensor([1.4809], device='cuda:0')
tensor([1.5009], device='cuda:0')
tensor([1.4603], device='cuda:0')
Epoch 25 Accuracy 13.5 | Loss: 2.5831 | Aggregation time: 15.029
tensor([1.4548], device='cuda:0')
tensor([1.4347], device='cuda:0')
tensor([1.3924], device='cuda:0')
tensor([1.4394], device='cuda:0')
tensor([1.4500], device='cuda:0')
tensor([1.4273], device='cuda:0')
tensor([1.4307], device='cuda:0')
tensor([1.4410], device='cuda:0')
tensor([1.4280], device='cuda:0')
Epoch 26 Accuracy 16.1 | Loss: 2.7112 | Aggregation time: 15.405
tensor([1.4237], device='cuda:0')
tensor([1.4287], device='cuda:0')
tensor([1.4713], device='cuda:0')
tensor([1.5029], device='cuda:0')
tensor([1.4474], device='cuda:0')
tensor([1.4585], device='cuda:0')
tensor([1.4602], device='cuda:0')
tensor([1.4168], device='cuda:0')
tensor([1.4179], device='cuda:0')
tensor([1.4254], device='cuda:0')
Epoch 27 Accuracy 10.9 | Loss: 3.1229 | Aggregation time: 15.854
tensor([1.4062], device='cuda:0')
tensor([1.3607], device='cuda:0')
tensor([1.4022], device='cuda:0')
tensor([1.4444], device='cuda:0')
tensor([1.4852], device='cuda:0')
tensor([1.5197], device='cuda:0')
tensor([1.5228], device='cuda:0')
tensor([1.5105], device='cuda:0')
tensor([1.5098], device='cuda:0')
tensor([1.4574], device='cuda:0')
Epoch 28 Accuracy 15.2 | Loss: 3.2675 | Aggregation time: 16.275
tensor([1.5192], device='cuda:0')
tensor([1.5586], device='cuda:0')
tensor([1.5760], device='cuda:0')
tensor([1.5520], device='cuda:0')
tensor([1.5334], device='cuda:0')
tensor([1.5091], device='cuda:0')
tensor([1.5188], device='cuda:0')
tensor([1.5342], device='cuda:0')
tensor([1.5348], device='cuda:0')
tensor([1.5379], device='cuda:0')
Epoch 29 Accuracy 16.900000000000002 | Loss: 3.3175 | Aggregation time: 16.732
tensor([1.5427], device='cuda:0')
tensor([1.5577], device='cuda:0')
tensor([1.5565], device='cuda:0')
tensor([1.5504], device='cuda:0')
tensor([1.5337], device='cuda:0')
tensor([1.5048], device='cuda:0')
tensor([1.4387], device='cuda:0')
tensor([1.4739], device='cuda:0')
tensor([1.4436], device='cuda:0')
Epoch 30 Accuracy 16.400000000000002 | Loss: 3.151 | Aggregation time: 17.138
tensor([1.4617], device='cuda:0')
tensor([1.4604], device='cuda:0')
tensor([1.3702], device='cuda:0')
tensor([1.4468], device='cuda:0')
tensor([1.6401], device='cuda:0')
tensor([1.8492], device='cuda:0')
tensor([1.9367], device='cuda:0')
tensor([1.8726], device='cuda:0')
tensor([1.7385], device='cuda:0')
tensor([1.6353], device='cuda:0')
Epoch 31 Accuracy 14.299999999999999 | Loss: 2.5398 | Aggregation time: 17.786
tensor([1.6831], device='cuda:0')
tensor([1.5718], device='cuda:0')
tensor([1.4008], device='cuda:0')
tensor([1.3297], device='cuda:0')
tensor([1.2726], device='cuda:0')
tensor([1.2460], device='cuda:0')
tensor([1.1939], device='cuda:0')
tensor([1.2040], device='cuda:0')
tensor([1.2183], device='cuda:0')
tensor([1.2494], device='cuda:0')
Epoch 32 Accuracy 17.299999999999997 | Loss: 2.5335 | Aggregation time: 18.485
tensor([1.2541], device='cuda:0')
tensor([1.2777], device='cuda:0')
tensor([1.3388], device='cuda:0')
tensor([1.3260], device='cuda:0')
tensor([1.3666], device='cuda:0')
tensor([1.3816], device='cuda:0')
tensor([1.3593], device='cuda:0')
tensor([1.3508], device='cuda:0')
tensor([1.3793], device='cuda:0')
tensor([1.4316], device='cuda:0')
Epoch 33 Accuracy 16.400000000000002 | Loss: 3.2143 | Aggregation time: 18.932
tensor([1.4325], device='cuda:0')
tensor([1.4593], device='cuda:0')
tensor([1.4784], device='cuda:0')
tensor([1.5348], device='cuda:0')
tensor([1.5226], device='cuda:0')
tensor([1.5296], device='cuda:0')
tensor([1.5232], device='cuda:0')
tensor([1.4938], device='cuda:0')
tensor([1.4963], device='cuda:0')
tensor([1.4768], device='cuda:0')
Epoch 34 Accuracy 15.4 | Loss: 3.555 | Aggregation time: 19.513
tensor([1.4923], device='cuda:0')
tensor([1.4749], device='cuda:0')
tensor([1.4608], device='cuda:0')
tensor([1.4597], device='cuda:0')
tensor([1.4722], device='cuda:0')
tensor([1.5149], device='cuda:0')
tensor([1.5222], device='cuda:0')
tensor([1.5358], device='cuda:0')
tensor([1.4516], device='cuda:0')
Epoch 35 Accuracy 17.8 | Loss: 2.5608 | Aggregation time: 20.03
tensor([1.4143], device='cuda:0')
tensor([1.4933], device='cuda:0')
tensor([1.4996], device='cuda:0')
tensor([1.4833], device='cuda:0')
tensor([1.4240], device='cuda:0')
tensor([1.4084], device='cuda:0')
tensor([1.4370], device='cuda:0')
tensor([1.4384], device='cuda:0')
tensor([1.4320], device='cuda:0')
tensor([1.4868], device='cuda:0')
Epoch 36 Accuracy 10.8 | Loss: 2.9082 | Aggregation time: 20.471
tensor([1.5169], device='cuda:0')
tensor([1.4595], device='cuda:0')
tensor([1.4379], device='cuda:0')
tensor([1.4490], device='cuda:0')
tensor([1.4397], device='cuda:0')
tensor([1.3821], device='cuda:0')
tensor([1.3641], device='cuda:0')
tensor([1.3455], device='cuda:0')
tensor([1.3344], device='cuda:0')
tensor([1.3169], device='cuda:0')
Epoch 37 Accuracy 16.3 | Loss: 2.6568 | Aggregation time: 20.949
tensor([1.2758], device='cuda:0')
tensor([1.3278], device='cuda:0')
tensor([1.3095], device='cuda:0')
tensor([1.3273], device='cuda:0')
tensor([1.3027], device='cuda:0')
tensor([1.2860], device='cuda:0')
tensor([1.2767], device='cuda:0')
tensor([1.3033], device='cuda:0')
tensor([1.3154], device='cuda:0')
tensor([1.3112], device='cuda:0')
Epoch 38 Accuracy 16.1 | Loss: 2.9975 | Aggregation time: 21.432
tensor([1.2954], device='cuda:0')
tensor([1.2822], device='cuda:0')
tensor([1.3142], device='cuda:0')
tensor([1.3336], device='cuda:0')
tensor([1.3008], device='cuda:0')
tensor([1.2024], device='cuda:0')
tensor([1.2164], device='cuda:0')
tensor([1.1447], device='cuda:0')
tensor([1.2148], device='cuda:0')
Epoch 39 Accuracy 15.5 | Loss: 2.5777 | Aggregation time: 21.921
tensor([1.1993], device='cuda:0')
tensor([1.1437], device='cuda:0')
tensor([1.1821], device='cuda:0')
tensor([1.2045], device='cuda:0')
tensor([1.1906], device='cuda:0')
tensor([1.2236], device='cuda:0')
tensor([1.2634], device='cuda:0')
tensor([1.1937], device='cuda:0')
tensor([1.3587], device='cuda:0')
tensor([1.3421], device='cuda:0')
Epoch 40 Accuracy 12.3 | Loss: 3.2178 | Aggregation time: 22.412
tensor([1.3663], device='cuda:0')
tensor([1.4083], device='cuda:0')
tensor([1.4117], device='cuda:0')
tensor([1.4046], device='cuda:0')
tensor([1.3975], device='cuda:0')
tensor([1.3816], device='cuda:0')
tensor([1.3388], device='cuda:0')
tensor([1.3718], device='cuda:0')
tensor([1.3791], device='cuda:0')
tensor([1.3231], device='cuda:0')
Epoch 41 Accuracy 14.299999999999999 | Loss: 2.7734 | Aggregation time: 23.113
tensor([1.3000], device='cuda:0')
tensor([1.3282], device='cuda:0')
tensor([1.3149], device='cuda:0')
tensor([1.3156], device='cuda:0')
tensor([1.3111], device='cuda:0')
tensor([1.3001], device='cuda:0')
tensor([1.3216], device='cuda:0')
tensor([1.3309], device='cuda:0')
tensor([1.3189], device='cuda:0')
tensor([1.2983], device='cuda:0')
Epoch 42 Accuracy 14.899999999999999 | Loss: 2.6241 | Aggregation time: 23.856
tensor([1.2944], device='cuda:0')
tensor([1.3172], device='cuda:0')
tensor([1.2691], device='cuda:0')
tensor([1.2104], device='cuda:0')
tensor([1.1414], device='cuda:0')
tensor([1.2043], device='cuda:0')
tensor([1.2149], device='cuda:0')
tensor([1.2135], device='cuda:0')
tensor([1.2257], device='cuda:0')
Epoch 43 Accuracy 17.2 | Loss: 3.0321 | Aggregation time: 24.285
tensor([1.2126], device='cuda:0')
tensor([1.2185], device='cuda:0')
tensor([1.2442], device='cuda:0')
tensor([1.2736], device='cuda:0')
tensor([1.2217], device='cuda:0')
tensor([1.1772], device='cuda:0')
tensor([1.1415], device='cuda:0')
tensor([1.1646], device='cuda:0')
tensor([1.2008], device='cuda:0')
tensor([1.2259], device='cuda:0')
Epoch 44 Accuracy 16.400000000000002 | Loss: 2.913 | Aggregation time: 24.728
tensor([1.1998], device='cuda:0')
tensor([1.3046], device='cuda:0')
tensor([1.3628], device='cuda:0')
tensor([1.3508], device='cuda:0')
tensor([1.3487], device='cuda:0')
tensor([1.3910], device='cuda:0')
tensor([1.5007], device='cuda:0')
tensor([1.5251], device='cuda:0')
tensor([1.5235], device='cuda:0')
tensor([1.5514], device='cuda:0')
Epoch 45 Accuracy 11.200000000000001 | Loss: 3.5299 | Aggregation time: 25.258
tensor([1.5668], device='cuda:0')
tensor([1.5428], device='cuda:0')
tensor([1.5078], device='cuda:0')
tensor([1.4673], device='cuda:0')
tensor([1.4483], device='cuda:0')
tensor([1.4044], device='cuda:0')
tensor([1.3163], device='cuda:0')
tensor([1.3239], device='cuda:0')
tensor([1.3099], device='cuda:0')
tensor([1.2861], device='cuda:0')
Epoch 46 Accuracy 14.099999999999998 | Loss: 2.7401 | Aggregation time: 26.0
tensor([1.3128], device='cuda:0')
tensor([1.2686], device='cuda:0')
tensor([1.1898], device='cuda:0')
tensor([1.1689], device='cuda:0')
tensor([1.1580], device='cuda:0')
tensor([1.1944], device='cuda:0')
tensor([1.1925], device='cuda:0')
tensor([1.1975], device='cuda:0')
tensor([1.1742], device='cuda:0')
Epoch 47 Accuracy 16.1 | Loss: 2.5893 | Aggregation time: 26.658
tensor([1.1123], device='cuda:0')
tensor([1.1625], device='cuda:0')
tensor([1.1733], device='cuda:0')
tensor([1.1493], device='cuda:0')
tensor([1.1503], device='cuda:0')
tensor([1.2076], device='cuda:0')
tensor([1.2049], device='cuda:0')
tensor([1.2191], device='cuda:0')
tensor([1.2344], device='cuda:0')
tensor([1.2420], device='cuda:0')
Epoch 48 Accuracy 18.3 | Loss: 3.0614 | Aggregation time: 27.153
tensor([1.3023], device='cuda:0')
tensor([1.3596], device='cuda:0')
tensor([1.3751], device='cuda:0')
tensor([1.4326], device='cuda:0')
tensor([1.5010], device='cuda:0')
tensor([1.5294], device='cuda:0')
tensor([1.5406], device='cuda:0')
tensor([1.5372], device='cuda:0')
tensor([1.4611], device='cuda:0')
tensor([1.4858], device='cuda:0')
Epoch 49 Accuracy 14.7 | Loss: 3.8116 | Aggregation time: 27.604
tensor([1.4902], device='cuda:0')
tensor([1.5093], device='cuda:0')
tensor([1.4965], device='cuda:0')
tensor([1.4914], device='cuda:0')
tensor([1.4643], device='cuda:0')
tensor([1.4403], device='cuda:0')
tensor([1.4456], device='cuda:0')
tensor([1.4528], device='cuda:0')
tensor([1.4560], device='cuda:0')
tensor([1.4436], device='cuda:0')
Epoch 50 Accuracy 16.400000000000002 | Loss: 2.9856 | Aggregation time: 28.35
