C:\Users\user\Desktop\IoT\FLTG-implementation\FL-Byzantine-Library\client.py:43: UserWarning: To copy construct from a tensor, it is recommended to use sourceTensor.clone().detach() or sourceTensor.clone().detach().requires_grad_(True), rather than torch.tensor(sourceTensor).
  self.momentum = torch.tensor(torch.zeros_like(flat_model, device=self.device))
Files already downloaded and verified
Files already downloaded and verified
number of parameters  0.697 M
tensor([1.5376], device='cuda:0')
tensor([1.6360], device='cuda:0')
tensor([1.6833], device='cuda:0')
tensor([1.7051], device='cuda:0')
tensor([1.7603], device='cuda:0')
tensor([1.7645], device='cuda:0')
tensor([1.7519], device='cuda:0')
tensor([1.7159], device='cuda:0')
tensor([1.7080], device='cuda:0')
tensor([1.7237], device='cuda:0')
Epoch 1 Accuracy 16.2 | Loss: 2.3245 | Aggregation time: 0.851
tensor([1.7175], device='cuda:0')
tensor([1.7347], device='cuda:0')
tensor([1.7153], device='cuda:0')
tensor([1.7371], device='cuda:0')
tensor([1.7451], device='cuda:0')
tensor([1.7509], device='cuda:0')
tensor([1.7423], device='cuda:0')
tensor([1.7469], device='cuda:0')
tensor([1.7377], device='cuda:0')
tensor([1.7568], device='cuda:0')
Epoch 2 Accuracy 20.5 | Loss: 2.2187 | Aggregation time: 1.559
tensor([1.7852], device='cuda:0')
tensor([1.7869], device='cuda:0')
tensor([1.7941], device='cuda:0')
tensor([1.7927], device='cuda:0')
tensor([1.8227], device='cuda:0')
tensor([1.8377], device='cuda:0')
tensor([1.8373], device='cuda:0')
tensor([1.8308], device='cuda:0')
tensor([1.8251], device='cuda:0')
tensor([1.8337], device='cuda:0')
Epoch 3 Accuracy 26.1 | Loss: 2.1852 | Aggregation time: 2.26
tensor([1.8377], device='cuda:0')
tensor([1.8268], device='cuda:0')
tensor([1.8513], device='cuda:0')
tensor([1.8495], device='cuda:0')
tensor([1.8502], device='cuda:0')
tensor([1.8414], device='cuda:0')
tensor([1.8321], device='cuda:0')
tensor([1.8100], device='cuda:0')
tensor([1.7981], device='cuda:0')
tensor([1.8176], device='cuda:0')
Epoch 4 Accuracy 23.9 | Loss: 2.0474 | Aggregation time: 2.922
tensor([1.8283], device='cuda:0')
tensor([1.8115], device='cuda:0')
tensor([1.8201], device='cuda:0')
tensor([1.8101], device='cuda:0')
tensor([1.8237], device='cuda:0')
tensor([1.8363], device='cuda:0')
tensor([1.8228], device='cuda:0')
tensor([1.8144], device='cuda:0')
tensor([1.8208], device='cuda:0')
Epoch 5 Accuracy 25.7 | Loss: 2.0329 | Aggregation time: 3.518
tensor([1.8152], device='cuda:0')
tensor([1.8150], device='cuda:0')
tensor([1.8423], device='cuda:0')
tensor([1.8323], device='cuda:0')
tensor([1.8221], device='cuda:0')
tensor([1.8471], device='cuda:0')
tensor([1.8300], device='cuda:0')
tensor([1.8200], device='cuda:0')
tensor([1.8013], device='cuda:0')
tensor([1.7836], device='cuda:0')
Epoch 6 Accuracy 28.299999999999997 | Loss: 1.9643 | Aggregation time: 4.238
tensor([1.7792], device='cuda:0')
tensor([1.7963], device='cuda:0')
tensor([1.7992], device='cuda:0')
tensor([1.8130], device='cuda:0')
tensor([1.8208], device='cuda:0')
tensor([1.8357], device='cuda:0')
tensor([1.8320], device='cuda:0')
tensor([1.8397], device='cuda:0')
tensor([1.8469], device='cuda:0')
tensor([1.8517], device='cuda:0')
Epoch 7 Accuracy 26.200000000000003 | Loss: 1.9797 | Aggregation time: 4.971
tensor([1.8572], device='cuda:0')
tensor([1.8552], device='cuda:0')
tensor([1.8492], device='cuda:0')
tensor([1.8385], device='cuda:0')
tensor([1.8582], device='cuda:0')
tensor([1.8471], device='cuda:0')
tensor([1.8505], device='cuda:0')
tensor([1.8437], device='cuda:0')
tensor([1.8359], device='cuda:0')
tensor([1.8202], device='cuda:0')
Epoch 8 Accuracy 31.3 | Loss: 2.0098 | Aggregation time: 5.708
tensor([1.8139], device='cuda:0')
tensor([1.8288], device='cuda:0')
tensor([1.8354], device='cuda:0')
tensor([1.8336], device='cuda:0')
tensor([1.8202], device='cuda:0')
tensor([1.8292], device='cuda:0')
tensor([1.8256], device='cuda:0')
tensor([1.8155], device='cuda:0')
tensor([1.8286], device='cuda:0')
Epoch 9 Accuracy 30.9 | Loss: 1.9349 | Aggregation time: 6.379
tensor([1.8179], device='cuda:0')
tensor([1.8290], device='cuda:0')
tensor([1.8435], device='cuda:0')
tensor([1.8356], device='cuda:0')
tensor([1.8286], device='cuda:0')
tensor([1.8326], device='cuda:0')
tensor([1.8286], device='cuda:0')
tensor([1.8261], device='cuda:0')
tensor([1.8287], device='cuda:0')
tensor([1.8317], device='cuda:0')
Epoch 10 Accuracy 27.700000000000003 | Loss: 1.9404 | Aggregation time: 7.201
tensor([1.8116], device='cuda:0')
tensor([1.8016], device='cuda:0')
tensor([1.8139], device='cuda:0')
tensor([1.8184], device='cuda:0')
tensor([1.8185], device='cuda:0')
tensor([1.8274], device='cuda:0')
tensor([1.8091], device='cuda:0')
tensor([1.7996], device='cuda:0')
tensor([1.8331], device='cuda:0')
tensor([1.8173], device='cuda:0')
Epoch 11 Accuracy 32.2 | Loss: 1.9363 | Aggregation time: 8.208
tensor([1.8164], device='cuda:0')
tensor([1.8259], device='cuda:0')
tensor([1.8249], device='cuda:0')
tensor([1.8192], device='cuda:0')
tensor([1.8057], device='cuda:0')
tensor([1.8281], device='cuda:0')
tensor([1.8364], device='cuda:0')
tensor([1.8391], device='cuda:0')
tensor([1.8531], device='cuda:0')
tensor([1.8510], device='cuda:0')
Epoch 12 Accuracy 33.800000000000004 | Loss: 1.8563 | Aggregation time: 9.231
tensor([1.8454], device='cuda:0')
tensor([1.8337], device='cuda:0')
tensor([1.8602], device='cuda:0')
tensor([1.8573], device='cuda:0')
tensor([1.8536], device='cuda:0')
tensor([1.8361], device='cuda:0')
tensor([1.8312], device='cuda:0')
tensor([1.8420], device='cuda:0')
tensor([1.8334], device='cuda:0')
Epoch 13 Accuracy 33.300000000000004 | Loss: 1.8953 | Aggregation time: 9.857
tensor([1.8164], device='cuda:0')
tensor([1.8144], device='cuda:0')
tensor([1.8231], device='cuda:0')
tensor([1.8427], device='cuda:0')
tensor([1.8444], device='cuda:0')
tensor([1.8361], device='cuda:0')
tensor([1.8390], device='cuda:0')
tensor([1.8069], device='cuda:0')
tensor([1.8057], device='cuda:0')
tensor([1.8230], device='cuda:0')
Epoch 14 Accuracy 38.4 | Loss: 1.8197 | Aggregation time: 10.589
tensor([1.8044], device='cuda:0')
tensor([1.7953], device='cuda:0')
tensor([1.7950], device='cuda:0')
tensor([1.8007], device='cuda:0')
tensor([1.8037], device='cuda:0')
tensor([1.7901], device='cuda:0')
tensor([1.7965], device='cuda:0')
tensor([1.8125], device='cuda:0')
tensor([1.8225], device='cuda:0')
tensor([1.8334], device='cuda:0')
Epoch 15 Accuracy 31.5 | Loss: 1.8415 | Aggregation time: 11.316
tensor([1.8441], device='cuda:0')
tensor([1.8292], device='cuda:0')
tensor([1.8351], device='cuda:0')
tensor([1.8298], device='cuda:0')
tensor([1.8225], device='cuda:0')
tensor([1.8226], device='cuda:0')
tensor([1.8198], device='cuda:0')
tensor([1.8192], device='cuda:0')
tensor([1.8134], device='cuda:0')
tensor([1.8265], device='cuda:0')
Epoch 16 Accuracy 34.5 | Loss: 1.7597 | Aggregation time: 12.052
tensor([1.8220], device='cuda:0')
tensor([1.8434], device='cuda:0')
tensor([1.8428], device='cuda:0')
tensor([1.8391], device='cuda:0')
tensor([1.8500], device='cuda:0')
tensor([1.8457], device='cuda:0')
tensor([1.8379], device='cuda:0')
tensor([1.8486], device='cuda:0')
tensor([1.8341], device='cuda:0')
tensor([1.8303], device='cuda:0')
Epoch 17 Accuracy 36.4 | Loss: 1.7997 | Aggregation time: 12.778
tensor([1.8298], device='cuda:0')
tensor([1.8373], device='cuda:0')
tensor([1.8174], device='cuda:0')
tensor([1.8209], device='cuda:0')
tensor([1.8250], device='cuda:0')
tensor([1.8317], device='cuda:0')
tensor([1.8369], device='cuda:0')
tensor([1.8171], device='cuda:0')
tensor([1.7933], device='cuda:0')
Epoch 18 Accuracy 37.6 | Loss: 1.7803 | Aggregation time: 13.431
tensor([1.7822], device='cuda:0')
tensor([1.7875], device='cuda:0')
tensor([1.7680], device='cuda:0')
tensor([1.7442], device='cuda:0')
tensor([1.7491], device='cuda:0')
tensor([1.7688], device='cuda:0')
tensor([1.7759], device='cuda:0')
tensor([1.7625], device='cuda:0')
tensor([1.7589], device='cuda:0')
tensor([1.7660], device='cuda:0')
Epoch 19 Accuracy 37.2 | Loss: 1.745 | Aggregation time: 14.117
tensor([1.7616], device='cuda:0')
tensor([1.7463], device='cuda:0')
tensor([1.7734], device='cuda:0')
tensor([1.7760], device='cuda:0')
tensor([1.7960], device='cuda:0')
tensor([1.7857], device='cuda:0')
tensor([1.7733], device='cuda:0')
tensor([1.7764], device='cuda:0')
tensor([1.7805], device='cuda:0')
tensor([1.7664], device='cuda:0')
Epoch 20 Accuracy 39.7 | Loss: 1.6986 | Aggregation time: 14.825
tensor([1.7800], device='cuda:0')
tensor([1.7840], device='cuda:0')
tensor([1.8040], device='cuda:0')
tensor([1.8106], device='cuda:0')
tensor([1.8031], device='cuda:0')
tensor([1.8120], device='cuda:0')
tensor([1.7852], device='cuda:0')
tensor([1.7608], device='cuda:0')
tensor([1.7826], device='cuda:0')
tensor([1.7747], device='cuda:0')
Epoch 21 Accuracy 42.3 | Loss: 1.6449 | Aggregation time: 15.527
tensor([1.7867], device='cuda:0')
tensor([1.7768], device='cuda:0')
tensor([1.7636], device='cuda:0')
tensor([1.7499], device='cuda:0')
tensor([1.7576], device='cuda:0')
tensor([1.7549], device='cuda:0')
tensor([1.7735], device='cuda:0')
tensor([1.7681], device='cuda:0')
tensor([1.7530], device='cuda:0')
Epoch 22 Accuracy 40.8 | Loss: 1.7009 | Aggregation time: 16.154
tensor([1.7409], device='cuda:0')
tensor([1.7277], device='cuda:0')
tensor([1.7282], device='cuda:0')
tensor([1.7390], device='cuda:0')
tensor([1.7561], device='cuda:0')
tensor([1.7676], device='cuda:0')
tensor([1.7691], device='cuda:0')
tensor([1.8010], device='cuda:0')
tensor([1.7957], device='cuda:0')
tensor([1.7816], device='cuda:0')
Epoch 23 Accuracy 41.8 | Loss: 1.6529 | Aggregation time: 16.941
tensor([1.7915], device='cuda:0')
tensor([1.8081], device='cuda:0')
tensor([1.8307], device='cuda:0')
tensor([1.8345], device='cuda:0')
tensor([1.8446], device='cuda:0')
tensor([1.8389], device='cuda:0')
tensor([1.8544], device='cuda:0')
tensor([1.8539], device='cuda:0')
tensor([1.8418], device='cuda:0')
tensor([1.8685], device='cuda:0')
Epoch 24 Accuracy 41.3 | Loss: 1.6501 | Aggregation time: 17.758
tensor([1.8748], device='cuda:0')
tensor([1.8552], device='cuda:0')
tensor([1.8465], device='cuda:0')
tensor([1.8747], device='cuda:0')
tensor([1.8716], device='cuda:0')
tensor([1.8839], device='cuda:0')
tensor([1.8800], device='cuda:0')
tensor([1.8573], device='cuda:0')
tensor([1.8324], device='cuda:0')
tensor([1.8229], device='cuda:0')
Epoch 25 Accuracy 40.1 | Loss: 1.6261 | Aggregation time: 18.53
tensor([1.8339], device='cuda:0')
tensor([1.8510], device='cuda:0')
tensor([1.8326], device='cuda:0')
tensor([1.8396], device='cuda:0')
tensor([1.8244], device='cuda:0')
tensor([1.8195], device='cuda:0')
tensor([1.8363], device='cuda:0')
tensor([1.8660], device='cuda:0')
tensor([1.8640], device='cuda:0')
Epoch 26 Accuracy 41.9 | Loss: 1.6882 | Aggregation time: 19.166
tensor([1.8878], device='cuda:0')
tensor([1.8970], device='cuda:0')
tensor([1.8593], device='cuda:0')
tensor([1.8439], device='cuda:0')
tensor([1.8180], device='cuda:0')
tensor([1.8369], device='cuda:0')
tensor([1.8238], device='cuda:0')
tensor([1.8336], device='cuda:0')
tensor([1.8270], device='cuda:0')
tensor([1.8138], device='cuda:0')
Epoch 27 Accuracy 43.3 | Loss: 1.6206 | Aggregation time: 19.874
tensor([1.8080], device='cuda:0')
tensor([1.8114], device='cuda:0')
tensor([1.8380], device='cuda:0')
tensor([1.8460], device='cuda:0')
tensor([1.8448], device='cuda:0')
tensor([1.8432], device='cuda:0')
tensor([1.8469], device='cuda:0')
tensor([1.8303], device='cuda:0')
tensor([1.8382], device='cuda:0')
tensor([1.8498], device='cuda:0')
Epoch 28 Accuracy 45.9 | Loss: 1.6028 | Aggregation time: 20.56
tensor([1.8603], device='cuda:0')
tensor([1.8843], device='cuda:0')
tensor([1.8653], device='cuda:0')
tensor([1.8250], device='cuda:0')
tensor([1.8008], device='cuda:0')
tensor([1.7762], device='cuda:0')
tensor([1.7655], device='cuda:0')
tensor([1.7765], device='cuda:0')
tensor([1.8006], device='cuda:0')
tensor([1.7890], device='cuda:0')
Epoch 29 Accuracy 46.5 | Loss: 1.5474 | Aggregation time: 21.275
tensor([1.7772], device='cuda:0')
tensor([1.7626], device='cuda:0')
tensor([1.7633], device='cuda:0')
tensor([1.7826], device='cuda:0')
tensor([1.8035], device='cuda:0')
tensor([1.8120], device='cuda:0')
tensor([1.8348], device='cuda:0')
tensor([1.8249], device='cuda:0')
tensor([1.8148], device='cuda:0')
Epoch 30 Accuracy 44.800000000000004 | Loss: 1.5639 | Aggregation time: 21.904
tensor([1.7991], device='cuda:0')
tensor([1.8114], device='cuda:0')
tensor([1.8305], device='cuda:0')
tensor([1.8261], device='cuda:0')
tensor([1.8341], device='cuda:0')
tensor([1.8297], device='cuda:0')
tensor([1.8533], device='cuda:0')
tensor([1.8418], device='cuda:0')
tensor([1.8549], device='cuda:0')
tensor([1.8475], device='cuda:0')
Epoch 31 Accuracy 41.8 | Loss: 1.5526 | Aggregation time: 22.574
tensor([1.8638], device='cuda:0')
tensor([1.8359], device='cuda:0')
tensor([1.8447], device='cuda:0')
tensor([1.8424], device='cuda:0')
tensor([1.8313], device='cuda:0')
tensor([1.8332], device='cuda:0')
tensor([1.8292], device='cuda:0')
tensor([1.8156], device='cuda:0')
tensor([1.8215], device='cuda:0')
tensor([1.8186], device='cuda:0')
Epoch 32 Accuracy 41.5 | Loss: 1.5332 | Aggregation time: 23.239
tensor([1.8306], device='cuda:0')
tensor([1.8418], device='cuda:0')
tensor([1.8691], device='cuda:0')
tensor([1.8790], device='cuda:0')
tensor([1.8868], device='cuda:0')
tensor([1.8890], device='cuda:0')
tensor([1.8859], device='cuda:0')
tensor([1.8879], device='cuda:0')
tensor([1.8744], device='cuda:0')
tensor([1.8802], device='cuda:0')
Epoch 33 Accuracy 43.5 | Loss: 1.6146 | Aggregation time: 23.97
tensor([1.8548], device='cuda:0')
tensor([1.7903], device='cuda:0')
tensor([1.8152], device='cuda:0')
tensor([1.8307], device='cuda:0')
tensor([1.8395], device='cuda:0')
tensor([1.8162], device='cuda:0')
tensor([1.8480], device='cuda:0')
tensor([1.8326], device='cuda:0')
tensor([1.8435], device='cuda:0')
tensor([1.8515], device='cuda:0')
Epoch 34 Accuracy 42.1 | Loss: 1.5441 | Aggregation time: 24.622
tensor([1.8344], device='cuda:0')
tensor([1.8357], device='cuda:0')
tensor([1.8609], device='cuda:0')
tensor([1.8631], device='cuda:0')
tensor([1.8628], device='cuda:0')
tensor([1.8787], device='cuda:0')
tensor([1.9163], device='cuda:0')
tensor([1.9104], device='cuda:0')
tensor([1.9069], device='cuda:0')
Epoch 35 Accuracy 42.699999999999996 | Loss: 1.5295 | Aggregation time: 25.282
tensor([1.8990], device='cuda:0')
tensor([1.9007], device='cuda:0')
tensor([1.8980], device='cuda:0')
tensor([1.9122], device='cuda:0')
tensor([1.8943], device='cuda:0')
tensor([1.8850], device='cuda:0')
tensor([1.8755], device='cuda:0')
tensor([1.8753], device='cuda:0')
tensor([1.8418], device='cuda:0')
tensor([1.8063], device='cuda:0')
Epoch 36 Accuracy 39.900000000000006 | Loss: 1.517 | Aggregation time: 25.962
tensor([1.8126], device='cuda:0')
tensor([1.8248], device='cuda:0')
tensor([1.8283], device='cuda:0')
tensor([1.8468], device='cuda:0')
tensor([1.8438], device='cuda:0')
tensor([1.8363], device='cuda:0')
tensor([1.8580], device='cuda:0')
tensor([1.8546], device='cuda:0')
tensor([1.8561], device='cuda:0')
tensor([1.8524], device='cuda:0')
Epoch 37 Accuracy 49.8 | Loss: 1.5962 | Aggregation time: 26.783
tensor([1.8576], device='cuda:0')
tensor([1.8481], device='cuda:0')
tensor([1.8382], device='cuda:0')
tensor([1.8496], device='cuda:0')
tensor([1.8525], device='cuda:0')
tensor([1.8521], device='cuda:0')
tensor([1.8264], device='cuda:0')
tensor([1.8068], device='cuda:0')
tensor([1.7988], device='cuda:0')
tensor([1.7908], device='cuda:0')
Epoch 38 Accuracy 43.4 | Loss: 1.5212 | Aggregation time: 27.478
tensor([1.7790], device='cuda:0')
tensor([1.7879], device='cuda:0')
tensor([1.7884], device='cuda:0')
tensor([1.7775], device='cuda:0')
tensor([1.7577], device='cuda:0')
tensor([1.7774], device='cuda:0')
tensor([1.8103], device='cuda:0')
tensor([1.8296], device='cuda:0')
tensor([1.7992], device='cuda:0')
Epoch 39 Accuracy 46.300000000000004 | Loss: 1.486 | Aggregation time: 28.173
tensor([1.7883], device='cuda:0')
tensor([1.7614], device='cuda:0')
tensor([1.7573], device='cuda:0')
tensor([1.7733], device='cuda:0')
tensor([1.7736], device='cuda:0')
tensor([1.7729], device='cuda:0')
tensor([1.7886], device='cuda:0')
tensor([1.8007], device='cuda:0')
tensor([1.8224], device='cuda:0')
tensor([1.8178], device='cuda:0')
Epoch 40 Accuracy 48.4 | Loss: 1.4752 | Aggregation time: 28.902
tensor([1.8134], device='cuda:0')
tensor([1.7882], device='cuda:0')
tensor([1.8038], device='cuda:0')
tensor([1.8238], device='cuda:0')
tensor([1.8206], device='cuda:0')
tensor([1.8554], device='cuda:0')
tensor([1.8381], device='cuda:0')
tensor([1.8473], device='cuda:0')
tensor([1.8337], device='cuda:0')
tensor([1.8036], device='cuda:0')
Epoch 41 Accuracy 46.2 | Loss: 1.4098 | Aggregation time: 29.569
tensor([1.7951], device='cuda:0')
tensor([1.7873], device='cuda:0')
tensor([1.8011], device='cuda:0')
tensor([1.7679], device='cuda:0')
tensor([1.7647], device='cuda:0')
tensor([1.7690], device='cuda:0')
tensor([1.7988], device='cuda:0')
tensor([1.7939], device='cuda:0')
tensor([1.8070], device='cuda:0')
tensor([1.7941], device='cuda:0')
Epoch 42 Accuracy 48.699999999999996 | Loss: 1.4582 | Aggregation time: 30.277
tensor([1.8113], device='cuda:0')
tensor([1.7984], device='cuda:0')
tensor([1.7912], device='cuda:0')
tensor([1.8295], device='cuda:0')
tensor([1.8368], device='cuda:0')
tensor([1.8392], device='cuda:0')
tensor([1.8267], device='cuda:0')
tensor([1.8362], device='cuda:0')
tensor([1.8410], device='cuda:0')
Epoch 43 Accuracy 43.5 | Loss: 1.4279 | Aggregation time: 30.869
tensor([1.8062], device='cuda:0')
tensor([1.7796], device='cuda:0')
tensor([1.7687], device='cuda:0')
tensor([1.7848], device='cuda:0')
tensor([1.8144], device='cuda:0')
tensor([1.8199], device='cuda:0')
tensor([1.8078], device='cuda:0')
tensor([1.8235], device='cuda:0')
tensor([1.8530], device='cuda:0')
tensor([1.8622], device='cuda:0')
Epoch 44 Accuracy 41.8 | Loss: 1.5363 | Aggregation time: 31.562
tensor([1.8569], device='cuda:0')
tensor([1.8583], device='cuda:0')
tensor([1.8622], device='cuda:0')
tensor([1.8494], device='cuda:0')
tensor([1.8560], device='cuda:0')
tensor([1.8629], device='cuda:0')
tensor([1.8686], device='cuda:0')
tensor([1.8646], device='cuda:0')
tensor([1.8783], device='cuda:0')
tensor([1.8566], device='cuda:0')
Epoch 45 Accuracy 42.9 | Loss: 1.4953 | Aggregation time: 32.327
tensor([1.8650], device='cuda:0')
tensor([1.8833], device='cuda:0')
tensor([1.8772], device='cuda:0')
tensor([1.8585], device='cuda:0')
tensor([1.8370], device='cuda:0')
tensor([1.8514], device='cuda:0')
tensor([1.8270], device='cuda:0')
tensor([1.8435], device='cuda:0')
tensor([1.8662], device='cuda:0')
tensor([1.8483], device='cuda:0')
Epoch 46 Accuracy 45.800000000000004 | Loss: 1.4137 | Aggregation time: 33.024
tensor([1.8612], device='cuda:0')
tensor([1.8562], device='cuda:0')
tensor([1.8439], device='cuda:0')
tensor([1.8375], device='cuda:0')
tensor([1.8621], device='cuda:0')
tensor([1.8753], device='cuda:0')
tensor([1.8770], device='cuda:0')
tensor([1.8843], device='cuda:0')
tensor([1.8660], device='cuda:0')
Epoch 47 Accuracy 46.1 | Loss: 1.378 | Aggregation time: 33.648
tensor([1.8339], device='cuda:0')
tensor([1.8447], device='cuda:0')
tensor([1.8579], device='cuda:0')
tensor([1.8546], device='cuda:0')
tensor([1.8267], device='cuda:0')
tensor([1.8290], device='cuda:0')
tensor([1.8340], device='cuda:0')
tensor([1.8472], device='cuda:0')
tensor([1.8694], device='cuda:0')
tensor([1.8673], device='cuda:0')
Epoch 48 Accuracy 50.0 | Loss: 1.3778 | Aggregation time: 34.313
tensor([1.8638], device='cuda:0')
tensor([1.8398], device='cuda:0')
tensor([1.8337], device='cuda:0')
tensor([1.8490], device='cuda:0')
tensor([1.8323], device='cuda:0')
tensor([1.8467], device='cuda:0')
tensor([1.8291], device='cuda:0')
tensor([1.8282], device='cuda:0')
tensor([1.8225], device='cuda:0')
tensor([1.8207], device='cuda:0')
Epoch 49 Accuracy 49.9 | Loss: 1.3184 | Aggregation time: 35.045
tensor([1.8291], device='cuda:0')
tensor([1.8328], device='cuda:0')
tensor([1.8591], device='cuda:0')
tensor([1.8453], device='cuda:0')
tensor([1.8538], device='cuda:0')
tensor([1.8483], device='cuda:0')
tensor([1.8354], device='cuda:0')
tensor([1.8401], device='cuda:0')
tensor([1.8687], device='cuda:0')
tensor([1.8824], device='cuda:0')
Epoch 50 Accuracy 52.5 | Loss: 1.3385 | Aggregation time: 35.917
