C:\Users\user\Desktop\IoT\FLTG-implementation\FL-Byzantine-Library\client.py:43: UserWarning: To copy construct from a tensor, it is recommended to use sourceTensor.clone().detach() or sourceTensor.clone().detach().requires_grad_(True), rather than torch.tensor(sourceTensor).
  self.momentum = torch.tensor(torch.zeros_like(flat_model, device=self.device))
Files already downloaded and verified
Files already downloaded and verified
number of parameters  0.697 M
tensor([1.4127], device='cuda:0')
tensor([1.3758], device='cuda:0')
tensor([1.3297], device='cuda:0')
tensor([1.3945], device='cuda:0')
tensor([1.4190], device='cuda:0')
tensor([1.4113], device='cuda:0')
tensor([1.4650], device='cuda:0')
tensor([1.4768], device='cuda:0')
tensor([1.4550], device='cuda:0')
tensor([1.4609], device='cuda:0')
Epoch 1 Accuracy 13.0 | Loss: 2.3117 | Aggregation time: 0.762
tensor([1.4422], device='cuda:0')
tensor([1.4628], device='cuda:0')
tensor([1.4545], device='cuda:0')
tensor([1.4499], device='cuda:0')
tensor([1.4211], device='cuda:0')
tensor([1.4246], device='cuda:0')
tensor([1.4481], device='cuda:0')
tensor([1.4534], device='cuda:0')
tensor([1.4504], device='cuda:0')
tensor([1.4612], device='cuda:0')
Epoch 2 Accuracy 18.3 | Loss: 2.3134 | Aggregation time: 1.267
tensor([1.4641], device='cuda:0')
tensor([1.4715], device='cuda:0')
tensor([1.4652], device='cuda:0')
tensor([1.4761], device='cuda:0')
tensor([1.4801], device='cuda:0')
tensor([1.5001], device='cuda:0')
tensor([1.5140], device='cuda:0')
tensor([1.5156], device='cuda:0')
tensor([1.4978], device='cuda:0')
tensor([1.5094], device='cuda:0')
Epoch 3 Accuracy 18.4 | Loss: 2.2046 | Aggregation time: 1.806
tensor([1.4957], device='cuda:0')
tensor([1.4696], device='cuda:0')
tensor([1.4857], device='cuda:0')
tensor([1.4868], device='cuda:0')
tensor([1.4717], device='cuda:0')
tensor([1.4732], device='cuda:0')
tensor([1.4553], device='cuda:0')
tensor([1.4505], device='cuda:0')
tensor([1.4702], device='cuda:0')
tensor([1.4861], device='cuda:0')
Epoch 4 Accuracy 25.4 | Loss: 2.2022 | Aggregation time: 2.297
tensor([1.5065], device='cuda:0')
tensor([1.5072], device='cuda:0')
tensor([1.5191], device='cuda:0')
tensor([1.5248], device='cuda:0')
tensor([1.5542], device='cuda:0')
tensor([1.5417], device='cuda:0')
tensor([1.5460], device='cuda:0')
tensor([1.5404], device='cuda:0')
tensor([1.5373], device='cuda:0')
Epoch 5 Accuracy 22.1 | Loss: 2.1489 | Aggregation time: 2.762
tensor([1.5415], device='cuda:0')
tensor([1.5494], device='cuda:0')
tensor([1.5556], device='cuda:0')
tensor([1.5796], device='cuda:0')
tensor([1.5945], device='cuda:0')
tensor([1.5741], device='cuda:0')
tensor([1.5846], device='cuda:0')
tensor([1.5629], device='cuda:0')
tensor([1.5792], device='cuda:0')
tensor([1.6074], device='cuda:0')
Epoch 6 Accuracy 26.5 | Loss: 2.1696 | Aggregation time: 3.245
tensor([1.5626], device='cuda:0')
tensor([1.5778], device='cuda:0')
tensor([1.5531], device='cuda:0')
tensor([1.5516], device='cuda:0')
tensor([1.5519], device='cuda:0')
tensor([1.5443], device='cuda:0')
tensor([1.5811], device='cuda:0')
tensor([1.5761], device='cuda:0')
tensor([1.5612], device='cuda:0')
tensor([1.5574], device='cuda:0')
Epoch 7 Accuracy 15.9 | Loss: 2.256 | Aggregation time: 3.715
tensor([1.5724], device='cuda:0')
tensor([1.5821], device='cuda:0')
tensor([1.5867], device='cuda:0')
tensor([1.5887], device='cuda:0')
tensor([1.6045], device='cuda:0')
tensor([1.5895], device='cuda:0')
tensor([1.5817], device='cuda:0')
tensor([1.6083], device='cuda:0')
tensor([1.6235], device='cuda:0')
tensor([1.6130], device='cuda:0')
Epoch 8 Accuracy 24.9 | Loss: 2.1525 | Aggregation time: 4.235
tensor([1.6067], device='cuda:0')
tensor([1.5870], device='cuda:0')
tensor([1.6278], device='cuda:0')
tensor([1.6287], device='cuda:0')
tensor([1.6315], device='cuda:0')
tensor([1.6176], device='cuda:0')
tensor([1.6339], device='cuda:0')
tensor([1.6511], device='cuda:0')
tensor([1.6663], device='cuda:0')
Epoch 9 Accuracy 26.3 | Loss: 2.098 | Aggregation time: 4.708
tensor([1.6681], device='cuda:0')
tensor([1.6600], device='cuda:0')
tensor([1.6462], device='cuda:0')
tensor([1.6553], device='cuda:0')
tensor([1.6326], device='cuda:0')
tensor([1.6286], device='cuda:0')
tensor([1.6401], device='cuda:0')
tensor([1.6279], device='cuda:0')
tensor([1.6328], device='cuda:0')
tensor([1.6156], device='cuda:0')
Epoch 10 Accuracy 29.7 | Loss: 2.1627 | Aggregation time: 5.18
tensor([1.6357], device='cuda:0')
tensor([1.6349], device='cuda:0')
tensor([1.5973], device='cuda:0')
tensor([1.6184], device='cuda:0')
tensor([1.5942], device='cuda:0')
tensor([1.5938], device='cuda:0')
tensor([1.5685], device='cuda:0')
tensor([1.5628], device='cuda:0')
tensor([1.5829], device='cuda:0')
tensor([1.6076], device='cuda:0')
Epoch 11 Accuracy 30.2 | Loss: 2.0086 | Aggregation time: 5.655
tensor([1.6086], device='cuda:0')
tensor([1.5778], device='cuda:0')
tensor([1.5905], device='cuda:0')
tensor([1.5916], device='cuda:0')
tensor([1.5907], device='cuda:0')
tensor([1.6014], device='cuda:0')
tensor([1.5728], device='cuda:0')
tensor([1.5737], device='cuda:0')
tensor([1.5563], device='cuda:0')
tensor([1.5761], device='cuda:0')
Epoch 12 Accuracy 31.0 | Loss: 1.9902 | Aggregation time: 6.168
tensor([1.5358], device='cuda:0')
tensor([1.5579], device='cuda:0')
tensor([1.5815], device='cuda:0')
tensor([1.5619], device='cuda:0')
tensor([1.5660], device='cuda:0')
tensor([1.5962], device='cuda:0')
tensor([1.5929], device='cuda:0')
tensor([1.5973], device='cuda:0')
tensor([1.5741], device='cuda:0')
Epoch 13 Accuracy 32.2 | Loss: 1.9608 | Aggregation time: 6.586
tensor([1.5735], device='cuda:0')
tensor([1.5523], device='cuda:0')
tensor([1.5188], device='cuda:0')
tensor([1.5211], device='cuda:0')
tensor([1.5343], device='cuda:0')
tensor([1.5501], device='cuda:0')
tensor([1.5705], device='cuda:0')
tensor([1.5367], device='cuda:0')
tensor([1.5364], device='cuda:0')
tensor([1.5758], device='cuda:0')
Epoch 14 Accuracy 28.1 | Loss: 1.9792 | Aggregation time: 7.104
tensor([1.5875], device='cuda:0')
tensor([1.5891], device='cuda:0')
tensor([1.5574], device='cuda:0')
tensor([1.5706], device='cuda:0')
tensor([1.5956], device='cuda:0')
tensor([1.6002], device='cuda:0')
tensor([1.5889], device='cuda:0')
tensor([1.5901], device='cuda:0')
tensor([1.6014], device='cuda:0')
tensor([1.6067], device='cuda:0')
Epoch 15 Accuracy 26.200000000000003 | Loss: 2.0418 | Aggregation time: 7.646
tensor([1.6041], device='cuda:0')
tensor([1.5990], device='cuda:0')
tensor([1.5905], device='cuda:0')
tensor([1.6007], device='cuda:0')
tensor([1.6220], device='cuda:0')
tensor([1.6375], device='cuda:0')
tensor([1.6306], device='cuda:0')
tensor([1.6125], device='cuda:0')
tensor([1.6386], device='cuda:0')
tensor([1.6505], device='cuda:0')
Epoch 16 Accuracy 32.300000000000004 | Loss: 1.9884 | Aggregation time: 8.125
tensor([1.6619], device='cuda:0')
tensor([1.6751], device='cuda:0')
tensor([1.6764], device='cuda:0')
tensor([1.6872], device='cuda:0')
tensor([1.6865], device='cuda:0')
tensor([1.7027], device='cuda:0')
tensor([1.7263], device='cuda:0')
tensor([1.7003], device='cuda:0')
tensor([1.6875], device='cuda:0')
tensor([1.6677], device='cuda:0')
Epoch 17 Accuracy 27.0 | Loss: 1.9571 | Aggregation time: 8.609
tensor([1.6522], device='cuda:0')
tensor([1.6687], device='cuda:0')
tensor([1.6700], device='cuda:0')
tensor([1.6814], device='cuda:0')
tensor([1.6763], device='cuda:0')
tensor([1.7031], device='cuda:0')
tensor([1.6807], device='cuda:0')
tensor([1.6827], device='cuda:0')
tensor([1.7022], device='cuda:0')
Epoch 18 Accuracy 30.4 | Loss: 1.9573 | Aggregation time: 9.039
tensor([1.7179], device='cuda:0')
tensor([1.7266], device='cuda:0')
tensor([1.7255], device='cuda:0')
tensor([1.6957], device='cuda:0')
tensor([1.6664], device='cuda:0')
tensor([1.6709], device='cuda:0')
tensor([1.6434], device='cuda:0')
tensor([1.6355], device='cuda:0')
tensor([1.6319], device='cuda:0')
tensor([1.6539], device='cuda:0')
Epoch 19 Accuracy 33.5 | Loss: 1.877 | Aggregation time: 9.495
tensor([1.6541], device='cuda:0')
tensor([1.6628], device='cuda:0')
tensor([1.6669], device='cuda:0')
tensor([1.6540], device='cuda:0')
tensor([1.6496], device='cuda:0')
tensor([1.6438], device='cuda:0')
tensor([1.6339], device='cuda:0')
tensor([1.6380], device='cuda:0')
tensor([1.6345], device='cuda:0')
tensor([1.6322], device='cuda:0')
Epoch 20 Accuracy 34.599999999999994 | Loss: 1.8694 | Aggregation time: 9.949
tensor([1.6109], device='cuda:0')
tensor([1.6084], device='cuda:0')
tensor([1.5847], device='cuda:0')
tensor([1.5666], device='cuda:0')
tensor([1.5718], device='cuda:0')
tensor([1.5706], device='cuda:0')
tensor([1.5698], device='cuda:0')
tensor([1.5511], device='cuda:0')
tensor([1.5656], device='cuda:0')
tensor([1.5524], device='cuda:0')
Epoch 21 Accuracy 34.1 | Loss: 1.9184 | Aggregation time: 10.398
tensor([1.5721], device='cuda:0')
tensor([1.5743], device='cuda:0')
tensor([1.5640], device='cuda:0')
tensor([1.5462], device='cuda:0')
tensor([1.5493], device='cuda:0')
tensor([1.5645], device='cuda:0')
tensor([1.5721], device='cuda:0')
tensor([1.5750], device='cuda:0')
tensor([1.5733], device='cuda:0')
Epoch 22 Accuracy 33.0 | Loss: 1.8716 | Aggregation time: 10.854
tensor([1.5853], device='cuda:0')
tensor([1.5806], device='cuda:0')
tensor([1.5952], device='cuda:0')
tensor([1.6145], device='cuda:0')
tensor([1.6200], device='cuda:0')
tensor([1.5801], device='cuda:0')
tensor([1.6095], device='cuda:0')
tensor([1.6113], device='cuda:0')
tensor([1.5980], device='cuda:0')
tensor([1.5854], device='cuda:0')
Epoch 23 Accuracy 33.300000000000004 | Loss: 2.0321 | Aggregation time: 11.342
tensor([1.5795], device='cuda:0')
tensor([1.5672], device='cuda:0')
tensor([1.5519], device='cuda:0')
tensor([1.5381], device='cuda:0')
tensor([1.5348], device='cuda:0')
tensor([1.5384], device='cuda:0')
tensor([1.5439], device='cuda:0')
tensor([1.5149], device='cuda:0')
tensor([1.5159], device='cuda:0')
tensor([1.5121], device='cuda:0')
Epoch 24 Accuracy 35.3 | Loss: 1.8467 | Aggregation time: 11.812
tensor([1.5107], device='cuda:0')
tensor([1.5368], device='cuda:0')
tensor([1.5533], device='cuda:0')
tensor([1.5886], device='cuda:0')
tensor([1.5909], device='cuda:0')
tensor([1.5866], device='cuda:0')
tensor([1.5814], device='cuda:0')
tensor([1.5707], device='cuda:0')
tensor([1.5860], device='cuda:0')
tensor([1.5736], device='cuda:0')
Epoch 25 Accuracy 32.6 | Loss: 1.8132 | Aggregation time: 12.26
tensor([1.5971], device='cuda:0')
tensor([1.5915], device='cuda:0')
tensor([1.5893], device='cuda:0')
tensor([1.5776], device='cuda:0')
tensor([1.5864], device='cuda:0')
tensor([1.5703], device='cuda:0')
tensor([1.5691], device='cuda:0')
tensor([1.5858], device='cuda:0')
tensor([1.5858], device='cuda:0')
Epoch 26 Accuracy 37.1 | Loss: 1.8944 | Aggregation time: 12.659
tensor([1.5884], device='cuda:0')
tensor([1.5610], device='cuda:0')
tensor([1.5590], device='cuda:0')
tensor([1.5461], device='cuda:0')
tensor([1.5470], device='cuda:0')
tensor([1.5374], device='cuda:0')
tensor([1.5505], device='cuda:0')
tensor([1.5488], device='cuda:0')
tensor([1.5843], device='cuda:0')
tensor([1.5840], device='cuda:0')
Epoch 27 Accuracy 33.2 | Loss: 1.8138 | Aggregation time: 13.135
tensor([1.5845], device='cuda:0')
tensor([1.5854], device='cuda:0')
tensor([1.5985], device='cuda:0')
tensor([1.6019], device='cuda:0')
tensor([1.5881], device='cuda:0')
tensor([1.5960], device='cuda:0')
tensor([1.5924], device='cuda:0')
tensor([1.5944], device='cuda:0')
tensor([1.5586], device='cuda:0')
tensor([1.5548], device='cuda:0')
Epoch 28 Accuracy 31.8 | Loss: 2.0676 | Aggregation time: 13.688
tensor([1.5513], device='cuda:0')
tensor([1.5541], device='cuda:0')
tensor([1.5718], device='cuda:0')
tensor([1.5708], device='cuda:0')
tensor([1.5611], device='cuda:0')
tensor([1.5709], device='cuda:0')
tensor([1.5709], device='cuda:0')
tensor([1.5593], device='cuda:0')
tensor([1.5637], device='cuda:0')
tensor([1.5508], device='cuda:0')
Epoch 29 Accuracy 34.4 | Loss: 1.805 | Aggregation time: 14.234
tensor([1.5359], device='cuda:0')
tensor([1.5453], device='cuda:0')
tensor([1.5643], device='cuda:0')
tensor([1.5611], device='cuda:0')
tensor([1.5923], device='cuda:0')
tensor([1.6119], device='cuda:0')
tensor([1.6106], device='cuda:0')
tensor([1.6261], device='cuda:0')
tensor([1.6391], device='cuda:0')
Epoch 30 Accuracy 34.9 | Loss: 1.8601 | Aggregation time: 14.673
tensor([1.6261], device='cuda:0')
tensor([1.5682], device='cuda:0')
tensor([1.5488], device='cuda:0')
tensor([1.5607], device='cuda:0')
tensor([1.5694], device='cuda:0')
tensor([1.5483], device='cuda:0')
tensor([1.5683], device='cuda:0')
tensor([1.5676], device='cuda:0')
tensor([1.5821], device='cuda:0')
tensor([1.5964], device='cuda:0')
Epoch 31 Accuracy 32.300000000000004 | Loss: 1.9184 | Aggregation time: 15.173
tensor([1.5883], device='cuda:0')
tensor([1.5782], device='cuda:0')
tensor([1.5756], device='cuda:0')
tensor([1.5781], device='cuda:0')
tensor([1.6019], device='cuda:0')
tensor([1.5928], device='cuda:0')
tensor([1.5814], device='cuda:0')
tensor([1.5861], device='cuda:0')
tensor([1.5910], device='cuda:0')
tensor([1.5861], device='cuda:0')
Epoch 32 Accuracy 35.9 | Loss: 1.8123 | Aggregation time: 15.684
tensor([1.5716], device='cuda:0')
tensor([1.5673], device='cuda:0')
tensor([1.5528], device='cuda:0')
tensor([1.5404], device='cuda:0')
tensor([1.5503], device='cuda:0')
tensor([1.5777], device='cuda:0')
tensor([1.5425], device='cuda:0')
tensor([1.5113], device='cuda:0')
tensor([1.4994], device='cuda:0')
tensor([1.5181], device='cuda:0')
Epoch 33 Accuracy 36.1 | Loss: 1.8169 | Aggregation time: 16.202
tensor([1.5411], device='cuda:0')
tensor([1.5638], device='cuda:0')
tensor([1.5655], device='cuda:0')
tensor([1.5582], device='cuda:0')
tensor([1.5416], device='cuda:0')
tensor([1.5223], device='cuda:0')
tensor([1.5501], device='cuda:0')
tensor([1.5641], device='cuda:0')
tensor([1.5500], device='cuda:0')
tensor([1.5842], device='cuda:0')
Epoch 34 Accuracy 33.2 | Loss: 1.815 | Aggregation time: 16.633
tensor([1.5765], device='cuda:0')
tensor([1.5778], device='cuda:0')
tensor([1.5600], device='cuda:0')
tensor([1.5500], device='cuda:0')
tensor([1.5545], device='cuda:0')
tensor([1.5431], device='cuda:0')
tensor([1.5302], device='cuda:0')
tensor([1.5221], device='cuda:0')
tensor([1.5322], device='cuda:0')
Epoch 35 Accuracy 36.5 | Loss: 1.7855 | Aggregation time: 17.05
tensor([1.5212], device='cuda:0')
tensor([1.5249], device='cuda:0')
tensor([1.5420], device='cuda:0')
tensor([1.5210], device='cuda:0')
tensor([1.5118], device='cuda:0')
tensor([1.4938], device='cuda:0')
tensor([1.4978], device='cuda:0')
tensor([1.5089], device='cuda:0')
tensor([1.5069], device='cuda:0')
tensor([1.4979], device='cuda:0')
Epoch 36 Accuracy 41.699999999999996 | Loss: 1.7765 | Aggregation time: 17.538
tensor([1.5328], device='cuda:0')
tensor([1.5426], device='cuda:0')
tensor([1.5216], device='cuda:0')
tensor([1.5222], device='cuda:0')
tensor([1.5345], device='cuda:0')
tensor([1.5247], device='cuda:0')
tensor([1.5437], device='cuda:0')
tensor([1.5359], device='cuda:0')
tensor([1.5386], device='cuda:0')
tensor([1.5308], device='cuda:0')
Epoch 37 Accuracy 34.599999999999994 | Loss: 1.7998 | Aggregation time: 18.034
tensor([1.5144], device='cuda:0')
tensor([1.5080], device='cuda:0')
tensor([1.5241], device='cuda:0')
tensor([1.5041], device='cuda:0')
tensor([1.5133], device='cuda:0')
tensor([1.5176], device='cuda:0')
tensor([1.5219], device='cuda:0')
tensor([1.5351], device='cuda:0')
tensor([1.5405], device='cuda:0')
tensor([1.5360], device='cuda:0')
Epoch 38 Accuracy 39.900000000000006 | Loss: 1.6958 | Aggregation time: 18.541
tensor([1.5398], device='cuda:0')
tensor([1.5497], device='cuda:0')
tensor([1.5536], device='cuda:0')
tensor([1.5397], device='cuda:0')
tensor([1.5067], device='cuda:0')
tensor([1.5077], device='cuda:0')
tensor([1.4933], device='cuda:0')
tensor([1.5241], device='cuda:0')
tensor([1.5162], device='cuda:0')
Epoch 39 Accuracy 41.8 | Loss: 1.7011 | Aggregation time: 18.991
tensor([1.5058], device='cuda:0')
tensor([1.5235], device='cuda:0')
tensor([1.5046], device='cuda:0')
tensor([1.5184], device='cuda:0')
tensor([1.5300], device='cuda:0')
tensor([1.5270], device='cuda:0')
tensor([1.5141], device='cuda:0')
tensor([1.5284], device='cuda:0')
tensor([1.5260], device='cuda:0')
tensor([1.5200], device='cuda:0')
Epoch 40 Accuracy 39.0 | Loss: 1.7142 | Aggregation time: 19.525
tensor([1.5026], device='cuda:0')
tensor([1.5091], device='cuda:0')
tensor([1.4961], device='cuda:0')
tensor([1.5035], device='cuda:0')
tensor([1.4802], device='cuda:0')
tensor([1.4655], device='cuda:0')
tensor([1.4698], device='cuda:0')
tensor([1.4748], device='cuda:0')
tensor([1.4754], device='cuda:0')
tensor([1.4830], device='cuda:0')
Epoch 41 Accuracy 38.9 | Loss: 1.7046 | Aggregation time: 20.08
tensor([1.4759], device='cuda:0')
tensor([1.4840], device='cuda:0')
tensor([1.4764], device='cuda:0')
tensor([1.4812], device='cuda:0')
tensor([1.4683], device='cuda:0')
tensor([1.4847], device='cuda:0')
tensor([1.5122], device='cuda:0')
tensor([1.5163], device='cuda:0')
tensor([1.5325], device='cuda:0')
tensor([1.5239], device='cuda:0')
Epoch 42 Accuracy 39.7 | Loss: 1.6896 | Aggregation time: 20.606
tensor([1.5291], device='cuda:0')
tensor([1.5559], device='cuda:0')
tensor([1.5464], device='cuda:0')
tensor([1.5540], device='cuda:0')
tensor([1.5655], device='cuda:0')
tensor([1.5485], device='cuda:0')
tensor([1.5344], device='cuda:0')
tensor([1.5252], device='cuda:0')
tensor([1.5226], device='cuda:0')
Epoch 43 Accuracy 44.0 | Loss: 1.6449 | Aggregation time: 21.087
tensor([1.5040], device='cuda:0')
tensor([1.4977], device='cuda:0')
tensor([1.4986], device='cuda:0')
tensor([1.5043], device='cuda:0')
tensor([1.5028], device='cuda:0')
tensor([1.4755], device='cuda:0')
tensor([1.4361], device='cuda:0')
tensor([1.4497], device='cuda:0')
tensor([1.4412], device='cuda:0')
tensor([1.4606], device='cuda:0')
Epoch 44 Accuracy 38.800000000000004 | Loss: 1.6406 | Aggregation time: 21.547
tensor([1.4820], device='cuda:0')
tensor([1.4767], device='cuda:0')
tensor([1.5068], device='cuda:0')
tensor([1.5400], device='cuda:0')
tensor([1.5337], device='cuda:0')
tensor([1.5388], device='cuda:0')
tensor([1.5471], device='cuda:0')
tensor([1.5625], device='cuda:0')
tensor([1.5255], device='cuda:0')
tensor([1.5295], device='cuda:0')
Epoch 45 Accuracy 40.0 | Loss: 1.6809 | Aggregation time: 22.039
tensor([1.5229], device='cuda:0')
tensor([1.4813], device='cuda:0')
tensor([1.4958], device='cuda:0')
tensor([1.4667], device='cuda:0')
tensor([1.4681], device='cuda:0')
tensor([1.4865], device='cuda:0')
tensor([1.4750], device='cuda:0')
tensor([1.4689], device='cuda:0')
tensor([1.4511], device='cuda:0')
tensor([1.4847], device='cuda:0')
Epoch 46 Accuracy 43.4 | Loss: 1.6372 | Aggregation time: 22.518
tensor([1.4779], device='cuda:0')
tensor([1.4854], device='cuda:0')
tensor([1.4560], device='cuda:0')
tensor([1.4624], device='cuda:0')
tensor([1.4361], device='cuda:0')
tensor([1.4614], device='cuda:0')
tensor([1.4623], device='cuda:0')
tensor([1.4705], device='cuda:0')
tensor([1.4575], device='cuda:0')
Epoch 47 Accuracy 42.3 | Loss: 1.5945 | Aggregation time: 22.937
tensor([1.4578], device='cuda:0')
tensor([1.4449], device='cuda:0')
tensor([1.4613], device='cuda:0')
tensor([1.4685], device='cuda:0')
tensor([1.4635], device='cuda:0')
tensor([1.4578], device='cuda:0')
tensor([1.4497], device='cuda:0')
tensor([1.4709], device='cuda:0')
tensor([1.4813], device='cuda:0')
tensor([1.4762], device='cuda:0')
Epoch 48 Accuracy 40.9 | Loss: 1.6226 | Aggregation time: 23.393
tensor([1.4597], device='cuda:0')
tensor([1.4383], device='cuda:0')
tensor([1.4648], device='cuda:0')
tensor([1.4647], device='cuda:0')
tensor([1.4429], device='cuda:0')
tensor([1.4394], device='cuda:0')
tensor([1.4241], device='cuda:0')
tensor([1.4467], device='cuda:0')
tensor([1.4434], device='cuda:0')
tensor([1.4416], device='cuda:0')
Epoch 49 Accuracy 41.099999999999994 | Loss: 1.698 | Aggregation time: 23.869
tensor([1.4386], device='cuda:0')
tensor([1.4275], device='cuda:0')
tensor([1.4219], device='cuda:0')
tensor([1.4937], device='cuda:0')
tensor([1.4978], device='cuda:0')
tensor([1.4932], device='cuda:0')
tensor([1.4855], device='cuda:0')
tensor([1.5105], device='cuda:0')
tensor([1.4989], device='cuda:0')
tensor([1.4902], device='cuda:0')
Epoch 50 Accuracy 46.400000000000006 | Loss: 1.6311 | Aggregation time: 24.369
