C:\Users\user\Desktop\IoT\FLTG-implementation\FL-Byzantine-Library\client.py:43: UserWarning: To copy construct from a tensor, it is recommended to use sourceTensor.clone().detach() or sourceTensor.clone().detach().requires_grad_(True), rather than torch.tensor(sourceTensor).
  self.momentum = torch.tensor(torch.zeros_like(flat_model, device=self.device))
number of parameters  0.431 M
tensor([1.7173], device='cuda:0')
tensor([1.5644], device='cuda:0')
tensor([1.6213], device='cuda:0')
tensor([1.5512], device='cuda:0')
tensor([1.5866], device='cuda:0')
tensor([1.5798], device='cuda:0')
tensor([1.5605], device='cuda:0')
tensor([1.5297], device='cuda:0')
tensor([1.5083], device='cuda:0')
tensor([1.5140], device='cuda:0')
Epoch 1 Accuracy 15.299999999999999 | Loss: 3.1603 | Aggregation time: 0.791
tensor([1.5238], device='cuda:0')
tensor([1.5208], device='cuda:0')
tensor([1.5265], device='cuda:0')
tensor([1.5313], device='cuda:0')
tensor([1.5333], device='cuda:0')
tensor([1.5086], device='cuda:0')
tensor([1.5128], device='cuda:0')
tensor([1.5110], device='cuda:0')
tensor([1.4829], device='cuda:0')
Epoch 2 Accuracy 16.5 | Loss: 2.3842 | Aggregation time: 1.352
tensor([1.4653], device='cuda:0')
tensor([1.4274], device='cuda:0')
tensor([1.3975], device='cuda:0')
tensor([1.3665], device='cuda:0')
tensor([1.3191], device='cuda:0')
tensor([1.2815], device='cuda:0')
tensor([1.2113], device='cuda:0')
tensor([1.1775], device='cuda:0')
tensor([1.2127], device='cuda:0')
tensor([1.2354], device='cuda:0')
Epoch 3 Accuracy 38.0 | Loss: 1.9774 | Aggregation time: 1.965
tensor([1.2500], device='cuda:0')
tensor([1.2623], device='cuda:0')
tensor([1.2924], device='cuda:0')
tensor([1.3166], device='cuda:0')
tensor([1.3410], device='cuda:0')
tensor([1.3616], device='cuda:0')
tensor([1.3904], device='cuda:0')
tensor([1.4048], device='cuda:0')
tensor([1.4271], device='cuda:0')
Epoch 4 Accuracy 49.0 | Loss: 1.6638 | Aggregation time: 2.579
tensor([1.4078], device='cuda:0')
tensor([1.4234], device='cuda:0')
tensor([1.4053], device='cuda:0')
tensor([1.4188], device='cuda:0')
tensor([1.4200], device='cuda:0')
tensor([1.4078], device='cuda:0')
tensor([1.4066], device='cuda:0')
tensor([1.4099], device='cuda:0')
tensor([1.4428], device='cuda:0')
Epoch 5 Accuracy 59.099999999999994 | Loss: 1.4018 | Aggregation time: 3.201
tensor([1.4231], device='cuda:0')
tensor([1.4524], device='cuda:0')
tensor([1.5477], device='cuda:0')
tensor([1.6448], device='cuda:0')
tensor([1.6822], device='cuda:0')
tensor([1.6667], device='cuda:0')
tensor([1.6656], device='cuda:0')
tensor([1.6793], device='cuda:0')
tensor([1.6615], device='cuda:0')
tensor([1.6557], device='cuda:0')
Epoch 6 Accuracy 55.400000000000006 | Loss: 1.1734 | Aggregation time: 3.806
tensor([1.6483], device='cuda:0')
tensor([1.6364], device='cuda:0')
tensor([1.6704], device='cuda:0')
tensor([1.6971], device='cuda:0')
tensor([1.7323], device='cuda:0')
tensor([1.7555], device='cuda:0')
tensor([1.7504], device='cuda:0')
tensor([1.7908], device='cuda:0')
tensor([1.8040], device='cuda:0')
Epoch 7 Accuracy 67.30000000000001 | Loss: 0.8989 | Aggregation time: 4.438
tensor([1.8057], device='cuda:0')
tensor([1.8356], device='cuda:0')
tensor([1.8517], device='cuda:0')
tensor([1.8806], device='cuda:0')
tensor([1.8782], device='cuda:0')
tensor([1.8487], device='cuda:0')
tensor([1.7585], device='cuda:0')
tensor([1.7177], device='cuda:0')
tensor([1.6670], device='cuda:0')
tensor([1.7093], device='cuda:0')
Epoch 8 Accuracy 74.8 | Loss: 0.6041 | Aggregation time: 5.053
tensor([1.7809], device='cuda:0')
tensor([1.8160], device='cuda:0')
tensor([1.8172], device='cuda:0')
tensor([1.7698], device='cuda:0')
tensor([1.7886], device='cuda:0')
tensor([1.7685], device='cuda:0')
tensor([1.8085], device='cuda:0')
tensor([1.7493], device='cuda:0')
tensor([1.7124], device='cuda:0')
Epoch 9 Accuracy 68.10000000000001 | Loss: 0.5331 | Aggregation time: 5.68
tensor([1.8289], device='cuda:0')
tensor([1.8656], device='cuda:0')
tensor([1.8486], device='cuda:0')
tensor([1.8200], device='cuda:0')
tensor([1.8097], device='cuda:0')
tensor([1.8606], device='cuda:0')
tensor([1.8907], device='cuda:0')
tensor([1.8711], device='cuda:0')
tensor([1.7913], device='cuda:0')
Epoch 10 Accuracy 80.30000000000001 | Loss: 0.7045 | Aggregation time: 6.239
tensor([1.7663], device='cuda:0')
tensor([1.7858], device='cuda:0')
tensor([1.8580], device='cuda:0')
tensor([1.9245], device='cuda:0')
tensor([1.9668], device='cuda:0')
tensor([1.9930], device='cuda:0')
tensor([2.0091], device='cuda:0')
tensor([2.0200], device='cuda:0')
tensor([2.0016], device='cuda:0')
tensor([1.9363], device='cuda:0')
Epoch 11 Accuracy 78.9 | Loss: 0.544 | Aggregation time: 6.924
tensor([1.8842], device='cuda:0')
tensor([1.8932], device='cuda:0')
tensor([1.8588], device='cuda:0')
tensor([1.8835], device='cuda:0')
tensor([1.9058], device='cuda:0')
tensor([1.8971], device='cuda:0')
tensor([1.8645], device='cuda:0')
tensor([1.8841], device='cuda:0')
tensor([1.8789], device='cuda:0')
Epoch 12 Accuracy 82.8 | Loss: 0.4486 | Aggregation time: 7.496
tensor([1.8532], device='cuda:0')
tensor([1.8393], device='cuda:0')
tensor([1.8867], device='cuda:0')
tensor([1.9121], device='cuda:0')
tensor([2.0000], device='cuda:0')
tensor([2.0702], device='cuda:0')
tensor([2.1057], device='cuda:0')
tensor([2.0984], device='cuda:0')
tensor([2.0508], device='cuda:0')
Epoch 13 Accuracy 87.8 | Loss: 0.3379 | Aggregation time: 8.031
tensor([2.0479], device='cuda:0')
tensor([2.0878], device='cuda:0')
tensor([2.0971], device='cuda:0')
tensor([2.1103], device='cuda:0')
tensor([2.1201], device='cuda:0')
tensor([2.1152], device='cuda:0')
tensor([2.0911], device='cuda:0')
tensor([2.0603], device='cuda:0')
tensor([2.1033], device='cuda:0')
tensor([2.1107], device='cuda:0')
Epoch 14 Accuracy 89.4 | Loss: 0.3573 | Aggregation time: 8.686
tensor([2.0933], device='cuda:0')
tensor([2.1234], device='cuda:0')
tensor([2.1300], device='cuda:0')
tensor([2.0429], device='cuda:0')
tensor([1.9660], device='cuda:0')
tensor([1.9587], device='cuda:0')
tensor([2.0499], device='cuda:0')
tensor([2.0519], device='cuda:0')
tensor([2.0404], device='cuda:0')
Epoch 15 Accuracy 89.8 | Loss: 0.2876 | Aggregation time: 9.327
tensor([2.0751], device='cuda:0')
tensor([2.0773], device='cuda:0')
tensor([2.1049], device='cuda:0')
tensor([2.0698], device='cuda:0')
tensor([2.0852], device='cuda:0')
tensor([2.0272], device='cuda:0')
tensor([1.9660], device='cuda:0')
tensor([1.9314], device='cuda:0')
tensor([1.9093], device='cuda:0')
Epoch 16 Accuracy 89.0 | Loss: 0.2956 | Aggregation time: 9.909
tensor([1.8216], device='cuda:0')
tensor([1.6911], device='cuda:0')
tensor([1.6019], device='cuda:0')
tensor([1.6608], device='cuda:0')
tensor([1.6388], device='cuda:0')
tensor([1.6287], device='cuda:0')
tensor([1.7313], device='cuda:0')
tensor([1.7773], device='cuda:0')
tensor([1.9321], device='cuda:0')
tensor([1.9504], device='cuda:0')
Epoch 17 Accuracy 87.2 | Loss: 0.3312 | Aggregation time: 10.557
tensor([1.9806], device='cuda:0')
tensor([1.9512], device='cuda:0')
tensor([1.9867], device='cuda:0')
tensor([2.0339], device='cuda:0')
tensor([2.0944], device='cuda:0')
tensor([2.0665], device='cuda:0')
tensor([2.0986], device='cuda:0')
tensor([2.1329], device='cuda:0')
tensor([2.0717], device='cuda:0')
Epoch 18 Accuracy 87.5 | Loss: 0.3212 | Aggregation time: 11.115
tensor([2.0268], device='cuda:0')
tensor([2.0114], device='cuda:0')
tensor([1.9871], device='cuda:0')
tensor([1.9987], device='cuda:0')
tensor([2.0280], device='cuda:0')
tensor([1.9876], device='cuda:0')
tensor([1.9945], device='cuda:0')
tensor([2.0177], device='cuda:0')
tensor([2.0581], device='cuda:0')
tensor([2.0871], device='cuda:0')
Epoch 19 Accuracy 89.9 | Loss: 0.252 | Aggregation time: 11.773
tensor([2.1179], device='cuda:0')
tensor([2.0749], device='cuda:0')
tensor([2.0696], device='cuda:0')
tensor([2.0145], device='cuda:0')
tensor([2.0044], device='cuda:0')
tensor([2.0034], device='cuda:0')
tensor([2.0707], device='cuda:0')
tensor([2.0384], device='cuda:0')
tensor([2.0867], device='cuda:0')
Epoch 20 Accuracy 89.9 | Loss: 0.273 | Aggregation time: 12.379
