C:\Users\user\Desktop\IoT\FLTG-implementation\FL-Byzantine-Library\client.py:43: UserWarning: To copy construct from a tensor, it is recommended to use sourceTensor.clone().detach() or sourceTensor.clone().detach().requires_grad_(True), rather than torch.tensor(sourceTensor).
  self.momentum = torch.tensor(torch.zeros_like(flat_model, device=self.device))
number of parameters  0.431 M
tensor([1.8271], device='cuda:0')
tensor([1.7373], device='cuda:0')
tensor([1.7062], device='cuda:0')
tensor([1.7442], device='cuda:0')
tensor([1.7590], device='cuda:0')
tensor([1.7431], device='cuda:0')
tensor([1.7611], device='cuda:0')
tensor([1.6790], device='cuda:0')
tensor([1.5809], device='cuda:0')
tensor([1.5271], device='cuda:0')
Epoch 1 Accuracy 19.400000000000002 | Loss: 2.3895 | Aggregation time: 0.372
tensor([1.4960], device='cuda:0')
tensor([1.5007], device='cuda:0')
tensor([1.5060], device='cuda:0')
tensor([1.5281], device='cuda:0')
tensor([1.5655], device='cuda:0')
tensor([1.6260], device='cuda:0')
tensor([1.6545], device='cuda:0')
tensor([1.5742], device='cuda:0')
tensor([1.5194], device='cuda:0')
Epoch 2 Accuracy 15.6 | Loss: 2.2002 | Aggregation time: 0.708
tensor([1.4661], device='cuda:0')
tensor([1.5035], device='cuda:0')
tensor([1.5022], device='cuda:0')
tensor([1.3837], device='cuda:0')
tensor([1.2176], device='cuda:0')
tensor([1.2565], device='cuda:0')
tensor([1.3763], device='cuda:0')
tensor([1.4828], device='cuda:0')
tensor([1.5195], device='cuda:0')
tensor([1.5268], device='cuda:0')
Epoch 3 Accuracy 26.6 | Loss: 2.3141 | Aggregation time: 1.332
tensor([1.4973], device='cuda:0')
tensor([1.4825], device='cuda:0')
tensor([1.4510], device='cuda:0')
tensor([1.4487], device='cuda:0')
tensor([1.4381], device='cuda:0')
tensor([1.4253], device='cuda:0')
tensor([1.4177], device='cuda:0')
tensor([1.3893], device='cuda:0')
tensor([1.3540], device='cuda:0')
Epoch 4 Accuracy 42.1 | Loss: 2.0242 | Aggregation time: 1.916
tensor([1.3161], device='cuda:0')
tensor([1.2805], device='cuda:0')
tensor([1.2558], device='cuda:0')
tensor([1.2382], device='cuda:0')
tensor([1.2146], device='cuda:0')
tensor([1.2093], device='cuda:0')
tensor([1.2246], device='cuda:0')
tensor([1.4095], device='cuda:0')
tensor([1.5025], device='cuda:0')
Epoch 5 Accuracy 64.60000000000001 | Loss: 1.4343 | Aggregation time: 2.634
tensor([1.5278], device='cuda:0')
tensor([1.9131], device='cuda:0')
tensor([1.8739], device='cuda:0')
tensor([1.9485], device='cuda:0')
tensor([1.8069], device='cuda:0')
tensor([1.5224], device='cuda:0')
tensor([1.4797], device='cuda:0')
tensor([1.4339], device='cuda:0')
tensor([1.3810], device='cuda:0')
tensor([1.3753], device='cuda:0')
Epoch 6 Accuracy 12.5 | Loss: 29.1105 | Aggregation time: 3.403
tensor([1.3615], device='cuda:0')
tensor([1.3245], device='cuda:0')
tensor([1.2219], device='cuda:0')
tensor([1.2072], device='cuda:0')
tensor([1.1972], device='cuda:0')
tensor([1.1521], device='cuda:0')
tensor([1.1070], device='cuda:0')
tensor([1.1067], device='cuda:0')
tensor([1.0936], device='cuda:0')
Epoch 7 Accuracy 18.5 | Loss: 3.482 | Aggregation time: 4.151
tensor([1.3074], device='cuda:0')
tensor([1.2983], device='cuda:0')
tensor([1.2781], device='cuda:0')
tensor([1.2157], device='cuda:0')
tensor([1.1971], device='cuda:0')
tensor([1.1888], device='cuda:0')
tensor([1.1768], device='cuda:0')
tensor([1.1606], device='cuda:0')
tensor([1.1124], device='cuda:0')
tensor([1.1123], device='cuda:0')
Epoch 8 Accuracy 9.700000000000001 | Loss: 5.6616 | Aggregation time: 4.897
tensor([1.1124], device='cuda:0')
tensor([1.1121], device='cuda:0')
tensor([1.1116], device='cuda:0')
tensor([1.1117], device='cuda:0')
tensor([1.1115], device='cuda:0')
tensor([1.1119], device='cuda:0')
tensor([1.1118], device='cuda:0')
tensor([1.1113], device='cuda:0')
tensor([1.1119], device='cuda:0')
Epoch 9 Accuracy 10.100000000000001 | Loss: 3.0069 | Aggregation time: 5.602
tensor([1.1128], device='cuda:0')
tensor([1.1137], device='cuda:0')
tensor([1.1144], device='cuda:0')
tensor([1.1189], device='cuda:0')
tensor([1.1232], device='cuda:0')
tensor([1.1245], device='cuda:0')
tensor([1.1250], device='cuda:0')
tensor([1.1207], device='cuda:0')
tensor([1.1226], device='cuda:0')
Epoch 10 Accuracy 11.4 | Loss: 3.2767 | Aggregation time: 6.24
tensor([1.1267], device='cuda:0')
tensor([1.1343], device='cuda:0')
tensor([1.1469], device='cuda:0')
tensor([1.1525], device='cuda:0')
tensor([1.1630], device='cuda:0')
tensor([1.1827], device='cuda:0')
tensor([1.2126], device='cuda:0')
tensor([1.2248], device='cuda:0')
tensor([1.2281], device='cuda:0')
tensor([1.2781], device='cuda:0')
Epoch 11 Accuracy 10.100000000000001 | Loss: 3.3 | Aggregation time: 6.822
tensor([1.3402], device='cuda:0')
tensor([1.3667], device='cuda:0')
tensor([1.4179], device='cuda:0')
tensor([1.4227], device='cuda:0')
tensor([1.4217], device='cuda:0')
tensor([1.4211], device='cuda:0')
tensor([1.4387], device='cuda:0')
tensor([1.4433], device='cuda:0')
tensor([1.4294], device='cuda:0')
Epoch 12 Accuracy 10.100000000000001 | Loss: 3.2846 | Aggregation time: 7.251
tensor([1.4234], device='cuda:0')
tensor([1.4152], device='cuda:0')
tensor([1.4471], device='cuda:0')
tensor([1.4523], device='cuda:0')
tensor([1.4620], device='cuda:0')
tensor([1.4675], device='cuda:0')
tensor([1.4595], device='cuda:0')
tensor([1.4590], device='cuda:0')
tensor([1.4657], device='cuda:0')
Epoch 13 Accuracy 9.8 | Loss: 5.5085 | Aggregation time: 7.531
tensor([1.4335], device='cuda:0')
tensor([1.4101], device='cuda:0')
tensor([1.4019], device='cuda:0')
tensor([1.3991], device='cuda:0')
tensor([1.3909], device='cuda:0')
tensor([1.3833], device='cuda:0')
tensor([1.3767], device='cuda:0')
tensor([1.3543], device='cuda:0')
tensor([1.3674], device='cuda:0')
tensor([1.3988], device='cuda:0')
Epoch 14 Accuracy 9.8 | Loss: 6.7274 | Aggregation time: 7.825
tensor([1.3884], device='cuda:0')
tensor([1.3696], device='cuda:0')
tensor([1.3615], device='cuda:0')
tensor([1.3638], device='cuda:0')
tensor([1.3360], device='cuda:0')
tensor([1.3343], device='cuda:0')
tensor([1.3459], device='cuda:0')
tensor([1.3451], device='cuda:0')
tensor([1.3607], device='cuda:0')
Epoch 15 Accuracy 9.8 | Loss: 8.4674 | Aggregation time: 8.171
tensor([1.3498], device='cuda:0')
tensor([1.3923], device='cuda:0')
tensor([1.3656], device='cuda:0')
tensor([1.4120], device='cuda:0')
tensor([1.4044], device='cuda:0')
tensor([1.3699], device='cuda:0')
tensor([1.3907], device='cuda:0')
tensor([1.3580], device='cuda:0')
tensor([1.3550], device='cuda:0')
Epoch 16 Accuracy 9.8 | Loss: 6.8746 | Aggregation time: 8.869
tensor([1.3600], device='cuda:0')
tensor([1.3602], device='cuda:0')
tensor([1.3545], device='cuda:0')
tensor([1.3377], device='cuda:0')
tensor([1.3652], device='cuda:0')
tensor([1.3603], device='cuda:0')
tensor([1.3553], device='cuda:0')
tensor([1.3571], device='cuda:0')
tensor([1.3503], device='cuda:0')
tensor([1.3588], device='cuda:0')
Epoch 17 Accuracy 9.8 | Loss: 5.1974 | Aggregation time: 9.321
tensor([1.3405], device='cuda:0')
tensor([1.2973], device='cuda:0')
tensor([1.2827], device='cuda:0')
tensor([1.3067], device='cuda:0')
tensor([1.3056], device='cuda:0')
tensor([1.3133], device='cuda:0')
tensor([1.3448], device='cuda:0')
tensor([1.3751], device='cuda:0')
tensor([1.3586], device='cuda:0')
Epoch 18 Accuracy 9.8 | Loss: 5.1559 | Aggregation time: 9.605
tensor([1.3565], device='cuda:0')
tensor([1.3421], device='cuda:0')
tensor([1.3208], device='cuda:0')
tensor([1.3018], device='cuda:0')
tensor([1.3334], device='cuda:0')
tensor([1.3400], device='cuda:0')
tensor([1.3468], device='cuda:0')
tensor([1.3315], device='cuda:0')
tensor([1.3246], device='cuda:0')
tensor([1.3525], device='cuda:0')
Epoch 19 Accuracy 9.8 | Loss: 5.6466 | Aggregation time: 10.257
tensor([1.3738], device='cuda:0')
tensor([1.3724], device='cuda:0')
tensor([1.3909], device='cuda:0')
tensor([1.3927], device='cuda:0')
tensor([1.3538], device='cuda:0')
tensor([1.3663], device='cuda:0')
tensor([1.3877], device='cuda:0')
tensor([1.3964], device='cuda:0')
tensor([1.3844], device='cuda:0')
Epoch 20 Accuracy 9.8 | Loss: 4.1047 | Aggregation time: 10.723
