C:\Users\user\Desktop\IoT\FLTG-implementation\FL-Byzantine-Library\client.py:43: UserWarning: To copy construct from a tensor, it is recommended to use sourceTensor.clone().detach() or sourceTensor.clone().detach().requires_grad_(True), rather than torch.tensor(sourceTensor).
  self.momentum = torch.tensor(torch.zeros_like(flat_model, device=self.device))
Files already downloaded and verified
Files already downloaded and verified
number of parameters  0.697 M
tensor([1.3596], device='cuda:0')
tensor([1.4939], device='cuda:0')
tensor([1.4658], device='cuda:0')
tensor([1.4673], device='cuda:0')
tensor([1.4307], device='cuda:0')
tensor([1.4135], device='cuda:0')
tensor([1.3778], device='cuda:0')
tensor([1.3882], device='cuda:0')
tensor([1.3904], device='cuda:0')
tensor([1.3895], device='cuda:0')
Epoch 1 Accuracy 13.5 | Loss: 2.5313 | Aggregation time: 0.753
tensor([1.4123], device='cuda:0')
tensor([1.4156], device='cuda:0')
tensor([1.4147], device='cuda:0')
tensor([1.3969], device='cuda:0')
tensor([1.3629], device='cuda:0')
tensor([1.3404], device='cuda:0')
tensor([1.3160], device='cuda:0')
tensor([1.3047], device='cuda:0')
tensor([1.2868], device='cuda:0')
tensor([1.3077], device='cuda:0')
Epoch 2 Accuracy 19.400000000000002 | Loss: 3.4412 | Aggregation time: 1.492
tensor([1.3161], device='cuda:0')
tensor([1.3949], device='cuda:0')
tensor([1.4183], device='cuda:0')
tensor([1.4391], device='cuda:0')
tensor([1.4296], device='cuda:0')
tensor([1.4298], device='cuda:0')
tensor([1.4127], device='cuda:0')
tensor([1.3852], device='cuda:0')
tensor([1.3602], device='cuda:0')
tensor([1.3519], device='cuda:0')
Epoch 3 Accuracy 14.000000000000002 | Loss: 2.9985 | Aggregation time: 2.37
tensor([1.3427], device='cuda:0')
tensor([1.3275], device='cuda:0')
tensor([1.3038], device='cuda:0')
tensor([1.2821], device='cuda:0')
tensor([1.2820], device='cuda:0')
tensor([1.3059], device='cuda:0')
tensor([1.3280], device='cuda:0')
tensor([1.3592], device='cuda:0')
tensor([1.3675], device='cuda:0')
tensor([1.3779], device='cuda:0')
Epoch 4 Accuracy 14.799999999999999 | Loss: 2.5279 | Aggregation time: 3.108
tensor([1.3874], device='cuda:0')
tensor([1.3881], device='cuda:0')
tensor([1.3769], device='cuda:0')
tensor([1.3752], device='cuda:0')
tensor([1.3580], device='cuda:0')
tensor([1.3654], device='cuda:0')
tensor([1.3609], device='cuda:0')
tensor([1.3505], device='cuda:0')
tensor([1.3323], device='cuda:0')
Epoch 5 Accuracy 17.2 | Loss: 2.3149 | Aggregation time: 3.66
tensor([1.3396], device='cuda:0')
tensor([1.3275], device='cuda:0')
tensor([1.3236], device='cuda:0')
tensor([1.3332], device='cuda:0')
tensor([1.3373], device='cuda:0')
tensor([1.3319], device='cuda:0')
tensor([1.3473], device='cuda:0')
tensor([1.3435], device='cuda:0')
tensor([1.3390], device='cuda:0')
tensor([1.3523], device='cuda:0')
Epoch 6 Accuracy 17.2 | Loss: 2.1967 | Aggregation time: 4.308
tensor([1.3662], device='cuda:0')
tensor([1.3474], device='cuda:0')
tensor([1.3357], device='cuda:0')
tensor([1.3096], device='cuda:0')
tensor([1.3197], device='cuda:0')
tensor([1.3161], device='cuda:0')
tensor([1.3167], device='cuda:0')
tensor([1.2977], device='cuda:0')
tensor([1.2928], device='cuda:0')
tensor([1.2871], device='cuda:0')
Epoch 7 Accuracy 17.2 | Loss: 2.2108 | Aggregation time: 4.953
tensor([1.2858], device='cuda:0')
tensor([1.2769], device='cuda:0')
tensor([1.2830], device='cuda:0')
tensor([1.2839], device='cuda:0')
tensor([1.2934], device='cuda:0')
tensor([1.3072], device='cuda:0')
tensor([1.2803], device='cuda:0')
tensor([1.2781], device='cuda:0')
tensor([1.2689], device='cuda:0')
tensor([1.2855], device='cuda:0')
Epoch 8 Accuracy 17.2 | Loss: 2.2157 | Aggregation time: 5.654
tensor([1.2752], device='cuda:0')
tensor([1.2801], device='cuda:0')
tensor([1.2687], device='cuda:0')
tensor([1.2736], device='cuda:0')
tensor([1.2495], device='cuda:0')
tensor([1.2449], device='cuda:0')
tensor([1.2484], device='cuda:0')
tensor([1.2556], device='cuda:0')
tensor([1.2358], device='cuda:0')
Epoch 9 Accuracy 17.2 | Loss: 2.2404 | Aggregation time: 6.292
tensor([1.2380], device='cuda:0')
tensor([1.2303], device='cuda:0')
tensor([1.2248], device='cuda:0')
tensor([1.2508], device='cuda:0')
tensor([1.2318], device='cuda:0')
tensor([1.2035], device='cuda:0')
tensor([1.1950], device='cuda:0')
tensor([1.2255], device='cuda:0')
tensor([1.2532], device='cuda:0')
tensor([1.2739], device='cuda:0')
Epoch 10 Accuracy 17.2 | Loss: 2.2338 | Aggregation time: 7.077
tensor([1.2843], device='cuda:0')
tensor([1.2948], device='cuda:0')
tensor([1.3117], device='cuda:0')
tensor([1.3240], device='cuda:0')
tensor([1.3111], device='cuda:0')
tensor([1.3054], device='cuda:0')
tensor([1.2846], device='cuda:0')
tensor([1.2737], device='cuda:0')
tensor([1.2654], device='cuda:0')
tensor([1.2537], device='cuda:0')
Epoch 11 Accuracy 17.2 | Loss: 2.2305 | Aggregation time: 7.799
tensor([1.2584], device='cuda:0')
tensor([1.2609], device='cuda:0')
tensor([1.2571], device='cuda:0')
tensor([1.2719], device='cuda:0')
tensor([1.2709], device='cuda:0')
tensor([1.2747], device='cuda:0')
tensor([1.2828], device='cuda:0')
tensor([1.2926], device='cuda:0')
tensor([1.3085], device='cuda:0')
tensor([1.3145], device='cuda:0')
Epoch 12 Accuracy 17.2 | Loss: 2.2146 | Aggregation time: 8.57
tensor([1.3221], device='cuda:0')
tensor([1.3257], device='cuda:0')
tensor([1.3323], device='cuda:0')
tensor([1.3217], device='cuda:0')
tensor([1.3485], device='cuda:0')
tensor([1.3624], device='cuda:0')
tensor([1.3621], device='cuda:0')
tensor([1.3542], device='cuda:0')
tensor([1.3292], device='cuda:0')
Epoch 13 Accuracy 17.2 | Loss: 2.2107 | Aggregation time: 9.246
tensor([1.3480], device='cuda:0')
tensor([1.3471], device='cuda:0')
tensor([1.3375], device='cuda:0')
tensor([1.3116], device='cuda:0')
tensor([1.3104], device='cuda:0')
tensor([1.3053], device='cuda:0')
tensor([1.3214], device='cuda:0')
tensor([1.3248], device='cuda:0')
tensor([1.3249], device='cuda:0')
tensor([1.2996], device='cuda:0')
Epoch 14 Accuracy 17.2 | Loss: 2.2079 | Aggregation time: 9.796
tensor([1.2901], device='cuda:0')
tensor([1.2620], device='cuda:0')
tensor([1.2615], device='cuda:0')
tensor([1.2810], device='cuda:0')
tensor([1.2796], device='cuda:0')
tensor([1.2908], device='cuda:0')
tensor([1.2963], device='cuda:0')
tensor([1.2931], device='cuda:0')
tensor([1.2900], device='cuda:0')
tensor([1.3066], device='cuda:0')
Epoch 15 Accuracy 17.2 | Loss: 2.242 | Aggregation time: 10.337
tensor([1.3003], device='cuda:0')
tensor([1.3116], device='cuda:0')
tensor([1.2984], device='cuda:0')
tensor([1.2835], device='cuda:0')
tensor([1.2930], device='cuda:0')
tensor([1.2835], device='cuda:0')
tensor([1.2909], device='cuda:0')
tensor([1.3158], device='cuda:0')
tensor([1.3124], device='cuda:0')
tensor([1.3299], device='cuda:0')
Epoch 16 Accuracy 17.2 | Loss: 2.2271 | Aggregation time: 10.908
tensor([1.3354], device='cuda:0')
tensor([1.3432], device='cuda:0')
tensor([1.3312], device='cuda:0')
tensor([1.3238], device='cuda:0')
tensor([1.3233], device='cuda:0')
tensor([1.3053], device='cuda:0')
tensor([1.2886], device='cuda:0')
tensor([1.2810], device='cuda:0')
tensor([1.2430], device='cuda:0')
tensor([1.2623], device='cuda:0')
Epoch 17 Accuracy 17.2 | Loss: 2.2485 | Aggregation time: 11.461
tensor([1.2526], device='cuda:0')
tensor([1.2323], device='cuda:0')
tensor([1.2625], device='cuda:0')
tensor([1.2954], device='cuda:0')
tensor([1.3164], device='cuda:0')
tensor([1.3063], device='cuda:0')
tensor([1.3063], device='cuda:0')
tensor([1.2874], device='cuda:0')
tensor([1.2769], device='cuda:0')
Epoch 18 Accuracy 17.2 | Loss: 2.2369 | Aggregation time: 11.947
tensor([1.2755], device='cuda:0')
tensor([1.2824], device='cuda:0')
tensor([1.2845], device='cuda:0')
tensor([1.2800], device='cuda:0')
tensor([1.2910], device='cuda:0')
tensor([1.2735], device='cuda:0')
tensor([1.2711], device='cuda:0')
tensor([1.2699], device='cuda:0')
tensor([1.2714], device='cuda:0')
tensor([1.2503], device='cuda:0')
Epoch 19 Accuracy 17.2 | Loss: 2.2104 | Aggregation time: 12.477
tensor([1.2268], device='cuda:0')
tensor([1.2255], device='cuda:0')
tensor([1.2331], device='cuda:0')
tensor([1.2354], device='cuda:0')
tensor([1.2411], device='cuda:0')
tensor([1.2644], device='cuda:0')
tensor([1.2648], device='cuda:0')
tensor([1.2559], device='cuda:0')
tensor([1.2745], device='cuda:0')
tensor([1.2604], device='cuda:0')
Epoch 20 Accuracy 17.2 | Loss: 2.1962 | Aggregation time: 13.063
tensor([1.2426], device='cuda:0')
tensor([1.2533], device='cuda:0')
tensor([1.2558], device='cuda:0')
tensor([1.2582], device='cuda:0')
tensor([1.2522], device='cuda:0')
tensor([1.2534], device='cuda:0')
tensor([1.2636], device='cuda:0')
tensor([1.2696], device='cuda:0')
tensor([1.2693], device='cuda:0')
tensor([1.2641], device='cuda:0')
Epoch 21 Accuracy 17.2 | Loss: 2.2386 | Aggregation time: 13.655
tensor([1.2669], device='cuda:0')
tensor([1.2732], device='cuda:0')
tensor([1.2793], device='cuda:0')
tensor([1.2716], device='cuda:0')
tensor([1.2712], device='cuda:0')
tensor([1.2582], device='cuda:0')
tensor([1.2477], device='cuda:0')
tensor([1.2460], device='cuda:0')
tensor([1.2412], device='cuda:0')
Epoch 22 Accuracy 17.2 | Loss: 2.2133 | Aggregation time: 14.209
tensor([1.2519], device='cuda:0')
tensor([1.2553], device='cuda:0')
tensor([1.2443], device='cuda:0')
tensor([1.2386], device='cuda:0')
tensor([1.2650], device='cuda:0')
tensor([1.2662], device='cuda:0')
tensor([1.2436], device='cuda:0')
tensor([1.2446], device='cuda:0')
tensor([1.2407], device='cuda:0')
tensor([1.2588], device='cuda:0')
Epoch 23 Accuracy 17.2 | Loss: 2.2104 | Aggregation time: 14.785
tensor([1.2441], device='cuda:0')
tensor([1.2405], device='cuda:0')
tensor([1.2468], device='cuda:0')
tensor([1.2366], device='cuda:0')
tensor([1.2720], device='cuda:0')
tensor([1.2778], device='cuda:0')
tensor([1.2640], device='cuda:0')
tensor([1.2650], device='cuda:0')
tensor([1.2644], device='cuda:0')
tensor([1.2581], device='cuda:0')
Epoch 24 Accuracy 17.2 | Loss: 2.2314 | Aggregation time: 15.459
tensor([1.2648], device='cuda:0')
tensor([1.2625], device='cuda:0')
tensor([1.2817], device='cuda:0')
tensor([1.2931], device='cuda:0')
tensor([1.2960], device='cuda:0')
tensor([1.2845], device='cuda:0')
tensor([1.2975], device='cuda:0')
tensor([1.2861], device='cuda:0')
tensor([1.3008], device='cuda:0')
tensor([1.2751], device='cuda:0')
Epoch 25 Accuracy 17.2 | Loss: 2.2187 | Aggregation time: 16.066
tensor([1.2929], device='cuda:0')
tensor([1.3141], device='cuda:0')
tensor([1.3034], device='cuda:0')
tensor([1.3170], device='cuda:0')
tensor([1.3313], device='cuda:0')
tensor([1.3224], device='cuda:0')
tensor([1.3147], device='cuda:0')
tensor([1.3281], device='cuda:0')
tensor([1.3034], device='cuda:0')
Epoch 26 Accuracy 17.2 | Loss: 2.2165 | Aggregation time: 16.551
tensor([1.3067], device='cuda:0')
tensor([1.2985], device='cuda:0')
tensor([1.2927], device='cuda:0')
tensor([1.2875], device='cuda:0')
tensor([1.3034], device='cuda:0')
tensor([1.3010], device='cuda:0')
tensor([1.3052], device='cuda:0')
tensor([1.3230], device='cuda:0')
tensor([1.3239], device='cuda:0')
tensor([1.3032], device='cuda:0')
Epoch 27 Accuracy 17.2 | Loss: 2.2117 | Aggregation time: 17.096
tensor([1.2909], device='cuda:0')
tensor([1.2819], device='cuda:0')
tensor([1.2826], device='cuda:0')
tensor([1.2917], device='cuda:0')
tensor([1.2724], device='cuda:0')
tensor([1.2614], device='cuda:0')
tensor([1.2670], device='cuda:0')
tensor([1.2834], device='cuda:0')
tensor([1.2935], device='cuda:0')
tensor([1.2989], device='cuda:0')
Epoch 28 Accuracy 17.2 | Loss: 2.2053 | Aggregation time: 17.665
tensor([1.2906], device='cuda:0')
tensor([1.2733], device='cuda:0')
tensor([1.2880], device='cuda:0')
tensor([1.2888], device='cuda:0')
tensor([1.2934], device='cuda:0')
tensor([1.3081], device='cuda:0')
tensor([1.3060], device='cuda:0')
tensor([1.3109], device='cuda:0')
tensor([1.3174], device='cuda:0')
tensor([1.3214], device='cuda:0')
Epoch 29 Accuracy 17.2 | Loss: 2.2014 | Aggregation time: 18.222
tensor([1.3302], device='cuda:0')
tensor([1.2988], device='cuda:0')
tensor([1.3072], device='cuda:0')
tensor([1.2966], device='cuda:0')
tensor([1.2988], device='cuda:0')
tensor([1.3061], device='cuda:0')
tensor([1.2864], device='cuda:0')
tensor([1.2873], device='cuda:0')
tensor([1.2996], device='cuda:0')
Epoch 30 Accuracy 17.2 | Loss: 2.2354 | Aggregation time: 18.719
tensor([1.3037], device='cuda:0')
tensor([1.2777], device='cuda:0')
tensor([1.2782], device='cuda:0')
tensor([1.2499], device='cuda:0')
tensor([1.2374], device='cuda:0')
tensor([1.2167], device='cuda:0')
tensor([1.2123], device='cuda:0')
tensor([1.2226], device='cuda:0')
tensor([1.2483], device='cuda:0')
tensor([1.2582], device='cuda:0')
Epoch 31 Accuracy 17.2 | Loss: 2.2099 | Aggregation time: 19.275
tensor([1.2726], device='cuda:0')
tensor([1.2579], device='cuda:0')
tensor([1.2402], device='cuda:0')
tensor([1.2808], device='cuda:0')
tensor([1.2717], device='cuda:0')
tensor([1.2845], device='cuda:0')
tensor([1.2972], device='cuda:0')
tensor([1.2861], device='cuda:0')
tensor([1.2865], device='cuda:0')
tensor([1.2679], device='cuda:0')
Epoch 32 Accuracy 17.2 | Loss: 2.2238 | Aggregation time: 19.885
tensor([1.2662], device='cuda:0')
tensor([1.2757], device='cuda:0')
tensor([1.2880], device='cuda:0')
tensor([1.3043], device='cuda:0')
tensor([1.3077], device='cuda:0')
tensor([1.3106], device='cuda:0')
tensor([1.3175], device='cuda:0')
tensor([1.3083], device='cuda:0')
tensor([1.3129], device='cuda:0')
tensor([1.3057], device='cuda:0')
Epoch 33 Accuracy 17.2 | Loss: 2.1863 | Aggregation time: 20.477
tensor([1.2931], device='cuda:0')
tensor([1.2858], device='cuda:0')
tensor([1.2779], device='cuda:0')
tensor([1.2876], device='cuda:0')
tensor([1.2764], device='cuda:0')
tensor([1.2903], device='cuda:0')
tensor([1.2969], device='cuda:0')
tensor([1.3143], device='cuda:0')
tensor([1.3215], device='cuda:0')
tensor([1.3147], device='cuda:0')
Epoch 34 Accuracy 17.2 | Loss: 2.2484 | Aggregation time: 21.033
tensor([1.3002], device='cuda:0')
tensor([1.2818], device='cuda:0')
tensor([1.2816], device='cuda:0')
tensor([1.2944], device='cuda:0')
tensor([1.2767], device='cuda:0')
tensor([1.2869], device='cuda:0')
tensor([1.2818], device='cuda:0')
tensor([1.2877], device='cuda:0')
tensor([1.2968], device='cuda:0')
Epoch 35 Accuracy 17.2 | Loss: 2.23 | Aggregation time: 21.549
tensor([1.3132], device='cuda:0')
tensor([1.3046], device='cuda:0')
tensor([1.3242], device='cuda:0')
tensor([1.3217], device='cuda:0')
tensor([1.3181], device='cuda:0')
tensor([1.2975], device='cuda:0')
tensor([1.2891], device='cuda:0')
tensor([1.2984], device='cuda:0')
tensor([1.2841], device='cuda:0')
tensor([1.2906], device='cuda:0')
Epoch 36 Accuracy 17.2 | Loss: 2.2345 | Aggregation time: 22.093
tensor([1.2946], device='cuda:0')
tensor([1.2811], device='cuda:0')
tensor([1.2674], device='cuda:0')
tensor([1.2598], device='cuda:0')
tensor([1.2575], device='cuda:0')
tensor([1.2842], device='cuda:0')
tensor([1.2805], device='cuda:0')
tensor([1.2947], device='cuda:0')
tensor([1.2934], device='cuda:0')
tensor([1.2699], device='cuda:0')
Epoch 37 Accuracy 17.2 | Loss: 2.2467 | Aggregation time: 22.62
tensor([1.2851], device='cuda:0')
tensor([1.3235], device='cuda:0')
tensor([1.3305], device='cuda:0')
tensor([1.3324], device='cuda:0')
tensor([1.3464], device='cuda:0')
tensor([1.3418], device='cuda:0')
tensor([1.3389], device='cuda:0')
tensor([1.3069], device='cuda:0')
tensor([1.2911], device='cuda:0')
tensor([1.2877], device='cuda:0')
Epoch 38 Accuracy 17.2 | Loss: 2.2358 | Aggregation time: 23.276
tensor([1.2766], device='cuda:0')
tensor([1.3008], device='cuda:0')
tensor([1.2912], device='cuda:0')
tensor([1.2969], device='cuda:0')
tensor([1.2933], device='cuda:0')
tensor([1.2912], device='cuda:0')
tensor([1.3234], device='cuda:0')
tensor([1.3287], device='cuda:0')
tensor([1.3150], device='cuda:0')
Epoch 39 Accuracy 17.2 | Loss: 2.2208 | Aggregation time: 23.786
tensor([1.3067], device='cuda:0')
tensor([1.3120], device='cuda:0')
tensor([1.3011], device='cuda:0')
tensor([1.3043], device='cuda:0')
tensor([1.3034], device='cuda:0')
tensor([1.3087], device='cuda:0')
tensor([1.2977], device='cuda:0')
tensor([1.2928], device='cuda:0')
tensor([1.3084], device='cuda:0')
tensor([1.2843], device='cuda:0')
Epoch 40 Accuracy 17.2 | Loss: 2.2083 | Aggregation time: 24.299
tensor([1.2711], device='cuda:0')
tensor([1.2704], device='cuda:0')
tensor([1.2766], device='cuda:0')
tensor([1.2886], device='cuda:0')
tensor([1.2777], device='cuda:0')
tensor([1.3243], device='cuda:0')
tensor([1.3294], device='cuda:0')
tensor([1.3365], device='cuda:0')
tensor([1.3257], device='cuda:0')
tensor([1.3222], device='cuda:0')
Epoch 41 Accuracy 17.2 | Loss: 2.2284 | Aggregation time: 24.848
tensor([1.3317], device='cuda:0')
tensor([1.3345], device='cuda:0')
tensor([1.3169], device='cuda:0')
tensor([1.3190], device='cuda:0')
tensor([1.3141], device='cuda:0')
tensor([1.3060], device='cuda:0')
tensor([1.3331], device='cuda:0')
tensor([1.3299], device='cuda:0')
tensor([1.3072], device='cuda:0')
tensor([1.3188], device='cuda:0')
Epoch 42 Accuracy 17.2 | Loss: 2.2197 | Aggregation time: 25.38
tensor([1.3218], device='cuda:0')
tensor([1.3151], device='cuda:0')
tensor([1.3183], device='cuda:0')
tensor([1.3186], device='cuda:0')
tensor([1.3035], device='cuda:0')
tensor([1.2936], device='cuda:0')
tensor([1.2904], device='cuda:0')
tensor([1.3179], device='cuda:0')
tensor([1.3045], device='cuda:0')
Epoch 43 Accuracy 17.2 | Loss: 2.2017 | Aggregation time: 25.88
tensor([1.3116], device='cuda:0')
tensor([1.3324], device='cuda:0')
tensor([1.3273], device='cuda:0')
tensor([1.3231], device='cuda:0')
tensor([1.3256], device='cuda:0')
tensor([1.3377], device='cuda:0')
tensor([1.3158], device='cuda:0')
tensor([1.3033], device='cuda:0')
tensor([1.3130], device='cuda:0')
tensor([1.3146], device='cuda:0')
Epoch 44 Accuracy 17.2 | Loss: 2.2295 | Aggregation time: 26.394
tensor([1.3181], device='cuda:0')
tensor([1.3290], device='cuda:0')
tensor([1.3264], device='cuda:0')
tensor([1.3276], device='cuda:0')
tensor([1.3210], device='cuda:0')
tensor([1.3113], device='cuda:0')
tensor([1.3029], device='cuda:0')
tensor([1.3038], device='cuda:0')
tensor([1.3043], device='cuda:0')
tensor([1.2968], device='cuda:0')
Epoch 45 Accuracy 17.2 | Loss: 2.23 | Aggregation time: 26.953
tensor([1.2936], device='cuda:0')
tensor([1.2603], device='cuda:0')
tensor([1.2641], device='cuda:0')
tensor([1.2771], device='cuda:0')
tensor([1.2928], device='cuda:0')
tensor([1.2888], device='cuda:0')
tensor([1.3039], device='cuda:0')
tensor([1.3070], device='cuda:0')
tensor([1.2976], device='cuda:0')
tensor([1.2894], device='cuda:0')
Epoch 46 Accuracy 17.2 | Loss: 2.2155 | Aggregation time: 27.5
tensor([1.2902], device='cuda:0')
tensor([1.3056], device='cuda:0')
tensor([1.3120], device='cuda:0')
tensor([1.3337], device='cuda:0')
tensor([1.3341], device='cuda:0')
tensor([1.3227], device='cuda:0')
tensor([1.3398], device='cuda:0')
tensor([1.3244], device='cuda:0')
tensor([1.3277], device='cuda:0')
Epoch 47 Accuracy 17.2 | Loss: 2.2046 | Aggregation time: 27.973
tensor([1.3386], device='cuda:0')
tensor([1.3426], device='cuda:0')
tensor([1.3413], device='cuda:0')
tensor([1.3346], device='cuda:0')
tensor([1.3281], device='cuda:0')
tensor([1.3103], device='cuda:0')
tensor([1.2985], device='cuda:0')
tensor([1.2775], device='cuda:0')
tensor([1.2659], device='cuda:0')
tensor([1.3021], device='cuda:0')
Epoch 48 Accuracy 17.2 | Loss: 2.2425 | Aggregation time: 28.5
tensor([1.3120], device='cuda:0')
tensor([1.3015], device='cuda:0')
tensor([1.2940], device='cuda:0')
tensor([1.2824], device='cuda:0')
tensor([1.2597], device='cuda:0')
tensor([1.2848], device='cuda:0')
tensor([1.2644], device='cuda:0')
tensor([1.2613], device='cuda:0')
tensor([1.2650], device='cuda:0')
tensor([1.2510], device='cuda:0')
Epoch 49 Accuracy 17.2 | Loss: 2.2279 | Aggregation time: 29.037
tensor([1.2597], device='cuda:0')
tensor([1.2711], device='cuda:0')
tensor([1.2607], device='cuda:0')
tensor([1.2388], device='cuda:0')
tensor([1.2681], device='cuda:0')
tensor([1.2703], device='cuda:0')
tensor([1.2755], device='cuda:0')
tensor([1.2808], device='cuda:0')
tensor([1.2807], device='cuda:0')
tensor([1.3161], device='cuda:0')
Epoch 50 Accuracy 17.2 | Loss: 2.236 | Aggregation time: 29.604
