C:\Users\user\Desktop\IoT\FLTG-implementation\FL-Byzantine-Library\client.py:43: UserWarning: To copy construct from a tensor, it is recommended to use sourceTensor.clone().detach() or sourceTensor.clone().detach().requires_grad_(True), rather than torch.tensor(sourceTensor).
  self.momentum = torch.tensor(torch.zeros_like(flat_model, device=self.device))
Files already downloaded and verified
Files already downloaded and verified
number of parameters  0.697 M
tensor([1.2174], device='cuda:0')
tensor([1.2044], device='cuda:0')
tensor([1.1838], device='cuda:0')
tensor([1.2343], device='cuda:0')
tensor([1.2216], device='cuda:0')
tensor([1.1919], device='cuda:0')
tensor([1.1905], device='cuda:0')
tensor([1.1971], device='cuda:0')
tensor([1.2329], device='cuda:0')
tensor([1.2606], device='cuda:0')
Epoch 1 Accuracy 9.8 | Loss: 2.4498 | Aggregation time: 0.818
tensor([1.2774], device='cuda:0')
tensor([1.2655], device='cuda:0')
tensor([1.2926], device='cuda:0')
tensor([1.2891], device='cuda:0')
tensor([1.2759], device='cuda:0')
tensor([1.2933], device='cuda:0')
tensor([1.2967], device='cuda:0')
tensor([1.3109], device='cuda:0')
tensor([1.3244], device='cuda:0')
tensor([1.3672], device='cuda:0')
Epoch 2 Accuracy 10.0 | Loss: 3.567 | Aggregation time: 1.433
tensor([1.3533], device='cuda:0')
tensor([1.3195], device='cuda:0')
tensor([1.3780], device='cuda:0')
tensor([1.3689], device='cuda:0')
tensor([1.4121], device='cuda:0')
tensor([1.3871], device='cuda:0')
tensor([1.3699], device='cuda:0')
tensor([1.3880], device='cuda:0')
tensor([1.4470], device='cuda:0')
tensor([1.3872], device='cuda:0')
Epoch 3 Accuracy 10.0 | Loss: 4.4543 | Aggregation time: 1.896
tensor([1.2468], device='cuda:0')
tensor([1.2169], device='cuda:0')
tensor([1.1338], device='cuda:0')
tensor([1.0656], device='cuda:0')
tensor([1.0165], device='cuda:0')
tensor([1.0720], device='cuda:0')
tensor([1.1707], device='cuda:0')
tensor([1.1966], device='cuda:0')
tensor([1.1494], device='cuda:0')
tensor([1.1833], device='cuda:0')
Epoch 4 Accuracy 10.0 | Loss: 4.6293 | Aggregation time: 2.512
tensor([1.1853], device='cuda:0')
tensor([1.2337], device='cuda:0')
tensor([1.2815], device='cuda:0')
tensor([1.3610], device='cuda:0')
tensor([1.3116], device='cuda:0')
tensor([1.3194], device='cuda:0')
tensor([1.2844], device='cuda:0')
tensor([1.2759], device='cuda:0')
tensor([1.2428], device='cuda:0')
Epoch 5 Accuracy 10.0 | Loss: 4.1543 | Aggregation time: 2.908
tensor([1.3023], device='cuda:0')
tensor([1.2304], device='cuda:0')
tensor([1.0992], device='cuda:0')
tensor([1.1936], device='cuda:0')
tensor([1.1862], device='cuda:0')
tensor([1.1587], device='cuda:0')
tensor([1.1364], device='cuda:0')
tensor([1.1322], device='cuda:0')
tensor([1.1691], device='cuda:0')
tensor([1.2306], device='cuda:0')
Epoch 6 Accuracy 10.0 | Loss: 3.9657 | Aggregation time: 3.405
tensor([1.0936], device='cuda:0')
tensor([1.1101], device='cuda:0')
tensor([1.3739], device='cuda:0')
tensor([1.2369], device='cuda:0')
tensor([1.4063], device='cuda:0')
tensor([1.2759], device='cuda:0')
tensor([1.0980], device='cuda:0')
tensor([1.1458], device='cuda:0')
tensor([1.1384], device='cuda:0')
tensor([1.2154], device='cuda:0')
Epoch 7 Accuracy 10.0 | Loss: 4.7969 | Aggregation time: 3.945
tensor([1.2531], device='cuda:0')
tensor([1.2777], device='cuda:0')
tensor([1.3272], device='cuda:0')
tensor([1.3945], device='cuda:0')
tensor([1.4213], device='cuda:0')
tensor([1.3786], device='cuda:0')
tensor([1.3600], device='cuda:0')
tensor([1.3655], device='cuda:0')
tensor([1.4226], device='cuda:0')
tensor([1.4340], device='cuda:0')
Epoch 8 Accuracy 10.0 | Loss: 4.6382 | Aggregation time: 4.435
tensor([1.4085], device='cuda:0')
tensor([1.2743], device='cuda:0')
tensor([1.2631], device='cuda:0')
tensor([1.3270], device='cuda:0')
tensor([1.2569], device='cuda:0')
tensor([1.3090], device='cuda:0')
tensor([1.3716], device='cuda:0')
tensor([1.3916], device='cuda:0')
tensor([1.3841], device='cuda:0')
Epoch 9 Accuracy 10.0 | Loss: 4.6763 | Aggregation time: 4.965
tensor([1.3428], device='cuda:0')
tensor([1.4149], device='cuda:0')
tensor([1.4264], device='cuda:0')
tensor([1.4935], device='cuda:0')
tensor([1.4771], device='cuda:0')
tensor([1.5064], device='cuda:0')
tensor([1.4851], device='cuda:0')
tensor([1.4678], device='cuda:0')
tensor([1.4203], device='cuda:0')
tensor([1.3714], device='cuda:0')
Epoch 10 Accuracy 10.0 | Loss: 4.725 | Aggregation time: 5.45
tensor([1.3228], device='cuda:0')
tensor([1.2250], device='cuda:0')
tensor([1.2081], device='cuda:0')
tensor([1.2173], device='cuda:0')
tensor([1.1479], device='cuda:0')
tensor([1.1942], device='cuda:0')
tensor([1.2471], device='cuda:0')
tensor([1.2155], device='cuda:0')
tensor([1.2199], device='cuda:0')
tensor([1.3016], device='cuda:0')
Epoch 11 Accuracy 10.0 | Loss: 5.0822 | Aggregation time: 6.018
tensor([1.2923], device='cuda:0')
tensor([1.3029], device='cuda:0')
tensor([1.3004], device='cuda:0')
tensor([1.2712], device='cuda:0')
tensor([1.2615], device='cuda:0')
tensor([1.2321], device='cuda:0')
tensor([1.2917], device='cuda:0')
tensor([1.2708], device='cuda:0')
tensor([1.2635], device='cuda:0')
tensor([1.2934], device='cuda:0')
Epoch 12 Accuracy 10.0 | Loss: 4.7523 | Aggregation time: 6.489
tensor([1.2784], device='cuda:0')
tensor([1.2938], device='cuda:0')
tensor([1.2821], device='cuda:0')
tensor([1.2940], device='cuda:0')
tensor([1.3195], device='cuda:0')
tensor([1.3161], device='cuda:0')
tensor([1.3424], device='cuda:0')
tensor([1.3495], device='cuda:0')
tensor([1.3325], device='cuda:0')
Epoch 13 Accuracy 11.1 | Loss: 5.1318 | Aggregation time: 6.937
tensor([1.3545], device='cuda:0')
tensor([1.3449], device='cuda:0')
tensor([1.3208], device='cuda:0')
tensor([1.3250], device='cuda:0')
tensor([1.3036], device='cuda:0')
tensor([1.2754], device='cuda:0')
tensor([1.2759], device='cuda:0')
tensor([1.2868], device='cuda:0')
tensor([1.2529], device='cuda:0')
tensor([1.2969], device='cuda:0')
Epoch 14 Accuracy 11.799999999999999 | Loss: 5.0974 | Aggregation time: 7.363
tensor([1.2915], device='cuda:0')
tensor([1.2092], device='cuda:0')
tensor([1.2101], device='cuda:0')
tensor([1.2468], device='cuda:0')
tensor([1.2469], device='cuda:0')
tensor([1.2665], device='cuda:0')
tensor([1.2449], device='cuda:0')
tensor([1.2005], device='cuda:0')
tensor([1.2121], device='cuda:0')
tensor([1.2539], device='cuda:0')
Epoch 15 Accuracy 10.4 | Loss: 4.8223 | Aggregation time: 7.793
tensor([1.2592], device='cuda:0')
tensor([1.2733], device='cuda:0')
tensor([1.2952], device='cuda:0')
tensor([1.2745], device='cuda:0')
tensor([1.2915], device='cuda:0')
tensor([1.2830], device='cuda:0')
tensor([1.3106], device='cuda:0')
tensor([1.3488], device='cuda:0')
tensor([1.3553], device='cuda:0')
tensor([1.3152], device='cuda:0')
Epoch 16 Accuracy 12.5 | Loss: 4.2022 | Aggregation time: 8.237
tensor([1.3083], device='cuda:0')
tensor([1.3028], device='cuda:0')
tensor([1.3262], device='cuda:0')
tensor([1.2924], device='cuda:0')
tensor([1.3112], device='cuda:0')
tensor([1.2655], device='cuda:0')
tensor([1.2856], device='cuda:0')
tensor([1.3001], device='cuda:0')
tensor([1.2904], device='cuda:0')
tensor([1.3362], device='cuda:0')
Epoch 17 Accuracy 13.200000000000001 | Loss: 4.7369 | Aggregation time: 8.682
tensor([1.3016], device='cuda:0')
tensor([1.2750], device='cuda:0')
tensor([1.2683], device='cuda:0')
tensor([1.3118], device='cuda:0')
tensor([1.2757], device='cuda:0')
tensor([1.3146], device='cuda:0')
tensor([1.3286], device='cuda:0')
tensor([1.3523], device='cuda:0')
tensor([1.3749], device='cuda:0')
Epoch 18 Accuracy 13.200000000000001 | Loss: 4.5666 | Aggregation time: 9.065
tensor([1.3102], device='cuda:0')
tensor([1.3510], device='cuda:0')
tensor([1.2704], device='cuda:0')
tensor([1.3256], device='cuda:0')
tensor([1.2899], device='cuda:0')
tensor([1.2774], device='cuda:0')
tensor([1.2753], device='cuda:0')
tensor([1.3306], device='cuda:0')
tensor([1.3716], device='cuda:0')
tensor([1.3876], device='cuda:0')
Epoch 19 Accuracy 11.899999999999999 | Loss: 4.4374 | Aggregation time: 9.481
tensor([1.3606], device='cuda:0')
tensor([1.3933], device='cuda:0')
tensor([1.4359], device='cuda:0')
tensor([1.4121], device='cuda:0')
tensor([1.3645], device='cuda:0')
tensor([1.3521], device='cuda:0')
tensor([1.3490], device='cuda:0')
tensor([1.3761], device='cuda:0')
tensor([1.4458], device='cuda:0')
tensor([1.3916], device='cuda:0')
Epoch 20 Accuracy 13.0 | Loss: 4.9798 | Aggregation time: 9.889
tensor([1.3516], device='cuda:0')
tensor([1.3503], device='cuda:0')
tensor([1.3962], device='cuda:0')
tensor([1.3825], device='cuda:0')
tensor([1.4013], device='cuda:0')
tensor([1.4033], device='cuda:0')
tensor([1.4324], device='cuda:0')
tensor([1.4222], device='cuda:0')
tensor([1.3934], device='cuda:0')
tensor([1.4143], device='cuda:0')
Epoch 21 Accuracy 12.4 | Loss: 4.8353 | Aggregation time: 10.414
tensor([1.3644], device='cuda:0')
tensor([1.3291], device='cuda:0')
tensor([1.3819], device='cuda:0')
tensor([1.4256], device='cuda:0')
tensor([1.4151], device='cuda:0')
tensor([1.3560], device='cuda:0')
tensor([1.3609], device='cuda:0')
tensor([1.3671], device='cuda:0')
tensor([1.4103], device='cuda:0')
Epoch 22 Accuracy 11.4 | Loss: 4.7012 | Aggregation time: 10.792
tensor([1.4284], device='cuda:0')
tensor([1.4219], device='cuda:0')
tensor([1.4235], device='cuda:0')
tensor([1.4051], device='cuda:0')
tensor([1.3729], device='cuda:0')
tensor([1.3577], device='cuda:0')
tensor([1.3226], device='cuda:0')
tensor([1.3371], device='cuda:0')
tensor([1.3218], device='cuda:0')
tensor([1.3415], device='cuda:0')
Epoch 23 Accuracy 13.600000000000001 | Loss: 4.7221 | Aggregation time: 11.203
tensor([1.3879], device='cuda:0')
tensor([1.3623], device='cuda:0')
tensor([1.3707], device='cuda:0')
tensor([1.3700], device='cuda:0')
tensor([1.3199], device='cuda:0')
tensor([1.3210], device='cuda:0')
tensor([1.3150], device='cuda:0')
tensor([1.2662], device='cuda:0')
tensor([1.2259], device='cuda:0')
tensor([1.2804], device='cuda:0')
Epoch 24 Accuracy 14.2 | Loss: 4.9811 | Aggregation time: 11.648
tensor([1.2633], device='cuda:0')
tensor([1.2452], device='cuda:0')
tensor([1.2707], device='cuda:0')
tensor([1.2329], device='cuda:0')
tensor([1.2454], device='cuda:0')
tensor([1.2789], device='cuda:0')
tensor([1.2888], device='cuda:0')
tensor([1.2675], device='cuda:0')
tensor([1.2537], device='cuda:0')
tensor([1.2461], device='cuda:0')
Epoch 25 Accuracy 14.399999999999999 | Loss: 5.0673 | Aggregation time: 12.078
tensor([1.2207], device='cuda:0')
tensor([1.2129], device='cuda:0')
tensor([1.2251], device='cuda:0')
tensor([1.2374], device='cuda:0')
tensor([1.2361], device='cuda:0')
tensor([1.2246], device='cuda:0')
tensor([1.2654], device='cuda:0')
tensor([1.2598], device='cuda:0')
tensor([1.2711], device='cuda:0')
Epoch 26 Accuracy 13.600000000000001 | Loss: 4.901 | Aggregation time: 12.533
tensor([1.2916], device='cuda:0')
tensor([1.2788], device='cuda:0')
tensor([1.3007], device='cuda:0')
tensor([1.3303], device='cuda:0')
tensor([1.3066], device='cuda:0')
tensor([1.2996], device='cuda:0')
tensor([1.3176], device='cuda:0')
tensor([1.2923], device='cuda:0')
tensor([1.3066], device='cuda:0')
tensor([1.3251], device='cuda:0')
Epoch 27 Accuracy 13.900000000000002 | Loss: 4.5967 | Aggregation time: 12.955
tensor([1.3815], device='cuda:0')
tensor([1.3825], device='cuda:0')
tensor([1.3607], device='cuda:0')
tensor([1.4364], device='cuda:0')
tensor([1.4439], device='cuda:0')
tensor([1.4316], device='cuda:0')
tensor([1.4272], device='cuda:0')
tensor([1.3958], device='cuda:0')
tensor([1.3556], device='cuda:0')
tensor([1.3186], device='cuda:0')
Epoch 28 Accuracy 13.5 | Loss: 5.193 | Aggregation time: 13.384
tensor([1.3077], device='cuda:0')
tensor([1.3241], device='cuda:0')
tensor([1.2664], device='cuda:0')
tensor([1.2921], device='cuda:0')
tensor([1.3437], device='cuda:0')
tensor([1.3264], device='cuda:0')
tensor([1.3424], device='cuda:0')
tensor([1.3544], device='cuda:0')
tensor([1.4003], device='cuda:0')
tensor([1.4452], device='cuda:0')
Epoch 29 Accuracy 13.700000000000001 | Loss: 5.1655 | Aggregation time: 13.823
tensor([1.5089], device='cuda:0')
tensor([1.4696], device='cuda:0')
tensor([1.4211], device='cuda:0')
tensor([1.3793], device='cuda:0')
tensor([1.3884], device='cuda:0')
tensor([1.3675], device='cuda:0')
tensor([1.3660], device='cuda:0')
tensor([1.4120], device='cuda:0')
tensor([1.4116], device='cuda:0')
Epoch 30 Accuracy 13.600000000000001 | Loss: 5.4691 | Aggregation time: 14.211
tensor([1.3918], device='cuda:0')
tensor([1.4191], device='cuda:0')
tensor([1.3787], device='cuda:0')
tensor([1.3660], device='cuda:0')
tensor([1.3687], device='cuda:0')
tensor([1.4099], device='cuda:0')
tensor([1.3352], device='cuda:0')
tensor([1.3325], device='cuda:0')
tensor([1.3765], device='cuda:0')
tensor([1.3516], device='cuda:0')
Epoch 31 Accuracy 12.8 | Loss: 5.1016 | Aggregation time: 14.712
tensor([1.3853], device='cuda:0')
tensor([1.3935], device='cuda:0')
tensor([1.3130], device='cuda:0')
tensor([1.3276], device='cuda:0')
tensor([1.3349], device='cuda:0')
tensor([1.3548], device='cuda:0')
tensor([1.4011], device='cuda:0')
tensor([1.4051], device='cuda:0')
tensor([1.3612], device='cuda:0')
tensor([1.3227], device='cuda:0')
Epoch 32 Accuracy 13.100000000000001 | Loss: 5.3832 | Aggregation time: 15.196
tensor([1.3140], device='cuda:0')
tensor([1.3001], device='cuda:0')
tensor([1.3236], device='cuda:0')
tensor([1.2955], device='cuda:0')
tensor([1.3072], device='cuda:0')
tensor([1.2888], device='cuda:0')
tensor([1.2576], device='cuda:0')
tensor([1.2575], device='cuda:0')
tensor([1.2545], device='cuda:0')
tensor([1.2339], device='cuda:0')
Epoch 33 Accuracy 13.3 | Loss: 4.9296 | Aggregation time: 15.626
tensor([1.2567], device='cuda:0')
tensor([1.2700], device='cuda:0')
tensor([1.3007], device='cuda:0')
tensor([1.3076], device='cuda:0')
tensor([1.2774], device='cuda:0')
tensor([1.2588], device='cuda:0')
tensor([1.2895], device='cuda:0')
tensor([1.2833], device='cuda:0')
tensor([1.2579], device='cuda:0')
tensor([1.2865], device='cuda:0')
Epoch 34 Accuracy 12.3 | Loss: 5.4845 | Aggregation time: 16.117
tensor([1.3018], device='cuda:0')
tensor([1.3269], device='cuda:0')
tensor([1.3701], device='cuda:0')
tensor([1.3877], device='cuda:0')
tensor([1.3670], device='cuda:0')
tensor([1.3351], device='cuda:0')
tensor([1.3690], device='cuda:0')
tensor([1.3751], device='cuda:0')
tensor([1.3665], device='cuda:0')
Epoch 35 Accuracy 13.8 | Loss: 4.8863 | Aggregation time: 16.6
tensor([1.3813], device='cuda:0')
tensor([1.3468], device='cuda:0')
tensor([1.2946], device='cuda:0')
tensor([1.2988], device='cuda:0')
tensor([1.2999], device='cuda:0')
tensor([1.3384], device='cuda:0')
tensor([1.3498], device='cuda:0')
tensor([1.3909], device='cuda:0')
tensor([1.3718], device='cuda:0')
tensor([1.3795], device='cuda:0')
Epoch 36 Accuracy 13.5 | Loss: 5.4794 | Aggregation time: 17.04
tensor([1.3769], device='cuda:0')
tensor([1.3586], device='cuda:0')
tensor([1.3838], device='cuda:0')
tensor([1.3980], device='cuda:0')
tensor([1.3957], device='cuda:0')
tensor([1.3897], device='cuda:0')
tensor([1.3510], device='cuda:0')
tensor([1.3202], device='cuda:0')
tensor([1.3082], device='cuda:0')
tensor([1.2858], device='cuda:0')
Epoch 37 Accuracy 14.399999999999999 | Loss: 5.047 | Aggregation time: 17.532
tensor([1.2786], device='cuda:0')
tensor([1.3100], device='cuda:0')
tensor([1.2845], device='cuda:0')
tensor([1.2715], device='cuda:0')
tensor([1.2526], device='cuda:0')
tensor([1.2301], device='cuda:0')
tensor([1.2057], device='cuda:0')
tensor([1.2138], device='cuda:0')
tensor([1.2044], device='cuda:0')
tensor([1.2317], device='cuda:0')
Epoch 38 Accuracy 14.299999999999999 | Loss: 4.4913 | Aggregation time: 17.972
tensor([1.2434], device='cuda:0')
tensor([1.2422], device='cuda:0')
tensor([1.2362], device='cuda:0')
tensor([1.2655], device='cuda:0')
tensor([1.2629], device='cuda:0')
tensor([1.2684], device='cuda:0')
tensor([1.2551], device='cuda:0')
tensor([1.2478], device='cuda:0')
tensor([1.2397], device='cuda:0')
Epoch 39 Accuracy 13.4 | Loss: 4.653 | Aggregation time: 18.37
tensor([1.2427], device='cuda:0')
tensor([1.2118], device='cuda:0')
tensor([1.2230], device='cuda:0')
tensor([1.2679], device='cuda:0')
tensor([1.2771], device='cuda:0')
tensor([1.3292], device='cuda:0')
tensor([1.3321], device='cuda:0')
tensor([1.3234], device='cuda:0')
tensor([1.3399], device='cuda:0')
tensor([1.3564], device='cuda:0')
Epoch 40 Accuracy 14.299999999999999 | Loss: 5.0294 | Aggregation time: 18.814
tensor([1.3293], device='cuda:0')
tensor([1.3042], device='cuda:0')
tensor([1.2755], device='cuda:0')
tensor([1.2636], device='cuda:0')
tensor([1.2521], device='cuda:0')
tensor([1.2322], device='cuda:0')
tensor([1.2389], device='cuda:0')
tensor([1.2592], device='cuda:0')
tensor([1.2899], device='cuda:0')
tensor([1.2690], device='cuda:0')
Epoch 41 Accuracy 14.099999999999998 | Loss: 5.0939 | Aggregation time: 19.245
tensor([1.2838], device='cuda:0')
tensor([1.2979], device='cuda:0')
tensor([1.2401], device='cuda:0')
tensor([1.2376], device='cuda:0')
tensor([1.1710], device='cuda:0')
tensor([1.2106], device='cuda:0')
tensor([1.2606], device='cuda:0')
tensor([1.2057], device='cuda:0')
tensor([1.1525], device='cuda:0')
tensor([1.1711], device='cuda:0')
Epoch 42 Accuracy 13.200000000000001 | Loss: 5.7025 | Aggregation time: 19.762
tensor([1.1625], device='cuda:0')
tensor([1.1983], device='cuda:0')
tensor([1.2758], device='cuda:0')
tensor([1.2416], device='cuda:0')
tensor([1.2511], device='cuda:0')
tensor([1.2535], device='cuda:0')
tensor([1.2686], device='cuda:0')
tensor([1.2678], device='cuda:0')
tensor([1.2825], device='cuda:0')
Epoch 43 Accuracy 13.700000000000001 | Loss: 4.9519 | Aggregation time: 20.354
tensor([1.2237], device='cuda:0')
tensor([1.2403], device='cuda:0')
tensor([1.3025], device='cuda:0')
tensor([1.2957], device='cuda:0')
tensor([1.3060], device='cuda:0')
tensor([1.2779], device='cuda:0')
tensor([1.3213], device='cuda:0')
tensor([1.3131], device='cuda:0')
tensor([1.2968], device='cuda:0')
tensor([1.3433], device='cuda:0')
Epoch 44 Accuracy 13.4 | Loss: 5.3821 | Aggregation time: 20.779
tensor([1.3346], device='cuda:0')
tensor([1.2551], device='cuda:0')
tensor([1.2683], device='cuda:0')
tensor([1.2731], device='cuda:0')
tensor([1.2611], device='cuda:0')
tensor([1.2700], device='cuda:0')
tensor([1.2436], device='cuda:0')
tensor([1.2449], device='cuda:0')
tensor([1.2509], device='cuda:0')
tensor([1.2589], device='cuda:0')
Epoch 45 Accuracy 14.2 | Loss: 5.4802 | Aggregation time: 21.243
tensor([1.2543], device='cuda:0')
tensor([1.2380], device='cuda:0')
tensor([1.2668], device='cuda:0')
tensor([1.2532], device='cuda:0')
tensor([1.3200], device='cuda:0')
tensor([1.2764], device='cuda:0')
tensor([1.2523], device='cuda:0')
tensor([1.2279], device='cuda:0')
tensor([1.2113], device='cuda:0')
tensor([1.2126], device='cuda:0')
Epoch 46 Accuracy 14.6 | Loss: 5.5962 | Aggregation time: 21.697
tensor([1.2183], device='cuda:0')
tensor([1.2395], device='cuda:0')
tensor([1.2338], device='cuda:0')
tensor([1.2127], device='cuda:0')
tensor([1.1807], device='cuda:0')
tensor([1.2279], device='cuda:0')
tensor([1.2006], device='cuda:0')
tensor([1.1917], device='cuda:0')
tensor([1.2365], device='cuda:0')
Epoch 47 Accuracy 13.700000000000001 | Loss: 5.2137 | Aggregation time: 22.081
tensor([1.2023], device='cuda:0')
tensor([1.2286], device='cuda:0')
tensor([1.2041], device='cuda:0')
tensor([1.2090], device='cuda:0')
tensor([1.2469], device='cuda:0')
tensor([1.2083], device='cuda:0')
tensor([1.1962], device='cuda:0')
tensor([1.2345], device='cuda:0')
tensor([1.2055], device='cuda:0')
tensor([1.2346], device='cuda:0')
Epoch 48 Accuracy 15.5 | Loss: 4.9617 | Aggregation time: 22.531
tensor([1.2379], device='cuda:0')
tensor([1.2381], device='cuda:0')
tensor([1.2479], device='cuda:0')
tensor([1.2853], device='cuda:0')
tensor([1.2693], device='cuda:0')
tensor([1.2914], device='cuda:0')
tensor([1.2706], device='cuda:0')
tensor([1.2443], device='cuda:0')
tensor([1.2790], device='cuda:0')
tensor([1.2729], device='cuda:0')
Epoch 49 Accuracy 15.6 | Loss: 4.8493 | Aggregation time: 22.997
tensor([1.2836], device='cuda:0')
tensor([1.2924], device='cuda:0')
tensor([1.2742], device='cuda:0')
tensor([1.2724], device='cuda:0')
tensor([1.2865], device='cuda:0')
tensor([1.2697], device='cuda:0')
tensor([1.3001], device='cuda:0')
tensor([1.2996], device='cuda:0')
tensor([1.3272], device='cuda:0')
tensor([1.3138], device='cuda:0')
Epoch 50 Accuracy 14.499999999999998 | Loss: 5.0232 | Aggregation time: 23.533
